.class com.runqian.report4.model.expression.function.string.Fill Fill
.class com.runqian.report4.model.expression.function.string.HttpLink HttpLink
.class com.runqian.report4.model.expression.function.string.Left Left
.class com.runqian.report4.model.expression.function.string.LeftTrim LeftTrim
.class com.runqian.report4.model.expression.function.string.Len Len
.class com.runqian.report4.model.expression.function.string.Like Like
.class com.runqian.report4.model.expression.function.string.Lower Lower
.class com.runqian.report4.model.expression.function.string.Match Match
.class com.runqian.report4.model.expression.function.string.Mid Mid
.class com.runqian.report4.model.expression.function.string.Pos Pos
.class com.runqian.report4.model.expression.function.string.QuoteRemover QuoteRemover
.class com.runqian.report4.model.expression.function.string.ReplaceString ReplaceString
.class com.runqian.report4.model.expression.function.string.Right Right
.class com.runqian.report4.model.expression.function.string.RightTrim RightTrim
.class com.runqian.report4.model.expression.function.string.Space Space
.class com.runqian.report4.model.expression.function.string.SplitString SplitString
.class com.runqian.report4.model.expression.function.string.Trim Trim
.class com.runqian.report4.model.expression.function.string.Upper Upper
.class com.runqian.report4.model.expression.function.string.URLEncode URLEncode
.class com.runqian.report4.model.expression.function.string.WordCap WordCap
