.class com.runqian.report4.usermodel.input.IExcelListener IExcelListener
.class com.runqian.report4.usermodel.input.AbstractExcelListener AbstractExcelListener
.class com.runqian.report4.usermodel.input.IInputListener IInputListener
.class com.runqian.report4.usermodel.input.AbstractInputListener AbstractInputListener
.class com.runqian.report4.usermodel.input.IInputSaver IInputSaver
.class com.runqian.report4.usermodel.input.AbstractInputSaver AbstractInputSaver
.class com.runqian.report4.usermodel.input.ParamProcessor ParamProcessor
.class com.runqian.report4.usermodel.input.AbstractParamProcessor AbstractParamProcessor
.field com.runqian.report4.usermodel.input.AbstractParamProcessor params Ljava/util/Hashtable; _$1
.field com.runqian.report4.usermodel.input.AbstractParamProcessor errorMsg Ljava/lang/String; _$2
.class com.runqian.report4.usermodel.input.AutoCalc AutoCalc
.field com.runqian.report4.usermodel.input.AutoCalc version B _$1
.field com.runqian.report4.usermodel.input.AutoCalc cellName Ljava/lang/String; _$2
.field com.runqian.report4.usermodel.input.AutoCalc exp Ljava/lang/String; _$3
.class com.runqian.report4.usermodel.input.CheckBox CheckBox
.field com.runqian.report4.usermodel.input.CheckBox version B _$1
.field com.runqian.report4.usermodel.input.CheckBox onValue Ljava/lang/String; _$2
.field com.runqian.report4.usermodel.input.CheckBox offValue Ljava/lang/String; _$3
.field com.runqian.report4.usermodel.input.CheckBox labelLocation B _$4
.field com.runqian.report4.usermodel.input.CheckBox label Ljava/lang/String; _$5
.field com.runqian.report4.usermodel.input.CheckBox canDisplayTick Ljava/lang/Boolean; _$6
.field com.runqian.report4.usermodel.input.CheckBox displayTickFont Ljava/lang/String; _$7
.class com.runqian.report4.usermodel.input.CustomEditStyle CustomEditStyle
.field com.runqian.report4.usermodel.input.CustomEditStyle version B _$1
.field com.runqian.report4.usermodel.input.CustomEditStyle jsFunctionShow Ljava/lang/String; _$2
.field com.runqian.report4.usermodel.input.CustomEditStyle jsFunctionHide Ljava/lang/String; _$3
.class com.runqian.report4.usermodel.input.CustomRelation CustomRelation
.field com.runqian.report4.usermodel.input.CustomRelation version B _$1
.field com.runqian.report4.usermodel.input.CustomRelation className Ljava/lang/String; _$2
.field com.runqian.report4.usermodel.input.CustomRelation paramExpList Ljava/util/ArrayList; _$3
.class com.runqian.report4.usermodel.input.DDCalendar DDCalendar
.field com.runqian.report4.usermodel.input.DDCalendar version B _$1
.field com.runqian.report4.usermodel.input.DDCalendar separator B _$2
.field com.runqian.report4.usermodel.input.DDCalendar type B _$3
.class com.runqian.report4.usermodel.input.DDDataWindow DDDataWindow
.field com.runqian.report4.usermodel.input.DDDataWindow version B _$1
.field com.runqian.report4.usermodel.input.DDDataWindow dsName Ljava/lang/String; _$2
.field com.runqian.report4.usermodel.input.DDDataWindow codeColName Ljava/lang/String; _$3
.field com.runqian.report4.usermodel.input.DDDataWindow dispColName Ljava/lang/String; _$4
.field com.runqian.report4.usermodel.input.DDDataWindow dsFilter Ljava/lang/String; _$5
.field com.runqian.report4.usermodel.input.DDDataWindow sortExp Ljava/util/ArrayList; _$6
.field com.runqian.report4.usermodel.input.DDDataWindow sortDesc Ljava/util/ArrayList; _$7
.field com.runqian.report4.usermodel.input.DDDataWindow filterCellName Ljava/lang/String; _$8
.field com.runqian.report4.usermodel.input.DDDataWindow filterExp Ljava/lang/String; _$9
.field com.runqian.report4.usermodel.input.DDDataWindow multiSelect Z _$10
.field com.runqian.report4.usermodel.input.DDDataWindow editable Z _$11
.field com.runqian.report4.usermodel.input.DDDataWindow inputNewValue Z _$12
.field com.runqian.report4.usermodel.input.DDDataWindow useRQ Z _$13
.field com.runqian.report4.usermodel.input.DDDataWindow clearChar Z _$14
.field com.runqian.report4.usermodel.input.DDDataWindow canEmpty Z _$15
.class com.runqian.report4.usermodel.input.DDListBox DDListBox
.field com.runqian.report4.usermodel.input.DDListBox version B _$1
.field com.runqian.report4.usermodel.input.DDListBox codeList Ljava/util/ArrayList; _$2
.field com.runqian.report4.usermodel.input.DDListBox dispList Ljava/util/ArrayList; _$3
.field com.runqian.report4.usermodel.input.DDListBox multiSelect Z _$4
.field com.runqian.report4.usermodel.input.DDListBox editable Z _$5
.field com.runqian.report4.usermodel.input.DDListBox inputNewValue Z _$6
.field com.runqian.report4.usermodel.input.DDListBox useRQ Z _$7
.field com.runqian.report4.usermodel.input.DDListBox canEmpty Z _$8
.class com.runqian.report4.usermodel.input.DDTree DDTree
.field com.runqian.report4.usermodel.input.DDTree version B _$1
.field com.runqian.report4.usermodel.input.DDTree rootTitle Ljava/lang/String; _$2
.field com.runqian.report4.usermodel.input.DDTree width S _$3
.field com.runqian.report4.usermodel.input.DDTree height S _$4
.field com.runqian.report4.usermodel.input.DDTree onlySelectLeaf Z _$5
.field com.runqian.report4.usermodel.input.DDTree loopLastNode Z _$6
.field com.runqian.report4.usermodel.input.DDTree nodes Ljava/util/ArrayList; _$7
.field com.runqian.report4.usermodel.input.DDTree isMultiSelect Z _$8
.field com.runqian.report4.usermodel.input.DDTree isSelectChildren Z _$9
.class com.runqian.report4.usermodel.input.DDTreeNode DDTreeNode
.field com.runqian.report4.usermodel.input.DDTreeNode version B _$1
.field com.runqian.report4.usermodel.input.DDTreeNode dsName Ljava/lang/String; _$2
.field com.runqian.report4.usermodel.input.DDTreeNode codeColName Ljava/lang/String; _$3
.field com.runqian.report4.usermodel.input.DDTreeNode dispColName Ljava/lang/String; _$4
.field com.runqian.report4.usermodel.input.DDTreeNode where Ljava/lang/String; _$5
.field com.runqian.report4.usermodel.input.DDTreeNode sortExp Ljava/util/ArrayList; _$6
.field com.runqian.report4.usermodel.input.DDTreeNode sortDesc Ljava/util/ArrayList; _$7
.class com.runqian.report4.usermodel.input.DDViewDataWindow DDViewDataWindow
.field com.runqian.report4.usermodel.input.DDViewDataWindow version B _$1
.field com.runqian.report4.usermodel.input.DDViewDataWindow viewName Ljava/lang/String; _$2
.field com.runqian.report4.usermodel.input.DDViewDataWindow codeColName Ljava/lang/String; _$3
.field com.runqian.report4.usermodel.input.DDViewDataWindow dispColName Ljava/lang/String; _$4
.field com.runqian.report4.usermodel.input.DDViewDataWindow filterCellName Ljava/lang/String; _$5
.field com.runqian.report4.usermodel.input.DDViewDataWindow filterExp Ljava/lang/String; _$6
.field com.runqian.report4.usermodel.input.DDViewDataWindow multiSelect Z _$7
.field com.runqian.report4.usermodel.input.DDViewDataWindow editable Z _$8
.field com.runqian.report4.usermodel.input.DDViewDataWindow inputNewValue Z _$9
.field com.runqian.report4.usermodel.input.DDViewDataWindow useRQ Z _$10
.field com.runqian.report4.usermodel.input.DDViewDataWindow dsFilter Ljava/lang/String; _$11
.field com.runqian.report4.usermodel.input.DDViewDataWindow sortExp Ljava/util/ArrayList; _$12
.field com.runqian.report4.usermodel.input.DDViewDataWindow sortDesc Ljava/util/ArrayList; _$13
.field com.runqian.report4.usermodel.input.DDViewDataWindow clearChar Z _$14
.field com.runqian.report4.usermodel.input.DDViewDataWindow canEmpty Z _$15
.class com.runqian.report4.usermodel.input.DDViewTree DDViewTree
.field com.runqian.report4.usermodel.input.DDViewTree version B _$1
.field com.runqian.report4.usermodel.input.DDViewTree rootTitle Ljava/lang/String; _$2
.field com.runqian.report4.usermodel.input.DDViewTree width S _$3
.field com.runqian.report4.usermodel.input.DDViewTree height S _$4
.field com.runqian.report4.usermodel.input.DDViewTree onlySelectLeaf Z _$5
.field com.runqian.report4.usermodel.input.DDViewTree loopLastNode Z _$6
.field com.runqian.report4.usermodel.input.DDViewTree nodes Ljava/util/ArrayList; _$7
.field com.runqian.report4.usermodel.input.DDViewTree isMultiSelect Z _$8
.field com.runqian.report4.usermodel.input.DDViewTree isSelectChildren Z _$9
.class com.runqian.report4.usermodel.input.DDViewTreeNode DDViewTreeNode
.field com.runqian.report4.usermodel.input.DDViewTreeNode version B _$1
.field com.runqian.report4.usermodel.input.DDViewTreeNode viewName Ljava/lang/String; _$2
.field com.runqian.report4.usermodel.input.DDViewTreeNode codeColName Ljava/lang/String; _$3
.field com.runqian.report4.usermodel.input.DDViewTreeNode dispColName Ljava/lang/String; _$4
.field com.runqian.report4.usermodel.input.DDViewTreeNode where Ljava/lang/String; _$5
.field com.runqian.report4.usermodel.input.DDViewTreeNode sortExp Ljava/util/ArrayList; _$6
.field com.runqian.report4.usermodel.input.DDViewTreeNode sortDesc Ljava/util/ArrayList; _$7
.class com.runqian.report4.usermodel.input.FlowVar FlowVar
.field com.runqian.report4.usermodel.input.FlowVar version B _$1
.field com.runqian.report4.usermodel.input.FlowVar nameList Ljava/util/ArrayList; _$2
.field com.runqian.report4.usermodel.input.FlowVar initValueList Ljava/util/ArrayList; _$3
.field com.runqian.report4.usermodel.input.FlowVar typeList Ljava/util/ArrayList; _$4
.class com.runqian.report4.usermodel.input.ICustomEditStyle ICustomEditStyle
.class com.runqian.report4.usermodel.input.InputProperty InputProperty
.field com.runqian.report4.usermodel.input.InputProperty version B _$1
.field com.runqian.report4.usermodel.input.InputProperty writable Z _$2
.field com.runqian.report4.usermodel.input.InputProperty writableExp Ljava/lang/String; _$3
.field com.runqian.report4.usermodel.input.InputProperty validityList Ljava/util/ArrayList; _$4
.field com.runqian.report4.usermodel.input.InputProperty autoCalc Ljava/lang/String; _$5
.field com.runqian.report4.usermodel.input.InputProperty autoCalcExp Ljava/lang/String; _$6
.field com.runqian.report4.usermodel.input.InputProperty inputType B _$7
.field com.runqian.report4.usermodel.input.InputProperty editStyle B _$8
.field com.runqian.report4.usermodel.input.InputProperty editConfig Ljava/lang/Object; _$9
.field com.runqian.report4.usermodel.input.InputProperty updateList Ljava/util/ArrayList; _$10
.field com.runqian.report4.usermodel.input.InputProperty inputValue Ljava/lang/Object; _$11
.field com.runqian.report4.usermodel.input.InputProperty flowExp Ljava/lang/String; _$12
.field com.runqian.report4.usermodel.input.InputProperty emptyIsNull Z _$13
.class com.runqian.report4.usermodel.input.InputSQL InputSQL
.field com.runqian.report4.usermodel.input.InputSQL sql Ljava/lang/String; _$1
.field com.runqian.report4.usermodel.input.InputSQL type I _$2
.field com.runqian.report4.usermodel.input.InputSQL params [Ljava/lang/Object; _$3
.field com.runqian.report4.usermodel.input.InputSQL paramsType [I _$4
.field com.runqian.report4.usermodel.input.InputSQL tableName Ljava/lang/String; _$5
.field com.runqian.report4.usermodel.input.InputSQL keyOriginValues Ljava/util/Map; _$6
.field com.runqian.report4.usermodel.input.InputSQL keyInputValues Ljava/util/Map; _$7
.field com.runqian.report4.usermodel.input.InputSQL otherColValues Ljava/util/Map; _$8
.field com.runqian.report4.usermodel.input.InputSQL dsName Ljava/lang/String; _$9
.class com.runqian.report4.usermodel.input.IRegisterableESConfig IRegisterableESConfig
.class com.runqian.report4.usermodel.input.IRegisterableESDialog IRegisterableESDialog
.class com.runqian.report4.usermodel.input.ProcRelation ProcRelation
.field com.runqian.report4.usermodel.input.ProcRelation version B _$1
.field com.runqian.report4.usermodel.input.ProcRelation dsName Ljava/lang/String; _$2
.field com.runqian.report4.usermodel.input.ProcRelation procExp Ljava/lang/String; _$3
.field com.runqian.report4.usermodel.input.ProcRelation params Lcom/runqian/report4/usermodel/input/RelationParams; _$4
.class com.runqian.report4.usermodel.input.RadioBox RadioBox
.field com.runqian.report4.usermodel.input.RadioBox version B _$1
.field com.runqian.report4.usermodel.input.RadioBox codeList Ljava/util/ArrayList; _$2
.field com.runqian.report4.usermodel.input.RadioBox dispList Ljava/util/ArrayList; _$3
.field com.runqian.report4.usermodel.input.RadioBox columns I _$4
.field com.runqian.report4.usermodel.input.RadioBox dsName Ljava/lang/String; _$5
.field com.runqian.report4.usermodel.input.RadioBox codeCol Ljava/lang/String; _$6
.field com.runqian.report4.usermodel.input.RadioBox dispCol Ljava/lang/String; _$7
.class com.runqian.report4.usermodel.input.RegisteredEditStyle RegisteredEditStyle
.class com.runqian.report4.usermodel.input.RegisteredEditStyles RegisteredEditStyles
.field com.runqian.report4.usermodel.input.RegisteredEditStyles lists Ljava/util/List; _$1
.field com.runqian.report4.usermodel.input.RegisteredEditStyles ress Lcom/runqian/report4/usermodel/input/RegisteredEditStyles; _$2
.method com.runqian.report4.usermodel.input.RegisteredEditStyles load ()V _$1
.class com.runqian.report4.usermodel.input.RelationParams RelationParams
.field com.runqian.report4.usermodel.input.RelationParams version B _$1
.field com.runqian.report4.usermodel.input.RelationParams paramExpList Ljava/util/ArrayList; _$2
.field com.runqian.report4.usermodel.input.RelationParams paramTypeList Ljava/util/ArrayList; _$3
.class com.runqian.report4.usermodel.input.TableRelation TableRelation
.field com.runqian.report4.usermodel.input.TableRelation version B _$1
.field com.runqian.report4.usermodel.input.TableRelation fieldName Ljava/lang/String; _$2
.field com.runqian.report4.usermodel.input.TableRelation primaryKey Z _$3
.field com.runqian.report4.usermodel.input.TableRelation dbFunction Ljava/lang/String; _$4
.field com.runqian.report4.usermodel.input.TableRelation params Lcom/runqian/report4/usermodel/input/RelationParams; _$5
.class com.runqian.report4.usermodel.input.TableRelations TableRelations
.field com.runqian.report4.usermodel.input.TableRelations version B _$1
.field com.runqian.report4.usermodel.input.TableRelations dsName Ljava/lang/String; _$2
.field com.runqian.report4.usermodel.input.TableRelations tableName Ljava/lang/String; _$3
.field com.runqian.report4.usermodel.input.TableRelations relationList Ljava/util/ArrayList; _$4
.field com.runqian.report4.usermodel.input.TableRelations schema Ljava/lang/String; _$5
.field com.runqian.report4.usermodel.input.TableRelations updateUnmodified Z _$6
.class com.runqian.report4.usermodel.input.UpdateProperty UpdateProperty
.field com.runqian.report4.usermodel.input.UpdateProperty version B _$1
.field com.runqian.report4.usermodel.input.UpdateProperty name Ljava/lang/String; _$2
.field com.runqian.report4.usermodel.input.UpdateProperty mode B _$3
.field com.runqian.report4.usermodel.input.UpdateProperty relation Ljava/lang/Object; _$4
.class com.runqian.report4.usermodel.input.UploadFile UploadFile
.field com.runqian.report4.usermodel.input.UploadFile version B _$1
.field com.runqian.report4.usermodel.input.UploadFile extNames Ljava/util/ArrayList; _$2
.field com.runqian.report4.usermodel.input.UploadFile right S _$3
.field com.runqian.report4.usermodel.input.UploadFile fileNameCol Ljava/lang/String; _$4
.class com.runqian.report4.usermodel.input.Validity Validity
.field com.runqian.report4.usermodel.input.Validity version B _$1
.field com.runqian.report4.usermodel.input.Validity exp Ljava/lang/String; _$2
.field com.runqian.report4.usermodel.input.Validity prompt Ljava/lang/String; _$3
.field com.runqian.report4.usermodel.input.Validity checkNoDelay Z _$4
.class com.runqian.report4.usermodel.input.ViewRelations ViewRelations
