.class com.runqian.report4.view.excel.AutoBigExcelServlet AutoBigExcelServlet
.class com.runqian.report4.view.excel.ConfigExcelServlet ConfigExcelServlet
.class com.runqian.report4.view.excel.ExcelCell ExcelCell
.field com.runqian.report4.view.excel.ExcelCell rd Lcom/runqian/report4/usermodel/IReport; _$1
.field com.runqian.report4.view.excel.ExcelCell row I _$2
.field com.runqian.report4.view.excel.ExcelCell col S _$3
.field com.runqian.report4.view.excel.ExcelCell wb Lorg/apache/poi2/hssf/usermodel/HSSFWorkbook; _$4
.field com.runqian.report4.view.excel.ExcelCell styles Ljava/util/ArrayList; _$5
.field com.runqian.report4.view.excel.ExcelCell fonts Ljava/util/ArrayList; _$6
.field com.runqian.report4.view.excel.ExcelCell formats Ljava/util/Hashtable; _$7
.method com.runqian.report4.view.excel.ExcelCell getStyle (Lcom/runqian/report4/view/excel/ExcelPalette;Z)Lorg/apache/poi2/hssf/usermodel/HSSFCellStyle; _$1
.method com.runqian.report4.view.excel.ExcelCell getText ()Ljava/lang/String; _$1
.method com.runqian.report4.view.excel.ExcelCell getValue ()Ljava/lang/String; _$2
.method com.runqian.report4.view.excel.ExcelCell getBorderStyle (BF)S _$1
.method com.runqian.report4.view.excel.ExcelCell getColor (ILcom/runqian/report4/view/excel/ExcelPalette;)S _$1
.method com.runqian.report4.view.excel.ExcelCell getFont (Lcom/runqian/report4/usermodel/INormalCell;Lcom/runqian/report4/view/excel/ExcelPalette;)Lorg/apache/poi2/hssf/usermodel/HSSFFont; _$1
.method com.runqian.report4.view.excel.ExcelCell getFormat (Ljava/lang/String;)S _$1
.method com.runqian.report4.view.excel.ExcelCell parseFormat (Ljava/lang/String;)Ljava/lang/String; _$2
.class com.runqian.report4.view.excel.ExcelColor ExcelColor
.field com.runqian.report4.view.excel.ExcelColor indexHash Ljava/util/Hashtable; _$1
.class com.runqian.report4.view.excel.ExcelPalette ExcelPalette
.field com.runqian.report4.view.excel.ExcelPalette colorMap Ljava/util/Hashtable; _$1
.field com.runqian.report4.view.excel.ExcelPalette palette Lorg/apache/poi2/hssf/usermodel/HSSFPalette; _$2
.field com.runqian.report4.view.excel.ExcelPalette customSize I _$3
.class com.runqian.report4.view.excel.ExcelReport ExcelReport
.field com.runqian.report4.view.excel.ExcelReport bindCodeCount I _$1
.field com.runqian.report4.view.excel.ExcelReport wb Lorg/apache/poi2/hssf/usermodel/HSSFWorkbook; _$2
.field com.runqian.report4.view.excel.ExcelReport pb Lcom/runqian/report4/usermodel/PageBuilder; _$3
.field com.runqian.report4.view.excel.ExcelReport pages Ljava/util/ArrayList; _$4
.field com.runqian.report4.view.excel.ExcelReport labels Ljava/util/ArrayList; _$5
.field com.runqian.report4.view.excel.ExcelReport formats Ljava/util/ArrayList; _$6
.field com.runqian.report4.view.excel.ExcelReport settings Ljava/util/ArrayList; _$7
.field com.runqian.report4.view.excel.ExcelReport picIndex I _$8
.field com.runqian.report4.view.excel.ExcelReport passwd Ljava/lang/String; _$9
.field com.runqian.report4.view.excel.ExcelReport hiddenRow Z _$10
.field com.runqian.report4.view.excel.ExcelReport hiddenCol Z _$11
.field com.runqian.report4.view.excel.ExcelReport fullPaged Z _$12
.field com.runqian.report4.view.excel.ExcelReport dispRatio I _$13
.field com.runqian.report4.view.excel.ExcelReport pi Lcom/runqian/report4/usermodel/PagerInfo; _$14
.field com.runqian.report4.view.excel.ExcelReport MAX_ROW_NUM I _$15
.field com.runqian.report4.view.excel.ExcelReport hasExp Z _$16
.field com.runqian.report4.view.excel.ExcelReport locale Ljava/util/Locale; _$17
.method com.runqian.report4.view.excel.ExcelReport createAPage (Lorg/apache/poi2/hssf/usermodel/HSSFSheet;Lcom/runqian/report4/usermodel/IReport;Ljava/util/ArrayList;Ljava/util/ArrayList;ISLjava/util/Hashtable;Lcom/runqian/report4/view/excel/ExcelPalette;)[I _$1
.method com.runqian.report4.view.excel.ExcelReport createWorkbook (Lcom/runqian/report4/view/excel/ExcelPalette;)V _$1
.method com.runqian.report4.view.excel.ExcelReport lookupMaxRows ([Lcom/runqian/report4/usermodel/IReport;)I _$1
.method com.runqian.report4.view.excel.ExcelReport lookupMaxCols ([Lcom/runqian/report4/usermodel/IReport;)S _$2
.method com.runqian.report4.view.excel.ExcelReport setMargin (Lorg/apache/poi2/hssf/usermodel/HSSFSheet;SD)V _$1
.method com.runqian.report4.view.excel.ExcelReport setRepeatRowsCols (Lorg/apache/poi2/hssf/usermodel/HSSFWorkbook;ILcom/runqian/report4/usermodel/IReport;ZZZ)V _$1
.method com.runqian.report4.view.excel.ExcelReport setUserUnitName (Lorg/apache/poi2/hssf/usermodel/HSSFSheet;I)Z _$1
.method com.runqian.report4.view.excel.ExcelReport checkLLObject (Lcom/runqian/report4/model/engine/ExtCellSet;)Ljava/lang/String; _$1
.method com.runqian.report4.view.excel.ExcelReport drawSubReport (Lcom/runqian/report4/usermodel/IReport;IILcom/runqian/report4/usermodel/INormalCell;)[B _$1
.method com.runqian.report4.view.excel.ExcelReport drawBackground (Ljava/awt/Graphics2D;IIIII)V _$1
.field com.runqian.report4.view.excel.ExcelReport unit B _$18
.method com.runqian.report4.view.excel.ExcelReport getColWidth (Lcom/runqian/report4/usermodel/IReport;S)F _$1
.method com.runqian.report4.view.excel.ExcelReport getRowHeight (Lcom/runqian/report4/usermodel/IReport;I)F _$1
.method com.runqian.report4.view.excel.ExcelReport unitTransfer (F)F _$1
.method com.runqian.report4.view.excel.ExcelReport isMergedFirstCell (Lcom/runqian/report4/util/ReportParser;ISZZ)Z _$1
.method com.runqian.report4.view.excel.ExcelReport getRichFont (Ljava/lang/String;SIZZZBLcom/runqian/report4/view/excel/ExcelPalette;Ljava/util/ArrayList;)Lorg/apache/poi2/hssf/usermodel/HSSFFont; _$1
.method com.runqian.report4.view.excel.ExcelReport getColor (ILcom/runqian/report4/view/excel/ExcelPalette;)S _$1
.method com.runqian.report4.view.excel.ExcelReport getColWidth (Lcom/runqian/report4/util/ReportParser;S)I _$1
.method com.runqian.report4.view.excel.ExcelReport getRowHeight (Lcom/runqian/report4/util/ReportParser;I)I _$1
.class com.runqian.report4.view.excel.ExcelReport$Format lllllIlIIIllIllI
.field com.runqian.report4.view.excel.ExcelReport$Format hasExp Z _$1
.field com.runqian.report4.view.excel.ExcelReport$Format hiddenRow Z _$2
.field com.runqian.report4.view.excel.ExcelReport$Format hiddenCol Z _$3
.field com.runqian.report4.view.excel.ExcelReport$Format exportURL Z _$4
.field com.runqian.report4.view.excel.ExcelReport$Format fullPaged Z _$5
.class com.runqian.report4.view.excel.ExcelReportServlet ExcelReportServlet
.class com.runqian.report4.view.excel.IHTMLExport IHTMLExport
.class com.runqian.report4.view.excel.HtmlExportImpl1 HtmlExportImpl1
.class com.runqian.report4.view.excel.SaveAsExcelServlet SaveAsExcelServlet
.class com.runqian.report4.view.excel.ExcelReport$1 llIIlIllIIIIIlIl
