.class com.runqian.base4.resources.DataSetMessage DataSetMessage
.class com.runqian.base4.resources.EngineMessage EngineMessage
.class com.runqian.base4.resources.FormatUtils FormatUtils
.class com.runqian.base4.resources.IdeGraphMessage IdeGraphMessage
.class com.runqian.base4.resources.MessageEditor MessageEditor
.field com.runqian.base4.resources.MessageEditor gridBagLayout1 Ljava/awt/GridBagLayout; _$1
.field com.runqian.base4.resources.MessageEditor jBOpen Ljavax/swing/JButton; _$2
.field com.runqian.base4.resources.MessageEditor valueField Ljavax/swing/JTextPane; _$3
.field com.runqian.base4.resources.MessageEditor spText Ljavax/swing/JScrollPane; _$4
.field com.runqian.base4.resources.MessageEditor jScrollPane1 Ljavax/swing/JScrollPane; _$5
.field com.runqian.base4.resources.MessageEditor keyList Ljavax/swing/JList; _$6
.field com.runqian.base4.resources.MessageEditor jLabel1 Ljavax/swing/JLabel; _$7
.field com.runqian.base4.resources.MessageEditor jPanel1 Ljavax/swing/JPanel; _$8
.field com.runqian.base4.resources.MessageEditor borderLayout1 Ljava/awt/BorderLayout; _$9
.field com.runqian.base4.resources.MessageEditor jLabel2 Ljavax/swing/JLabel; _$10
.field com.runqian.base4.resources.MessageEditor jPanel2 Ljavax/swing/JPanel; _$11
.field com.runqian.base4.resources.MessageEditor jBAdd Ljavax/swing/JButton; _$12
.field com.runqian.base4.resources.MessageEditor flowLayout1 Ljava/awt/FlowLayout; _$13
.field com.runqian.base4.resources.MessageEditor jBDel Ljavax/swing/JButton; _$14
.field com.runqian.base4.resources.MessageEditor jBSave Ljavax/swing/JButton; _$15
.field com.runqian.base4.resources.MessageEditor jBExit Ljavax/swing/JButton; _$16
.field com.runqian.base4.resources.MessageEditor jLabel3 Ljavax/swing/JLabel; _$17
.field com.runqian.base4.resources.MessageEditor currFile Ljava/lang/String; _$18
.field com.runqian.base4.resources.MessageEditor currDir Ljava/io/File; _$19
.field com.runqian.base4.resources.MessageEditor props Ljava/util/Properties; _$20
.field com.runqian.base4.resources.MessageEditor currKey Ljava/lang/String; _$21
.field com.runqian.base4.resources.MessageEditor jBSaveTxt Ljavax/swing/JButton; _$22
.field com.runqian.base4.resources.MessageEditor jBOpenTxt Ljavax/swing/JButton; _$23
.method com.runqian.base4.resources.MessageEditor jbInit ()V _$1
.method com.runqian.base4.resources.MessageEditor jButton1_actionPerformed (Ljava/awt/event/ActionEvent;)V _$1
.method com.runqian.base4.resources.MessageEditor setKeyList ()V _$2
.method com.runqian.base4.resources.MessageEditor acceptValue ()V _$3
.method com.runqian.base4.resources.MessageEditor jButton3_actionPerformed (Ljava/awt/event/ActionEvent;)V _$2
.method com.runqian.base4.resources.MessageEditor jButton2_actionPerformed (Ljava/awt/event/ActionEvent;)V _$3
.method com.runqian.base4.resources.MessageEditor jButton4_actionPerformed (Ljava/awt/event/ActionEvent;)V _$4
.method com.runqian.base4.resources.MessageEditor jButton5_actionPerformed (Ljava/awt/event/ActionEvent;)V _$5
.method com.runqian.base4.resources.MessageEditor buttonNext_actionPerformed (Ljava/awt/event/ActionEvent;)V _$6
.class com.runqian.base4.resources.MessageManager MessageManager
.field com.runqian.base4.resources.MessageManager bundle Ljava/util/ResourceBundle; _$1
.field com.runqian.base4.resources.MessageManager mgrs Ljava/util/Hashtable; _$2
.class com.runqian.base4.resources.ServerMessage ServerMessage
.class com.runqian.base4.resources.SplitPageMessage SplitPageMessage
.class com.runqian.base4.resources.MessageEditor$1 IIIlIllllIlIIlIl
.class com.runqian.base4.resources.MessageEditor$2 lIIlIllllIlIIlIl
.class com.runqian.base4.resources.MessageEditor$3 IlllIllllIlIIlIl
.class com.runqian.base4.resources.MessageEditor$4 llllIllllIlIIlIl
.class com.runqian.base4.resources.MessageEditor$5 IIllIllllIlIIlIl
.class com.runqian.base4.resources.MessageEditor$6 lIllIllllIlIIlIl
.class com.runqian.base4.resources.MessageEditor$7 IlIIlllllIlIIlIl
.class com.runqian.base4.resources.MessageEditor$8 llIIlllllIlIIlIl
