.class com.runqian.report4.model.expression.function.dsfunction.DSAverage DSAverage
.class com.runqian.report4.model.expression.function.dsfunction.DSBinarySelectOne DSBinarySelectOne
.field com.runqian.report4.model.expression.function.dsfunction.DSBinarySelectOne cs Lcom/runqian/report4/usermodel/IReport; _$1
.method com.runqian.report4.model.expression.function.dsfunction.DSBinarySelectOne getAccordData (Ljava/util/List;Lcom/runqian/report4/dataset/DataSet;Lcom/runqian/report4/usermodel/Context;Ljava/util/List;Z)Lcom/runqian/report4/dataset/Row; _$1
.method com.runqian.report4.model.expression.function.dsfunction.DSBinarySelectOne convert (Ljava/util/List;Lcom/runqian/report4/usermodel/Context;Z)Ljava/util/List; _$1
.method com.runqian.report4.model.expression.function.dsfunction.DSBinarySelectOne getList (Lcom/runqian/report4/usermodel/IReport;Lcom/runqian/report4/dataset/DataSet;Lcom/runqian/report4/usermodel/Context;Ljava/lang/String;)Ljava/util/List; _$1
.method com.runqian.report4.model.expression.function.dsfunction.DSBinarySelectOne processRow (Lcom/runqian/report4/usermodel/Context;ZLcom/runqian/report4/dataset/Row;Lcom/runqian/report4/model/expression/Expression;Ljava/util/List;)Ljava/lang/Object; _$1
.class com.runqian.report4.model.expression.function.dsfunction.DSBinarySelectOne$ParamValue lIlIllIlIIIIlllI
.field com.runqian.report4.model.expression.function.dsfunction.DSBinarySelectOne$ParamValue paramColumn Lcom/runqian/report4/model/expression/Expression; _$1
.field com.runqian.report4.model.expression.function.dsfunction.DSBinarySelectOne$ParamValue paramDesc Lcom/runqian/report4/model/expression/Expression; _$2
.field com.runqian.report4.model.expression.function.dsfunction.DSBinarySelectOne$ParamValue paramValue Lcom/runqian/report4/model/expression/Expression; _$3
.class com.runqian.report4.model.expression.function.dsfunction.DSBinarySelectOne$ParamValue2 lIIIlIlllllllIlI
.field com.runqian.report4.model.expression.function.dsfunction.DSBinarySelectOne$ParamValue2 paramColumn Lcom/runqian/report4/model/expression/Expression; _$1
.field com.runqian.report4.model.expression.function.dsfunction.DSBinarySelectOne$ParamValue2 paramDesc Z _$2
.field com.runqian.report4.model.expression.function.dsfunction.DSBinarySelectOne$ParamValue2 paramValue Ljava/lang/Object; _$3
.class com.runqian.report4.model.expression.function.dsfunction.DSColCount DSColCount
.class com.runqian.report4.model.expression.function.dsfunction.DSCount DSCount
.class com.runqian.report4.model.expression.function.dsfunction.DSDistinctCount DSDistinctCount
.class com.runqian.report4.model.expression.function.dsfunction.DSDistinctSelect DSDistinctSelect
.class com.runqian.report4.model.expression.function.dsfunction.DSDistinctSelectExt DSDistinctSelectExt
.class com.runqian.report4.model.expression.function.dsfunction.DSEnumGroup DSEnumGroup
.method com.runqian.report4.model.expression.function.dsfunction.DSEnumGroup getRowEnumValue (Lcom/runqian/report4/dataset/Row;Lcom/runqian/report4/usermodel/Context;ZILjava/util/List;)Ljava/lang/Object; _$1
.method com.runqian.report4.model.expression.function.dsfunction.DSEnumGroup setEnumValue (Lcom/runqian/report4/usermodel/Context;ZILjava/util/List;)V _$1
.class com.runqian.report4.model.expression.function.dsfunction.DSExtGroup DSExtGroup
.field com.runqian.report4.model.expression.function.dsfunction.DSExtGroup cs Lcom/runqian/report4/usermodel/IReport; _$1
.method com.runqian.report4.model.expression.function.dsfunction.DSExtGroup setSortExp (Lcom/runqian/report4/usermodel/IReport;Lcom/runqian/report4/dataset/DataSet;Lcom/runqian/report4/usermodel/Context;Ljava/lang/String;Ljava/util/List;Ljava/util/List;)V _$1
.class com.runqian.report4.model.expression.function.dsfunction.DSExtSelect DSExtSelect
.field com.runqian.report4.model.expression.function.dsfunction.DSExtSelect cs Lcom/runqian/report4/usermodel/IReport; _$1
.class com.runqian.report4.model.expression.function.dsfunction.DSField DSField
.class com.runqian.report4.model.expression.function.dsfunction.DSFieldName DSFieldName
.class com.runqian.report4.model.expression.function.dsfunction.DSFilter DSFilter
.class com.runqian.report4.model.expression.function.dsfunction.DSFilterCross DSFilterCross
.field com.runqian.report4.model.expression.function.dsfunction.DSFilterCross cs Lcom/runqian/report4/model/engine/ExtCellSet; _$1
.method com.runqian.report4.model.expression.function.dsfunction.DSFilterCross distinctRowsByCols (Ljava/util/List;[I)Ljava/util/List; _$1
.method com.runqian.report4.model.expression.function.dsfunction.DSFilterCross binarySearch (Ljava/util/List;ILjava/lang/Object;II)I _$1
.method com.runqian.report4.model.expression.function.dsfunction.DSFilterCross isNodeContainDS (Lcom/runqian/report4/model/expression/Node;Lcom/runqian/report4/dataset/DataSet;)Z _$1
.method com.runqian.report4.model.expression.function.dsfunction.DSFilterCross getDSFieldSet (Lcom/runqian/report4/model/expression/Node;Lcom/runqian/report4/dataset/DataSet;Ljava/util/List;)V _$1
.method com.runqian.report4.model.expression.function.dsfunction.DSFilterCross isFieldEqualExp (Lcom/runqian/report4/model/expression/Node;Lcom/runqian/report4/dataset/DataSet;Ljava/util/List;Ljava/util/List;)Z _$1
.class com.runqian.report4.model.expression.function.dsfunction.DSFilterOne DSFilterOne
.class com.runqian.report4.model.expression.function.dsfunction.DSFirst DSFirst
.class com.runqian.report4.model.expression.function.dsfunction.DSGroup DSGroup
.class com.runqian.report4.model.expression.function.dsfunction.DSIsFieldName DSIsFieldName
.class com.runqian.report4.model.expression.function.dsfunction.DSLast DSLast
.class com.runqian.report4.model.expression.function.dsfunction.DSMax DSMax
.class com.runqian.report4.model.expression.function.dsfunction.DSMin DSMin
.class com.runqian.report4.model.expression.function.dsfunction.DSOverlapGroup DSOverlapGroup
.method com.runqian.report4.model.expression.function.dsfunction.DSOverlapGroup getRowEnumValue (Lcom/runqian/report4/dataset/Row;Lcom/runqian/report4/usermodel/Context;ZILjava/util/List;)V _$1
.method com.runqian.report4.model.expression.function.dsfunction.DSOverlapGroup setEnumValue (Lcom/runqian/report4/usermodel/Context;ZILjava/util/List;)V _$1
.class com.runqian.report4.model.expression.function.dsfunction.DSPlot DSPlot
.class com.runqian.report4.model.expression.function.dsfunction.DSSelect DSSelect
.class com.runqian.report4.model.expression.function.dsfunction.DSSelectOne DSSelectOne
.class com.runqian.report4.model.expression.function.dsfunction.DSSum DSSum
.class com.runqian.report4.model.expression.function.dsfunction.DSTop DSTop
.class com.runqian.report4.model.expression.function.dsfunction.DSBinarySelectOne$1 IllIlIIIIlIIIlll
