.class com.runqian.report4.dataset.BlockList IIIIIllIlIlllIIl
.field com.runqian.report4.dataset.BlockList blockSize I _$1
.field com.runqian.report4.dataset.BlockList rowCount I _$2
.field com.runqian.report4.dataset.BlockList colCount I _$3
.field com.runqian.report4.dataset.BlockList dataList Ljava/util/List; _$4
.class com.runqian.report4.dataset.IDataSetFactory IDataSetFactory
.class com.runqian.report4.dataset.BuiltinDataSetFactory BuiltinDataSetFactory
.class com.runqian.report4.dataset.ColInfoBase ColInfoBase
.field com.runqian.report4.dataset.ColInfoBase colTitle Ljava/lang/String; _$1
.field com.runqian.report4.dataset.ColInfoBase colName Ljava/lang/String; _$2
.field com.runqian.report4.dataset.ColInfoBase dataType B _$3
.field com.runqian.report4.dataset.ColInfoBase dataWidth I _$4
.field com.runqian.report4.dataset.ColInfoBase dataPrecision I _$5
.field com.runqian.report4.dataset.ColInfoBase nullable Z _$6
.field com.runqian.report4.dataset.ColInfoBase primaryKey Z _$7
.field com.runqian.report4.dataset.ColInfoBase dataDescription Ljava/lang/String; _$8
.field com.runqian.report4.dataset.ColInfoBase defValue Ljava/lang/String; _$9
.class com.runqian.report4.dataset.CustomDataSetFactory CustomDataSetFactory
.class com.runqian.report4.dataset.DataSet DataSet
.field com.runqian.report4.dataset.DataSet dataList Lcom/runqian/report4/dataset/BlockList; _$1
.field com.runqian.report4.dataset.DataSet rootGroup Lcom/runqian/report4/dataset/Group; _$2
.field com.runqian.report4.dataset.DataSet COL0 Lcom/runqian/report4/dataset/ColInfoBase; _$3
.field com.runqian.report4.dataset.DataSet rowNos [I _$4
.field com.runqian.report4.dataset.DataSet rowCount I _$5
.field com.runqian.report4.dataset.DataSet nullGroup Lcom/runqian/report4/dataset/NullGroup; _$6
.field com.runqian.report4.dataset.DataSet nullRow Lcom/runqian/report4/dataset/NullRow; _$7
.field com.runqian.report4.dataset.DataSet caseSensitive Z _$8
.field com.runqian.report4.dataset.DataSet current Lcom/runqian/report4/dataset/DsValue; _$9
.field com.runqian.report4.dataset.DataSet leftTop Z _$10
.field com.runqian.report4.dataset.DataSet name Ljava/lang/String; _$11
.field com.runqian.report4.dataset.DataSet colInfoList Ljava/util/ArrayList; _$12
.field com.runqian.report4.dataset.DataSet colTypes [I _$13
.method com.runqian.report4.dataset.DataSet applyEmptyRowsArray ()[I _$1
.class com.runqian.report4.dataset.DataSetTool DataSetTool
.class com.runqian.report4.dataset.DSDMDataSetFactory DSDMDataSetFactory
.field com.runqian.report4.dataset.DSDMDataSetFactory ini Z _$1
.method com.runqian.report4.dataset.DSDMDataSetFactory getDataSet (Ljava/lang/Object;Lcom/runqian/report4/dataset/DataSet;Ljava/lang/String;Lcom/runqian/report4/usermodel/Context;Lcom/runqian/report4/usermodel/DSDMDataSetConfig;Lcom/runqian/report4/dataset/IDataSetFactoryListener;)Lcom/runqian/report4/dataset/DataSet; _$1
.class com.runqian.report4.dataset.DsValue DsValue
.class com.runqian.report4.dataset.EssDataSetFactory EssDataSetFactory
.field com.runqian.report4.dataset.EssDataSetFactory maxSubGens I _$1
.method com.runqian.report4.dataset.EssDataSetFactory essBaseDimView (Lcom/runqian/report4/usermodel/Context;Lcom/runqian/report4/usermodel/EssDataSetConfig;Z)Lcom/runqian/report4/dataset/DataSet; _$1
.method com.runqian.report4.dataset.EssDataSetFactory calcMaxGenOfCube (Lcom/essbase/api/datasource/IEssCube;Ljava/lang/String;ZLcom/runqian/report4/dataset/DataSet;)I _$1
.method com.runqian.report4.dataset.EssDataSetFactory listSubMembers (Lcom/essbase/api/metadata/IEssMember;)V _$1
.method com.runqian.report4.dataset.EssDataSetFactory fillDimDataSet (ILcom/essbase/api/metadata/IEssMember;Lcom/runqian/report4/dataset/DataSet;Lcom/runqian/base4/tool/Segment;)V _$1
.method com.runqian.report4.dataset.EssDataSetFactory essBaseCubeRetrieve (Lcom/runqian/report4/usermodel/Context;Lcom/runqian/report4/usermodel/EssDataSetConfig;Z)Lcom/runqian/report4/dataset/DataSet; _$2
.method com.runqian.report4.dataset.EssDataSetFactory olapCubeView2DataSet (Lcom/essbase/api/dataquery/IEssCubeView;Ljava/lang/String;Lcom/runqian/report4/dataset/DataSet;)Lcom/runqian/report4/dataset/DataSet; _$1
.method com.runqian.report4.dataset.EssDataSetFactory olapMDXCubeView2DataSet (Lcom/essbase/api/dataquery/IEssCubeView;Ljava/lang/String;Lcom/runqian/report4/dataset/DataSet;)Lcom/runqian/report4/dataset/DataSet; _$2
.method com.runqian.report4.dataset.EssDataSetFactory convert2EssbaseCmd (Lcom/runqian/report4/usermodel/EssDataSetConfig;Lcom/runqian/report4/usermodel/Context;)Ljava/lang/String; _$1
.method com.runqian.report4.dataset.EssDataSetFactory convert2EssbaseMDXCmd (Lcom/runqian/report4/usermodel/EssDataSetConfig;Lcom/runqian/report4/usermodel/Context;)Ljava/lang/String; _$2
.method com.runqian.report4.dataset.EssDataSetFactory getMDXAxisSyntax (Ljava/lang/String;)Ljava/lang/String; _$1
.class com.runqian.report4.dataset.Group Group
.field com.runqian.report4.dataset.Group rowList Ljava/util/ArrayList; _$1
.field com.runqian.report4.dataset.Group isRootGroup Z _$2
.method com.runqian.report4.dataset.Group filterWithoutIndex (Lcom/runqian/report4/model/expression/Expression;Lcom/runqian/report4/usermodel/Context;)V _$1
.method com.runqian.report4.dataset.Group groupWithoutIndex (Lcom/runqian/report4/model/expression/Expression;Lcom/runqian/report4/model/expression/Expression;Lcom/runqian/report4/model/expression/Expression;Lcom/runqian/report4/model/expression/Expression;Lcom/runqian/report4/usermodel/Context;)Ljava/util/List; _$1
.method com.runqian.report4.dataset.Group groupByOrder (Lcom/runqian/report4/model/expression/Expression;Lcom/runqian/report4/usermodel/Context;)Ljava/util/List; _$2
.method com.runqian.report4.dataset.Group groupWithoutIndex (Lcom/runqian/report4/model/expression/Expression;Ljava/util/List;Ljava/util/List;Lcom/runqian/report4/model/expression/Expression;Lcom/runqian/report4/usermodel/Context;)Ljava/util/List; _$1
.class com.runqian.report4.dataset.IDataSetFactoryListener IDataSetFactoryListener
.class com.runqian.report4.dataset.JNDIConnectionFactory JNDIConnectionFactory
.field com.runqian.report4.dataset.JNDIConnectionFactory ds Ljavax/sql/DataSource; _$1
.field com.runqian.report4.dataset.JNDIConnectionFactory jndi Ljava/lang/String; _$2
.class com.runqian.report4.dataset.MatrixDataSetFactory MatrixDataSetFactory
.method com.runqian.report4.dataset.MatrixDataSetFactory getDataSet (Ljava/lang/Object;Lcom/runqian/report4/dataset/DataSet;Ljava/lang/String;Lcom/runqian/report4/usermodel/Context;Lcom/runqian/report4/usermodel/DSDMDataSetConfig;Lcom/runqian/report4/dataset/IDataSetFactoryListener;)Lcom/runqian/report4/dataset/DataSet; _$1
.class com.runqian.report4.dataset.NormalConnectionFactory NormalConnectionFactory
.field com.runqian.report4.dataset.NormalConnectionFactory url Ljava/lang/String; _$1
.field com.runqian.report4.dataset.NormalConnectionFactory info Ljava/util/Properties; _$2
.class com.runqian.report4.dataset.NullGroup NullGroup
.class com.runqian.report4.dataset.Row Row
.method com.runqian.report4.dataset.Row getRow ()[Ljava/lang/Object; _$1
.method com.runqian.report4.dataset.Row evaluate1 (Lcom/runqian/report4/model/expression/Expression;Lcom/runqian/report4/usermodel/Context;)Ljava/lang/Object; _$1
.class com.runqian.report4.dataset.NullRow NullRow
.method com.runqian.report4.dataset.NullRow getRow ()[Ljava/lang/Object; _$2
.class com.runqian.report4.dataset.OLAPSessionFactory OLAPSessionFactory
.field com.runqian.report4.dataset.OLAPSessionFactory s_provider Ljava/lang/String; _$1
.method com.runqian.report4.dataset.OLAPSessionFactory createEssBase ()Lcom/essbase/api/datasource/IEssOlapServer; _$1
.method com.runqian.report4.dataset.OLAPSessionFactory getEssbaseInfo (Lcom/essbase/api/datasource/IEssOlapServer;)Ljava/util/Map; _$1
.method com.runqian.report4.dataset.OLAPSessionFactory getDimensions (Lcom/essbase/api/datasource/IEssCube;)Ljava/util/List; _$1
.class com.runqian.report4.dataset.ProcDataSetFactory ProcDataSetFactory
.method com.runqian.report4.dataset.ProcDataSetFactory registerOtherParameter (Ljava/sql/CallableStatement;IILcom/runqian/base4/resources/MessageManager;)V _$1
.method com.runqian.report4.dataset.ProcDataSetFactory getNextResultSet (Ljava/sql/PreparedStatement;)Ljava/sql/ResultSet; _$1
.class com.runqian.report4.dataset.SortDsValue SortDsValue
.method com.runqian.report4.dataset.SortDsValue mergeSortAsc ([Ljava/lang/Object;[Ljava/lang/Object;II)V _$1
.method com.runqian.report4.dataset.SortDsValue selectSortAsc ([Ljava/lang/Object;II)V _$1
.method com.runqian.report4.dataset.SortDsValue mergePassAsc ([Ljava/lang/Object;[Ljava/lang/Object;III)V _$1
.method com.runqian.report4.dataset.SortDsValue mergeAsc ([Ljava/lang/Object;[Ljava/lang/Object;III)V _$2
.method com.runqian.report4.dataset.SortDsValue mergeSortDesc ([Ljava/lang/Object;[Ljava/lang/Object;II)V _$2
.method com.runqian.report4.dataset.SortDsValue selectSortDesc ([Ljava/lang/Object;II)V _$2
.method com.runqian.report4.dataset.SortDsValue mergePassDesc ([Ljava/lang/Object;[Ljava/lang/Object;III)V _$3
.method com.runqian.report4.dataset.SortDsValue mergeDesc ([Ljava/lang/Object;[Ljava/lang/Object;III)V _$4
.method com.runqian.report4.dataset.SortDsValue getKeyInfo (Ljava/util/List;Ljava/util/List;Lcom/runqian/report4/usermodel/Context;Lcom/runqian/report4/dataset/DataSet;Z)Lcom/runqian/report4/dataset/SortDsValue$KeyInfo; _$1
.method com.runqian.report4.dataset.SortDsValue sortOther ([Ljava/lang/Object;[Ljava/lang/Object;Lcom/runqian/report4/dataset/SortDsValue$KeyInfo;III)V _$1
.class com.runqian.report4.dataset.SortDsValue$DsSortValue llllIllIIIIllIlI
.field com.runqian.report4.dataset.SortDsValue$DsSortValue value Ljava/lang/Object; _$1
.field com.runqian.report4.dataset.SortDsValue$DsSortValue sort Ljava/lang/Object; _$2
.class com.runqian.report4.dataset.SortDsValue$KeyInfo IIIllIllllIllIlI
.field com.runqian.report4.dataset.SortDsValue$KeyInfo sortExp [Lcom/runqian/report4/model/expression/Expression; _$1
.field com.runqian.report4.dataset.SortDsValue$KeyInfo desc [Z _$2
.field com.runqian.report4.dataset.SortDsValue$KeyInfo count I _$3
.field com.runqian.report4.dataset.SortDsValue$KeyInfo ds Lcom/runqian/report4/dataset/DataSet; _$4
.field com.runqian.report4.dataset.SortDsValue$KeyInfo ctx Lcom/runqian/report4/usermodel/Context; _$5
.field com.runqian.report4.dataset.SortDsValue$KeyInfo inputValue Z _$6
.class com.runqian.report4.dataset.SortDsValue$AscComparator lllIIIIlIlllllII
.class com.runqian.report4.dataset.SortDsValue$DescComparator IIlllIIIIIllIIIl
.class com.runqian.report4.dataset.SQLDataSetFactory SQLDataSetFactory
.class com.runqian.report4.dataset.TxtDataSetFactory TxtDataSetFactory
.class com.runqian.report4.dataset.Utils Utils
.class com.runqian.report4.dataset.Utils2 Utils2
.class com.runqian.report4.dataset.ViewDataSetFactory ViewDataSetFactory
.field com.runqian.report4.dataset.ViewDataSetFactory selCols Ljava/lang/String; _$1
.field com.runqian.report4.dataset.ViewDataSetFactory allColTypes [B _$2
.method com.runqian.report4.dataset.ViewDataSetFactory createSQLViewDataSet (Lcom/runqian/report4/usermodel/Context;Lcom/runqian/report4/usermodel/ViewDataSetConfig;Lcom/runqian/report4/dataset/DataSet;Lcom/runqian/report4/semantics/SQLView;Z)Ljava/lang/Object; _$1
.method com.runqian.report4.dataset.ViewDataSetFactory createProcViewDataSet (Lcom/runqian/report4/usermodel/Context;Lcom/runqian/report4/usermodel/ViewDataSetConfig;Lcom/runqian/report4/dataset/DataSet;Lcom/runqian/report4/semantics/ProcView;Z)Ljava/lang/Object; _$1
.method com.runqian.report4.dataset.ViewDataSetFactory createTableViewDataSet (Lcom/runqian/report4/usermodel/Context;Lcom/runqian/report4/usermodel/ViewDataSetConfig;Lcom/runqian/report4/dataset/DataSet;Lcom/runqian/report4/semantics/TableView;ZZ)Ljava/lang/Object; _$1
.method com.runqian.report4.dataset.ViewDataSetFactory populate (Lcom/runqian/report4/dataset/DataSet;Ljava/lang/String;Ljava/sql/ResultSet;IILjava/lang/String;ZLjava/lang/String;Lcom/runqian/base4/resources/MessageManager;ZI)Lcom/runqian/report4/dataset/DataSet; _$1
.method com.runqian.report4.dataset.ViewDataSetFactory createBuiltinViewDataSet (Lcom/runqian/report4/usermodel/Context;Lcom/runqian/report4/usermodel/ViewDataSetConfig;Lcom/runqian/report4/dataset/DataSet;Lcom/runqian/report4/semantics/BuiltinView;)Lcom/runqian/report4/dataset/DataSet; _$1
.method com.runqian.report4.dataset.ViewDataSetFactory getSQLViewTitles (Lcom/runqian/report4/usermodel/Context;Lcom/runqian/report4/usermodel/ViewDataSetConfig;Lcom/runqian/report4/semantics/SQLView;)[Ljava/lang/String; _$1
.class com.runqian.report4.dataset.XMLDataSetFactory XMLDataSetFactory
.field com.runqian.report4.dataset.XMLDataSetFactory root Lorg/w3c/dom/Element; _$1
.class com.runqian.report4.dataset.XMLDataSetFactory$MyEntityResolver IIllIlIlIIIlIlII
