.class com.runqian.report4.ide.AtomicCell AtomicCell
.field com.runqian.report4.ide.AtomicCell cell Lcom/runqian/report4/usermodel/ICell; _$1
.field com.runqian.report4.ide.AtomicCell property B _$2
.field com.runqian.report4.ide.AtomicCell value Ljava/lang/Object; _$3
.field com.runqian.report4.ide.AtomicCell exp Ljava/lang/String; _$4
.method com.runqian.report4.ide.AtomicCell isBothSet ()Z _$1
.method com.runqian.report4.ide.AtomicCell setValue (Lcom/runqian/report4/ide/AtomicCell;Ljava/lang/Object;)V _$1
.method com.runqian.report4.ide.AtomicCell setExp (Lcom/runqian/report4/ide/AtomicCell;Ljava/lang/String;)V _$1
.class com.runqian.report4.ide.AtomicReport AtomicReport
.field com.runqian.report4.ide.AtomicReport type B _$1
.field com.runqian.report4.ide.AtomicReport report Lcom/runqian/report4/ide/usermodel/ReportModel; _$2
.field com.runqian.report4.ide.AtomicReport cp Lcom/runqian/report4/control/CellPosition; _$3
.field com.runqian.report4.ide.AtomicReport rect Lcom/runqian/report4/ide/base/CellRect; _$4
.field com.runqian.report4.ide.AtomicReport value Ljava/lang/Object; _$5
.method com.runqian.report4.ide.AtomicReport resetRectMergeArea (Lcom/runqian/report4/ide/base/CellRect;)V _$1
.method com.runqian.report4.ide.AtomicReport resetRectBorder (Lcom/runqian/report4/ide/base/CellRect;)V _$2
.method com.runqian.report4.ide.AtomicReport setRowCells (Lcom/runqian/report4/ide/base/CellRect;Ljava/util/ArrayList;)V _$1
.method com.runqian.report4.ide.AtomicReport setColCells (Lcom/runqian/report4/ide/base/CellRect;Ljava/util/ArrayList;)V _$2
.method com.runqian.report4.ide.AtomicReport listRowCells (Lcom/runqian/report4/ide/base/CellRect;Ljava/util/Vector;)[Lcom/runqian/report4/usermodel/IRowCell; _$1
.method com.runqian.report4.ide.AtomicReport listNormalCells (Ljava/util/Vector;Z)[[Lcom/runqian/report4/usermodel/INormalCell; _$1
.method com.runqian.report4.ide.AtomicReport listColCells (Lcom/runqian/report4/ide/base/CellRect;Ljava/util/Vector;)[Lcom/runqian/report4/usermodel/IColCell; _$2
.method com.runqian.report4.ide.AtomicReport setAdjustedCells (Lcom/runqian/report4/ide/base/CellRect;Ljava/util/Vector;)V _$3
.method com.runqian.report4.ide.AtomicReport getHeaderRectCells (Lcom/runqian/report4/ide/base/CellRect;Z)Ljava/util/Vector; _$1
.method com.runqian.report4.ide.AtomicReport getRowCells (II)Ljava/util/Vector; _$1
.method com.runqian.report4.ide.AtomicReport getColCells (SS)Ljava/util/Vector; _$1
.class com.runqian.report4.ide.ExcelImporter ExcelImporter
.field com.runqian.report4.ide.ExcelImporter wb Lorg/apache/poi2/hssf/usermodel/HSSFWorkbook; _$1
.field com.runqian.report4.ide.ExcelImporter sheets [Lorg/apache/poi2/hssf/usermodel/HSSFSheet; _$2
.field com.runqian.report4.ide.ExcelImporter sheetNames [Ljava/lang/String; _$3
.field com.runqian.report4.ide.ExcelImporter fileNames Ljava/util/List; _$4
.field com.runqian.report4.ide.ExcelImporter fonts [Lorg/apache/poi2/hssf/usermodel/HSSFFont; _$5
.field com.runqian.report4.ide.ExcelImporter excelFile Ljava/lang/String; _$6
.field com.runqian.report4.ide.ExcelImporter formulaAsExp Z _$7
.field com.runqian.report4.ide.ExcelImporter richText Z _$8
.method com.runqian.report4.ide.ExcelImporter init (Ljava/io/InputStream;)V _$1
.method com.runqian.report4.ide.ExcelImporter save (Lorg/apache/poi2/hssf/usermodel/HSSFSheet;Ljava/lang/String;)Ljava/lang/String; _$1
.class com.runqian.report4.ide.FrameMain FrameMain
.field com.runqian.report4.ide.FrameMain terminalVM Z _$1
.field com.runqian.report4.ide.FrameMain SPLIT_POS D _$2
.field com.runqian.report4.ide.FrameMain popmenuListener Lcom/runqian/report4/ide/IPopmenuListener; _$3
.method com.runqian.report4.ide.FrameMain storeCSSManager ()V _$1
.field com.runqian.report4.ide.FrameMain PRESET_CELLS_PATH Ljava/lang/String; _$4
.method com.runqian.report4.ide.FrameMain stroePresetCells ()V _$2
.method com.runqian.report4.ide.FrameMain readPresetCells (Lcom/runqian/base4/tool/ConfigFile;Ljava/util/HashMap;)V _$1
.method com.runqian.report4.ide.FrameMain toNormalCell (Ljava/lang/String;)Lcom/runqian/report4/usermodel/INormalCell; _$1
.method com.runqian.report4.ide.FrameMain toStringCell (Lcom/runqian/report4/usermodel/INormalCell;)Ljava/lang/String; _$1
.method com.runqian.report4.ide.FrameMain load (Lcom/runqian/base4/tool/XMLFile;Z)V _$1
.method com.runqian.report4.ide.FrameMain jbInit ()V _$3
.method com.runqian.report4.ide.FrameMain this_windowActivated (Ljava/awt/event/WindowEvent;)V _$1
.field com.runqian.report4.ide.FrameMain runned Z _$5
.field com.runqian.report4.ide.FrameMain run Ljava/lang/Runnable; _$6
.method com.runqian.report4.ide.FrameMain this_windowClosing (Ljava/awt/event/WindowEvent;)V _$2
.class com.runqian.report4.ide.SplashWindow IIIIlIllllIIlIII
.field com.runqian.report4.ide.SplashWindow image Ljava/awt/Image; _$1
.field com.runqian.report4.ide.SplashWindow waitingThread Ljava/lang/Thread; _$2
.class com.runqian.report4.ide.ResizeListener lIlIIIlIIIlIlIlI
.field com.runqian.report4.ide.ResizeListener fm Lcom/runqian/report4/ide/FrameMain; _$1
.class com.runqian.report4.ide.FrameMain_this_windowAdapter IlllIIIIlIlllIlI
.field com.runqian.report4.ide.FrameMain_this_windowAdapter adaptee Lcom/runqian/report4/ide/FrameMain; _$1
.class com.runqian.report4.ide.GroupEngine GroupEngine
.field com.runqian.report4.ide.GroupEngine rg Lcom/runqian/report4/usermodel/ReportGroup; _$1
.field com.runqian.report4.ide.GroupEngine ctx Lcom/runqian/report4/usermodel/Context; _$2
.field com.runqian.report4.ide.GroupEngine ctx1 Lcom/runqian/report4/usermodel/Context; _$3
.field com.runqian.report4.ide.GroupEngine rdList Ljava/util/List; _$4
.field com.runqian.report4.ide.GroupEngine ctxList Ljava/util/List; _$5
.field com.runqian.report4.ide.GroupEngine reCalc Z _$6
.field com.runqian.report4.ide.GroupEngine key Ljava/lang/String; _$7
.method com.runqian.report4.ide.GroupEngine calcRpt (Lcom/runqian/report4/usermodel/ReportGroupItem;I)Lcom/runqian/report4/usermodel/IReport; _$1
.method com.runqian.report4.ide.GroupEngine calcContext (Lcom/runqian/report4/usermodel/ReportGroupItem;Lcom/runqian/report4/usermodel/IReport;)Lcom/runqian/report4/usermodel/Context; _$1
.method com.runqian.report4.ide.GroupEngine readRpt (Lcom/runqian/report4/usermodel/Context;Ljava/lang/String;B)Lcom/runqian/report4/model/ReportDefine; _$1
.class com.runqian.report4.ide.GVIde GVIde
.field com.runqian.report4.ide.GVIde dsColumnMap Ljava/util/HashMap; _$1
.method com.runqian.report4.ide.GVIde calcDataSetCols (Lcom/runqian/report4/usermodel/Context;Lcom/runqian/report4/usermodel/IReport;Z)Ljava/util/HashMap; _$1
.field com.runqian.report4.ide.GVIde spaceCell Lcom/runqian/report4/usermodel/INormalCell; _$2
.method com.runqian.report4.ide.GVIde prepareArg (Lcom/runqian/report4/usermodel/Context;Lcom/runqian/report4/usermodel/ParamMetaData;Lcom/runqian/report4/usermodel/MacroMetaData;)Lcom/runqian/report4/usermodel/Context; _$1
.method com.runqian.report4.ide.GVIde prepareArg (Lcom/runqian/report4/usermodel/Context;Lcom/runqian/report4/usermodel/ParamMetaData;Lcom/runqian/report4/usermodel/MacroMetaData;Ljava/lang/String;)Lcom/runqian/report4/usermodel/Context; _$1
.method com.runqian.report4.ide.GVIde prepareDefaultArg (Lcom/runqian/report4/usermodel/Context;Lcom/runqian/report4/usermodel/ParamMetaData;Lcom/runqian/report4/usermodel/MacroMetaData;)Lcom/runqian/report4/usermodel/Context; _$2
.method com.runqian.report4.ide.GVIde isSemanticReport (Lcom/runqian/report4/usermodel/IReport;)Z _$1
.method com.runqian.report4.ide.GVIde listCustom (Lcom/runqian/base4/tool/ConfigFile;Ljava/lang/String;)Ljava/util/ArrayList; _$1
.field com.runqian.report4.ide.GVIde newReportCount S _$3
.class com.runqian.report4.ide.IPopmenuListener IPopmenuListener
.class com.runqian.report4.ide.MenuMain MenuMain
.field com.runqian.report4.ide.MenuMain templateMenu Ljavax/swing/JMenu; _$1
.field com.runqian.report4.ide.MenuMain vManagerEditor Lcom/runqian/base4/tool/AppFrame; _$2
.field com.runqian.report4.ide.MenuMain vDMEditor Ljavax/swing/JFrame; _$3
.field com.runqian.report4.ide.MenuMain recentSemantic Ljavax/swing/JMenu; _$4
.field com.runqian.report4.ide.MenuMain tmpLiveMenuItems Ljava/util/HashSet; _$5
.field com.runqian.report4.ide.MenuMain lastRight I _$6
.method com.runqian.report4.ide.MenuMain newMenuItem (SLjava/lang/String;CLjava/lang/Boolean;)Ljavax/swing/JMenuItem; _$1
.method com.runqian.report4.ide.MenuMain newMenuItem (SLjava/lang/String;CLjava/lang/Boolean;Z)Ljavax/swing/JMenuItem; _$1
.method com.runqian.report4.ide.MenuMain loadSubTemplateMenu (Ljavax/swing/JMenu;Ljava/lang/String;)V _$1
.method com.runqian.report4.ide.MenuMain listSubTemplates (Ljava/lang/String;)[Ljava/io/File; _$1
.field com.runqian.report4.ide.MenuMain menuAction Ljava/awt/event/ActionListener; _$7
.method com.runqian.report4.ide.MenuMain export (S)V _$1
.class com.runqian.report4.ide.MenuPopup MenuPopup
.field com.runqian.report4.ide.MenuPopup menuItems Lcom/runqian/base4/util/ShortMap; _$1
.method com.runqian.report4.ide.MenuPopup addMenu (Ljavax/swing/JPopupMenu;S)V _$1
.method com.runqian.report4.ide.MenuPopup getReportPop ()Lcom/runqian/report4/ide/MenuPopup; _$1
.method com.runqian.report4.ide.MenuPopup getRowPop ()Lcom/runqian/report4/ide/MenuPopup; _$2
.method com.runqian.report4.ide.MenuPopup getColPop ()Lcom/runqian/report4/ide/MenuPopup; _$3
.method com.runqian.report4.ide.MenuPopup getCellPop ()Lcom/runqian/report4/ide/MenuPopup; _$4
.class com.runqian.report4.ide.ReportControlListener ReportControlListener
.field com.runqian.report4.ide.ReportControlListener editor Lcom/runqian/report4/ide/usermodel/ReportEditor; _$1
.field com.runqian.report4.ide.ReportControlListener tpTips Ljavax/swing/JEditorPane; _$2
.method com.runqian.report4.ide.ReportControlListener getSetEditStyle (Lcom/runqian/report4/semantics/SemanticsManager;Lcom/runqian/report4/usermodel/IReport;Ljava/lang/String;Lcom/runqian/report4/usermodel/INormalCell;Ljava/lang/String;)Ljava/util/Vector; _$1
.method com.runqian.report4.ide.ReportControlListener getSetEditStyle (Lcom/runqian/report4/semantics/SemanticsManager;Lcom/runqian/report4/usermodel/IReport;Ljava/lang/String;Lcom/runqian/report4/usermodel/INormalCell;Ljava/lang/String;Lcom/runqian/report4/usermodel/input/InputProperty;)Ljava/util/Vector; _$1
.method com.runqian.report4.ide.ReportControlListener getStyle2DispCmd (Lcom/runqian/report4/usermodel/INormalCell;Ljava/lang/String;)Lcom/runqian/report4/ide/base/IAtomicCmd; _$1
.method com.runqian.report4.ide.ReportControlListener getEditConfigCmd (Lcom/runqian/report4/usermodel/INormalCell;BLjava/lang/Object;Lcom/runqian/report4/usermodel/input/InputProperty;)Lcom/runqian/report4/ide/base/IAtomicCmd; _$1
.method com.runqian.report4.ide.ReportControlListener getEditConfigCmd (Lcom/runqian/report4/usermodel/INormalCell;Lcom/runqian/report4/usermodel/input/InputProperty;)Lcom/runqian/report4/ide/base/IAtomicCmd; _$1
.method com.runqian.report4.ide.ReportControlListener setSemanticProperty (Lcom/runqian/report4/usermodel/IReport;Lcom/runqian/report4/usermodel/INormalCell;Ljava/lang/String;IS)Z _$1
.method com.runqian.report4.ide.ReportControlListener appendInputProperty (Ljava/lang/StringBuffer;Ljava/lang/String;Ljava/lang/String;Z)V _$1
.class com.runqian.report4.ide.DialogWizardThread IIIllIIIIIIlllII
.field com.runqian.report4.ide.DialogWizardThread dwThread Ljava/lang/Thread; _$1
.field com.runqian.report4.ide.DialogWizardThread dsName Ljava/lang/String; _$2
.field com.runqian.report4.ide.DialogWizardThread view Lcom/runqian/report4/semantics/View; _$3
.field com.runqian.report4.ide.DialogWizardThread row I _$4
.field com.runqian.report4.ide.DialogWizardThread col S _$5
.class com.runqian.report4.ide.SheetBrowser SheetBrowser
.field com.runqian.report4.ide.SheetBrowser fileName Ljava/lang/String; _$1
.field com.runqian.report4.ide.SheetBrowser reportBrowser Lcom/runqian/report4/control/ScanControl; _$2
.class com.runqian.report4.ide.SheetBrowser$Listener IlllIIlIlIIllIlI
.field com.runqian.report4.ide.SheetBrowser$Listener sb Lcom/runqian/report4/ide/SheetBrowser; _$1
.class com.runqian.report4.ide.SheetEditor SheetEditor
.field com.runqian.report4.ide.SheetEditor saveLocal Z _$1
.field com.runqian.report4.ide.SheetEditor paneTips Ljavax/swing/JEditorPane; _$2
.field com.runqian.report4.ide.SheetEditor saveListener Lcom/runqian/report4/ide/usermodel/IReportSaveListener; _$3
.field com.runqian.report4.ide.SheetEditor selectStatus B _$4
.class com.runqian.report4.ide.Listener IIlIlllIllllIllI
.field com.runqian.report4.ide.Listener se Lcom/runqian/report4/ide/SheetEditor; _$1
.class com.runqian.report4.ide.SheetGroupEditor SheetGroupEditor
.field com.runqian.report4.ide.SheetGroupEditor CUR_DRAGOUT B _$1
.field com.runqian.report4.ide.SheetGroupEditor CUR_DRAGIN B _$2
.field com.runqian.report4.ide.SheetGroupEditor CUR_OTHER B _$3
.field com.runqian.report4.ide.SheetGroupEditor fileName Ljava/lang/String; _$4
.field com.runqian.report4.ide.SheetGroupEditor rg Lcom/runqian/report4/usermodel/ReportGroup; _$5
.field com.runqian.report4.ide.SheetGroupEditor NEWGROUP Ljava/lang/String; _$6
.field com.runqian.report4.ide.SheetGroupEditor number I _$7
.field com.runqian.report4.ide.SheetGroupEditor controls Ljava/util/HashMap; _$8
.field com.runqian.report4.ide.SheetGroupEditor newGroup Z _$9
.field com.runqian.report4.ide.SheetGroupEditor tab Ljavax/swing/JTabbedPane; _$10
.field com.runqian.report4.ide.SheetGroupEditor borderLayout1 Ljava/awt/BorderLayout; _$11
.field com.runqian.report4.ide.SheetGroupEditor saveListener Lcom/runqian/report4/ide/usermodel/IReportSaveListener; _$12
.method com.runqian.report4.ide.SheetGroupEditor focusIndex (Ljava/awt/event/MouseEvent;)I _$1
.method com.runqian.report4.ide.SheetGroupEditor getCur (I)Ljava/awt/Cursor; _$1
.method com.runqian.report4.ide.SheetGroupEditor addDefaultSheet ()V _$1
.method com.runqian.report4.ide.SheetGroupEditor addItem ()V _$2
.method com.runqian.report4.ide.SheetGroupEditor delItem ()V _$3
.method com.runqian.report4.ide.SheetGroupEditor moveLeft ()V _$4
.method com.runqian.report4.ide.SheetGroupEditor moveRight ()V _$5
.method com.runqian.report4.ide.SheetGroupEditor editItem ()V _$6
.method com.runqian.report4.ide.SheetGroupEditor editConfig ()V _$7
.method com.runqian.report4.ide.SheetGroupEditor getPopMenu ()Ljavax/swing/JPopupMenu; _$8
.method com.runqian.report4.ide.SheetGroupEditor jbInit ()V _$9
.method com.runqian.report4.ide.SheetGroupEditor selectReportGroup ()Ljava/lang/String; _$10
.method com.runqian.report4.ide.SheetGroupEditor showReportItem (IZ)V _$1
.method com.runqian.report4.ide.SheetGroupEditor readRpt (Ljava/lang/String;B)Lcom/runqian/report4/model/ReportDefine; _$1
.method com.runqian.report4.ide.SheetGroupEditor tab_stateChanged (Ljavax/swing/event/ChangeEvent;)V _$1
.method com.runqian.report4.ide.SheetGroupEditor existReportSource (Ljava/lang/String;)Z _$1
.class com.runqian.report4.ide.SheetGroupEditor_tab_changeAdapter IllIllIIlIIIIIIl
.field com.runqian.report4.ide.SheetGroupEditor_tab_changeAdapter adaptee Lcom/runqian/report4/ide/SheetGroupEditor; _$1
.class com.runqian.report4.ide.GroupListener lIIlIlIlllIIIIll
.field com.runqian.report4.ide.GroupListener sge Lcom/runqian/report4/ide/SheetGroupEditor; _$1
.class com.runqian.report4.ide.SheetReportGroup SheetReportGroup
.method com.runqian.report4.ide.SheetReportGroup jbInit ()V _$1
.method com.runqian.report4.ide.SheetReportGroup showReportItem (I)V _$1
.method com.runqian.report4.ide.SheetReportGroup getControl (I)Lcom/runqian/report4/control/ScanControl; _$2
.method com.runqian.report4.ide.SheetReportGroup getCurrentControl ()Lcom/runqian/report4/control/ScanControl; _$2
.field com.runqian.report4.ide.SheetReportGroup fileName Ljava/lang/String; _$1
.field com.runqian.report4.ide.SheetReportGroup rg Lcom/runqian/report4/usermodel/ReportGroup; _$2
.field com.runqian.report4.ide.SheetReportGroup context Lcom/runqian/report4/usermodel/Context; _$3
.field com.runqian.report4.ide.SheetReportGroup tab Ljavax/swing/JTabbedPane; _$4
.field com.runqian.report4.ide.SheetReportGroup borderLayout1 Ljava/awt/BorderLayout; _$5
.field com.runqian.report4.ide.SheetReportGroup scanControls Ljava/util/HashMap; _$6
.method com.runqian.report4.ide.SheetReportGroup tab_stateChanged (Ljavax/swing/event/ChangeEvent;)V _$1
.class com.runqian.report4.ide.SheetReportGroup$Listener lllIlIllIlIlllIl
.field com.runqian.report4.ide.SheetReportGroup$Listener sb Lcom/runqian/report4/ide/SheetReportGroup; _$1
.class com.runqian.report4.ide.SheetReportGroup_tab_changeAdapter IIllIlllIIlIIIIl
.field com.runqian.report4.ide.SheetReportGroup_tab_changeAdapter adaptee Lcom/runqian/report4/ide/SheetReportGroup; _$1
.class com.runqian.report4.ide.SheetTransfer SheetTransfer
.field com.runqian.report4.ide.SheetTransfer regions [Lorg/apache/poi2/hssf/util/Region; _$1
.field com.runqian.report4.ide.SheetTransfer report Lcom/runqian/report4/usermodel/IReport; _$2
.field com.runqian.report4.ide.SheetTransfer parser Lcom/runqian/report4/util/ReportParser; _$3
.field com.runqian.report4.ide.SheetTransfer wb Lorg/apache/poi2/hssf/usermodel/HSSFWorkbook; _$4
.field com.runqian.report4.ide.SheetTransfer sheet Lorg/apache/poi2/hssf/usermodel/HSSFSheet; _$5
.field com.runqian.report4.ide.SheetTransfer fonts [Lorg/apache/poi2/hssf/usermodel/HSSFFont; _$6
.field com.runqian.report4.ide.SheetTransfer isInvalidSheet Z _$7
.field com.runqian.report4.ide.SheetTransfer formulaAsExp Z _$8
.field com.runqian.report4.ide.SheetTransfer exportRich Z _$9
.method com.runqian.report4.ide.SheetTransfer appendSubString (Lorg/apache/poi2/hssf/usermodel/HSSFFont;Ljava/lang/StringBuffer;Lorg/apache/poi2/hssf/usermodel/HSSFFont;Ljava/lang/String;)V _$1
.method com.runqian.report4.ide.SheetTransfer appendColor (Ljava/lang/StringBuffer;I)V _$1
.method com.runqian.report4.ide.SheetTransfer setMergedArea ()V _$1
.method com.runqian.report4.ide.SheetTransfer setBorder (SSISI)V _$1
.method com.runqian.report4.ide.SheetTransfer getLastCol (Lorg/apache/poi2/hssf/usermodel/HSSFSheet;)I _$1
.method com.runqian.report4.ide.SheetTransfer getDateType (S)I _$1
.method com.runqian.report4.ide.SheetTransfer getFormatString (Lorg/apache/poi2/hssf/usermodel/HSSFCell;)Ljava/lang/String; _$1
.class com.runqian.report4.ide.TableProperty TableProperty
.field com.runqian.report4.ide.TableProperty SORT_ROW Ljava/lang/String; _$1
.field com.runqian.report4.ide.TableProperty SORT_COL Ljava/lang/String; _$2
.field com.runqian.report4.ide.TableProperty SORT_VALUE Ljava/lang/String; _$3
.field com.runqian.report4.ide.TableProperty SORT_DISPLAY Ljava/lang/String; _$4
.field com.runqian.report4.ide.TableProperty SORT_FIELD Ljava/lang/String; _$5
.field com.runqian.report4.ide.TableProperty SORT_FONT Ljava/lang/String; _$6
.field com.runqian.report4.ide.TableProperty SORT_EXPAND Ljava/lang/String; _$7
.field com.runqian.report4.ide.TableProperty SORT_LINK Ljava/lang/String; _$8
.field com.runqian.report4.ide.TableProperty SORT_PAGE Ljava/lang/String; _$9
.field com.runqian.report4.ide.TableProperty SORT_WEB Ljava/lang/String; _$10
.field com.runqian.report4.ide.TableProperty SORT_OTHER Ljava/lang/String; _$11
.field com.runqian.report4.ide.TableProperty INDEX_ROW B _$12
.field com.runqian.report4.ide.TableProperty INDEX_COL B _$13
.field com.runqian.report4.ide.TableProperty INDEX_VALUE B _$14
.field com.runqian.report4.ide.TableProperty INDEX_DISPLAY B _$15
.field com.runqian.report4.ide.TableProperty INDEX_FIELD B _$16
.field com.runqian.report4.ide.TableProperty INDEX_FONT B _$17
.field com.runqian.report4.ide.TableProperty INDEX_EXPAND B _$18
.field com.runqian.report4.ide.TableProperty INDEX_LINK B _$19
.field com.runqian.report4.ide.TableProperty INDEX_PAGE B _$20
.field com.runqian.report4.ide.TableProperty INDEX_WEB B _$21
.field com.runqian.report4.ide.TableProperty INDEX_OTHER B _$22
.field com.runqian.report4.ide.TableProperty colNames [Ljava/lang/String; _$23
.field com.runqian.report4.ide.TableProperty statement I _$24
.field com.runqian.report4.ide.TableProperty TABLE_STATEMENT Ljava/lang/String; _$25
.field com.runqian.report4.ide.TableProperty hiddenMap Ljava/util/HashMap; _$26
.field com.runqian.report4.ide.TableProperty currentStyle S _$27
.field com.runqian.report4.ide.TableProperty b_PreventAction Z _$28
.field com.runqian.report4.ide.TableProperty buttonEditor Lcom/runqian/base4/swing/ButtonEditor; _$29
.field com.runqian.report4.ide.TableProperty eachRowEditor Lcom/runqian/report4/ide/base/EachRowEditor; _$30
.method com.runqian.report4.ide.TableProperty config (B)V _$1
.method com.runqian.report4.ide.TableProperty addRowCell ()V _$1
.method com.runqian.report4.ide.TableProperty addColCell ()V _$2
.method com.runqian.report4.ide.TableProperty addNormalCell ()V _$3
.method com.runqian.report4.ide.TableProperty insertRows (Ljava/lang/String;)V _$1
.method com.runqian.report4.ide.TableProperty addRows (Ljava/lang/String;)V _$2
.method com.runqian.report4.ide.TableProperty removeTopConfig ()V _$4
.method com.runqian.report4.ide.TableProperty getSortIndex (Ljava/lang/String;)B _$3
.method com.runqian.report4.ide.TableProperty isExpand (B)Z _$2
.method com.runqian.report4.ide.TableProperty getSortRow (BLjava/lang/String;)[Ljava/lang/Object; _$1
.method com.runqian.report4.ide.TableProperty getPropertyRow (BLjava/lang/String;B)[Ljava/lang/Object; _$1
.method com.runqian.report4.ide.TableProperty expand (Ljava/lang/String;I)V _$1
.method com.runqian.report4.ide.TableProperty getListBySortName (Ljava/lang/String;)Ljava/util/ArrayList; _$4
.method com.runqian.report4.ide.TableProperty getRowList ()Ljava/util/ArrayList; _$5
.method com.runqian.report4.ide.TableProperty getColList ()Ljava/util/ArrayList; _$6
.method com.runqian.report4.ide.TableProperty getValueList ()Ljava/util/ArrayList; _$7
.method com.runqian.report4.ide.TableProperty getDisplayList ()Ljava/util/ArrayList; _$8
.method com.runqian.report4.ide.TableProperty getFieldList ()Ljava/util/ArrayList; _$9
.method com.runqian.report4.ide.TableProperty getFontList ()Ljava/util/ArrayList; _$10
.method com.runqian.report4.ide.TableProperty getExpandList ()Ljava/util/ArrayList; _$11
.method com.runqian.report4.ide.TableProperty getLinkList ()Ljava/util/ArrayList; _$12
.method com.runqian.report4.ide.TableProperty getPageList ()Ljava/util/ArrayList; _$13
.method com.runqian.report4.ide.TableProperty getWebList ()Ljava/util/ArrayList; _$14
.method com.runqian.report4.ide.TableProperty getOtherList ()Ljava/util/ArrayList; _$15
.class com.runqian.report4.ide.PropertyExpressionRender lllllIIlIllIIIII
.field com.runqian.report4.ide.PropertyExpressionRender expRender Ljavax/swing/table/DefaultTableCellRenderer; _$1
.field com.runqian.report4.ide.PropertyExpressionRender sortRender Ljavax/swing/table/DefaultTableCellRenderer; _$2
.field com.runqian.report4.ide.PropertyExpressionRender renderer Ljavax/swing/table/TableCellRenderer; _$3
.class com.runqian.report4.ide.ToolBarEditor ToolBarEditor
.field com.runqian.report4.ide.ToolBarEditor MAX_COLUMN I _$1
.field com.runqian.report4.ide.ToolBarEditor BT_SIZE Ljava/awt/Dimension; _$2
.field com.runqian.report4.ide.ToolBarEditor CELLPOS_SIZE Ljava/awt/Dimension; _$3
.field com.runqian.report4.ide.ToolBarEditor CELLVALUE_SIZE Ljava/awt/Dimension; _$4
.field com.runqian.report4.ide.ToolBarEditor s_strColID [Ljava/lang/String; _$5
.field com.runqian.report4.ide.ToolBarEditor editCell Lcom/runqian/report4/usermodel/INormalCell; _$6
.field com.runqian.report4.ide.ToolBarEditor cellName Ljavax/swing/JTextField; _$7
.field com.runqian.report4.ide.ToolBarEditor cellValue Ljavax/swing/JTextField; _$8
.field com.runqian.report4.ide.ToolBarEditor btEdit Lcom/runqian/report4/ide/SpeedButton; _$9
.field com.runqian.report4.ide.ToolBarEditor b_PreventAction Z _$10
.method com.runqian.report4.ide.ToolBarEditor jbInit ()V _$1
.class com.runqian.report4.ide.ToolBarEditor$mouseListener IlIIllllIIlIIlll
.field com.runqian.report4.ide.ToolBarEditor$mouseListener adaptee Lcom/runqian/report4/ide/ToolBarEditor; _$1
.class com.runqian.report4.ide.ToolBarEditor$DocTextListener IIIlIIlIlIlllIll
.field com.runqian.report4.ide.ToolBarEditor$DocTextListener adaptee Lcom/runqian/report4/ide/ToolBarEditor; _$1
.class com.runqian.report4.ide.SpeedButton IIlllIIllIlllIII
.field com.runqian.report4.ide.SpeedButton bChecked Z _$1
.field com.runqian.report4.ide.SpeedButton bToggle Z _$2
.class com.runqian.report4.ide.SpeedButton$BtMouseAdapter lIlIlllIllIIIlll
.field com.runqian.report4.ide.SpeedButton$BtMouseAdapter adaptee Lcom/runqian/report4/ide/SpeedButton; _$1
.class com.runqian.report4.ide.ToolBarProperty ToolBarProperty
.field com.runqian.report4.ide.ToolBarProperty w I _$1
.field com.runqian.report4.ide.ToolBarProperty HEIGHT I _$2
.field com.runqian.report4.ide.ToolBarProperty d Ljava/awt/Dimension; _$3
.method com.runqian.report4.ide.ToolBarProperty getButton (SLjava/lang/String;)Ljavax/swing/JButton; _$1
.method com.runqian.report4.ide.ToolBarProperty getToggleButton (SLjava/lang/String;)Lcom/runqian/report4/ide/SmallToggleButton; _$2
.method com.runqian.report4.ide.ToolBarProperty getCmdPropertyId (S)B _$1
.field com.runqian.report4.ide.ToolBarProperty actionNormal Ljava/awt/event/ActionListener; _$4
.field com.runqian.report4.ide.ToolBarProperty actionFontName Ljava/awt/event/ActionListener; _$5
.field com.runqian.report4.ide.ToolBarProperty actionFontSize Ljava/awt/event/ActionListener; _$6
.field com.runqian.report4.ide.ToolBarProperty actionForeColor Ljava/awt/event/ActionListener; _$7
.field com.runqian.report4.ide.ToolBarProperty actionBackColor Ljava/awt/event/ActionListener; _$8
.field com.runqian.report4.ide.ToolBarProperty actionBorderSetting Ljava/awt/event/ActionListener; _$9
.field com.runqian.report4.ide.ToolBarProperty actionCSSStyle Ljava/awt/event/ActionListener; _$10
.field com.runqian.report4.ide.ToolBarProperty fontName Ljavax/swing/JComboBox; _$11
.field com.runqian.report4.ide.ToolBarProperty fontSize Lcom/runqian/base4/swing/JComboBoxEx; _$12
.field com.runqian.report4.ide.ToolBarProperty foreColor Lcom/runqian/base4/swing/ColorComboBox; _$13
.field com.runqian.report4.ide.ToolBarProperty backColor Lcom/runqian/base4/swing/ColorComboBox; _$14
.field com.runqian.report4.ide.ToolBarProperty b_PreventAction Z _$15
.class com.runqian.report4.ide.SmallToggleButton lllIIIlllllIlIIl
.class com.runqian.report4.ide.UndoManager UndoManager
.field com.runqian.report4.ide.UndoManager undoContainer Lcom/runqian/base4/util/LimitedStack; _$1
.field com.runqian.report4.ide.UndoManager redoContainer Lcom/runqian/base4/util/LimitedStack; _$2
.field com.runqian.report4.ide.UndoManager mEditor Lcom/runqian/report4/ide/usermodel/ReportEditor; _$3
.field com.runqian.report4.ide.UndoManager editControl Lcom/runqian/report4/control/EditControl; _$4
.method com.runqian.report4.ide.UndoManager reverseVector (Ljava/util/Vector;)Ljava/util/Vector; _$1
.method com.runqian.report4.ide.UndoManager executeCommands (Ljava/util/Vector;Lcom/runqian/base4/util/LimitedStack;)V _$1
.class com.runqian.report4.ide.FrameMain$1 IlIlIlIIIlllIlIl
.class com.runqian.report4.ide.SplashWindow$1 IIlIlllIllIIIlII
.class com.runqian.report4.ide.MenuMain$1 lIlIlllIIIlllIII
.class com.runqian.report4.ide.MenuMain$2 IIlIlllIIIlllIII
.class com.runqian.report4.ide.MenuMain$3 llIIlllIIIlllIII
.class com.runqian.report4.ide.SheetBrowser$1 IIlIIlIIIlIIIlII
.class com.runqian.report4.ide.SheetEditor$1 IlIlIIllIllIIIlI
.class com.runqian.report4.ide.SheetEditor$2 llIlIIllIllIIIlI
.class com.runqian.report4.ide.SheetEditor$3 IIIlIIllIllIIIlI
.class com.runqian.report4.ide.SheetEditor$4 lIIlIIllIllIIIlI
.class com.runqian.report4.ide.Listener$1 lIlIllIlIlIlIIlI
.class com.runqian.report4.ide.SheetGroupEditor$1 IIIllIlIIllllllI
.class com.runqian.report4.ide.SheetGroupEditor$2 llIllIlIIllllllI
.field com.runqian.report4.ide.SheetGroupEditor$2 dragIndex I _$1
.method com.runqian.report4.ide.SheetGroupEditor$2 showPopup (Ljava/awt/event/MouseEvent;)V _$1
.class com.runqian.report4.ide.SheetGroupEditor$3 IlIllIlIIllllllI
.class com.runqian.report4.ide.SheetGroupEditor$4 lIlIlIlIIllllllI
.class com.runqian.report4.ide.SheetGroupEditor$5 IIlIlIlIIllllllI
.class com.runqian.report4.ide.SheetGroupEditor$6 lllIlIlIIllllllI
.class com.runqian.report4.ide.SheetGroupEditor$7 IllIlIlIIllllllI
.class com.runqian.report4.ide.SheetGroupEditor$8 lIIIlIlIIllllllI
.class com.runqian.report4.ide.SheetGroupEditor$9 IIIIlIlIIllllllI
.class com.runqian.report4.ide.GroupListener$1 IllllIlIlIlIIlll
.class com.runqian.report4.ide.SheetReportGroup$1 IIlIIIlIIIIIlIII
.class com.runqian.report4.ide.TableProperty$1 lllllIlIIIlIIlII
.class com.runqian.report4.ide.ToolBarProperty$1 llllIlIlllIIllIl
.class com.runqian.report4.ide.ToolBarProperty$2 IlllIlIlllIIllIl
.class com.runqian.report4.ide.ToolBarProperty$3 lIllIlIlllIIllIl
.class com.runqian.report4.ide.ToolBarProperty$4 IIllIlIlllIIllIl
.class com.runqian.report4.ide.ToolBarProperty$5 llIIllIlllIIllIl
.class com.runqian.report4.ide.ToolBarProperty$6 IlIIllIlllIIllIl
.class com.runqian.report4.ide.ToolBarProperty$7 lIIIllIlllIIllIl
.class com.runqian.report4.ide.ToolBarProperty$8 IIIIllIlllIIllIl
.class com.runqian.report4.ide.UndoManager$1 IllIlIlllllIllII
.class com.runqian.report4.ide.UndoManager$2 lIIIlIlllllIllII
