.class com.runqian.base4.util.ArgumentTokenizer ArgumentTokenizer
.field com.runqian.base4.util.ArgumentTokenizer LOG Z _$1
.field com.runqian.base4.util.ArgumentTokenizer delim C _$2
.field com.runqian.base4.util.ArgumentTokenizer index I _$3
.field com.runqian.base4.util.ArgumentTokenizer str Ljava/lang/String; _$4
.field com.runqian.base4.util.ArgumentTokenizer len I _$5
.field com.runqian.base4.util.ArgumentTokenizer count Z _$6
.field com.runqian.base4.util.ArgumentTokenizer parentheses Z _$7
.field com.runqian.base4.util.ArgumentTokenizer brackets Z _$8
.field com.runqian.base4.util.ArgumentTokenizer braces Z _$9
.field com.runqian.base4.util.ArgumentTokenizer quotations Z _$10
.class com.runqian.base4.util.Base64 Base64
.field com.runqian.base4.util.Base64 intToBase64 [C _$1
.field com.runqian.base4.util.Base64 intToAltBase64 [C _$2
.field com.runqian.base4.util.Base64 base64ToInt [B _$3
.field com.runqian.base4.util.Base64 altBase64ToInt [B _$4
.method com.runqian.base4.util.Base64 byteArrayToBase64 ([BZ)Ljava/lang/String; _$1
.method com.runqian.base4.util.Base64 base64ToByteArray (Ljava/lang/String;Z)[B _$1
.method com.runqian.base4.util.Base64 base64toInt (C[B)I _$1
.class com.runqian.base4.util.Base64InputStream Base64InputStream
.field com.runqian.base4.util.Base64InputStream fromBase64 [I _$1
.field com.runqian.base4.util.Base64InputStream i I _$2
.field com.runqian.base4.util.Base64InputStream ch [I _$3
.class com.runqian.base4.util.Base64OutputStream Base64OutputStream
.field com.runqian.base4.util.Base64OutputStream toBase64 [C _$1
.field com.runqian.base4.util.Base64OutputStream col I _$2
.field com.runqian.base4.util.Base64OutputStream i I _$3
.field com.runqian.base4.util.Base64OutputStream inbuf [I _$4
.field com.runqian.base4.util.Base64OutputStream linefeed Z _$5
.class com.runqian.base4.util.ChineseComparator ChineseComparator
.field com.runqian.base4.util.ChineseComparator cc Ljava/util/Comparator; _$1
.field com.runqian.base4.util.ChineseComparator BUFFER_SIZE I _$2
.class com.runqian.base4.util.ConnectionConfig ConnectionConfig
.field com.runqian.base4.util.ConnectionConfig name Ljava/lang/String; _$1
.field com.runqian.base4.util.ConnectionConfig driver Ljava/lang/String; _$2
.field com.runqian.base4.util.ConnectionConfig url Ljava/lang/String; _$3
.field com.runqian.base4.util.ConnectionConfig userId Ljava/lang/String; _$4
.field com.runqian.base4.util.ConnectionConfig pwd Ljava/lang/String; _$5
.field com.runqian.base4.util.ConnectionConfig dbType Ljava/lang/String; _$6
.field com.runqian.base4.util.ConnectionConfig encode Ljava/lang/String; _$7
.field com.runqian.base4.util.ConnectionConfig sqlEncode Z _$8
.field com.runqian.base4.util.ConnectionConfig extendProperties Ljava/lang/String; _$9
.class com.runqian.base4.util.ConnectionConfigs ConnectionConfigs
.field com.runqian.base4.util.ConnectionConfigs cfgs [Lcom/runqian/base4/util/ConnectionConfig; _$1
.class com.runqian.base4.util.Console Console
.field com.runqian.base4.util.Console jta Ljavax/swing/JTextArea; _$1
.class com.runqian.base4.util.Console$ConsoleOutputStream llIlllIlIIlIlIlI
.field com.runqian.base4.util.Console$ConsoleOutputStream LF B _$1
.field com.runqian.base4.util.Console$ConsoleOutputStream baos Ljava/io/ByteArrayOutputStream; _$2
.field com.runqian.base4.util.Console$ConsoleOutputStream jta Ljavax/swing/JTextArea; _$3
.class com.runqian.base4.util.ReportError ReportError
.field com.runqian.base4.util.ReportError cell Ljava/lang/String; _$1
.field com.runqian.base4.util.ReportError errorMsg Ljava/lang/String; _$2
.field com.runqian.base4.util.ReportError cause Ljava/lang/Throwable; _$3
.class com.runqian.base4.util.CustomReportError CustomReportError
.class com.runqian.base4.util.DateFactory DateFactory
.field com.runqian.base4.util.DateFactory local Ljava/lang/ThreadLocal; _$1
.field com.runqian.base4.util.DateFactory calendar Ljava/util/Calendar; _$2
.field com.runqian.base4.util.DateFactory dateFormat Ljava/text/DateFormat; _$3
.field com.runqian.base4.util.DateFactory timeFormat Ljava/text/DateFormat; _$4
.field com.runqian.base4.util.DateFactory datetimeFormat Ljava/text/DateFormat; _$5
.method com.runqian.base4.util.DateFactory getCalendar ()Ljava/util/Calendar; _$1
.method com.runqian.base4.util.DateFactory getDataFormatdf ()Ljava/text/DateFormat; _$2
.method com.runqian.base4.util.DateFactory getDataFormattf ()Ljava/text/DateFormat; _$3
.method com.runqian.base4.util.DateFactory getDataFormatdtf ()Ljava/text/DateFormat; _$4
.class com.runqian.base4.util.DateTool DateTool
.field com.runqian.base4.util.DateTool df Ljava/text/DateFormat; _$1
.field com.runqian.base4.util.DateTool tf Ljava/text/DateFormat; _$2
.field com.runqian.base4.util.DateTool dtf Ljava/text/DateFormat; _$3
.class com.runqian.base4.util.DBTypes DBTypes
.class com.runqian.base4.util.DiGraph DiGraph
.field com.runqian.base4.util.DiGraph edges Ljava/util/Map; _$1
.method com.runqian.base4.util.DiGraph recDepthSort (Ljava/lang/Object;Ljava/util/Map;Lcom/runqian/base4/util/Stack;)V _$1
.class com.runqian.base4.util.Escape Escape
.class com.runqian.base4.util.GifImageEncoder llllIIlIIllIIlIl
.field com.runqian.base4.util.GifImageEncoder producer Ljava/awt/image/ImageProducer; _$1
.field com.runqian.base4.util.GifImageEncoder width I _$2
.field com.runqian.base4.util.GifImageEncoder height I _$3
.field com.runqian.base4.util.GifImageEncoder hintflags I _$4
.field com.runqian.base4.util.GifImageEncoder started Z _$5
.field com.runqian.base4.util.GifImageEncoder encoding Z _$6
.field com.runqian.base4.util.GifImageEncoder iox Ljava/io/IOException; _$7
.field com.runqian.base4.util.GifImageEncoder rgbModel Ljava/awt/image/ColorModel; _$8
.field com.runqian.base4.util.GifImageEncoder props Ljava/util/Hashtable; _$9
.method com.runqian.base4.util.GifImageEncoder encodeStart (II)V _$1
.method com.runqian.base4.util.GifImageEncoder encodePixels (IIII[III)V _$1
.method com.runqian.base4.util.GifImageEncoder encodeDone ()V _$1
.field com.runqian.base4.util.GifImageEncoder accumulate Z _$10
.field com.runqian.base4.util.GifImageEncoder accumulator [I _$11
.method com.runqian.base4.util.GifImageEncoder encodePixelsWrapper (IIII[III)V _$2
.method com.runqian.base4.util.GifImageEncoder encodeFinish ()V _$2
.method com.runqian.base4.util.GifImageEncoder stop ()V _$3
.class com.runqian.base4.util.GifEncoder GifEncoder
.field com.runqian.base4.util.GifEncoder interlace Z _$1
.field com.runqian.base4.util.GifEncoder transparentRGB I _$2
.field com.runqian.base4.util.GifEncoder width I _$3
.field com.runqian.base4.util.GifEncoder height I _$4
.field com.runqian.base4.util.GifEncoder rgbPixels [[I _$5
.method com.runqian.base4.util.GifEncoder encodeStart (II)V _$1
.method com.runqian.base4.util.GifEncoder encodePixels (IIII[III)V _$1
.field com.runqian.base4.util.GifEncoder colorHash Lcom/runqian/base4/util/IntHashtable; _$6
.method com.runqian.base4.util.GifEncoder encodeDone ()V _$1
.method com.runqian.base4.util.GifEncoder GetPixel (II)B _$2
.method com.runqian.base4.util.GifEncoder writeString (Ljava/io/OutputStream;Ljava/lang/String;)V _$1
.field com.runqian.base4.util.GifEncoder Width I _$7
.field com.runqian.base4.util.GifEncoder Height I _$8
.field com.runqian.base4.util.GifEncoder Interlace Z _$9
.field com.runqian.base4.util.GifEncoder curx I _$10
.field com.runqian.base4.util.GifEncoder cury I _$11
.field com.runqian.base4.util.GifEncoder CountDown I _$12
.field com.runqian.base4.util.GifEncoder Pass I _$13
.method com.runqian.base4.util.GifEncoder GIFEncode (Ljava/io/OutputStream;IIZBII[B[B[B)V _$1
.method com.runqian.base4.util.GifEncoder BumpPixel ()V _$4
.field com.runqian.base4.util.GifEncoder EOF I _$14
.method com.runqian.base4.util.GifEncoder GIFNextPixel ()I _$5
.method com.runqian.base4.util.GifEncoder Putword (ILjava/io/OutputStream;)V _$1
.method com.runqian.base4.util.GifEncoder Putbyte (BLjava/io/OutputStream;)V _$1
.field com.runqian.base4.util.GifEncoder BITS I _$15
.field com.runqian.base4.util.GifEncoder HSIZE I _$16
.field com.runqian.base4.util.GifEncoder n_bits I _$17
.field com.runqian.base4.util.GifEncoder maxbits I _$18
.field com.runqian.base4.util.GifEncoder maxcode I _$19
.field com.runqian.base4.util.GifEncoder maxmaxcode I _$20
.method com.runqian.base4.util.GifEncoder MAXCODE (I)I _$1
.field com.runqian.base4.util.GifEncoder htab [I _$21
.field com.runqian.base4.util.GifEncoder codetab [I _$22
.field com.runqian.base4.util.GifEncoder hsize I _$23
.field com.runqian.base4.util.GifEncoder free_ent I _$24
.field com.runqian.base4.util.GifEncoder clear_flg Z _$25
.field com.runqian.base4.util.GifEncoder g_init_bits I _$26
.field com.runqian.base4.util.GifEncoder ClearCode I _$27
.field com.runqian.base4.util.GifEncoder EOFCode I _$28
.method com.runqian.base4.util.GifEncoder compress (ILjava/io/OutputStream;)V _$2
.field com.runqian.base4.util.GifEncoder cur_accum I _$29
.field com.runqian.base4.util.GifEncoder cur_bits I _$30
.field com.runqian.base4.util.GifEncoder masks [I _$31
.method com.runqian.base4.util.GifEncoder output (ILjava/io/OutputStream;)V _$3
.method com.runqian.base4.util.GifEncoder cl_block (Ljava/io/OutputStream;)V _$1
.method com.runqian.base4.util.GifEncoder cl_hash (I)V _$2
.field com.runqian.base4.util.GifEncoder a_count I _$32
.method com.runqian.base4.util.GifEncoder char_init ()V _$6
.field com.runqian.base4.util.GifEncoder accum [B _$33
.method com.runqian.base4.util.GifEncoder char_out (BLjava/io/OutputStream;)V _$2
.method com.runqian.base4.util.GifEncoder flush_char (Ljava/io/OutputStream;)V _$2
.class com.runqian.base4.util.GifEncoderHashitem lIIlIlIIlllIlIll
.class com.runqian.base4.util.IntHashtable IllllIllllllIIII
.field com.runqian.base4.util.IntHashtable keys [I _$1
.field com.runqian.base4.util.IntHashtable objs [Ljava/lang/Object; _$2
.field com.runqian.base4.util.IntHashtable count I _$3
.method com.runqian.base4.util.IntHashtable checkIndex (I)V _$1
.class com.runqian.base4.util.IntHashtable$Enumerator Enumerator
.field com.runqian.base4.util.IntHashtable$Enumerator ih Lcom/runqian/base4/util/IntHashtable; _$1
.field com.runqian.base4.util.IntHashtable$Enumerator index I _$2
.class com.runqian.base4.util.IntHashtable$Iterator Iterator
.field com.runqian.base4.util.IntHashtable$Iterator ih Lcom/runqian/base4/util/IntHashtable; _$1
.field com.runqian.base4.util.IntHashtable$Iterator index I _$2
.class com.runqian.base4.util.IntHashtable$ValueEnumerator lIIIIlIIlIIlIIII
.field com.runqian.base4.util.IntHashtable$ValueEnumerator index I _$1
.class com.runqian.base4.util.IntHashtable$ValueIterator IlIllIIIIIIllIII
.field com.runqian.base4.util.IntHashtable$ValueIterator index I _$1
.class com.runqian.base4.util.ImageTransparencyFilter ImageTransparencyFilter
.field com.runqian.base4.util.ImageTransparencyFilter itf Lcom/runqian/base4/util/ImageTransparencyFilter; _$1
.class com.runqian.base4.util.ImageUtils ImageUtils
.field com.runqian.base4.util.ImageUtils JPG_QUALITY F _$1
.field com.runqian.base4.util.ImageUtils PNG_HSAMPLING I _$2
.field com.runqian.base4.util.ImageUtils PNG_VSAMPLING I _$3
.class com.runqian.base4.util.IniFile IniFile
.method com.runqian.base4.util.IniFile continueLine (Ljava/lang/String;)Z _$1
.method com.runqian.base4.util.IniFile loadConvert (Ljava/lang/String;)Ljava/lang/String; _$2
.field com.runqian.base4.util.IniFile ht Ljava/util/Map; _$1
.field com.runqian.base4.util.IniFile fileLen I _$2
.field com.runqian.base4.util.IniFile charset Ljava/lang/String; _$3
.field com.runqian.base4.util.IniFile file Ljava/io/File; _$4
.field com.runqian.base4.util.IniFile caseSensitive Z _$5
.method com.runqian.base4.util.IniFile toString (Z)Ljava/lang/String; _$1
.class com.runqian.base4.util.IntArrayList IntArrayList
.field com.runqian.base4.util.IntArrayList _data [I _$1
.field com.runqian.base4.util.IntArrayList _size I _$2
.method com.runqian.base4.util.IntArrayList checkRange (I)V _$1
.method com.runqian.base4.util.IntArrayList checkRangeIncludingEndpoint (I)V _$2
.class com.runqian.base4.util.IOUtils IOUtils
.class com.runqian.base4.util.LimitedStack LimitedStack
.field com.runqian.base4.util.LimitedStack maxSize I _$1
.field com.runqian.base4.util.LimitedStack stack Ljava/util/Vector; _$2
.class com.runqian.base4.util.Logger Logger
.field com.runqian.base4.util.Logger logger Lorg/apache/log4j/Logger; _$1
.class com.runqian.base4.util.LongArrayList LongArrayList
.field com.runqian.base4.util.LongArrayList _data [J _$1
.field com.runqian.base4.util.LongArrayList _size I _$2
.method com.runqian.base4.util.LongArrayList checkRange (I)V _$1
.method com.runqian.base4.util.LongArrayList checkRangeIncludingEndpoint (I)V _$2
.class com.runqian.base4.util.MacroResolver MacroResolver
.field com.runqian.base4.util.MacroResolver len I _$1
.field com.runqian.base4.util.MacroResolver idx I _$2
.field com.runqian.base4.util.MacroResolver str Ljava/lang/String; _$3
.field com.runqian.base4.util.MacroResolver token Ljava/lang/String; _$4
.field com.runqian.base4.util.MacroResolver newStr Ljava/lang/StringBuffer; _$5
.class com.runqian.base4.util.MD5 MD5
.field com.runqian.base4.util.MD5 S11 I _$1
.field com.runqian.base4.util.MD5 S12 I _$2
.field com.runqian.base4.util.MD5 S13 I _$3
.field com.runqian.base4.util.MD5 S14 I _$4
.field com.runqian.base4.util.MD5 S21 I _$5
.field com.runqian.base4.util.MD5 S22 I _$6
.field com.runqian.base4.util.MD5 S23 I _$7
.field com.runqian.base4.util.MD5 S24 I _$8
.field com.runqian.base4.util.MD5 S31 I _$9
.field com.runqian.base4.util.MD5 S32 I _$10
.field com.runqian.base4.util.MD5 S33 I _$11
.field com.runqian.base4.util.MD5 S34 I _$12
.field com.runqian.base4.util.MD5 S41 I _$13
.field com.runqian.base4.util.MD5 S42 I _$14
.field com.runqian.base4.util.MD5 S43 I _$15
.field com.runqian.base4.util.MD5 S44 I _$16
.field com.runqian.base4.util.MD5 PADDING [B _$17
.field com.runqian.base4.util.MD5 state [J _$18
.field com.runqian.base4.util.MD5 count [J _$19
.field com.runqian.base4.util.MD5 buffer [B _$20
.method com.runqian.base4.util.MD5 F (JJJ)J _$1
.method com.runqian.base4.util.MD5 G (JJJ)J _$2
.method com.runqian.base4.util.MD5 H (JJJ)J _$3
.method com.runqian.base4.util.MD5 I (JJJ)J _$4
.method com.runqian.base4.util.MD5 FF (JJJJJJJ)J _$1
.method com.runqian.base4.util.MD5 GG (JJJJJJJ)J _$2
.method com.runqian.base4.util.MD5 HH (JJJJJJJ)J _$3
.method com.runqian.base4.util.MD5 II (JJJJJJJ)J _$4
.method com.runqian.base4.util.MD5 md5Memcpy ([B[BIII)V _$1
.method com.runqian.base4.util.MD5 md5Transform ([B)V _$1
.method com.runqian.base4.util.MD5 Encode ([B[JI)V _$1
.method com.runqian.base4.util.MD5 Decode ([J[BI)V _$1
.class com.runqian.base4.util.MyURLEncoder MyURLEncoder
.field com.runqian.base4.util.MyURLEncoder dontNeedEncoding Ljava/util/BitSet; _$1
.field com.runqian.base4.util.MyURLEncoder caseDiff I _$2
.field com.runqian.base4.util.MyURLEncoder dfltEncName Ljava/lang/String; _$3
.class com.runqian.base4.util.Native2Ascii Native2Ascii
.field com.runqian.base4.util.Native2Ascii specialSaveChars Ljava/lang/String; _$1
.method com.runqian.base4.util.Native2Ascii toHex (I)C _$1
.field com.runqian.base4.util.Native2Ascii hexDigit [C _$2
.class com.runqian.base4.util.NStringMap NStringMap
.field com.runqian.base4.util.NStringMap DEFAULT_INITIAL_CAPACITY I _$1
.field com.runqian.base4.util.NStringMap MAXIMUM_CAPACITY I _$2
.field com.runqian.base4.util.NStringMap DEFAULT_LOAD_FACTOR F _$3
.field com.runqian.base4.util.NStringMap table [Lcom/runqian/base4/util/NStringMap$Entry; _$4
.field com.runqian.base4.util.NStringMap size I _$5
.field com.runqian.base4.util.NStringMap threshold I _$6
.field com.runqian.base4.util.NStringMap loadFactor F _$7
.field com.runqian.base4.util.NStringMap modCount I _$8
.field com.runqian.base4.util.NStringMap NULL_KEY Ljava/lang/String; _$9
.method com.runqian.base4.util.NStringMap maskNull (Ljava/lang/Object;)Ljava/lang/String; _$1
.method com.runqian.base4.util.NStringMap unmaskNull (Ljava/lang/Object;)Ljava/lang/Object; _$2
.method com.runqian.base4.util.NStringMap hash (Ljava/lang/String;)I _$1
.method com.runqian.base4.util.NStringMap eq (Ljava/lang/Object;Ljava/lang/Object;)Z _$1
.method com.runqian.base4.util.NStringMap indexFor (II)I _$1
.method com.runqian.base4.util.NStringMap getEntry (Ljava/lang/Object;)Lcom/runqian/base4/util/NStringMap$Entry; _$3
.method com.runqian.base4.util.NStringMap putForCreate (Ljava/lang/Object;Ljava/lang/Object;)V _$2
.method com.runqian.base4.util.NStringMap putAllForCreate (Ljava/util/Map;)V _$1
.method com.runqian.base4.util.NStringMap resize (I)V _$1
.method com.runqian.base4.util.NStringMap transfer ([Lcom/runqian/base4/util/NStringMap$Entry;)V _$1
.method com.runqian.base4.util.NStringMap removeEntryForKey (Ljava/lang/Object;)Lcom/runqian/base4/util/NStringMap$Entry; _$4
.method com.runqian.base4.util.NStringMap removeMapping (Ljava/lang/Object;)Lcom/runqian/base4/util/NStringMap$Entry; _$5
.method com.runqian.base4.util.NStringMap addEntry (ILjava/lang/Object;Ljava/lang/Object;I)V _$1
.method com.runqian.base4.util.NStringMap createEntry (ILjava/lang/Object;Ljava/lang/Object;I)V _$2
.method com.runqian.base4.util.NStringMap newKeyIterator ()Ljava/util/Iterator; _$1
.method com.runqian.base4.util.NStringMap newValueIterator ()Ljava/util/Iterator; _$2
.method com.runqian.base4.util.NStringMap newEntryIterator ()Ljava/util/Iterator; _$3
.field com.runqian.base4.util.NStringMap entrySet Ljava/util/Set; _$10
.field com.runqian.base4.util.NStringMap keySet Ljava/util/Set; _$11
.field com.runqian.base4.util.NStringMap values Ljava/util/Collection; _$12
.method com.runqian.base4.util.NStringMap capacity ()I _$4
.method com.runqian.base4.util.NStringMap loadFactor ()F _$5
.class com.runqian.base4.util.NStringMap$Entry lIlIIIllIIllIlll
.field com.runqian.base4.util.NStringMap$Entry key Ljava/lang/Object; _$1
.field com.runqian.base4.util.NStringMap$Entry value Ljava/lang/Object; _$2
.field com.runqian.base4.util.NStringMap$Entry hash I _$3
.field com.runqian.base4.util.NStringMap$Entry next Lcom/runqian/base4/util/NStringMap$Entry; _$4
.class com.runqian.base4.util.NStringMap$HashIterator IIlIIlIIIlllIllI
.field com.runqian.base4.util.NStringMap$HashIterator next Lcom/runqian/base4/util/NStringMap$Entry; _$1
.field com.runqian.base4.util.NStringMap$HashIterator expectedModCount I _$2
.field com.runqian.base4.util.NStringMap$HashIterator index I _$3
.field com.runqian.base4.util.NStringMap$HashIterator current Lcom/runqian/base4/util/NStringMap$Entry; _$4
.method com.runqian.base4.util.NStringMap$HashIterator nextEntry ()Lcom/runqian/base4/util/NStringMap$Entry; _$1
.class com.runqian.base4.util.NStringMap$ValueIterator IIllllIIIIIlllIl
.class com.runqian.base4.util.NStringMap$KeyIterator IIIlIIllIlIIllII
.class com.runqian.base4.util.NStringMap$EntryIterator lIIlIlIIllIlllIl
.class com.runqian.base4.util.NStringMap$KeySet IlIIIIlIIlIlllIl
.class com.runqian.base4.util.NStringMap$Values IIlIIlIlIIIIllIl
.class com.runqian.base4.util.NStringMap$EntrySet IlIlllIllIIIllll
.class com.runqian.base4.util.ObjectCache ObjectCache
.field com.runqian.base4.util.ObjectCache chars [Ljava/lang/Character; _$1
.field com.runqian.base4.util.ObjectCache bytes [Ljava/lang/Byte; _$2
.field com.runqian.base4.util.ObjectCache shorts [Ljava/lang/Short; _$3
.field com.runqian.base4.util.ObjectCache integers [Ljava/lang/Integer; _$4
.field com.runqian.base4.util.ObjectCache longs [Ljava/lang/Long; _$5
.field com.runqian.base4.util.ObjectCache numberFormat Ljava/lang/Class; _$6
.class com.runqian.base4.util.PngEncoder PngEncoder
.class com.runqian.base4.util.PrinterCodeManager PrinterCodeManager
.field com.runqian.base4.util.PrinterCodeManager pcMap Ljava/lang/ref/SoftReference; _$1
.method com.runqian.base4.util.PrinterCodeManager checkPcMap ()Lcom/runqian/base4/util/IniFile; _$1
.class com.runqian.base4.util.PwdUtils PwdUtils
.class com.runqian.base4.util.Queue Queue
.field com.runqian.base4.util.Queue BLOCKSIZE I _$1
.field com.runqian.base4.util.Queue count I _$2
.field com.runqian.base4.util.Queue index1 I _$3
.field com.runqian.base4.util.Queue index2 I _$4
.field com.runqian.base4.util.Queue head Lcom/runqian/base4/util/Queue$DataBlock; _$5
.field com.runqian.base4.util.Queue free Lcom/runqian/base4/util/Queue$DataBlock; _$6
.class com.runqian.base4.util.Queue$DataBlock IIlIIIlIlIllllII
.field com.runqian.base4.util.Queue$DataBlock data [Ljava/lang/Object; _$1
.field com.runqian.base4.util.Queue$DataBlock prev Lcom/runqian/base4/util/Queue$DataBlock; _$2
.field com.runqian.base4.util.Queue$DataBlock next Lcom/runqian/base4/util/Queue$DataBlock; _$3
.class com.runqian.base4.util.ReadJavaScriptServlet ReadJavaScriptServlet
.class com.runqian.base4.util.ReferenceMap ReferenceMap
.field com.runqian.base4.util.ReferenceMap keyType I _$1
.field com.runqian.base4.util.ReferenceMap valueType I _$2
.field com.runqian.base4.util.ReferenceMap loadFactor F _$3
.field com.runqian.base4.util.ReferenceMap queue Ljava/lang/ref/ReferenceQueue; _$4
.field com.runqian.base4.util.ReferenceMap table [Lcom/runqian/base4/util/ReferenceMap$Entry; _$5
.field com.runqian.base4.util.ReferenceMap size I _$6
.field com.runqian.base4.util.ReferenceMap threshold I _$7
.field com.runqian.base4.util.ReferenceMap modCount I _$8
.field com.runqian.base4.util.ReferenceMap keySet Ljava/util/Set; _$9
.field com.runqian.base4.util.ReferenceMap entrySet Ljava/util/Set; _$10
.field com.runqian.base4.util.ReferenceMap values Ljava/util/Collection; _$11
.method com.runqian.base4.util.ReferenceMap verify (Ljava/lang/String;I)V _$1
.method com.runqian.base4.util.ReferenceMap toReference (ILjava/lang/Object;I)Ljava/lang/Object; _$1
.method com.runqian.base4.util.ReferenceMap getEntry (Ljava/lang/Object;)Lcom/runqian/base4/util/ReferenceMap$Entry; _$1
.method com.runqian.base4.util.ReferenceMap indexFor (I)I _$1
.method com.runqian.base4.util.ReferenceMap resize ()V _$1
.method com.runqian.base4.util.ReferenceMap purge ()V _$2
.method com.runqian.base4.util.ReferenceMap purge (Ljava/lang/ref/Reference;)V _$1
.class com.runqian.base4.util.ReferenceMap$Entry IlIIlIlllIIIIIll
.field com.runqian.base4.util.ReferenceMap$Entry key Ljava/lang/Object; _$1
.field com.runqian.base4.util.ReferenceMap$Entry value Ljava/lang/Object; _$2
.field com.runqian.base4.util.ReferenceMap$Entry hash I _$3
.field com.runqian.base4.util.ReferenceMap$Entry next Lcom/runqian/base4/util/ReferenceMap$Entry; _$4
.method com.runqian.base4.util.ReferenceMap$Entry purge (Ljava/lang/ref/Reference;)Z _$1
.class com.runqian.base4.util.ReferenceMap$EntryIterator lIIlIlllIllllIII
.field com.runqian.base4.util.ReferenceMap$EntryIterator index I _$1
.field com.runqian.base4.util.ReferenceMap$EntryIterator entry Lcom/runqian/base4/util/ReferenceMap$Entry; _$2
.field com.runqian.base4.util.ReferenceMap$EntryIterator previous Lcom/runqian/base4/util/ReferenceMap$Entry; _$3
.field com.runqian.base4.util.ReferenceMap$EntryIterator nextKey Ljava/lang/Object; _$4
.field com.runqian.base4.util.ReferenceMap$EntryIterator nextValue Ljava/lang/Object; _$5
.field com.runqian.base4.util.ReferenceMap$EntryIterator currentKey Ljava/lang/Object; _$6
.field com.runqian.base4.util.ReferenceMap$EntryIterator currentValue Ljava/lang/Object; _$7
.field com.runqian.base4.util.ReferenceMap$EntryIterator expectedModCount I _$8
.method com.runqian.base4.util.ReferenceMap$EntryIterator checkMod ()V _$1
.method com.runqian.base4.util.ReferenceMap$EntryIterator nextNull ()Z _$2
.class com.runqian.base4.util.ReferenceMap$ValueIterator IIlIIllllllIIlII
.class com.runqian.base4.util.ReferenceMap$KeyIterator IlllIIlIllIIllIl
.class com.runqian.base4.util.ReferenceMap$SoftRef IllIlIllIIlIllII
.field com.runqian.base4.util.ReferenceMap$SoftRef hash I _$1
.class com.runqian.base4.util.ReferenceMap$WeakRef IlIlIIIIlIIIIlIl
.field com.runqian.base4.util.ReferenceMap$WeakRef hash I _$1
.class com.runqian.base4.util.ReferenceMap$DefaultMapEntry llIIIIlIllIllIIl
.field com.runqian.base4.util.ReferenceMap$DefaultMapEntry key Ljava/lang/Object; _$1
.field com.runqian.base4.util.ReferenceMap$DefaultMapEntry value Ljava/lang/Object; _$2
.class com.runqian.base4.util.RSA RSA
.field com.runqian.base4.util.RSA forEncryption Z _$1
.field com.runqian.base4.util.RSA modulus Ljava/math/BigInteger; _$2
.field com.runqian.base4.util.RSA exponent Ljava/math/BigInteger; _$3
.field com.runqian.base4.util.RSA inputBlockSize I _$4
.field com.runqian.base4.util.RSA outputBlockSize I _$5
.method com.runqian.base4.util.RSA p1 ([B)[B _$1
.method com.runqian.base4.util.RSA p2 ([B)[B _$2
.method com.runqian.base4.util.RSA processBlock ([BII)[B _$1
.class com.runqian.base4.util.SegmentSet SegmentSet
.method com.runqian.base4.util.SegmentSet checkKey (Ljava/lang/String;)Ljava/lang/String; _$1
.method com.runqian.base4.util.SegmentSet checkValue (Ljava/lang/String;)Ljava/lang/String; _$2
.method com.runqian.base4.util.SegmentSet parseSegmentSet (Ljava/lang/String;)V _$3
.field com.runqian.base4.util.SegmentSet segs Ljava/util/HashMap; _$1
.field com.runqian.base4.util.SegmentSet delim C _$2
.field com.runqian.base4.util.SegmentSet caseSensitive Z _$3
.field com.runqian.base4.util.SegmentSet trimBlank Z _$4
.class com.runqian.base4.util.Sentence Sentence
.field com.runqian.base4.util.Sentence LOG Z _$1
.field com.runqian.base4.util.Sentence str Ljava/lang/String; _$2
.field com.runqian.base4.util.Sentence escapeChar C _$3
.class com.runqian.base4.util.ShortMap ShortMap
.field com.runqian.base4.util.ShortMap keys [S _$1
.field com.runqian.base4.util.ShortMap objs [Ljava/lang/Object; _$2
.field com.runqian.base4.util.ShortMap count S _$3
.method com.runqian.base4.util.ShortMap checkIndex (I)V _$1
.class com.runqian.base4.util.SQLParser SQLParser
.field com.runqian.base4.util.SQLParser type I _$1
.field com.runqian.base4.util.SQLParser sql Ljava/lang/String; _$2
.field com.runqian.base4.util.SQLParser selectKeys [Ljava/lang/String; _$3
.field com.runqian.base4.util.SQLParser insertKeys [Ljava/lang/String; _$4
.field com.runqian.base4.util.SQLParser deleteKeys [Ljava/lang/String; _$5
.field com.runqian.base4.util.SQLParser updateKeys [Ljava/lang/String; _$6
.method com.runqian.base4.util.SQLParser getClause (Ljava/lang/String;I[Ljava/lang/String;)Ljava/lang/String; _$1
.method com.runqian.base4.util.SQLParser modify (Ljava/lang/String;ILjava/lang/String;[Ljava/lang/String;)Ljava/lang/String; _$1
.method com.runqian.base4.util.SQLParser mergeWhere (Ljava/lang/String;Ljava/lang/String;[Ljava/lang/String;)Ljava/lang/String; _$1
.class com.runqian.base4.util.SQLTool SQLTool
.class com.runqian.base4.util.Stack Stack
.field com.runqian.base4.util.Stack BLOCKSIZE I _$1
.field com.runqian.base4.util.Stack count I _$2
.field com.runqian.base4.util.Stack top I _$3
.field com.runqian.base4.util.Stack head Lcom/runqian/base4/util/Stack$DataBlock; _$4
.field com.runqian.base4.util.Stack free Lcom/runqian/base4/util/Stack$DataBlock; _$5
.class com.runqian.base4.util.Stack$DataBlock IlIIllIllIllIIII
.field com.runqian.base4.util.Stack$DataBlock data [Ljava/lang/Object; _$1
.field com.runqian.base4.util.Stack$DataBlock next Lcom/runqian/base4/util/Stack$DataBlock; _$2
.class com.runqian.base4.util.StringUtils StringUtils
.field com.runqian.base4.util.StringUtils hexDigits [C _$1
.method com.runqian.base4.util.StringUtils rightTrim (Ljava/lang/String;)Ljava/lang/String; _$1
.method com.runqian.base4.util.StringUtils scatter (Ljava/util/ArrayList;Ljava/awt/FontMetrics;F)V _$1
.method com.runqian.base4.util.StringUtils fitw (Ljava/util/ArrayList;Ljava/awt/FontMetrics;F)V _$2
.method com.runqian.base4.util.StringUtils cutLine (Ljava/lang/String;CZ)I _$1
.method com.runqian.base4.util.StringUtils seekCanBeFoot (Ljava/lang/String;I)I _$1
.method com.runqian.base4.util.StringUtils canBeFoot (C)Z _$1
.method com.runqian.base4.util.StringUtils canBeHead (C)Z _$2
.method com.runqian.base4.util.StringUtils isEnglishChar (C)Z _$3
.field com.runqian.base4.util.StringUtils c1Digit [C _$2
.field com.runqian.base4.util.StringUtils c2Digit [C _$3
.field com.runqian.base4.util.StringUtils c1Unit [C _$4
.field com.runqian.base4.util.StringUtils c2Unit [C _$5
.field com.runqian.base4.util.StringUtils chinaUnit [Ljava/lang/String; _$6
.method com.runqian.base4.util.StringUtils toRMB2 (J[C[C)Ljava/lang/StringBuffer; _$1
.method com.runqian.base4.util.StringUtils matches (Ljava/lang/String;ILjava/lang/String;IZ)Z _$1
.field com.runqian.base4.util.StringUtils provinces [Ljava/lang/String; _$7
.field com.runqian.base4.util.StringUtils wi [I _$8
.field com.runqian.base4.util.StringUtils codes [C _$9
.field com.runqian.base4.util.StringUtils excelLabels [Ljava/lang/String; _$10
.method com.runqian.base4.util.StringUtils toExcel (I)Ljava/lang/String; _$1
.class com.runqian.base4.util.Upload Upload
.field com.runqian.base4.util.Upload mySmartUpload Lcom/runqian/base4/util/upload/SmartUpload; _$1
.field com.runqian.base4.util.Upload myrequest Lcom/runqian/base4/util/upload/Request; _$2
.class com.runqian.base4.util.DateFactory$1 IIlIIllllIIllllI
.class com.runqian.base4.util.ReferenceMap$1 llllllIIIlllIIlI
.class com.runqian.base4.util.ReferenceMap$2 IlllllIIIlllIIlI
.class com.runqian.base4.util.ReferenceMap$3 lIllllIIIlllIIlI
.class com.runqian.base4.util.DateFactory$2 lllIIllllIIllllI
.class com.runqian.base4.util.Queue$1 llllIIllllllIllI
.class com.runqian.base4.util.Stack$1 IIIIlIIIIIIIlIIl
