.class com.runqian.report4.ide.base.BorderComboBox BorderComboBox
.class com.runqian.report4.ide.base.BorderComboBoxEditor llIlllllIIIllIIl
.field com.runqian.report4.ide.base.BorderComboBoxEditor parentContainer Ljavax/swing/JComboBox; _$1
.field com.runqian.report4.ide.base.BorderComboBoxEditor editorLabel Ljavax/swing/JLabel; _$2
.field com.runqian.report4.ide.base.BorderComboBoxEditor item Ljava/lang/Object; _$3
.field com.runqian.report4.ide.base.BorderComboBoxEditor lowerBorder Ljavax/swing/border/Border; _$4
.field com.runqian.report4.ide.base.BorderComboBoxEditor etchedBorder Ljavax/swing/border/Border; _$5
.class com.runqian.report4.ide.base.BorderRender llIlIllIIIIIllII
.class com.runqian.report4.ide.base.BorderDefine BorderDefine
.field com.runqian.report4.ide.base.BorderDefine style B _$1
.field com.runqian.report4.ide.base.BorderDefine color I _$2
.field com.runqian.report4.ide.base.BorderDefine width F _$3
.field com.runqian.report4.ide.base.BorderDefine inputStyle B _$4
.class com.runqian.report4.ide.base.CellRect CellRect
.field com.runqian.report4.ide.base.CellRect area Lcom/runqian/report4/usermodel/Area; _$1
.field com.runqian.report4.ide.base.CellRect setTop Z _$2
.field com.runqian.report4.ide.base.CellRect setBottom Z _$3
.field com.runqian.report4.ide.base.CellRect setLeft Z _$4
.field com.runqian.report4.ide.base.CellRect setRight Z _$5
.method com.runqian.report4.ide.base.CellRect getCellPosition (B)Lcom/runqian/report4/control/CellPosition; _$1
.field com.runqian.report4.ide.base.CellRect LEFT_TOP B _$6
.field com.runqian.report4.ide.base.CellRect LEFT_BOTTOM B _$7
.field com.runqian.report4.ide.base.CellRect RIGHT_TOP B _$8
.field com.runqian.report4.ide.base.CellRect RIGHT_BOTTOM B _$9
.class com.runqian.report4.ide.base.CellSelection CellSelection
.class com.runqian.report4.ide.base.CellStylePack CellStylePack
.field com.runqian.report4.ide.base.CellStylePack name Ljava/lang/String; _$1
.class com.runqian.report4.ide.base.ConditionParamConfig ConditionParamConfig
.field com.runqian.report4.ide.base.ConditionParamConfig vConfig Lcom/runqian/report4/usermodel/ViewDataSetConfig; _$1
.field com.runqian.report4.ide.base.ConditionParamConfig values Ljava/util/HashMap; _$2
.field com.runqian.report4.ide.base.ConditionParamConfig isSortable Z _$3
.class com.runqian.report4.ide.base.ConfigOptions ConfigOptions
.field com.runqian.report4.ide.base.ConfigOptions sTemplateDirectory Ljava/lang/String; _$1
.field com.runqian.report4.ide.base.ConfigOptions cf Lcom/runqian/base4/tool/ConfigFile; _$2
.field com.runqian.report4.ide.base.ConfigOptions options Ljava/util/HashMap; _$3
.method com.runqian.report4.ide.base.ConfigOptions putOptions ()V _$1
.method com.runqian.report4.ide.base.ConfigOptions loadOption (Ljava/lang/String;)V _$1
.class com.runqian.report4.ide.base.CSSComboBox CSSComboBox
.class com.runqian.report4.ide.base.CSSItem IllIllIIllIIIIIl
.class com.runqian.report4.ide.base.CSSComboBoxEditor IlIlllIIlllIIlIl
.field com.runqian.report4.ide.base.CSSComboBoxEditor parentContainer Ljavax/swing/JComboBox; _$1
.field com.runqian.report4.ide.base.CSSComboBoxEditor textLabel Ljavax/swing/JLabel; _$2
.field com.runqian.report4.ide.base.CSSComboBoxEditor nc Lcom/runqian/report4/usermodel/INormalCell; _$3
.field com.runqian.report4.ide.base.CSSComboBoxEditor item Ljava/lang/Object; _$4
.field com.runqian.report4.ide.base.CSSComboBoxEditor lowerBorder Ljavax/swing/border/Border; _$5
.field com.runqian.report4.ide.base.CSSComboBoxEditor etchedBorder Ljavax/swing/border/Border; _$6
.class com.runqian.report4.ide.base.CSSRender IllllllIIIIlIlll
.field com.runqian.report4.ide.base.CSSRender nc Lcom/runqian/report4/usermodel/INormalCell; _$1
.class com.runqian.report4.ide.base.CustomConfig CustomConfig
.field com.runqian.report4.ide.base.CustomConfig name Ljava/lang/String; _$1
.field com.runqian.report4.ide.base.CustomConfig className Ljava/lang/String; _$2
.field com.runqian.report4.ide.base.CustomConfig dialogName Ljava/lang/String; _$3
.class com.runqian.report4.ide.base.CustomGraphConfig CustomGraphConfig
.field com.runqian.report4.ide.base.CustomGraphConfig name Ljava/lang/String; _$1
.field com.runqian.report4.ide.base.CustomGraphConfig className Ljava/lang/String; _$2
.field com.runqian.report4.ide.base.CustomGraphConfig dialogName Ljava/lang/String; _$3
.class com.runqian.report4.ide.base.DataSetType DataSetType
.field com.runqian.report4.ide.base.DataSetType displayName Ljava/lang/String; _$1
.field com.runqian.report4.ide.base.DataSetType configClassName Ljava/lang/String; _$2
.field com.runqian.report4.ide.base.DataSetType dialogClassName Ljava/lang/String; _$3
.field com.runqian.report4.ide.base.DataSetType KEY_TYPENAME Ljava/lang/String; _$4
.field com.runqian.report4.ide.base.DataSetType KEY_CONFIGCLASS Ljava/lang/String; _$5
.field com.runqian.report4.ide.base.DataSetType KEY_DIALOGCLASS Ljava/lang/String; _$6
.class com.runqian.report4.ide.base.DataSetTypes DataSetTypes
.field com.runqian.report4.ide.base.DataSetTypes types Ljava/util/Vector; _$1
.method com.runqian.report4.ide.base.DataSetTypes load ()V _$1
.method com.runqian.report4.ide.base.DataSetTypes list (B)Ljava/util/Vector; _$1
.field com.runqian.report4.ide.base.DataSetTypes DISPNAME B _$2
.field com.runqian.report4.ide.base.DataSetTypes CONFIGCLASSNAME B _$3
.field com.runqian.report4.ide.base.DataSetTypes DIALOGCLASSNAME B _$4
.class com.runqian.report4.ide.base.DataSource DataSource
.method com.runqian.report4.ide.base.DataSource connectDB (Z)Ljava/sql/Connection; _$1
.field com.runqian.report4.ide.base.DataSource rqc Lcom/runqian/report4/ide/base/RQConnection; _$1
.method com.runqian.report4.ide.base.DataSource getARQConnect (Z)Lcom/runqian/report4/ide/base/RQConnection; _$2
.field com.runqian.report4.ide.base.DataSource fromType B _$2
.class com.runqian.report4.ide.base.DataSourceList DataSourceList
.class com.runqian.report4.ide.base.DataSourceRenderer IIlIIIlIIlllIlIl
.class com.runqian.report4.ide.base.DataSourceListModel DataSourceListModel
.class com.runqian.report4.ide.base.DBFuncManager DBFuncManager
.field com.runqian.report4.ide.base.DBFuncManager TYPE_NUMERIC Ljava/lang/String; _$1
.field com.runqian.report4.ide.base.DBFuncManager TYPE_STRING Ljava/lang/String; _$2
.field com.runqian.report4.ide.base.DBFuncManager TYPE_SYSTEM Ljava/lang/String; _$3
.field com.runqian.report4.ide.base.DBFuncManager TYPE_TIMEDATE Ljava/lang/String; _$4
.field com.runqian.report4.ide.base.DBFuncManager numFuncs Ljava/util/Vector; _$5
.field com.runqian.report4.ide.base.DBFuncManager strFuncs Ljava/util/Vector; _$6
.field com.runqian.report4.ide.base.DBFuncManager sysFuncs Ljava/util/Vector; _$7
.field com.runqian.report4.ide.base.DBFuncManager tdFuncs Ljava/util/Vector; _$8
.field com.runqian.report4.ide.base.DBFuncManager dbFuncs Ljava/util/Vector; _$9
.method com.runqian.report4.ide.base.DBFuncManager addBracket ([Ljava/lang/String;)Ljava/util/Vector; _$1
.method com.runqian.report4.ide.base.DBFuncManager list2StringArray (Ljava/util/Vector;)[Ljava/lang/String; _$1
.class com.runqian.report4.ide.base.DBTypeEx DBTypeEx
.field com.runqian.report4.ide.base.DBTypeEx DEMO Ljava/lang/String; _$1
.method com.runqian.report4.ide.base.DBTypeEx getFixedDriver (I)[Ljava/lang/String; _$1
.method com.runqian.report4.ide.base.DBTypeEx getFixedURL (I)[Ljava/lang/String; _$2
.class com.runqian.report4.ide.base.DelayConnectThread DelayConnectThread
.field com.runqian.report4.ide.base.DelayConnectThread ds Lcom/runqian/report4/ide/base/DataSource; _$1
.class com.runqian.report4.ide.base.EachRowEditor EachRowEditor
.field com.runqian.report4.ide.base.EachRowEditor currentRow I _$1
.field com.runqian.report4.ide.base.EachRowEditor table Lcom/runqian/base4/swing/JTableEx; _$2
.field com.runqian.report4.ide.base.EachRowEditor editor Ljavax/swing/table/TableCellEditor; _$3
.field com.runqian.report4.ide.base.EachRowEditor defaultEditor Ljavax/swing/table/TableCellEditor; _$4
.field com.runqian.report4.ide.base.EachRowEditor checkEditor Ljavax/swing/DefaultCellEditor; _$5
.field com.runqian.report4.ide.base.EachRowEditor colorEditor Ljavax/swing/DefaultCellEditor; _$6
.field com.runqian.report4.ide.base.EachRowEditor byteEditor Ljavax/swing/DefaultCellEditor; _$7
.field com.runqian.report4.ide.base.EachRowEditor floatEditor Ljavax/swing/DefaultCellEditor; _$8
.field com.runqian.report4.ide.base.EachRowEditor rowType Ljavax/swing/DefaultCellEditor; _$9
.field com.runqian.report4.ide.base.EachRowEditor colType Ljavax/swing/DefaultCellEditor; _$10
.field com.runqian.report4.ide.base.EachRowEditor dataType Ljavax/swing/DefaultCellEditor; _$11
.field com.runqian.report4.ide.base.EachRowEditor hAlign Ljavax/swing/DefaultCellEditor; _$12
.field com.runqian.report4.ide.base.EachRowEditor vAlign Ljavax/swing/DefaultCellEditor; _$13
.field com.runqian.report4.ide.base.EachRowEditor extend Ljavax/swing/DefaultCellEditor; _$14
.field com.runqian.report4.ide.base.EachRowEditor toExcel Ljavax/swing/DefaultCellEditor; _$15
.field com.runqian.report4.ide.base.EachRowEditor adjust Ljavax/swing/DefaultCellEditor; _$16
.field com.runqian.report4.ide.base.EachRowEditor fontSize Lcom/runqian/base4/swing/JComboBoxExEditor; _$17
.field com.runqian.report4.ide.base.EachRowEditor fontName Lcom/runqian/base4/swing/JComboBoxExEditor; _$18
.field com.runqian.report4.ide.base.EachRowEditor cellStyle Lcom/runqian/base4/swing/JComboBoxExEditor; _$19
.method com.runqian.report4.ide.base.EachRowEditor getComboEditor (Lcom/runqian/report4/ide/base/IProperty;B)Lcom/runqian/base4/swing/JComboBoxExEditor; _$1
.method com.runqian.report4.ide.base.EachRowEditor getComboEditor (Lcom/runqian/base4/swing/JComboBoxEx;)Lcom/runqian/base4/swing/JComboBoxExEditor; _$1
.class com.runqian.report4.ide.base.ColorEditor IlIlIlIIllIlIIII
.field com.runqian.report4.ide.base.ColorEditor thisEditor Lcom/runqian/base4/swing/ColorComboBox; _$1
.class com.runqian.report4.ide.base.EachRowRenderer EachRowRenderer
.field com.runqian.report4.ide.base.EachRowRenderer defaultRenderer Ljavax/swing/table/TableCellRenderer; _$1
.field com.runqian.report4.ide.base.EachRowRenderer sortRender Ljavax/swing/table/DefaultTableCellRenderer; _$2
.field com.runqian.report4.ide.base.EachRowRenderer renderer Ljavax/swing/table/TableCellRenderer; _$3
.field com.runqian.report4.ide.base.EachRowRenderer checkBoxRenderer Lcom/runqian/base4/swing/CheckBoxRenderer; _$4
.field com.runqian.report4.ide.base.EachRowRenderer colorRenderer Lcom/runqian/base4/swing/ColorCellRenderer; _$5
.field com.runqian.report4.ide.base.EachRowRenderer rowType Lcom/runqian/base4/swing/JComboBoxExRenderer; _$6
.field com.runqian.report4.ide.base.EachRowRenderer colType Lcom/runqian/base4/swing/JComboBoxExRenderer; _$7
.field com.runqian.report4.ide.base.EachRowRenderer dataType Lcom/runqian/base4/swing/JComboBoxExRenderer; _$8
.field com.runqian.report4.ide.base.EachRowRenderer hAlign Lcom/runqian/base4/swing/JComboBoxExRenderer; _$9
.field com.runqian.report4.ide.base.EachRowRenderer vAlign Lcom/runqian/base4/swing/JComboBoxExRenderer; _$10
.field com.runqian.report4.ide.base.EachRowRenderer extend Lcom/runqian/base4/swing/JComboBoxExRenderer; _$11
.field com.runqian.report4.ide.base.EachRowRenderer toExcel Lcom/runqian/base4/swing/JComboBoxExRenderer; _$12
.field com.runqian.report4.ide.base.EachRowRenderer adjust Lcom/runqian/base4/swing/JComboBoxExRenderer; _$13
.method com.runqian.report4.ide.base.EachRowRenderer getComboRenderer (Lcom/runqian/report4/ide/base/IProperty;B)Lcom/runqian/base4/swing/JComboBoxExRenderer; _$1
.class com.runqian.report4.ide.base.EditServletConfig EditServletConfig
.field com.runqian.report4.ide.base.EditServletConfig servlets Ljava/util/ArrayList; _$1
.class com.runqian.report4.ide.base.EditServletConfig$Servlet Servlet
.field com.runqian.report4.ide.base.EditServletConfig$Servlet args Ljava/util/ArrayList; _$1
.class com.runqian.report4.ide.base.EditServletConfig$Arg Arg
.class com.runqian.report4.ide.base.FuncInfo FuncInfo
.field com.runqian.report4.ide.base.FuncInfo func Ljava/lang/String; _$1
.field com.runqian.report4.ide.base.FuncInfo type Ljava/lang/String; _$2
.field com.runqian.report4.ide.base.FuncInfo desc Ljava/lang/String; _$3
.class com.runqian.report4.ide.base.FuncManager FuncManager
.field com.runqian.report4.ide.base.FuncManager fileName Ljava/lang/String; _$1
.field com.runqian.report4.ide.base.FuncManager fm Lcom/runqian/report4/ide/base/FuncManager; _$2
.field com.runqian.report4.ide.base.FuncManager funcList Ljava/util/ArrayList; _$3
.field com.runqian.report4.ide.base.FuncManager dbFuncs Ljava/util/HashMap; _$4
.field com.runqian.report4.ide.base.FuncManager ROOT Ljava/lang/String; _$5
.field com.runqian.report4.ide.base.FuncManager NORMAL Ljava/lang/String; _$6
.field com.runqian.report4.ide.base.FuncManager DB Ljava/lang/String; _$7
.field com.runqian.report4.ide.base.FuncManager relativeFile Ljava/lang/String; _$8
.field com.runqian.report4.ide.base.FuncManager tmpFile Ljava/lang/String; _$9
.field com.runqian.report4.ide.base.FuncManager readonly Z _$10
.method com.runqian.report4.ide.base.FuncManager getRelativeFile ()Ljava/lang/String; _$1
.method com.runqian.report4.ide.base.FuncManager removeTab (Ljava/lang/String;)Ljava/lang/String; _$1
.class com.runqian.report4.ide.base.IProperty IProperty
.class com.runqian.report4.ide.base.GCColProperty GCColProperty
.class com.runqian.report4.ide.base.GCMenu GCMenu
.class com.runqian.report4.ide.base.GCProperty GCProperty
.class com.runqian.report4.ide.base.GCRowProperty GCRowProperty
.class com.runqian.report4.ide.base.HyperlinkConfig HyperlinkConfig
.field com.runqian.report4.ide.base.HyperlinkConfig linkFile Ljava/lang/String; _$1
.field com.runqian.report4.ide.base.HyperlinkConfig define Ljava/util/Properties; _$2
.class com.runqian.report4.ide.base.IAtomicCmd IAtomicCmd
.class com.runqian.report4.ide.base.IIPRelationsEditor IIPRelationsEditor
.class com.runqian.report4.ide.base.InputPropertyEx InputPropertyEx
.field com.runqian.report4.ide.base.InputPropertyEx ip Lcom/runqian/report4/usermodel/input/InputProperty; _$1
.class com.runqian.report4.ide.base.IReportSheet IReportSheet
.class com.runqian.report4.ide.base.JComboBoxTree JComboBoxTree
.field com.runqian.report4.ide.base.JComboBoxTree tree Ljavax/swing/JTree; _$1
.class com.runqian.report4.ide.base.JComboBoxTree$MetalJTreeComboBoxUI IIIlIlllIIIllIII
.class com.runqian.report4.ide.base.JComboBoxTree$WindowsJTreeComboBoxUI IIIIlIIIlIIIlIIl
.class com.runqian.report4.ide.base.JComboBoxTree$MotifJTreeComboBoxUI IIlIllIIIllIIllI
.class com.runqian.report4.ide.base.JComboBoxTree$JTreeComboBoxRenderer llIIllIlIIllllll
.class com.runqian.report4.ide.base.TreePopup IIllIllIlIIIlIIl
.field com.runqian.report4.ide.base.TreePopup treeSelectListener Ljava/awt/event/MouseListener; _$1
.class com.runqian.report4.ide.base.TreePopup$InvocationMouseHandler InvocationMouseHandler
.class com.runqian.report4.ide.base.JLayeredPaneParameter JLayeredPaneParameter
.field com.runqian.report4.ide.base.JLayeredPaneParameter jPanelTop Ljavax/swing/JLayeredPane; _$1
.field com.runqian.report4.ide.base.JLayeredPaneParameter jPanelRow Ljavax/swing/JLayeredPane; _$2
.field com.runqian.report4.ide.base.JLayeredPaneParameter jPanelClasses Ljavax/swing/JLayeredPane; _$3
.field com.runqian.report4.ide.base.JLayeredPaneParameter jpBtns Ljavax/swing/JLayeredPane; _$4
.field com.runqian.report4.ide.base.JLayeredPaneParameter jLabelBegin Ljavax/swing/JLabel; _$5
.field com.runqian.report4.ide.base.JLayeredPaneParameter jLabelEnd Ljavax/swing/JLabel; _$6
.field com.runqian.report4.ide.base.JLayeredPaneParameter jLClassListener Ljavax/swing/JLabel; _$7
.field com.runqian.report4.ide.base.JLayeredPaneParameter scrollPane Ljavax/swing/JScrollPane; _$8
.field com.runqian.report4.ide.base.JLayeredPaneParameter jbAdd Ljavax/swing/JButton; _$9
.field com.runqian.report4.ide.base.JLayeredPaneParameter jbDel Ljavax/swing/JButton; _$10
.field com.runqian.report4.ide.base.JLayeredPaneParameter jbShiftUp Ljavax/swing/JButton; _$11
.field com.runqian.report4.ide.base.JLayeredPaneParameter jbShiftDown Ljavax/swing/JButton; _$12
.field com.runqian.report4.ide.base.JLayeredPaneParameter procParam Z _$13
.method com.runqian.report4.ide.base.JLayeredPaneParameter jbAddClicked (Ljava/awt/event/ActionEvent;)V _$1
.method com.runqian.report4.ide.base.JLayeredPaneParameter jbDelClicked (Ljava/awt/event/ActionEvent;)V _$2
.method com.runqian.report4.ide.base.JLayeredPaneParameter jbShiftUpClicked (Ljava/awt/event/ActionEvent;)V _$3
.method com.runqian.report4.ide.base.JLayeredPaneParameter jbShiftDownClicked (Ljava/awt/event/ActionEvent;)V _$4
.class com.runqian.report4.ide.base.JLayeredPaneParameter_jbAdd_actionAdapter llIlIIIIlllIIllI
.field com.runqian.report4.ide.base.JLayeredPaneParameter_jbAdd_actionAdapter adaptee Lcom/runqian/report4/ide/base/JLayeredPaneParameter; _$1
.class com.runqian.report4.ide.base.JLayeredPaneParameter_jbDel_actionAdapter IIIIIlllIlllIIlI
.field com.runqian.report4.ide.base.JLayeredPaneParameter_jbDel_actionAdapter adaptee Lcom/runqian/report4/ide/base/JLayeredPaneParameter; _$1
.class com.runqian.report4.ide.base.JLayeredPaneParameter_jbShiftUp_actionAdapter lIIlIIIlIlIllIIl
.field com.runqian.report4.ide.base.JLayeredPaneParameter_jbShiftUp_actionAdapter adaptee Lcom/runqian/report4/ide/base/JLayeredPaneParameter; _$1
.class com.runqian.report4.ide.base.JLayeredPaneParameter_jbShiftDown_actionAdapter IIIIlIIlllIlIIll
.field com.runqian.report4.ide.base.JLayeredPaneParameter_jbShiftDown_actionAdapter adaptee Lcom/runqian/report4/ide/base/JLayeredPaneParameter; _$1
.class com.runqian.report4.ide.base.JPanelAttachedDatasets JPanelAttachedDatasets
.field com.runqian.report4.ide.base.JPanelAttachedDatasets COL_INDEX B _$1
.field com.runqian.report4.ide.base.JPanelAttachedDatasets COL_EXP B _$2
.field com.runqian.report4.ide.base.JPanelAttachedDatasets columnNames Ljava/lang/String; _$3
.field com.runqian.report4.ide.base.JPanelAttachedDatasets expTable Lcom/runqian/base4/swing/JTableEx; _$4
.field com.runqian.report4.ide.base.JPanelAttachedDatasets jBAdd Ljavax/swing/JButton; _$5
.field com.runqian.report4.ide.base.JPanelAttachedDatasets jBDel Ljavax/swing/JButton; _$6
.field com.runqian.report4.ide.base.JPanelAttachedDatasets verticalFlowLayout1 Lcom/borland/jbcl/layout/VerticalFlowLayout; _$7
.field com.runqian.report4.ide.base.JPanelAttachedDatasets borderLayout1 Ljava/awt/BorderLayout; _$8
.field com.runqian.report4.ide.base.JPanelAttachedDatasets panel Ljavax/swing/JPanel; _$9
.field com.runqian.report4.ide.base.JPanelAttachedDatasets jScrollPane1 Ljavax/swing/JScrollPane; _$10
.field com.runqian.report4.ide.base.JPanelAttachedDatasets jBUp Ljavax/swing/JButton; _$11
.field com.runqian.report4.ide.base.JPanelAttachedDatasets jBDown Ljavax/swing/JButton; _$12
.field com.runqian.report4.ide.base.JPanelAttachedDatasets borderLayout2 Ljava/awt/BorderLayout; _$13
.method com.runqian.report4.ide.base.JPanelAttachedDatasets resetLangText ()V _$1
.field com.runqian.report4.ide.base.JPanelAttachedDatasets dataModified Z _$14
.method com.runqian.report4.ide.base.JPanelAttachedDatasets init ()V _$2
.method com.runqian.report4.ide.base.JPanelAttachedDatasets jbInit ()V _$3
.method com.runqian.report4.ide.base.JPanelAttachedDatasets initButton (Ljavax/swing/JButton;)V _$1
.method com.runqian.report4.ide.base.JPanelAttachedDatasets getExps ()[Ljava/lang/String; _$4
.method com.runqian.report4.ide.base.JPanelAttachedDatasets jBUp_actionPerformed (Ljava/awt/event/ActionEvent;)V _$1
.method com.runqian.report4.ide.base.JPanelAttachedDatasets jBDown_actionPerformed (Ljava/awt/event/ActionEvent;)V _$2
.method com.runqian.report4.ide.base.JPanelAttachedDatasets jBAdd_actionPerformed (Ljava/awt/event/ActionEvent;)V _$3
.method com.runqian.report4.ide.base.JPanelAttachedDatasets jBDel_actionPerformed (Ljava/awt/event/ActionEvent;)V _$4
.class com.runqian.report4.ide.base.JPanelAttachedDatasets_jBUp_actionAdapter lIIIlllllllllIIl
.field com.runqian.report4.ide.base.JPanelAttachedDatasets_jBUp_actionAdapter adaptee Lcom/runqian/report4/ide/base/JPanelAttachedDatasets; _$1
.class com.runqian.report4.ide.base.JPanelAttachedDatasets_jBDown_actionAdapter lIIllllIIIlIIIlI
.field com.runqian.report4.ide.base.JPanelAttachedDatasets_jBDown_actionAdapter adaptee Lcom/runqian/report4/ide/base/JPanelAttachedDatasets; _$1
.class com.runqian.report4.ide.base.JPanelAttachedDatasets_jBAdd_actionAdapter lIllIIlIlIIllIII
.field com.runqian.report4.ide.base.JPanelAttachedDatasets_jBAdd_actionAdapter adaptee Lcom/runqian/report4/ide/base/JPanelAttachedDatasets; _$1
.class com.runqian.report4.ide.base.JPanelAttachedDatasets_jBDel_actionAdapter lIIIIlllIlIllllI
.field com.runqian.report4.ide.base.JPanelAttachedDatasets_jBDel_actionAdapter adaptee Lcom/runqian/report4/ide/base/JPanelAttachedDatasets; _$1
.class com.runqian.report4.ide.base.JPanelCellStyle JPanelCellStyle
.field com.runqian.report4.ide.base.JPanelCellStyle jScrollPane1 Ljavax/swing/JScrollPane; _$1
.field com.runqian.report4.ide.base.JPanelCellStyle m_Tree Ljavax/swing/JTree; _$2
.field com.runqian.report4.ide.base.JPanelCellStyle borderLayout1 Ljava/awt/BorderLayout; _$3
.field com.runqian.report4.ide.base.JPanelCellStyle isDraging Z _$4
.method com.runqian.report4.ide.base.JPanelCellStyle resetLangText ()V _$1
.method com.runqian.report4.ide.base.JPanelCellStyle init ()V _$2
.method com.runqian.report4.ide.base.JPanelCellStyle jbInit ()V _$3
.method com.runqian.report4.ide.base.JPanelCellStyle getTransferable (Z)Ljava/awt/datatransfer/Transferable; _$1
.method com.runqian.report4.ide.base.JPanelCellStyle getSelectedNode ()Lcom/runqian/report4/ide/base/SemanticsTreeNode; _$4
.method com.runqian.report4.ide.base.JPanelCellStyle m_Tree_mouseClicked (Ljava/awt/event/MouseEvent;)V _$1
.method com.runqian.report4.ide.base.JPanelCellStyle m_Tree_mouseReleased (Ljava/awt/event/MouseEvent;)V _$2
.class com.runqian.report4.ide.base.JPanelCellStyle$DSTreeRender DSTreeRender
.method com.runqian.report4.ide.base.JPanelCellStyle$DSTreeRender getDispIcon (Lcom/runqian/report4/ide/base/SemanticsTreeNode;)Ljavax/swing/Icon; _$1
.class com.runqian.report4.ide.base.JPanelCellStyle_m_Tree_mouseAdapter llIIIIIIlIIIlIII
.field com.runqian.report4.ide.base.JPanelCellStyle_m_Tree_mouseAdapter adaptee Lcom/runqian/report4/ide/base/JPanelCellStyle; _$1
.class com.runqian.report4.ide.base.JPanelColorEgg JPanelColorEgg
.field com.runqian.report4.ide.base.JPanelColorEgg ALPHA_SCALE S _$1
.field com.runqian.report4.ide.base.JPanelColorEgg colors [Ljava/awt/Color; _$2
.field com.runqian.report4.ide.base.JPanelColorEgg starNum I _$3
.field com.runqian.report4.ide.base.JPanelColorEgg stars [Ljava/awt/Point; _$4
.field com.runqian.report4.ide.base.JPanelColorEgg alphas [S _$5
.field com.runqian.report4.ide.base.JPanelColorEgg bAscend [Z _$6
.field com.runqian.report4.ide.base.JPanelColorEgg notInitialized Z _$7
.field com.runqian.report4.ide.base.JPanelColorEgg biw I _$8
.field com.runqian.report4.ide.base.JPanelColorEgg bih I _$9
.method com.runqian.report4.ide.base.JPanelColorEgg outText (Ljava/awt/Graphics2D;II)V _$1
.class com.runqian.report4.ide.base.JPanelDataSet JPanelDataSet
.field com.runqian.report4.ide.base.JPanelDataSet jPanelTop Ljavax/swing/JPanel; _$1
.field com.runqian.report4.ide.base.JPanelDataSet jPanelButton Ljavax/swing/JPanel; _$2
.field com.runqian.report4.ide.base.JPanelDataSet jPanelOther Ljavax/swing/JPanel; _$3
.field com.runqian.report4.ide.base.JPanelDataSet jPanelLive Ljavax/swing/JPanel; _$4
.field com.runqian.report4.ide.base.JPanelDataSet jScrollPane1 Ljavax/swing/JScrollPane; _$5
.field com.runqian.report4.ide.base.JPanelDataSet borderLayout1 Ljava/awt/BorderLayout; _$6
.field com.runqian.report4.ide.base.JPanelDataSet m_Tree Ljavax/swing/JTree; _$7
.field com.runqian.report4.ide.base.JPanelDataSet group Ljavax/swing/ButtonGroup; _$8
.field com.runqian.report4.ide.base.JPanelDataSet verticalFlowLayout1 Lcom/borland/jbcl/layout/VerticalFlowLayout; _$9
.field com.runqian.report4.ide.base.JPanelDataSet gridLayout1 Ljava/awt/GridLayout; _$10
.field com.runqian.report4.ide.base.JPanelDataSet rbSelect Ljavax/swing/JRadioButton; _$11
.field com.runqian.report4.ide.base.JPanelDataSet rbGroup Ljavax/swing/JRadioButton; _$12
.field com.runqian.report4.ide.base.JPanelDataSet rbValue Ljavax/swing/JRadioButton; _$13
.field com.runqian.report4.ide.base.JPanelDataSet rbOther Ljavax/swing/JRadioButton; _$14
.field com.runqian.report4.ide.base.JPanelDataSet lbOperation Ljavax/swing/JLabel; _$15
.field com.runqian.report4.ide.base.JPanelDataSet jCBOperation Lcom/runqian/base4/swing/JComboBoxEx; _$16
.field com.runqian.report4.ide.base.JPanelDataSet border2 Ljavax/swing/border/Border; _$17
.field com.runqian.report4.ide.base.JPanelDataSet isDraging Z _$18
.field com.runqian.report4.ide.base.JPanelDataSet verticalFlowLayout2 Lcom/borland/jbcl/layout/VerticalFlowLayout; _$19
.field com.runqian.report4.ide.base.JPanelDataSet gridBagLayout1 Ljava/awt/GridBagLayout; _$20
.field com.runqian.report4.ide.base.JPanelDataSet jLBFilter Ljavax/swing/JLabel; _$21
.field com.runqian.report4.ide.base.JPanelDataSet jTFFilter Ljavax/swing/JTextField; _$22
.field com.runqian.report4.ide.base.JPanelDataSet jPanelFilter Ljavax/swing/JPanel; _$23
.method com.runqian.report4.ide.base.JPanelDataSet resetLangText ()V _$1
.field com.runqian.report4.ide.base.JPanelDataSet OP_COUNT Ljava/lang/String; _$24
.field com.runqian.report4.ide.base.JPanelDataSet OP_GROUP Ljava/lang/String; _$25
.method com.runqian.report4.ide.base.JPanelDataSet init ()V _$2
.method com.runqian.report4.ide.base.JPanelDataSet jbInit ()V _$3
.method com.runqian.report4.ide.base.JPanelDataSet getTransferable (Z)Ljava/awt/datatransfer/Transferable; _$1
.method com.runqian.report4.ide.base.JPanelDataSet getSelectedNode ()Lcom/runqian/report4/ide/base/SemanticsTreeNode; _$4
.method com.runqian.report4.ide.base.JPanelDataSet jCBOperation_actionPerformed (Ljava/awt/event/ActionEvent;)V _$1
.method com.runqian.report4.ide.base.JPanelDataSet isOperatedNode (Lcom/runqian/report4/ide/base/SemanticsTreeNode;)Z _$1
.field com.runqian.report4.ide.base.JPanelDataSet selectedNode Lcom/runqian/report4/ide/base/SemanticsTreeNode; _$26
.method com.runqian.report4.ide.base.JPanelDataSet setSelectedNode (Lcom/runqian/report4/ide/base/SemanticsTreeNode;)V _$2
.method com.runqian.report4.ide.base.JPanelDataSet m_Tree_mouseClicked (Ljava/awt/event/MouseEvent;)V _$1
.method com.runqian.report4.ide.base.JPanelDataSet m_Tree_mouseReleased (Ljava/awt/event/MouseEvent;)V _$2
.class com.runqian.report4.ide.base.JPanelDataSet$DSTreeRender DSTreeRender
.method com.runqian.report4.ide.base.JPanelDataSet$DSTreeRender getDispIcon (Lcom/runqian/report4/ide/base/SemanticsTreeNode;)Ljavax/swing/Icon; _$1
.class com.runqian.report4.ide.base.JPanelDataSet_jCBOperation_actionAdapter lIIIlIIlllIlllII
.field com.runqian.report4.ide.base.JPanelDataSet_jCBOperation_actionAdapter adaptee Lcom/runqian/report4/ide/base/JPanelDataSet; _$1
.class com.runqian.report4.ide.base.JPanelDataSet_m_Tree_mouseAdapter lIllIlllIIIlIIll
.field com.runqian.report4.ide.base.JPanelDataSet_m_Tree_mouseAdapter adaptee Lcom/runqian/report4/ide/base/JPanelDataSet; _$1
.class com.runqian.report4.ide.base.JPanelExport JPanelExport
.field com.runqian.report4.ide.base.JPanelExport ALLOW_PRINTING I _$1
.field com.runqian.report4.ide.base.JPanelExport jPanelPDF Ljavax/swing/JLayeredPane; _$2
.field com.runqian.report4.ide.base.JPanelExport jPanelExcel Ljavax/swing/JLayeredPane; _$3
.field com.runqian.report4.ide.base.JPanelExport jPanelWord Ljavax/swing/JLayeredPane; _$4
.field com.runqian.report4.ide.base.JPanelExport labelWordHAlign Ljavax/swing/JLabel; _$5
.field com.runqian.report4.ide.base.JPanelExport cbWordHAlign Lcom/runqian/base4/swing/JComboBoxEx; _$6
.field com.runqian.report4.ide.base.JPanelExport jLabel1 Ljavax/swing/JLabel; _$7
.field com.runqian.report4.ide.base.JPanelExport jLabel2 Ljavax/swing/JLabel; _$8
.field com.runqian.report4.ide.base.JPanelExport jCBAssembly Ljavax/swing/JCheckBox; _$9
.field com.runqian.report4.ide.base.JPanelExport jCBCopy Ljavax/swing/JCheckBox; _$10
.field com.runqian.report4.ide.base.JPanelExport jCBDegradedPrinting Ljavax/swing/JCheckBox; _$11
.field com.runqian.report4.ide.base.JPanelExport jCBFillIn Ljavax/swing/JCheckBox; _$12
.field com.runqian.report4.ide.base.JPanelExport jCBModifyAnnotations Ljavax/swing/JCheckBox; _$13
.field com.runqian.report4.ide.base.JPanelExport jCBModifyContents Ljavax/swing/JCheckBox; _$14
.field com.runqian.report4.ide.base.JPanelExport jCBScreenReaders Ljavax/swing/JCheckBox; _$15
.field com.runqian.report4.ide.base.JPanelExport jPasswordUser Ljavax/swing/JPasswordField; _$16
.field com.runqian.report4.ide.base.JPanelExport jPasswordOwner Ljavax/swing/JPasswordField; _$17
.field com.runqian.report4.ide.base.JPanelExport jLabel3 Ljavax/swing/JLabel; _$18
.field com.runqian.report4.ide.base.JPanelExport jLabel4 Ljavax/swing/JLabel; _$19
.field com.runqian.report4.ide.base.JPanelExport jPasswordExcel Ljavax/swing/JPasswordField; _$20
.field com.runqian.report4.ide.base.JPanelExport jCBNotExportHideRows Ljavax/swing/JCheckBox; _$21
.field com.runqian.report4.ide.base.JPanelExport jCBNotExportHideCols Ljavax/swing/JCheckBox; _$22
.field com.runqian.report4.ide.base.JPanelExport jCBNotExportPrintArea Ljavax/swing/JCheckBox; _$23
.field com.runqian.report4.ide.base.JPanelExport jPanel1 Ljavax/swing/JPanel; _$24
.field com.runqian.report4.ide.base.JPanelExport gridBagLayout1 Ljava/awt/GridBagLayout; _$25
.field com.runqian.report4.ide.base.JPanelExport jPanel2 Ljavax/swing/JPanel; _$26
.field com.runqian.report4.ide.base.JPanelExport gridLayout1 Ljava/awt/GridLayout; _$27
.field com.runqian.report4.ide.base.JPanelExport jLabel5 Ljavax/swing/JLabel; _$28
.field com.runqian.report4.ide.base.JPanelExport gridBagLayout2 Ljava/awt/GridBagLayout; _$29
.field com.runqian.report4.ide.base.JPanelExport jPanel3 Ljavax/swing/JPanel; _$30
.field com.runqian.report4.ide.base.JPanelExport jPanel4 Ljavax/swing/JPanel; _$31
.field com.runqian.report4.ide.base.JPanelExport jPanel5 Ljavax/swing/JPanel; _$32
.field com.runqian.report4.ide.base.JPanelExport gridLayout2 Ljava/awt/GridLayout; _$33
.field com.runqian.report4.ide.base.JPanelExport verticalFlowLayout1 Lcom/borland/jbcl/layout/VerticalFlowLayout; _$34
.field com.runqian.report4.ide.base.JPanelExport jCBFullyPaged Ljavax/swing/JCheckBox; _$35
.field com.runqian.report4.ide.base.JPanelExport jCBGridDisabled Ljavax/swing/JCheckBox; _$36
.field com.runqian.report4.ide.base.JPanelExport jTabbedPane1 Ljavax/swing/JTabbedPane; _$37
.field com.runqian.report4.ide.base.JPanelExport notExportURLPanel Ljavax/swing/JLayeredPane; _$38
.field com.runqian.report4.ide.base.JPanelExport borderLayout2 Ljava/awt/BorderLayout; _$39
.field com.runqian.report4.ide.base.JPanelExport jScrollPane1 Ljavax/swing/JScrollPane; _$40
.field com.runqian.report4.ide.base.JPanelExport urlTable Lcom/runqian/base4/swing/JTableEx; _$41
.field com.runqian.report4.ide.base.JPanelExport labelURL Ljavax/swing/JLabel; _$42
.field com.runqian.report4.ide.base.JPanelExport panelButton Ljavax/swing/JLayeredPane; _$43
.field com.runqian.report4.ide.base.JPanelExport jBAdd Ljavax/swing/JButton; _$44
.field com.runqian.report4.ide.base.JPanelExport jBDel Ljavax/swing/JButton; _$45
.method com.runqian.report4.ide.base.JPanelExport resetLangText ()V _$1
.method com.runqian.report4.ide.base.JPanelExport jbInit ()V _$2
.method com.runqian.report4.ide.base.JPanelExport jBAdd_actionPerformed (Ljava/awt/event/ActionEvent;)V _$1
.method com.runqian.report4.ide.base.JPanelExport jBDel_actionPerformed (Ljava/awt/event/ActionEvent;)V _$2
.class com.runqian.report4.ide.base.JPanelExport_jBAdd_actionAdapter lllIlIIIlIlIllII
.field com.runqian.report4.ide.base.JPanelExport_jBAdd_actionAdapter adaptee Lcom/runqian/report4/ide/base/JPanelExport; _$1
.class com.runqian.report4.ide.base.JPanelExport_jBDel_actionAdapter lllIIlllIIIllIIl
.field com.runqian.report4.ide.base.JPanelExport_jBDel_actionAdapter adaptee Lcom/runqian/report4/ide/base/JPanelExport; _$1
.class com.runqian.report4.ide.base.JPanelRelationParam JPanelRelationParam
.method com.runqian.report4.ide.base.JPanelRelationParam jbInit ()V _$1
.class com.runqian.report4.ide.base.JPanelSemantics JPanelSemantics
.field com.runqian.report4.ide.base.JPanelSemantics panelSemantic Ljavax/swing/JPanel; _$1
.field com.runqian.report4.ide.base.JPanelSemantics panelDataItem Ljavax/swing/JPanel; _$2
.field com.runqian.report4.ide.base.JPanelSemantics tableDataItem Lcom/runqian/base4/swing/JTableEx; _$3
.field com.runqian.report4.ide.base.JPanelSemantics panelTable Ljavax/swing/JScrollPane; _$4
.field com.runqian.report4.ide.base.JPanelSemantics jPanelTop Ljavax/swing/JPanel; _$5
.field com.runqian.report4.ide.base.JPanelSemantics jPanelButton Ljavax/swing/JPanel; _$6
.field com.runqian.report4.ide.base.JPanelSemantics jPanelOther Ljavax/swing/JPanel; _$7
.field com.runqian.report4.ide.base.JPanelSemantics jPanelLive Ljavax/swing/JPanel; _$8
.field com.runqian.report4.ide.base.JPanelSemantics jScrollPane1 Ljavax/swing/JScrollPane; _$9
.field com.runqian.report4.ide.base.JPanelSemantics borderLayout1 Ljava/awt/BorderLayout; _$10
.field com.runqian.report4.ide.base.JPanelSemantics m_Tree Ljavax/swing/JTree; _$11
.field com.runqian.report4.ide.base.JPanelSemantics group Ljavax/swing/ButtonGroup; _$12
.field com.runqian.report4.ide.base.JPanelSemantics verticalFlowLayout1 Lcom/borland/jbcl/layout/VerticalFlowLayout; _$13
.field com.runqian.report4.ide.base.JPanelSemantics gridLayout1 Ljava/awt/GridLayout; _$14
.field com.runqian.report4.ide.base.JPanelSemantics rbSelect Ljavax/swing/JRadioButton; _$15
.field com.runqian.report4.ide.base.JPanelSemantics rbGroup Ljavax/swing/JRadioButton; _$16
.field com.runqian.report4.ide.base.JPanelSemantics rbValue Ljavax/swing/JRadioButton; _$17
.field com.runqian.report4.ide.base.JPanelSemantics rbOther Ljavax/swing/JRadioButton; _$18
.field com.runqian.report4.ide.base.JPanelSemantics lbOperation Ljavax/swing/JLabel; _$19
.field com.runqian.report4.ide.base.JPanelSemantics jCBAutoWriteDisp Ljavax/swing/JCheckBox; _$20
.field com.runqian.report4.ide.base.JPanelSemantics jCBOperation Lcom/runqian/base4/swing/JComboBoxEx; _$21
.field com.runqian.report4.ide.base.JPanelSemantics border2 Ljavax/swing/border/Border; _$22
.field com.runqian.report4.ide.base.JPanelSemantics isDraging Z _$23
.field com.runqian.report4.ide.base.JPanelSemantics verticalFlowLayout2 Lcom/borland/jbcl/layout/VerticalFlowLayout; _$24
.field com.runqian.report4.ide.base.JPanelSemantics gridBagLayout1 Ljava/awt/GridBagLayout; _$25
.field com.runqian.report4.ide.base.JPanelSemantics vManager Lcom/runqian/report4/semantics/SemanticsManager; _$26
.field com.runqian.report4.ide.base.JPanelSemantics userSelectedConditions Ljava/util/HashMap; _$27
.field com.runqian.report4.ide.base.JPanelSemantics currentFile Ljava/lang/String; _$28
.field com.runqian.report4.ide.base.JPanelSemantics enumGroupFile Ljava/lang/String; _$29
.field com.runqian.report4.ide.base.JPanelSemantics jLBFilter Ljavax/swing/JLabel; _$30
.field com.runqian.report4.ide.base.JPanelSemantics jTFFilter Ljavax/swing/JTextField; _$31
.field com.runqian.report4.ide.base.JPanelSemantics jPanelFilter Ljavax/swing/JPanel; _$32
.field com.runqian.report4.ide.base.JPanelSemantics selectionPath Ljavax/swing/tree/TreePath; _$33
.method com.runqian.report4.ide.base.JPanelSemantics init ()V _$1
.method com.runqian.report4.ide.base.JPanelSemantics resetLangText ()V _$2
.method com.runqian.report4.ide.base.JPanelSemantics jbInit ()V _$3
.method com.runqian.report4.ide.base.JPanelSemantics getTransferable (ZZ)Ljava/awt/datatransfer/Transferable; _$1
.method com.runqian.report4.ide.base.JPanelSemantics loadSubCols (Lcom/runqian/report4/ide/base/SemanticsTreeNode;Ljava/util/ArrayList;)V _$1
.method com.runqian.report4.ide.base.JPanelSemantics loadStyleNode ()Lcom/runqian/report4/ide/base/SemanticsTreeNode; _$4
.method com.runqian.report4.ide.base.JPanelSemantics loadOuterParamNode ()Lcom/runqian/report4/ide/base/SemanticsTreeNode; _$5
.method com.runqian.report4.ide.base.JPanelSemantics loadView (Lcom/runqian/report4/semantics/View;)Ljavax/swing/tree/DefaultMutableTreeNode; _$1
.method com.runqian.report4.ide.base.JPanelSemantics initialViewCondition ()V _$6
.method com.runqian.report4.ide.base.JPanelSemantics setSessionValues (Lcom/runqian/report4/usermodel/Param;Lcom/runqian/base4/tool/Segment;)V _$1
.method com.runqian.report4.ide.base.JPanelSemantics jCBOperation_actionPerformed (Ljava/awt/event/ActionEvent;)V _$1
.method com.runqian.report4.ide.base.JPanelSemantics putCondition (Lcom/runqian/report4/semantics/View;)V _$2
.method com.runqian.report4.ide.base.JPanelSemantics reverseSelect (B)B _$1
.method com.runqian.report4.ide.base.JPanelSemantics m_Tree_mouseClicked (Ljava/awt/event/MouseEvent;)V _$1
.method com.runqian.report4.ide.base.JPanelSemantics m_Tree_mouseReleased (Ljava/awt/event/MouseEvent;)V _$2
.method com.runqian.report4.ide.base.JPanelSemantics isConditionNode (Lcom/runqian/report4/ide/base/SemanticsTreeNode;)Z _$1
.method com.runqian.report4.ide.base.JPanelSemantics isOperatedNode (Lcom/runqian/report4/ide/base/SemanticsTreeNode;)Z _$2
.field com.runqian.report4.ide.base.JPanelSemantics selectedNode Lcom/runqian/report4/ide/base/SemanticsTreeNode; _$34
.method com.runqian.report4.ide.base.JPanelSemantics setSelectedNode (Lcom/runqian/report4/ide/base/SemanticsTreeNode;)V _$3
.method com.runqian.report4.ide.base.JPanelSemantics isViewNode (Lcom/runqian/report4/ide/base/SemanticsTreeNode;)Z _$4
.method com.runqian.report4.ide.base.JPanelSemantics isDragableNode (Lcom/runqian/report4/ide/base/SemanticsTreeNode;)Z _$5
.class com.runqian.report4.ide.base.JPanelSemantics$PanelTreeRender lIlIIIlllllIIIIl
.class com.runqian.report4.ide.base.JPanelSemantics_jCBOperation_actionAdapter IIllllIlIlIllIIl
.field com.runqian.report4.ide.base.JPanelSemantics_jCBOperation_actionAdapter adaptee Lcom/runqian/report4/ide/base/JPanelSemantics; _$1
.class com.runqian.report4.ide.base.JPanelSemantics_m_Tree_mouseAdapter IllIIlIlllIlIIll
.field com.runqian.report4.ide.base.JPanelSemantics_m_Tree_mouseAdapter adaptee Lcom/runqian/report4/ide/base/JPanelSemantics; _$1
.class com.runqian.report4.ide.base.JTableImageEditor JTableImageEditor
.class com.runqian.report4.ide.base.JTableImageRenderer JTableImageRenderer
.class com.runqian.report4.ide.base.LineCellStyleComboBox LineCellStyleComboBox
.class com.runqian.report4.ide.base.LineStyleComboBoxEditor llIIIIIlIIIlIIll
.field com.runqian.report4.ide.base.LineStyleComboBoxEditor editorIcon Lcom/runqian/report4/ide/base/LineStyleIcon; _$1
.field com.runqian.report4.ide.base.LineStyleComboBoxEditor editorLabel Ljavax/swing/JLabel; _$2
.field com.runqian.report4.ide.base.LineStyleComboBoxEditor item Ljava/lang/Object; _$3
.class com.runqian.report4.ide.base.LineStyleRender IIIlllllllIlIIlI
.field com.runqian.report4.ide.base.LineStyleRender icon Lcom/runqian/report4/ide/base/LineStyleIcon; _$1
.class com.runqian.report4.ide.base.LineCellStyleRendererer lllIIlllllllIIlI
.field com.runqian.report4.ide.base.LineCellStyleRendererer icon Lcom/runqian/report4/ide/base/LineStyleIcon; _$1
.class com.runqian.report4.ide.base.LineStyleIcon lIllllIlIlIlIllI
.field com.runqian.report4.ide.base.LineStyleIcon dash B _$1
.class com.runqian.report4.ide.base.LookAndFeelManager LookAndFeelManager
.method com.runqian.report4.ide.base.LookAndFeelManager setLNFFonts ()V _$1
.class com.runqian.report4.ide.base.Maps Maps
.class com.runqian.report4.ide.base.NormalCellPack NormalCellPack
.field com.runqian.report4.ide.base.NormalCellPack name Ljava/lang/String; _$1
.field com.runqian.report4.ide.base.NormalCellPack isSystem Z _$2
.class com.runqian.report4.ide.base.OLAPSessionFactoryIde OLAPSessionFactoryIde
.field com.runqian.report4.ide.base.OLAPSessionFactoryIde prop Ljava/util/Properties; _$1
.class com.runqian.report4.ide.base.PanelEnumGroupBetween PanelEnumGroupBetween
.field com.runqian.report4.ide.base.PanelEnumGroupBetween deg Lcom/runqian/report4/ide/dialog/DialogEnumGroup; _$1
.field com.runqian.report4.ide.base.PanelEnumGroupBetween notShow Z _$2
.field com.runqian.report4.ide.base.PanelEnumGroupBetween panelLowerValue Ljavax/swing/JPanel; _$3
.field com.runqian.report4.ide.base.PanelEnumGroupBetween panelColTitle Ljavax/swing/JPanel; _$4
.field com.runqian.report4.ide.base.PanelEnumGroupBetween panelGroupValue Ljavax/swing/JPanel; _$5
.field com.runqian.report4.ide.base.PanelEnumGroupBetween labelGroupValue Ljavax/swing/JLabel; _$6
.field com.runqian.report4.ide.base.PanelEnumGroupBetween textGroupValue Ljavax/swing/JTextField; _$7
.field com.runqian.report4.ide.base.PanelEnumGroupBetween labelColTitle Ljavax/swing/JLabel; _$8
.field com.runqian.report4.ide.base.PanelEnumGroupBetween panelUpperValue Ljavax/swing/JPanel; _$9
.field com.runqian.report4.ide.base.PanelEnumGroupBetween labelLowerValue Ljavax/swing/JLabel; _$10
.field com.runqian.report4.ide.base.PanelEnumGroupBetween textLowerValue Ljavax/swing/JTextField; _$11
.field com.runqian.report4.ide.base.PanelEnumGroupBetween jCBLowerValue Ljavax/swing/JCheckBox; _$12
.field com.runqian.report4.ide.base.PanelEnumGroupBetween jPanel1 Ljavax/swing/JPanel; _$13
.field com.runqian.report4.ide.base.PanelEnumGroupBetween labelUpperValue Ljavax/swing/JLabel; _$14
.field com.runqian.report4.ide.base.PanelEnumGroupBetween textUpperValue Ljavax/swing/JTextField; _$15
.field com.runqian.report4.ide.base.PanelEnumGroupBetween jCBUpperValue Ljavax/swing/JCheckBox; _$16
.field com.runqian.report4.ide.base.PanelEnumGroupBetween gridBagLayout1 Ljava/awt/GridBagLayout; _$17
.field com.runqian.report4.ide.base.PanelEnumGroupBetween gridBagLayout2 Ljava/awt/GridBagLayout; _$18
.field com.runqian.report4.ide.base.PanelEnumGroupBetween gridBagLayout3 Ljava/awt/GridBagLayout; _$19
.field com.runqian.report4.ide.base.PanelEnumGroupBetween gridBagLayout4 Ljava/awt/GridBagLayout; _$20
.field com.runqian.report4.ide.base.PanelEnumGroupBetween gridBagLayout5 Ljava/awt/GridBagLayout; _$21
.field com.runqian.report4.ide.base.PanelEnumGroupBetween topInfo Ljavax/swing/JLabel; _$22
.field com.runqian.report4.ide.base.PanelEnumGroupBetween jCBColTitle Lcom/runqian/base4/swing/JComboBoxEx; _$23
.field com.runqian.report4.ide.base.PanelEnumGroupBetween panelDispValue Ljavax/swing/JPanel; _$24
.field com.runqian.report4.ide.base.PanelEnumGroupBetween labelDispValue Ljavax/swing/JLabel; _$25
.field com.runqian.report4.ide.base.PanelEnumGroupBetween textDispValue Ljavax/swing/JTextField; _$26
.field com.runqian.report4.ide.base.PanelEnumGroupBetween gridBagLayout6 Ljava/awt/GridBagLayout; _$27
.field com.runqian.report4.ide.base.PanelEnumGroupBetween jPanel2 Ljavax/swing/JPanel; _$28
.field com.runqian.report4.ide.base.PanelEnumGroupBetween flowLayout1 Ljava/awt/FlowLayout; _$29
.field com.runqian.report4.ide.base.PanelEnumGroupBetween jBEditDispValue Ljavax/swing/JButton; _$30
.method com.runqian.report4.ide.base.PanelEnumGroupBetween resetLangText ()V _$1
.method com.runqian.report4.ide.base.PanelEnumGroupBetween jbInit ()V _$2
.method com.runqian.report4.ide.base.PanelEnumGroupBetween setColTitles (Ljava/lang/String;)V _$1
.method com.runqian.report4.ide.base.PanelEnumGroupBetween jCBColTitle_actionPerformed (Ljava/awt/event/ActionEvent;)V _$1
.method com.runqian.report4.ide.base.PanelEnumGroupBetween jCBLowerValue_mousePressed (Ljava/awt/event/MouseEvent;)V _$1
.method com.runqian.report4.ide.base.PanelEnumGroupBetween jCBUpperValue_mousePressed (Ljava/awt/event/MouseEvent;)V _$2
.method com.runqian.report4.ide.base.PanelEnumGroupBetween textGroupValue_keyTyped (Ljava/awt/event/KeyEvent;)V _$1
.method com.runqian.report4.ide.base.PanelEnumGroupBetween textDispValue_keyTyped (Ljava/awt/event/KeyEvent;)V _$2
.method com.runqian.report4.ide.base.PanelEnumGroupBetween textLowerValue_keyTyped (Ljava/awt/event/KeyEvent;)V _$3
.method com.runqian.report4.ide.base.PanelEnumGroupBetween textUpperValue_keyTyped (Ljava/awt/event/KeyEvent;)V _$4
.method com.runqian.report4.ide.base.PanelEnumGroupBetween jCBColTitle_keyTyped (Ljava/awt/event/KeyEvent;)V _$5
.method com.runqian.report4.ide.base.PanelEnumGroupBetween jBEditDispValue_actionPerformed (Ljava/awt/event/ActionEvent;)V _$2
.method com.runqian.report4.ide.base.PanelEnumGroupBetween textGroupValue_keyReleased (Ljava/awt/event/KeyEvent;)V _$6
.class com.runqian.report4.ide.base.PanelEnumGroupBetween_jCBLowerValue_mouseAdapter llllIIIlIlIIlIlI
.field com.runqian.report4.ide.base.PanelEnumGroupBetween_jCBLowerValue_mouseAdapter adaptee Lcom/runqian/report4/ide/base/PanelEnumGroupBetween; _$1
.class com.runqian.report4.ide.base.PanelEnumGroupBetween_jCBUpperValue_mouseAdapter llIllIIIlIIIIIIl
.field com.runqian.report4.ide.base.PanelEnumGroupBetween_jCBUpperValue_mouseAdapter adaptee Lcom/runqian/report4/ide/base/PanelEnumGroupBetween; _$1
.class com.runqian.report4.ide.base.PanelEnumGroupBetween_jCBColTitle_actionAdapter llIIIllIIIIllIII
.field com.runqian.report4.ide.base.PanelEnumGroupBetween_jCBColTitle_actionAdapter adaptee Lcom/runqian/report4/ide/base/PanelEnumGroupBetween; _$1
.class com.runqian.report4.ide.base.PanelEnumGroupBetween_textGroupValue_keyAdapter IllIIlIlIIlIlllI
.field com.runqian.report4.ide.base.PanelEnumGroupBetween_textGroupValue_keyAdapter adaptee Lcom/runqian/report4/ide/base/PanelEnumGroupBetween; _$1
.class com.runqian.report4.ide.base.PanelEnumGroupBetween_textDispValue_keyAdapter lIIllIlIIIIIlIII
.field com.runqian.report4.ide.base.PanelEnumGroupBetween_textDispValue_keyAdapter adaptee Lcom/runqian/report4/ide/base/PanelEnumGroupBetween; _$1
.class com.runqian.report4.ide.base.PanelEnumGroupBetween_textLowerValue_keyAdapter IIIlllIllIIlIlIl
.field com.runqian.report4.ide.base.PanelEnumGroupBetween_textLowerValue_keyAdapter adaptee Lcom/runqian/report4/ide/base/PanelEnumGroupBetween; _$1
.class com.runqian.report4.ide.base.PanelEnumGroupBetween_textUpperValue_keyAdapter lIllllllllIIllII
.field com.runqian.report4.ide.base.PanelEnumGroupBetween_textUpperValue_keyAdapter adaptee Lcom/runqian/report4/ide/base/PanelEnumGroupBetween; _$1
.class com.runqian.report4.ide.base.PanelEnumGroupBetween_jCBColTitle_keyAdapter IlIlIllIlIIllllI
.field com.runqian.report4.ide.base.PanelEnumGroupBetween_jCBColTitle_keyAdapter adaptee Lcom/runqian/report4/ide/base/PanelEnumGroupBetween; _$1
.class com.runqian.report4.ide.base.PanelEnumGroupBetween_jBEditDispValue_actionAdapter IIIlllIIlIIIllIl
.field com.runqian.report4.ide.base.PanelEnumGroupBetween_jBEditDispValue_actionAdapter adaptee Lcom/runqian/report4/ide/base/PanelEnumGroupBetween; _$1
.class com.runqian.report4.ide.base.PanelEnumGroupConfig PanelEnumGroupConfig
.field com.runqian.report4.ide.base.PanelEnumGroupConfig deg Lcom/runqian/report4/ide/dialog/DialogEnumGroup; _$1
.field com.runqian.report4.ide.base.PanelEnumGroupConfig edit Z _$2
.field com.runqian.report4.ide.base.PanelEnumGroupConfig jPanel1 Ljavax/swing/JPanel; _$3
.field com.runqian.report4.ide.base.PanelEnumGroupConfig jPanel2 Ljavax/swing/JPanel; _$4
.field com.runqian.report4.ide.base.PanelEnumGroupConfig jPanel3 Ljavax/swing/JPanel; _$5
.field com.runqian.report4.ide.base.PanelEnumGroupConfig flowLayout1 Ljava/awt/FlowLayout; _$6
.field com.runqian.report4.ide.base.PanelEnumGroupConfig jLabel1 Ljavax/swing/JLabel; _$7
.field com.runqian.report4.ide.base.PanelEnumGroupConfig jLabel2 Ljavax/swing/JLabel; _$8
.field com.runqian.report4.ide.base.PanelEnumGroupConfig textName Ljavax/swing/JTextField; _$9
.field com.runqian.report4.ide.base.PanelEnumGroupConfig jPanel4 Ljavax/swing/JPanel; _$10
.field com.runqian.report4.ide.base.PanelEnumGroupConfig jLabel3 Ljavax/swing/JLabel; _$11
.field com.runqian.report4.ide.base.PanelEnumGroupConfig gridBagLayout1 Ljava/awt/GridBagLayout; _$12
.field com.runqian.report4.ide.base.PanelEnumGroupConfig gridBagLayout2 Ljava/awt/GridBagLayout; _$13
.field com.runqian.report4.ide.base.PanelEnumGroupConfig gridBagLayout3 Ljava/awt/GridBagLayout; _$14
.field com.runqian.report4.ide.base.PanelEnumGroupConfig jPanel5 Ljavax/swing/JPanel; _$15
.field com.runqian.report4.ide.base.PanelEnumGroupConfig jCBNullable Ljavax/swing/JCheckBox; _$16
.field com.runqian.report4.ide.base.PanelEnumGroupConfig flowLayout2 Ljava/awt/FlowLayout; _$17
.field com.runqian.report4.ide.base.PanelEnumGroupConfig jCBViewNames Lcom/runqian/base4/swing/JComboBoxEx; _$18
.field com.runqian.report4.ide.base.PanelEnumGroupConfig jPanel6 Ljavax/swing/JPanel; _$19
.field com.runqian.report4.ide.base.PanelEnumGroupConfig flowLayout3 Ljava/awt/FlowLayout; _$20
.field com.runqian.report4.ide.base.PanelEnumGroupConfig jCBReeligible Ljavax/swing/JCheckBox; _$21
.method com.runqian.report4.ide.base.PanelEnumGroupConfig resetLangText ()V _$1
.method com.runqian.report4.ide.base.PanelEnumGroupConfig jbInit ()V _$2
.method com.runqian.report4.ide.base.PanelEnumGroupConfig textName_keyTyped (Ljava/awt/event/KeyEvent;)V _$1
.method com.runqian.report4.ide.base.PanelEnumGroupConfig jCBNullable_actionPerformed (Ljava/awt/event/ActionEvent;)V _$1
.method com.runqian.report4.ide.base.PanelEnumGroupConfig jCBViewNames_actionPerformed (Ljava/awt/event/ActionEvent;)V _$2
.method com.runqian.report4.ide.base.PanelEnumGroupConfig textName_keyReleased (Ljava/awt/event/KeyEvent;)V _$2
.method com.runqian.report4.ide.base.PanelEnumGroupConfig jCBReeligible_actionPerformed (Ljava/awt/event/ActionEvent;)V _$3
.class com.runqian.report4.ide.base.PanelEnumGroupConfig_textName_keyAdapter llIlllIIlIIIlIIl
.field com.runqian.report4.ide.base.PanelEnumGroupConfig_textName_keyAdapter adaptee Lcom/runqian/report4/ide/base/PanelEnumGroupConfig; _$1
.class com.runqian.report4.ide.base.PanelEnumGroupConfig_jCBNullable_actionAdapter IllIIIIllIIIIIlI
.field com.runqian.report4.ide.base.PanelEnumGroupConfig_jCBNullable_actionAdapter adaptee Lcom/runqian/report4/ide/base/PanelEnumGroupConfig; _$1
.class com.runqian.report4.ide.base.PanelEnumGroupConfig_jCBViewNames_actionAdapter IIllIlllIllllIII
.field com.runqian.report4.ide.base.PanelEnumGroupConfig_jCBViewNames_actionAdapter adaptee Lcom/runqian/report4/ide/base/PanelEnumGroupConfig; _$1
.class com.runqian.report4.ide.base.PanelEnumGroupConfig_jCBReeligible_actionAdapter IIIlllIlIIIIllIl
.field com.runqian.report4.ide.base.PanelEnumGroupConfig_jCBReeligible_actionAdapter adaptee Lcom/runqian/report4/ide/base/PanelEnumGroupConfig; _$1
.class com.runqian.report4.ide.base.PanelEnumGroupCustom PanelEnumGroupCustom
.field com.runqian.report4.ide.base.PanelEnumGroupCustom deg Lcom/runqian/report4/ide/dialog/DialogEnumGroup; _$1
.field com.runqian.report4.ide.base.PanelEnumGroupCustom panelGroupValue Ljavax/swing/JPanel; _$2
.field com.runqian.report4.ide.base.PanelEnumGroupCustom jPanel2 Ljavax/swing/JPanel; _$3
.field com.runqian.report4.ide.base.PanelEnumGroupCustom jPanel3 Ljavax/swing/JPanel; _$4
.field com.runqian.report4.ide.base.PanelEnumGroupCustom jPanel4 Ljavax/swing/JPanel; _$5
.field com.runqian.report4.ide.base.PanelEnumGroupCustom labelGroupValue Ljavax/swing/JLabel; _$6
.field com.runqian.report4.ide.base.PanelEnumGroupCustom textGroupValue Ljavax/swing/JTextField; _$7
.field com.runqian.report4.ide.base.PanelEnumGroupCustom labelCustom Ljavax/swing/JLabel; _$8
.field com.runqian.report4.ide.base.PanelEnumGroupCustom gridBagLayout1 Ljava/awt/GridBagLayout; _$9
.field com.runqian.report4.ide.base.PanelEnumGroupCustom gridBagLayout2 Ljava/awt/GridBagLayout; _$10
.field com.runqian.report4.ide.base.PanelEnumGroupCustom gridBagLayout4 Ljava/awt/GridBagLayout; _$11
.field com.runqian.report4.ide.base.PanelEnumGroupCustom topInfo Ljavax/swing/JLabel; _$12
.field com.runqian.report4.ide.base.PanelEnumGroupCustom textCondition Ljavax/swing/JTextArea; _$13
.field com.runqian.report4.ide.base.PanelEnumGroupCustom jBEidt Ljavax/swing/JButton; _$14
.field com.runqian.report4.ide.base.PanelEnumGroupCustom borderLayout1 Ljava/awt/BorderLayout; _$15
.field com.runqian.report4.ide.base.PanelEnumGroupCustom jPanel1 Ljavax/swing/JPanel; _$16
.field com.runqian.report4.ide.base.PanelEnumGroupCustom jLabel1 Ljavax/swing/JLabel; _$17
.field com.runqian.report4.ide.base.PanelEnumGroupCustom textDispValue Ljavax/swing/JTextField; _$18
.field com.runqian.report4.ide.base.PanelEnumGroupCustom gridBagLayout5 Ljava/awt/GridBagLayout; _$19
.field com.runqian.report4.ide.base.PanelEnumGroupCustom jScrollPane1 Ljavax/swing/JScrollPane; _$20
.field com.runqian.report4.ide.base.PanelEnumGroupCustom flowLayout1 Ljava/awt/FlowLayout; _$21
.field com.runqian.report4.ide.base.PanelEnumGroupCustom jBEditDispValue Ljavax/swing/JButton; _$22
.method com.runqian.report4.ide.base.PanelEnumGroupCustom resetLangText ()V _$1
.method com.runqian.report4.ide.base.PanelEnumGroupCustom jbInit ()V _$2
.method com.runqian.report4.ide.base.PanelEnumGroupCustom edit ()V _$3
.method com.runqian.report4.ide.base.PanelEnumGroupCustom textCondition_mousePressed (Ljava/awt/event/MouseEvent;)V _$1
.method com.runqian.report4.ide.base.PanelEnumGroupCustom jBEidt_actionPerformed (Ljava/awt/event/ActionEvent;)V _$1
.method com.runqian.report4.ide.base.PanelEnumGroupCustom textGroupValue_keyTyped (Ljava/awt/event/KeyEvent;)V _$1
.method com.runqian.report4.ide.base.PanelEnumGroupCustom textDispValue_keyTyped (Ljava/awt/event/KeyEvent;)V _$2
.method com.runqian.report4.ide.base.PanelEnumGroupCustom textCondition_keyTyped (Ljava/awt/event/KeyEvent;)V _$3
.method com.runqian.report4.ide.base.PanelEnumGroupCustom jBEditDispValue_actionPerformed (Ljava/awt/event/ActionEvent;)V _$2
.method com.runqian.report4.ide.base.PanelEnumGroupCustom textGroupValue_keyReleased (Ljava/awt/event/KeyEvent;)V _$4
.class com.runqian.report4.ide.base.PanelEnumGroupCustom_textCondition_mouseAdapter IIIIlIlIIIlIllII
.field com.runqian.report4.ide.base.PanelEnumGroupCustom_textCondition_mouseAdapter adaptee Lcom/runqian/report4/ide/base/PanelEnumGroupCustom; _$1
.class com.runqian.report4.ide.base.PanelEnumGroupCustom_jBEidt_actionAdapter lllIIllllIlIlllI
.field com.runqian.report4.ide.base.PanelEnumGroupCustom_jBEidt_actionAdapter adaptee Lcom/runqian/report4/ide/base/PanelEnumGroupCustom; _$1
.class com.runqian.report4.ide.base.PanelEnumGroupCustom_textGroupValue_keyAdapter lIIlllllIIIIlIII
.field com.runqian.report4.ide.base.PanelEnumGroupCustom_textGroupValue_keyAdapter adaptee Lcom/runqian/report4/ide/base/PanelEnumGroupCustom; _$1
.class com.runqian.report4.ide.base.PanelEnumGroupCustom_textDispValue_keyAdapter IlIllIlIIllllIII
.field com.runqian.report4.ide.base.PanelEnumGroupCustom_textDispValue_keyAdapter adaptee Lcom/runqian/report4/ide/base/PanelEnumGroupCustom; _$1
.class com.runqian.report4.ide.base.PanelEnumGroupCustom_textCondition_keyAdapter llIlIIlIIIlIlIII
.field com.runqian.report4.ide.base.PanelEnumGroupCustom_textCondition_keyAdapter adaptee Lcom/runqian/report4/ide/base/PanelEnumGroupCustom; _$1
.class com.runqian.report4.ide.base.PanelEnumGroupCustom_jBEditDispValue_actionAdapter IlIlIIIIIlIllIII
.field com.runqian.report4.ide.base.PanelEnumGroupCustom_jBEditDispValue_actionAdapter adaptee Lcom/runqian/report4/ide/base/PanelEnumGroupCustom; _$1
.class com.runqian.report4.ide.base.PanelEnumGroupIn PanelEnumGroupIn
.field com.runqian.report4.ide.base.PanelEnumGroupIn deg Lcom/runqian/report4/ide/dialog/DialogEnumGroup; _$1
.field com.runqian.report4.ide.base.PanelEnumGroupIn notShow Z _$2
.field com.runqian.report4.ide.base.PanelEnumGroupIn jPanel1 Ljavax/swing/JPanel; _$3
.field com.runqian.report4.ide.base.PanelEnumGroupIn jPanel2 Ljavax/swing/JPanel; _$4
.field com.runqian.report4.ide.base.PanelEnumGroupIn jPanel3 Ljavax/swing/JPanel; _$5
.field com.runqian.report4.ide.base.PanelEnumGroupIn jPanel4 Ljavax/swing/JPanel; _$6
.field com.runqian.report4.ide.base.PanelEnumGroupIn labelGroupValue Ljavax/swing/JLabel; _$7
.field com.runqian.report4.ide.base.PanelEnumGroupIn textGroupValue Ljavax/swing/JTextField; _$8
.field com.runqian.report4.ide.base.PanelEnumGroupIn labelColTitle Ljavax/swing/JLabel; _$9
.field com.runqian.report4.ide.base.PanelEnumGroupIn labelColValues Ljavax/swing/JLabel; _$10
.field com.runqian.report4.ide.base.PanelEnumGroupIn textColValues Ljavax/swing/JTextField; _$11
.field com.runqian.report4.ide.base.PanelEnumGroupIn topInfo Ljavax/swing/JLabel; _$12
.field com.runqian.report4.ide.base.PanelEnumGroupIn gridBagLayout1 Ljava/awt/GridBagLayout; _$13
.field com.runqian.report4.ide.base.PanelEnumGroupIn gridBagLayout2 Ljava/awt/GridBagLayout; _$14
.field com.runqian.report4.ide.base.PanelEnumGroupIn gridBagLayout3 Ljava/awt/GridBagLayout; _$15
.field com.runqian.report4.ide.base.PanelEnumGroupIn gridBagLayout4 Ljava/awt/GridBagLayout; _$16
.field com.runqian.report4.ide.base.PanelEnumGroupIn jCBColTitle Lcom/runqian/base4/swing/JComboBoxEx; _$17
.field com.runqian.report4.ide.base.PanelEnumGroupIn jPanel5 Ljavax/swing/JPanel; _$18
.field com.runqian.report4.ide.base.PanelEnumGroupIn labelDispValue Ljavax/swing/JLabel; _$19
.field com.runqian.report4.ide.base.PanelEnumGroupIn textDispValue Ljavax/swing/JTextField; _$20
.field com.runqian.report4.ide.base.PanelEnumGroupIn gridBagLayout5 Ljava/awt/GridBagLayout; _$21
.field com.runqian.report4.ide.base.PanelEnumGroupIn jPanel6 Ljavax/swing/JPanel; _$22
.field com.runqian.report4.ide.base.PanelEnumGroupIn flowLayout1 Ljava/awt/FlowLayout; _$23
.field com.runqian.report4.ide.base.PanelEnumGroupIn jBEditDispValue Ljavax/swing/JButton; _$24
.method com.runqian.report4.ide.base.PanelEnumGroupIn resetLangText ()V _$1
.method com.runqian.report4.ide.base.PanelEnumGroupIn jbInit ()V _$2
.method com.runqian.report4.ide.base.PanelEnumGroupIn setColTitles (Ljava/lang/String;)V _$1
.method com.runqian.report4.ide.base.PanelEnumGroupIn jCBColTitle_actionPerformed (Ljava/awt/event/ActionEvent;)V _$1
.method com.runqian.report4.ide.base.PanelEnumGroupIn textGroupValue_keyTyped (Ljava/awt/event/KeyEvent;)V _$1
.method com.runqian.report4.ide.base.PanelEnumGroupIn textDispValue_keyTyped (Ljava/awt/event/KeyEvent;)V _$2
.method com.runqian.report4.ide.base.PanelEnumGroupIn jCBColTitle_keyTyped (Ljava/awt/event/KeyEvent;)V _$3
.method com.runqian.report4.ide.base.PanelEnumGroupIn textColValues_keyTyped (Ljava/awt/event/KeyEvent;)V _$4
.method com.runqian.report4.ide.base.PanelEnumGroupIn jBEditDispValue_actionPerformed (Ljava/awt/event/ActionEvent;)V _$2
.method com.runqian.report4.ide.base.PanelEnumGroupIn textGroupValue_keyReleased (Ljava/awt/event/KeyEvent;)V _$5
.class com.runqian.report4.ide.base.PanelEnumGroupIn_jCBColTitle_actionAdapter IIlllllIIlIlIIlI
.field com.runqian.report4.ide.base.PanelEnumGroupIn_jCBColTitle_actionAdapter adaptee Lcom/runqian/report4/ide/base/PanelEnumGroupIn; _$1
.class com.runqian.report4.ide.base.PanelEnumGroupIn_textGroupValue_keyAdapter IllIIIIIllIIlIIl
.field com.runqian.report4.ide.base.PanelEnumGroupIn_textGroupValue_keyAdapter adaptee Lcom/runqian/report4/ide/base/PanelEnumGroupIn; _$1
.class com.runqian.report4.ide.base.PanelEnumGroupIn_textDispValue_keyAdapter IlIllllIlIIlIllI
.field com.runqian.report4.ide.base.PanelEnumGroupIn_textDispValue_keyAdapter adaptee Lcom/runqian/report4/ide/base/PanelEnumGroupIn; _$1
.class com.runqian.report4.ide.base.PanelEnumGroupIn_jCBColTitle_keyAdapter lIlIIIllIIIIIllI
.field com.runqian.report4.ide.base.PanelEnumGroupIn_jCBColTitle_keyAdapter adaptee Lcom/runqian/report4/ide/base/PanelEnumGroupIn; _$1
.class com.runqian.report4.ide.base.PanelEnumGroupIn_textColValues_keyAdapter lIIlIIIIIllIIIIl
.field com.runqian.report4.ide.base.PanelEnumGroupIn_textColValues_keyAdapter adaptee Lcom/runqian/report4/ide/base/PanelEnumGroupIn; _$1
.class com.runqian.report4.ide.base.PanelEnumGroupIn_jBEditDispValue_actionAdapter IlIllIIlIIlIlIIl
.field com.runqian.report4.ide.base.PanelEnumGroupIn_jBEditDispValue_actionAdapter adaptee Lcom/runqian/report4/ide/base/PanelEnumGroupIn; _$1
.class com.runqian.report4.ide.base.PanelEnumGroupLike PanelEnumGroupLike
.field com.runqian.report4.ide.base.PanelEnumGroupLike deg Lcom/runqian/report4/ide/dialog/DialogEnumGroup; _$1
.field com.runqian.report4.ide.base.PanelEnumGroupLike notShow Z _$2
.field com.runqian.report4.ide.base.PanelEnumGroupLike jPanel1 Ljavax/swing/JPanel; _$3
.field com.runqian.report4.ide.base.PanelEnumGroupLike jPanel2 Ljavax/swing/JPanel; _$4
.field com.runqian.report4.ide.base.PanelEnumGroupLike jPanel3 Ljavax/swing/JPanel; _$5
.field com.runqian.report4.ide.base.PanelEnumGroupLike jPanel4 Ljavax/swing/JPanel; _$6
.field com.runqian.report4.ide.base.PanelEnumGroupLike jPanel5 Ljavax/swing/JPanel; _$7
.field com.runqian.report4.ide.base.PanelEnumGroupLike lableGroupValue Ljavax/swing/JLabel; _$8
.field com.runqian.report4.ide.base.PanelEnumGroupLike textGroupValue Ljavax/swing/JTextField; _$9
.field com.runqian.report4.ide.base.PanelEnumGroupLike gridBagLayout1 Ljava/awt/GridBagLayout; _$10
.field com.runqian.report4.ide.base.PanelEnumGroupLike jLabel1 Ljavax/swing/JLabel; _$11
.field com.runqian.report4.ide.base.PanelEnumGroupLike textDispValue Ljavax/swing/JTextField; _$12
.field com.runqian.report4.ide.base.PanelEnumGroupLike jLabel2 Ljavax/swing/JLabel; _$13
.field com.runqian.report4.ide.base.PanelEnumGroupLike jCBColTitle Lcom/runqian/base4/swing/JComboBoxEx; _$14
.field com.runqian.report4.ide.base.PanelEnumGroupLike jLabel3 Ljavax/swing/JLabel; _$15
.field com.runqian.report4.ide.base.PanelEnumGroupLike textLikeValue Ljavax/swing/JTextField; _$16
.field com.runqian.report4.ide.base.PanelEnumGroupLike gridBagLayout2 Ljava/awt/GridBagLayout; _$17
.field com.runqian.report4.ide.base.PanelEnumGroupLike gridBagLayout3 Ljava/awt/GridBagLayout; _$18
.field com.runqian.report4.ide.base.PanelEnumGroupLike gridBagLayout4 Ljava/awt/GridBagLayout; _$19
.field com.runqian.report4.ide.base.PanelEnumGroupLike gridBagLayout5 Ljava/awt/GridBagLayout; _$20
.field com.runqian.report4.ide.base.PanelEnumGroupLike jPanel6 Ljavax/swing/JPanel; _$21
.field com.runqian.report4.ide.base.PanelEnumGroupLike jLabel4 Ljavax/swing/JLabel; _$22
.field com.runqian.report4.ide.base.PanelEnumGroupLike flowLayout1 Ljava/awt/FlowLayout; _$23
.field com.runqian.report4.ide.base.PanelEnumGroupLike jBEditDispValue Ljavax/swing/JButton; _$24
.method com.runqian.report4.ide.base.PanelEnumGroupLike resetLangText ()V _$1
.method com.runqian.report4.ide.base.PanelEnumGroupLike jbInit ()V _$2
.method com.runqian.report4.ide.base.PanelEnumGroupLike setColTitles (Ljava/lang/String;)V _$1
.method com.runqian.report4.ide.base.PanelEnumGroupLike jCBColTitle_actionPerformed (Ljava/awt/event/ActionEvent;)V _$1
.method com.runqian.report4.ide.base.PanelEnumGroupLike textGroupValue_keyTyped (Ljava/awt/event/KeyEvent;)V _$1
.method com.runqian.report4.ide.base.PanelEnumGroupLike textDispValue_keyTyped (Ljava/awt/event/KeyEvent;)V _$2
.method com.runqian.report4.ide.base.PanelEnumGroupLike jCBColTitle_keyTyped (Ljava/awt/event/KeyEvent;)V _$3
.method com.runqian.report4.ide.base.PanelEnumGroupLike textLikeValue_keyTyped (Ljava/awt/event/KeyEvent;)V _$4
.method com.runqian.report4.ide.base.PanelEnumGroupLike jBEditDispValue_actionPerformed (Ljava/awt/event/ActionEvent;)V _$2
.method com.runqian.report4.ide.base.PanelEnumGroupLike textGroupValue_keyReleased (Ljava/awt/event/KeyEvent;)V _$5
.class com.runqian.report4.ide.base.PanelEnumGroupLike_jCBColTitle_actionAdapter llIlIIllllIIIIll
.field com.runqian.report4.ide.base.PanelEnumGroupLike_jCBColTitle_actionAdapter adaptee Lcom/runqian/report4/ide/base/PanelEnumGroupLike; _$1
.class com.runqian.report4.ide.base.PanelEnumGroupLike_textGroupValue_keyAdapter IIlIllIlIIIIIllI
.field com.runqian.report4.ide.base.PanelEnumGroupLike_textGroupValue_keyAdapter adaptee Lcom/runqian/report4/ide/base/PanelEnumGroupLike; _$1
.class com.runqian.report4.ide.base.PanelEnumGroupLike_textDispValue_keyAdapter IlIlllIlllIIIllI
.field com.runqian.report4.ide.base.PanelEnumGroupLike_textDispValue_keyAdapter adaptee Lcom/runqian/report4/ide/base/PanelEnumGroupLike; _$1
.class com.runqian.report4.ide.base.PanelEnumGroupLike_jCBColTitle_keyAdapter lIlIlIlIlllIlIlI
.field com.runqian.report4.ide.base.PanelEnumGroupLike_jCBColTitle_keyAdapter adaptee Lcom/runqian/report4/ide/base/PanelEnumGroupLike; _$1
.class com.runqian.report4.ide.base.PanelEnumGroupLike_textLikeValue_keyAdapter IlllllllIlIlllll
.field com.runqian.report4.ide.base.PanelEnumGroupLike_textLikeValue_keyAdapter adaptee Lcom/runqian/report4/ide/base/PanelEnumGroupLike; _$1
.class com.runqian.report4.ide.base.PanelEnumGroupLike_jBEditDispValue_actionAdapter llIIlllllIIIllII
.field com.runqian.report4.ide.base.PanelEnumGroupLike_jBEditDispValue_actionAdapter adaptee Lcom/runqian/report4/ide/base/PanelEnumGroupLike; _$1
.class com.runqian.report4.ide.base.PanelEnumGroupOther PanelEnumGroupOther
.field com.runqian.report4.ide.base.PanelEnumGroupOther deg Lcom/runqian/report4/ide/dialog/DialogEnumGroup; _$1
.field com.runqian.report4.ide.base.PanelEnumGroupOther jPanel1 Ljavax/swing/JPanel; _$2
.field com.runqian.report4.ide.base.PanelEnumGroupOther jLabel1 Ljavax/swing/JLabel; _$3
.field com.runqian.report4.ide.base.PanelEnumGroupOther textOther Ljavax/swing/JTextField; _$4
.field com.runqian.report4.ide.base.PanelEnumGroupOther gridBagLayout1 Ljava/awt/GridBagLayout; _$5
.field com.runqian.report4.ide.base.PanelEnumGroupOther jPanel2 Ljavax/swing/JPanel; _$6
.field com.runqian.report4.ide.base.PanelEnumGroupOther jLabel2 Ljavax/swing/JLabel; _$7
.field com.runqian.report4.ide.base.PanelEnumGroupOther flowLayout1 Ljava/awt/FlowLayout; _$8
.field com.runqian.report4.ide.base.PanelEnumGroupOther jPanel3 Ljavax/swing/JPanel; _$9
.field com.runqian.report4.ide.base.PanelEnumGroupOther gridBagLayout2 Ljava/awt/GridBagLayout; _$10
.field com.runqian.report4.ide.base.PanelEnumGroupOther jPanel4 Ljavax/swing/JPanel; _$11
.field com.runqian.report4.ide.base.PanelEnumGroupOther jLabel3 Ljavax/swing/JLabel; _$12
.field com.runqian.report4.ide.base.PanelEnumGroupOther textDispValue Ljavax/swing/JTextField; _$13
.field com.runqian.report4.ide.base.PanelEnumGroupOther gridBagLayout3 Ljava/awt/GridBagLayout; _$14
.field com.runqian.report4.ide.base.PanelEnumGroupOther jBEditDispValue Ljavax/swing/JButton; _$15
.method com.runqian.report4.ide.base.PanelEnumGroupOther resetLangText ()V _$1
.method com.runqian.report4.ide.base.PanelEnumGroupOther jbInit ()V _$2
.method com.runqian.report4.ide.base.PanelEnumGroupOther textOther_keyTyped (Ljava/awt/event/KeyEvent;)V _$1
.method com.runqian.report4.ide.base.PanelEnumGroupOther textDispValue_keyTyped (Ljava/awt/event/KeyEvent;)V _$2
.method com.runqian.report4.ide.base.PanelEnumGroupOther jBEditDispValue_actionPerformed (Ljava/awt/event/ActionEvent;)V _$1
.class com.runqian.report4.ide.base.PanelEnumGroupOther_textOther_keyAdapter IllllIIllllIlIIl
.field com.runqian.report4.ide.base.PanelEnumGroupOther_textOther_keyAdapter adaptee Lcom/runqian/report4/ide/base/PanelEnumGroupOther; _$1
.class com.runqian.report4.ide.base.PanelEnumGroupOther_textDispValue_keyAdapter llIlIIIIIIIIlIlI
.field com.runqian.report4.ide.base.PanelEnumGroupOther_textDispValue_keyAdapter adaptee Lcom/runqian/report4/ide/base/PanelEnumGroupOther; _$1
.class com.runqian.report4.ide.base.PanelEnumGroupOther_jBEditDispValue_actionAdapter IllllIIllIlllIlI
.field com.runqian.report4.ide.base.PanelEnumGroupOther_jBEditDispValue_actionAdapter adaptee Lcom/runqian/report4/ide/base/PanelEnumGroupOther; _$1
.class com.runqian.report4.ide.base.PIPCustomRelations PIPCustomRelations
.field com.runqian.report4.ide.base.PIPCustomRelations COL_INDEX B _$1
.field com.runqian.report4.ide.base.PIPCustomRelations COL_NAME B _$2
.field com.runqian.report4.ide.base.PIPCustomRelations tableParam Lcom/runqian/base4/swing/JTableEx; _$3
.field com.runqian.report4.ide.base.PIPCustomRelations SPParam Ljavax/swing/JScrollPane; _$4
.field com.runqian.report4.ide.base.PIPCustomRelations panelButton Ljavax/swing/JPanel; _$5
.field com.runqian.report4.ide.base.PIPCustomRelations layoutButton Lcom/borland/jbcl/layout/VerticalFlowLayout; _$6
.field com.runqian.report4.ide.base.PIPCustomRelations jBAdd Ljavax/swing/JButton; _$7
.field com.runqian.report4.ide.base.PIPCustomRelations jBDel Ljavax/swing/JButton; _$8
.field com.runqian.report4.ide.base.PIPCustomRelations jLabel3 Ljavax/swing/JLabel; _$9
.field com.runqian.report4.ide.base.PIPCustomRelations jTFClassName Ljavax/swing/JTextField; _$10
.field com.runqian.report4.ide.base.PIPCustomRelations gridBagLayout1 Ljava/awt/GridBagLayout; _$11
.field com.runqian.report4.ide.base.PIPCustomRelations borderLayout Ljava/awt/BorderLayout; _$12
.field com.runqian.report4.ide.base.PIPCustomRelations panelParam Ljavax/swing/JPanel; _$13
.field com.runqian.report4.ide.base.PIPCustomRelations dataChanged Z _$14
.method com.runqian.report4.ide.base.PIPCustomRelations initData ()V _$1
.method com.runqian.report4.ide.base.PIPCustomRelations init ()V _$2
.method com.runqian.report4.ide.base.PIPCustomRelations resetLangText ()V _$3
.method com.runqian.report4.ide.base.PIPCustomRelations jbInit ()V _$4
.method com.runqian.report4.ide.base.PIPCustomRelations jBAdd_actionPerformed (Ljava/awt/event/ActionEvent;)V _$1
.method com.runqian.report4.ide.base.PIPCustomRelations jBDel_actionPerformed (Ljava/awt/event/ActionEvent;)V _$2
.method com.runqian.report4.ide.base.PIPCustomRelations jTFClassName_actionPerformed (Ljava/awt/event/ActionEvent;)V _$3
.method com.runqian.report4.ide.base.PIPCustomRelations jTFClassName_keyTyped (Ljava/awt/event/KeyEvent;)V _$1
.class com.runqian.report4.ide.base.PIPCustomRelations_jBAdd_actionAdapter llllIIIIIIIlIlII
.field com.runqian.report4.ide.base.PIPCustomRelations_jBAdd_actionAdapter adaptee Lcom/runqian/report4/ide/base/PIPCustomRelations; _$1
.class com.runqian.report4.ide.base.PIPCustomRelations_jBDel_actionAdapter IIllIIllIIlIlIIl
.field com.runqian.report4.ide.base.PIPCustomRelations_jBDel_actionAdapter adaptee Lcom/runqian/report4/ide/base/PIPCustomRelations; _$1
.class com.runqian.report4.ide.base.PIPCustomRelations_jTFClassName_actionAdapter llllllIlIIIlIlIl
.field com.runqian.report4.ide.base.PIPCustomRelations_jTFClassName_actionAdapter adaptee Lcom/runqian/report4/ide/base/PIPCustomRelations; _$1
.class com.runqian.report4.ide.base.PIPCustomRelations_jTFClassName_keyAdapter IIIlllIIIIIlIllI
.field com.runqian.report4.ide.base.PIPCustomRelations_jTFClassName_keyAdapter adaptee Lcom/runqian/report4/ide/base/PIPCustomRelations; _$1
.class com.runqian.report4.ide.base.PIPProcRelations PIPProcRelations
.field com.runqian.report4.ide.base.PIPProcRelations COL_INDEX B _$1
.field com.runqian.report4.ide.base.PIPProcRelations param Lcom/runqian/report4/ide/base/JPanelRelationParam; _$2
.field com.runqian.report4.ide.base.PIPProcRelations buttonLayout Lcom/borland/jbcl/layout/VerticalFlowLayout; _$3
.field com.runqian.report4.ide.base.PIPProcRelations panelButton Ljavax/swing/JPanel; _$4
.field com.runqian.report4.ide.base.PIPProcRelations jBAdd Ljavax/swing/JButton; _$5
.field com.runqian.report4.ide.base.PIPProcRelations jBDel Ljavax/swing/JButton; _$6
.field com.runqian.report4.ide.base.PIPProcRelations jLabel2 Ljavax/swing/JLabel; _$7
.field com.runqian.report4.ide.base.PIPProcRelations jCBDataSource Lcom/runqian/base4/swing/JComboBoxEx; _$8
.field com.runqian.report4.ide.base.PIPProcRelations jLabel3 Ljavax/swing/JLabel; _$9
.field com.runqian.report4.ide.base.PIPProcRelations jTFProc Ljavax/swing/JTextField; _$10
.field com.runqian.report4.ide.base.PIPProcRelations gridBagLayout1 Ljava/awt/GridBagLayout; _$11
.field com.runqian.report4.ide.base.PIPProcRelations borderLayout Ljava/awt/BorderLayout; _$12
.field com.runqian.report4.ide.base.PIPProcRelations panelParam Ljavax/swing/JPanel; _$13
.field com.runqian.report4.ide.base.PIPProcRelations dataChanged Z _$14
.method com.runqian.report4.ide.base.PIPProcRelations initData ()V _$1
.method com.runqian.report4.ide.base.PIPProcRelations init ()V _$2
.method com.runqian.report4.ide.base.PIPProcRelations resetLangText ()V _$3
.method com.runqian.report4.ide.base.PIPProcRelations jbInit ()V _$4
.method com.runqian.report4.ide.base.PIPProcRelations jBAdd_actionPerformed (Ljava/awt/event/ActionEvent;)V _$1
.method com.runqian.report4.ide.base.PIPProcRelations jBDel_actionPerformed (Ljava/awt/event/ActionEvent;)V _$2
.method com.runqian.report4.ide.base.PIPProcRelations jCBDataSource_actionPerformed (Ljava/awt/event/ActionEvent;)V _$3
.method com.runqian.report4.ide.base.PIPProcRelations jTFProc_actionPerformed (Ljava/awt/event/ActionEvent;)V _$4
.method com.runqian.report4.ide.base.PIPProcRelations jTFProc_keyTyped (Ljava/awt/event/KeyEvent;)V _$1
.class com.runqian.report4.ide.base.PIPProcRelations_jBAdd_actionAdapter IlllIllIllIllIlI
.field com.runqian.report4.ide.base.PIPProcRelations_jBAdd_actionAdapter adaptee Lcom/runqian/report4/ide/base/PIPProcRelations; _$1
.class com.runqian.report4.ide.base.PIPProcRelations_jBDel_actionAdapter lIllIIllIIIlIlII
.field com.runqian.report4.ide.base.PIPProcRelations_jBDel_actionAdapter adaptee Lcom/runqian/report4/ide/base/PIPProcRelations; _$1
.class com.runqian.report4.ide.base.PIPProcRelations_jCBDataSource_actionAdapter lIIIIllIlllllIll
.field com.runqian.report4.ide.base.PIPProcRelations_jCBDataSource_actionAdapter adaptee Lcom/runqian/report4/ide/base/PIPProcRelations; _$1
.class com.runqian.report4.ide.base.PIPProcRelations_jTFProc_actionAdapter lIlIllIlIIIIllll
.field com.runqian.report4.ide.base.PIPProcRelations_jTFProc_actionAdapter adaptee Lcom/runqian/report4/ide/base/PIPProcRelations; _$1
.class com.runqian.report4.ide.base.PIPProcRelations_jTFProc_keyAdapter IIIIllIlIIlIllll
.field com.runqian.report4.ide.base.PIPProcRelations_jTFProc_keyAdapter adaptee Lcom/runqian/report4/ide/base/PIPProcRelations; _$1
.class com.runqian.report4.ide.base.PIPTableRelations PIPTableRelations
.field com.runqian.report4.ide.base.PIPTableRelations COL_INDEX B _$1
.field com.runqian.report4.ide.base.PIPTableRelations COL_NAME B _$2
.field com.runqian.report4.ide.base.PIPTableRelations COL_EXP B _$3
.field com.runqian.report4.ide.base.PIPTableRelations COL_ISKEY B _$4
.field com.runqian.report4.ide.base.PIPTableRelations COL_PARAM B _$5
.field com.runqian.report4.ide.base.PIPTableRelations panelNormal Ljavax/swing/JScrollPane; _$6
.field com.runqian.report4.ide.base.PIPTableRelations panelAdvance Ljavax/swing/JSplitPane; _$7
.field com.runqian.report4.ide.base.PIPTableRelations COL_DBFUNCTION I _$8
.field com.runqian.report4.ide.base.PIPTableRelations con Ljava/sql/Connection; _$9
.field com.runqian.report4.ide.base.PIPTableRelations SPAdvance Ljavax/swing/JScrollPane; _$10
.field com.runqian.report4.ide.base.PIPTableRelations paraAdvance Lcom/runqian/report4/ide/base/JPanelRelationParam; _$11
.field com.runqian.report4.ide.base.PIPTableRelations isInit Z _$12
.field com.runqian.report4.ide.base.PIPTableRelations panelButton Ljavax/swing/JPanel; _$13
.field com.runqian.report4.ide.base.PIPTableRelations verticalFlowLayout1 Lcom/borland/jbcl/layout/VerticalFlowLayout; _$14
.field com.runqian.report4.ide.base.PIPTableRelations jBAdd Ljavax/swing/JButton; _$15
.field com.runqian.report4.ide.base.PIPTableRelations jBDel Ljavax/swing/JButton; _$16
.field com.runqian.report4.ide.base.PIPTableRelations jLabel1 Ljavax/swing/JLabel; _$17
.field com.runqian.report4.ide.base.PIPTableRelations panelSchema Ljavax/swing/JPanel; _$18
.field com.runqian.report4.ide.base.PIPTableRelations jCBSchema Ljavax/swing/JComboBox; _$19
.field com.runqian.report4.ide.base.PIPTableRelations jLabel2 Ljavax/swing/JLabel; _$20
.field com.runqian.report4.ide.base.PIPTableRelations jCBDataSource Lcom/runqian/base4/swing/JComboBoxEx; _$21
.field com.runqian.report4.ide.base.PIPTableRelations jLabel3 Ljavax/swing/JLabel; _$22
.field com.runqian.report4.ide.base.PIPTableRelations jCBTable Lcom/runqian/base4/swing/JComboBoxEx; _$23
.field com.runqian.report4.ide.base.PIPTableRelations gridBagLayout1 Ljava/awt/GridBagLayout; _$24
.field com.runqian.report4.ide.base.PIPTableRelations jCBUpdateUnModified Ljavax/swing/JCheckBox; _$25
.field com.runqian.report4.ide.base.PIPTableRelations jBSortable Ljavax/swing/JButton; _$26
.field com.runqian.report4.ide.base.PIPTableRelations panelParam Ljavax/swing/JPanel; _$27
.field com.runqian.report4.ide.base.PIPTableRelations borderLayout1 Ljava/awt/BorderLayout; _$28
.field com.runqian.report4.ide.base.PIPTableRelations jBSwap Ljavax/swing/JButton; _$29
.field com.runqian.report4.ide.base.PIPTableRelations dataChanged Z _$30
.method com.runqian.report4.ide.base.PIPTableRelations resetLangText ()V _$1
.method com.runqian.report4.ide.base.PIPTableRelations jbInit ()V _$2
.method com.runqian.report4.ide.base.PIPTableRelations jBAdd_actionPerformed (Ljava/awt/event/ActionEvent;)V _$1
.method com.runqian.report4.ide.base.PIPTableRelations jBDel_actionPerformed (Ljava/awt/event/ActionEvent;)V _$2
.method com.runqian.report4.ide.base.PIPTableRelations jCBSchema_actionPerformed (Ljava/awt/event/ActionEvent;)V _$3
.method com.runqian.report4.ide.base.PIPTableRelations jCBTable_actionPerformed (Ljava/awt/event/ActionEvent;)V _$4
.method com.runqian.report4.ide.base.PIPTableRelations jBSwap_actionPerformed (Ljava/awt/event/ActionEvent;)V _$5
.method com.runqian.report4.ide.base.PIPTableRelations jCBDataSource_actionPerformed (Ljava/awt/event/ActionEvent;)V _$6
.method com.runqian.report4.ide.base.PIPTableRelations jCBUpdateUnModified_actionPerformed (Ljava/awt/event/ActionEvent;)V _$7
.method com.runqian.report4.ide.base.PIPTableRelations jBSortable_actionPerformed (Ljava/awt/event/ActionEvent;)V _$8
.class com.runqian.report4.ide.base.PIPSemanticRelations PIPSemanticRelations
.method com.runqian.report4.ide.base.PIPSemanticRelations jCBTable_actionPerformed (Ljava/awt/event/ActionEvent;)V _$4
.method com.runqian.report4.ide.base.PIPSemanticRelations jBSortable_actionPerformed (Ljava/awt/event/ActionEvent;)V _$8
.class com.runqian.report4.ide.base.PIPTableRelations_jBAdd_actionAdapter IIllIIIIIIIIlIIl
.field com.runqian.report4.ide.base.PIPTableRelations_jBAdd_actionAdapter adaptee Lcom/runqian/report4/ide/base/PIPTableRelations; _$1
.class com.runqian.report4.ide.base.PIPTableRelations_jBDel_actionAdapter llIIllllllIIIIII
.field com.runqian.report4.ide.base.PIPTableRelations_jBDel_actionAdapter adaptee Lcom/runqian/report4/ide/base/PIPTableRelations; _$1
.class com.runqian.report4.ide.base.PIPTableRelations_jCBSchema_actionAdapter IlIIlIlllIIIIIll
.field com.runqian.report4.ide.base.PIPTableRelations_jCBSchema_actionAdapter adaptee Lcom/runqian/report4/ide/base/PIPTableRelations; _$1
.class com.runqian.report4.ide.base.PIPTableRelations_jCBDataSource_actionAdapter IlllllIIIIlIIIIl
.field com.runqian.report4.ide.base.PIPTableRelations_jCBDataSource_actionAdapter adaptee Lcom/runqian/report4/ide/base/PIPTableRelations; _$1
.class com.runqian.report4.ide.base.PIPTableRelations_jCBTable_actionAdapter IIIlIlllllIIIIlI
.field com.runqian.report4.ide.base.PIPTableRelations_jCBTable_actionAdapter adaptee Lcom/runqian/report4/ide/base/PIPTableRelations; _$1
.class com.runqian.report4.ide.base.PIPTableRelations_jBSwap_actionAdapter IIlIlIlIIlIIIIlI
.field com.runqian.report4.ide.base.PIPTableRelations_jBSwap_actionAdapter adaptee Lcom/runqian/report4/ide/base/PIPTableRelations; _$1
.class com.runqian.report4.ide.base.PIPTableRelations_jCBUpdateUnModified_actionAdapter lIllllllIIIlllll
.field com.runqian.report4.ide.base.PIPTableRelations_jCBUpdateUnModified_actionAdapter adaptee Lcom/runqian/report4/ide/base/PIPTableRelations; _$1
.class com.runqian.report4.ide.base.PIPTableRelations_jBSortable_actionAdapter lllIlIIIIlIIlllI
.field com.runqian.report4.ide.base.PIPTableRelations_jBSortable_actionAdapter adaptee Lcom/runqian/report4/ide/base/PIPTableRelations; _$1
.class com.runqian.report4.ide.base.PropertyNameRender PropertyNameRender
.field com.runqian.report4.ide.base.PropertyNameRender rowRender Ljavax/swing/table/DefaultTableCellRenderer; _$1
.field com.runqian.report4.ide.base.PropertyNameRender colRender Ljavax/swing/table/DefaultTableCellRenderer; _$2
.field com.runqian.report4.ide.base.PropertyNameRender cellRender Ljavax/swing/table/DefaultTableCellRenderer; _$3
.field com.runqian.report4.ide.base.PropertyNameRender sortRender Ljavax/swing/table/DefaultTableCellRenderer; _$4
.field com.runqian.report4.ide.base.PropertyNameRender renderer Ljavax/swing/table/TableCellRenderer; _$5
.class com.runqian.report4.ide.base.RQConnection RQConnection
.method com.runqian.report4.ide.base.RQConnection tildeString (Ljava/lang/String;Ljava/lang/String;)Ljava/lang/String; _$1
.method com.runqian.report4.ide.base.RQConnection convertChartSet (Ljava/lang/String;)Ljava/lang/String; _$1
.method com.runqian.report4.ide.base.RQConnection dealDBCase (Ljava/sql/DatabaseMetaData;Ljava/lang/String;)Ljava/lang/String; _$1
.field com.runqian.report4.ide.base.RQConnection connection Ljava/lang/Object; _$1
.field com.runqian.report4.ide.base.RQConnection dsd Lcom/runqian/report4/remote/DataSourceDefine; _$2
.class com.runqian.report4.ide.base.SemanticsTreeNode SemanticsTreeNode
.field com.runqian.report4.ide.base.SemanticsTreeNode isLoaded Z _$1
.field com.runqian.report4.ide.base.SemanticsTreeNode type B _$2
.field com.runqian.report4.ide.base.SemanticsTreeNode filter Ljava/lang/String; _$3
.field com.runqian.report4.ide.base.SemanticsTreeNode childBuffer Ljava/util/ArrayList; _$4
.method com.runqian.report4.ide.base.SemanticsTreeNode filter ()V _$1
.class com.runqian.report4.ide.base.SemanticsTreeRender SemanticsTreeRender
.class com.runqian.report4.ide.base.TableButtonCellEditor TableButtonCellEditor
.class com.runqian.report4.ide.base.TableButtonCellEditor$EditorDelegate IIIIlIlllIIlIllI
.class com.runqian.report4.ide.base.TableButtonRenderer TableButtonRenderer
.class com.runqian.report4.ide.base.TransferableCells TransferableCells
.field com.runqian.report4.ide.base.TransferableCells cellSelection Lcom/runqian/report4/ide/base/CellSelection; _$1
.field com.runqian.report4.ide.base.TransferableCells flavors [Ljava/awt/datatransfer/DataFlavor; _$2
.class com.runqian.report4.ide.base.TransferableDatasets TransferableDatasets
.field com.runqian.report4.ide.base.TransferableDatasets copiedDataset Lcom/runqian/report4/usermodel/DataSetMetaData; _$1
.field com.runqian.report4.ide.base.TransferableDatasets flavors [Ljava/awt/datatransfer/DataFlavor; _$2
.class com.runqian.report4.ide.base.TransferableMacros TransferableMacros
.field com.runqian.report4.ide.base.TransferableMacros copiedMacro Lcom/runqian/report4/usermodel/MacroMetaData; _$1
.field com.runqian.report4.ide.base.TransferableMacros flavors [Ljava/awt/datatransfer/DataFlavor; _$2
.class com.runqian.report4.ide.base.TransferableParas TransferableParas
.field com.runqian.report4.ide.base.TransferableParas copiedParam Lcom/runqian/report4/usermodel/ParamMetaData; _$1
.field com.runqian.report4.ide.base.TransferableParas flavors [Ljava/awt/datatransfer/DataFlavor; _$2
.class com.runqian.report4.ide.base.TypesEx TypesEx
.method com.runqian.report4.ide.base.TypesEx getDBTypeName (IBI)Ljava/lang/String; _$1
.class com.runqian.report4.ide.base.BorderComboBoxEditor$1 IIIlllIlIIIIlIll
.class com.runqian.report4.ide.base.CSSComboBoxEditor$1 llIllIlIIllIIIIl
.class com.runqian.report4.ide.base.TreePopup$1 lIllllIllllIllIl
.class com.runqian.report4.ide.base.TreePopup$2 IlllllIllllIllIl
.class com.runqian.report4.ide.base.JLayeredPaneParameter$1 lIIlIIIlIIIIlIII
.class com.runqian.report4.ide.base.JPanelAttachedDatasets$1 lIIlllIlIIlIIIII
.class com.runqian.report4.ide.base.JPanelCellStyle$1 IlIllIIIlllllIlI
.class com.runqian.report4.ide.base.JPanelCellStyle$2 llIllIIIlllllIlI
.class com.runqian.report4.ide.base.JPanelCellStyle$3 IIlllIIIlllllIlI
.class com.runqian.report4.ide.base.JPanelCellStyle$4 lIlllIIIlllllIlI
.class com.runqian.report4.ide.base.JPanelDataSet$1 lIIIIIIIIlIIlIII
.class com.runqian.report4.ide.base.JPanelDataSet$2 IlIIIIIIIlIIlIII
.class com.runqian.report4.ide.base.JPanelDataSet$3 llIIIIIIIlIIlIII
.class com.runqian.report4.ide.base.JPanelDataSet$4 IIlIIIIIIlIIlIII
.class com.runqian.report4.ide.base.JPanelDataSet$5 lIlIIIIIIlIIlIII
.class com.runqian.report4.ide.base.JPanelRelationParam$1 lIlIlIllIIllllll
.class com.runqian.report4.ide.base.JPanelSemantics$1 IIIlIlIlIIlIIIIl
.class com.runqian.report4.ide.base.JPanelSemantics$2 lIIlIlIlIIlIIIIl
.class com.runqian.report4.ide.base.JPanelSemantics$3 IlIlIlIlIIlIIIIl
.class com.runqian.report4.ide.base.JPanelSemantics$4 llIlIlIlIIlIIIIl
.class com.runqian.report4.ide.base.JPanelSemantics$5 IIlIllIlIIlIIIIl
.class com.runqian.report4.ide.base.JPanelSemantics$6 lIlIllIlIIlIIIIl
.class com.runqian.report4.ide.base.JPanelSemantics$7 IllIllIlIIlIIIIl
.class com.runqian.report4.ide.base.PanelEnumGroupBetween$1 lIIlllIIIIlIlIIl
.class com.runqian.report4.ide.base.PanelEnumGroupBetween$2 IlIlllIIIIlIlIIl
.class com.runqian.report4.ide.base.PanelEnumGroupCustom$1 llIlIIIIlIlIIlIl
.class com.runqian.report4.ide.base.PanelEnumGroupIn$1 IlIIlIIllIIlIIll
.class com.runqian.report4.ide.base.PanelEnumGroupLike$1 lIlIIIIlIIIIIlIl
.class com.runqian.report4.ide.base.PIPCustomRelations$1 lllIIlIlllIIIllI
.class com.runqian.report4.ide.base.PIPProcRelations$1 lIIIllIlllllIIll
.class com.runqian.report4.ide.base.PIPTableRelations$1 IIIIlllIlIlllllI
.class com.runqian.report4.ide.base.PIPTableRelations$2 llllIIlIlIlllllI
.class com.runqian.report4.ide.base.PIPTableRelations$3 IlllIIlIlIlllllI
.class com.runqian.report4.ide.base.TableButtonCellEditor$1 IIIlIlIIllllIlII
