.class com.runqian.report4.view.olap.expexcel.OlapBaseModel OlapBaseModel
.field com.runqian.report4.view.olap.expexcel.OlapBaseModel text Ljava/lang/String; _$1
.field com.runqian.report4.view.olap.expexcel.OlapBaseModel fontsize Ljava/lang/String; _$2
.field com.runqian.report4.view.olap.expexcel.OlapBaseModel fontface Ljava/lang/String; _$3
.field com.runqian.report4.view.olap.expexcel.OlapBaseModel color Ljava/lang/String; _$4
.field com.runqian.report4.view.olap.expexcel.OlapBaseModel backcolor Ljava/lang/String; _$5
.field com.runqian.report4.view.olap.expexcel.OlapBaseModel align Ljava/lang/String; _$6
.class com.runqian.report4.view.olap.expexcel.OlapCell OlapCell
.field com.runqian.report4.view.olap.expexcel.OlapCell colspan Ljava/lang/String; _$1
.field com.runqian.report4.view.olap.expexcel.OlapCell rowspan Ljava/lang/String; _$2
.field com.runqian.report4.view.olap.expexcel.OlapCell text Ljava/lang/String; _$3
.class com.runqian.report4.view.olap.expexcel.OlapConner OlapConner
.field com.runqian.report4.view.olap.expexcel.OlapConner colspan Ljava/lang/String; _$1
.field com.runqian.report4.view.olap.expexcel.OlapConner rowspan Ljava/lang/String; _$2
.field com.runqian.report4.view.olap.expexcel.OlapConner heigth Ljava/lang/String; _$3
.field com.runqian.report4.view.olap.expexcel.OlapConner width Ljava/lang/String; _$4
.class com.runqian.report4.view.olap.expexcel.OlapContent OlapContent
.field com.runqian.report4.view.olap.expexcel.OlapContent rows Ljava/util/List; _$1
.field com.runqian.report4.view.olap.expexcel.OlapContent style1 Lcom/runqian/report4/view/olap/expexcel/OlapStyle; _$2
.field com.runqian.report4.view.olap.expexcel.OlapContent style2 Lcom/runqian/report4/view/olap/expexcel/OlapStyle; _$3
.field com.runqian.report4.view.olap.expexcel.OlapContent olapFormat Lcom/runqian/report4/view/olap/expexcel/OlapFormat; _$4
.class com.runqian.report4.view.olap.expexcel.OlapExp OlapExp
.field com.runqian.report4.view.olap.expexcel.OlapExp top Lcom/runqian/report4/view/olap/expexcel/OlapTopLeft; _$1
.field com.runqian.report4.view.olap.expexcel.OlapExp left Lcom/runqian/report4/view/olap/expexcel/OlapTopLeft; _$2
.field com.runqian.report4.view.olap.expexcel.OlapExp conner Lcom/runqian/report4/view/olap/expexcel/OlapConner; _$3
.field com.runqian.report4.view.olap.expexcel.OlapExp title Lcom/runqian/report4/view/olap/expexcel/OlapTitle; _$4
.field com.runqian.report4.view.olap.expexcel.OlapExp content Lcom/runqian/report4/view/olap/expexcel/OlapContent; _$5
.field com.runqian.report4.view.olap.expexcel.OlapExp size Lcom/runqian/report4/view/olap/expexcel/OlapSize; _$6
.class com.runqian.report4.view.olap.expexcel.OlapExpExcelAction OlapExpExcelAction
.method com.runqian.report4.view.olap.expexcel.OlapExpExcelAction setOlapConner (Lorg/w3c/dom/NamedNodeMap;Lcom/runqian/report4/view/olap/expexcel/OlapConner;)V _$1
.method com.runqian.report4.view.olap.expexcel.OlapExpExcelAction setOlapTitle (Lorg/w3c/dom/NamedNodeMap;Lcom/runqian/report4/view/olap/expexcel/OlapTitle;)V _$1
.method com.runqian.report4.view.olap.expexcel.OlapExpExcelAction setReportBStyle (Lcom/runqian/report4/usermodel/IReport;)V _$1
.method com.runqian.report4.view.olap.expexcel.OlapExpExcelAction setOlapStyle (Lorg/w3c/dom/NamedNodeMap;Lcom/runqian/report4/view/olap/expexcel/OlapStyle;)V _$1
.method com.runqian.report4.view.olap.expexcel.OlapExpExcelAction readXMLFromRequestBody (Ljavax/servlet/http/HttpServletRequest;)Ljava/lang/String; _$1
.method com.runqian.report4.view.olap.expexcel.OlapExpExcelAction getIReport (Lcom/runqian/report4/view/olap/expexcel/OlapExp;)Lcom/runqian/report4/usermodel/IReport; _$1
.method com.runqian.report4.view.olap.expexcel.OlapExpExcelAction setNormalCell (Lcom/runqian/report4/usermodel/INormalCell;Lcom/runqian/report4/view/olap/expexcel/OlapStyle;)V _$1
.method com.runqian.report4.view.olap.expexcel.OlapExpExcelAction setRowHeight (Lcom/runqian/report4/usermodel/IRowCell;Ljava/lang/String;)V _$1
.method com.runqian.report4.view.olap.expexcel.OlapExpExcelAction setColWidth (Lcom/runqian/report4/usermodel/IColCell;Ljava/lang/String;)V _$1
.method com.runqian.report4.view.olap.expexcel.OlapExpExcelAction setFontSize (Lcom/runqian/report4/usermodel/INormalCell;Ljava/lang/String;)V _$1
.class com.runqian.report4.view.olap.expexcel.OlapFormat OlapFormat
.field com.runqian.report4.view.olap.expexcel.OlapFormat value Ljava/lang/String; _$1
.class com.runqian.report4.view.olap.expexcel.OlapRow OlapRow
.field com.runqian.report4.view.olap.expexcel.OlapRow cols Ljava/util/List; _$1
.class com.runqian.report4.view.olap.expexcel.OlapSize OlapSize
.field com.runqian.report4.view.olap.expexcel.OlapSize colWidth Ljava/util/List; _$1
.field com.runqian.report4.view.olap.expexcel.OlapSize rowHeight Ljava/util/List; _$2
.class com.runqian.report4.view.olap.expexcel.OlapStyle OlapStyle
.class com.runqian.report4.view.olap.expexcel.OlapTitle OlapTitle
.class com.runqian.report4.view.olap.expexcel.OlapTopLeft OlapTopLeft
.field com.runqian.report4.view.olap.expexcel.OlapTopLeft rows Ljava/util/List; _$1
.field com.runqian.report4.view.olap.expexcel.OlapTopLeft style Lcom/runqian/report4/view/olap/expexcel/OlapStyle; _$2
