.class com.runqian.report4.model.expression.function.Average Average
.field com.runqian.report4.model.expression.function.Average cs Lcom/runqian/report4/usermodel/IReport; _$1
.method com.runqian.report4.model.expression.function.Average calcRel (Lcom/runqian/report4/usermodel/Context;Z)Ljava/lang/Object; _$1
.method com.runqian.report4.model.expression.function.Average calcN (Lcom/runqian/report4/model/engine/ExtCellSet;Ljava/lang/Object;Lcom/runqian/report4/model/expression/Expression;Lcom/runqian/report4/usermodel/Context;Z)Ljava/lang/Object; _$1
.method com.runqian.report4.model.expression.function.Average calcR (Lcom/runqian/report4/model/engine2/RowReport;Ljava/lang/Object;Lcom/runqian/report4/model/expression/Expression;Lcom/runqian/report4/usermodel/Context;Z)Ljava/lang/Object; _$1
.class com.runqian.report4.model.expression.function.Average2 Average2
.field com.runqian.report4.model.expression.function.Average2 cs Lcom/runqian/report4/usermodel/IReport; _$1
.method com.runqian.report4.model.expression.function.Average2 calcRel (Lcom/runqian/report4/usermodel/Context;Z)Ljava/lang/Object; _$1
.method com.runqian.report4.model.expression.function.Average2 calcN (Lcom/runqian/report4/model/engine/ExtCellSet;Ljava/lang/Object;Lcom/runqian/report4/model/expression/Expression;Lcom/runqian/report4/usermodel/Context;ZZ)Ljava/lang/Object; _$1
.method com.runqian.report4.model.expression.function.Average2 calcR (Lcom/runqian/report4/model/engine2/RowReport;Ljava/lang/Object;Lcom/runqian/report4/model/expression/Expression;Lcom/runqian/report4/usermodel/Context;ZZ)Ljava/lang/Object; _$1
.class com.runqian.report4.model.expression.function.CalcBarcode CalcBarcode
.field com.runqian.report4.model.expression.function.CalcBarcode valueExp Ljava/lang/Object; _$1
.field com.runqian.report4.model.expression.function.CalcBarcode bp Lcom/runqian/report4/usermodel/BarcodeProperty; _$2
.field com.runqian.report4.model.expression.function.CalcBarcode cs Lcom/runqian/report4/model/engine/ExtCellSet; _$3
.method com.runqian.report4.model.expression.function.CalcBarcode getCellWidth ()I _$1
.method com.runqian.report4.model.expression.function.CalcBarcode getCellHeight ()I _$2
.class com.runqian.report4.model.expression.function.CalcBarcode$DrawBarcode IIIIIIlIIIlIIIII
.method com.runqian.report4.model.expression.function.CalcBarcode$DrawBarcode rotateBufferedImage (Ljava/awt/image/BufferedImage;I)Ljava/awt/image/BufferedImage; _$1
.method com.runqian.report4.model.expression.function.CalcBarcode$DrawBarcode findTranslation (Ljava/awt/geom/AffineTransform;Ljava/awt/image/BufferedImage;)Ljava/awt/geom/AffineTransform; _$1
.class com.runqian.report4.model.expression.function.CalcDMGraph CalcDMGraph
.field com.runqian.report4.model.expression.function.CalcDMGraph state B _$1
.field com.runqian.report4.model.expression.function.CalcDMGraph cs Lcom/runqian/report4/model/engine/ExtCellSet; _$2
.field com.runqian.report4.model.expression.function.CalcDMGraph paramObj Lcom/runqian/report4/model/expression/Expression; _$3
.field com.runqian.report4.model.expression.function.CalcDMGraph dmg Lcom/runqian/report4/model/expression/function/DMGraph; _$4
.class com.runqian.report4.model.expression.function.CalcGraph CalcGraph
.field com.runqian.report4.model.expression.function.CalcGraph cs Lcom/runqian/report4/model/engine/ExtCellSet; _$1
.field com.runqian.report4.model.expression.function.CalcGraph paramObj Lcom/runqian/report4/model/expression/Expression; _$2
.field com.runqian.report4.model.expression.function.CalcGraph state B _$3
.method com.runqian.report4.model.expression.function.CalcGraph checkNumberValue (Ljava/lang/String;Ljava/lang/Object;)V _$1
.method com.runqian.report4.model.expression.function.CalcGraph getCellWidth ()I _$1
.method com.runqian.report4.model.expression.function.CalcGraph getCellHeight ()I _$2
.method com.runqian.report4.model.expression.function.CalcGraph getString (Ljava/lang/String;I)Ljava/lang/String; _$1
.method com.runqian.report4.model.expression.function.CalcGraph isSpecialChart (B)Z _$1
.field com.runqian.report4.model.expression.function.CalcGraph categories [Lcom/runqian/report4/model/expression/function/CalcGraph$PrtGraphCategory; _$4
.field com.runqian.report4.model.expression.function.CalcGraph xTitle Ljava/lang/Object; _$5
.field com.runqian.report4.model.expression.function.CalcGraph yTitle Ljava/lang/Object; _$6
.field com.runqian.report4.model.expression.function.CalcGraph graphTitle Ljava/lang/Object; _$7
.field com.runqian.report4.model.expression.function.CalcGraph barDistance Ljava/lang/Object; _$8
.field com.runqian.report4.model.expression.function.CalcGraph topData Ljava/lang/Object; _$9
.field com.runqian.report4.model.expression.function.CalcGraph alarms [Lcom/runqian/report4/model/expression/function/CalcGraph$PrtAlarmLine; _$10
.field com.runqian.report4.model.expression.function.CalcGraph displayDataFormat1 Ljava/lang/Object; _$11
.field com.runqian.report4.model.expression.function.CalcGraph displayDataFormat2 Ljava/lang/Object; _$12
.field com.runqian.report4.model.expression.function.CalcGraph link Ljava/lang/Object; _$13
.field com.runqian.report4.model.expression.function.CalcGraph linkTarget Ljava/lang/Object; _$14
.field com.runqian.report4.model.expression.function.CalcGraph colorConfig Ljava/lang/String; _$15
.field com.runqian.report4.model.expression.function.CalcGraph yStartValue1 Ljava/lang/Object; _$16
.field com.runqian.report4.model.expression.function.CalcGraph yStartValue2 Ljava/lang/Object; _$17
.field com.runqian.report4.model.expression.function.CalcGraph yEndValue1 Ljava/lang/Object; _$18
.field com.runqian.report4.model.expression.function.CalcGraph yEndValue2 Ljava/lang/Object; _$19
.field com.runqian.report4.model.expression.function.CalcGraph yInterval1 Ljava/lang/Object; _$20
.field com.runqian.report4.model.expression.function.CalcGraph yInterval2 Ljava/lang/Object; _$21
.field com.runqian.report4.model.expression.function.CalcGraph yMinMarks Ljava/lang/Object; _$22
.field com.runqian.report4.model.expression.function.CalcGraph titleMargin Ljava/lang/Object; _$23
.field com.runqian.report4.model.expression.function.CalcGraph xInterval Ljava/lang/Object; _$24
.field com.runqian.report4.model.expression.function.CalcGraph ttXValues [Lcom/runqian/report4/model/expression/function/CalcGraph$PrtTimeTrendXValue; _$25
.field com.runqian.report4.model.expression.function.CalcGraph statusStartTime Ljava/lang/Object; _$26
.field com.runqian.report4.model.expression.function.CalcGraph statusEndTime Ljava/lang/Object; _$27
.field com.runqian.report4.model.expression.function.CalcGraph statusCategory Lcom/runqian/report4/model/expression/Expression; _$28
.field com.runqian.report4.model.expression.function.CalcGraph statusState Ljava/lang/Object; _$29
.field com.runqian.report4.model.expression.function.CalcGraph statusBarWidth Ljava/lang/Object; _$30
.field com.runqian.report4.model.expression.function.CalcGraph prop Lcom/runqian/report4/usermodel/graph/GraphProperty; _$31
.method com.runqian.report4.model.expression.function.CalcGraph GraphExpression (Lcom/runqian/report4/usermodel/Context;Lcom/runqian/report4/usermodel/graph/GraphProperty;)V _$1
.method com.runqian.report4.model.expression.function.CalcGraph calcAlarmLine (Lcom/runqian/report4/usermodel/Context;Lcom/runqian/report4/model/expression/graph/ExtGraphProperty;)V _$1
.method com.runqian.report4.model.expression.function.CalcGraph calcTimeTrend (Lcom/runqian/report4/usermodel/Context;Lcom/runqian/report4/model/expression/graph/ExtGraphProperty;)V _$2
.method com.runqian.report4.model.expression.function.CalcGraph calcTimeStatus (Lcom/runqian/report4/usermodel/Context;Lcom/runqian/report4/model/expression/graph/ExtGraphProperty;B)V _$1
.method com.runqian.report4.model.expression.function.CalcGraph getListValue (Ljava/lang/Object;Lcom/runqian/report4/model/engine/ExtCell;Lcom/runqian/report4/model/engine/ExtCell;Z)Ljava/util/List; _$1
.method com.runqian.report4.model.expression.function.CalcGraph getListValue (Ljava/lang/Object;Lcom/runqian/report4/model/engine/ExtCell;Lcom/runqian/report4/model/engine/ExtCell;Ljava/util/List;Z)Ljava/util/List; _$1
.method com.runqian.report4.model.expression.function.CalcGraph toList (Ljava/lang/Object;Lcom/runqian/report4/model/engine/ExtCell;Lcom/runqian/report4/model/engine/ExtCell;)Ljava/util/List; _$1
.method com.runqian.report4.model.expression.function.CalcGraph calcSery (Lcom/runqian/report4/model/engine/ExtCellSet;Lcom/runqian/report4/usermodel/Context;Lcom/runqian/report4/model/expression/graph/ExtGraphProperty;Ljava/lang/Object;[Lcom/runqian/report4/model/expression/function/CalcGraph$PrtGraphSery;)V _$1
.method com.runqian.report4.model.expression.function.CalcGraph calcCategory (Lcom/runqian/report4/usermodel/Context;Lcom/runqian/report4/model/expression/graph/ExtGraphProperty;)V _$3
.method com.runqian.report4.model.expression.function.CalcGraph getFileBytes (Ljava/lang/String;ZLcom/runqian/report4/usermodel/Context;)[B _$1
.class com.runqian.report4.model.expression.function.CalcGraph$PrtGraphSery lIIIllIlIIlIllll
.field com.runqian.report4.model.expression.function.CalcGraph$PrtGraphSery name Ljava/lang/Object; _$1
.field com.runqian.report4.model.expression.function.CalcGraph$PrtGraphSery value Lcom/runqian/report4/model/expression/Expression; _$2
.field com.runqian.report4.model.expression.function.CalcGraph$PrtGraphSery tips Ljava/lang/Object; _$3
.class com.runqian.report4.model.expression.function.CalcGraph$PrtGraphCategory IIllIlIllllIlIII
.field com.runqian.report4.model.expression.function.CalcGraph$PrtGraphCategory name Ljava/lang/Object; _$1
.field com.runqian.report4.model.expression.function.CalcGraph$PrtGraphCategory graphSery [Lcom/runqian/report4/model/expression/function/CalcGraph$PrtGraphSery; _$2
.class com.runqian.report4.model.expression.function.CalcGraph$PrtAlarmLine IIIlIIlllIIlIlIl
.field com.runqian.report4.model.expression.function.CalcGraph$PrtAlarmLine alarm Lcom/runqian/report4/usermodel/graph/AlarmLine; _$1
.field com.runqian.report4.model.expression.function.CalcGraph$PrtAlarmLine name Ljava/lang/Object; _$2
.field com.runqian.report4.model.expression.function.CalcGraph$PrtAlarmLine value Ljava/lang/Object; _$3
.class com.runqian.report4.model.expression.function.CalcGraph$PrtTimeTrendXValue IIlIIIIIlIlIllII
.field com.runqian.report4.model.expression.function.CalcGraph$PrtTimeTrendXValue trend Lcom/runqian/report4/usermodel/graph/TimeTrendXValue; _$1
.field com.runqian.report4.model.expression.function.CalcGraph$PrtTimeTrendXValue startValue Ljava/lang/Object; _$2
.field com.runqian.report4.model.expression.function.CalcGraph$PrtTimeTrendXValue endValue Ljava/lang/Object; _$3
.field com.runqian.report4.model.expression.function.CalcGraph$PrtTimeTrendXValue sampleValue Ljava/lang/Object; _$4
.field com.runqian.report4.model.expression.function.CalcGraph$PrtTimeTrendXValue markValue Ljava/lang/Object; _$5
.class com.runqian.report4.model.expression.function.CalcGraph$Head llIIIIIlIllIIIIl
.field com.runqian.report4.model.expression.function.CalcGraph$Head leftHead Lcom/runqian/report4/model/engine/ExtCell; _$1
.field com.runqian.report4.model.expression.function.CalcGraph$Head topHead Lcom/runqian/report4/model/engine/ExtCell; _$2
.class com.runqian.report4.model.expression.function.CalcSubRpt CalcSubRpt
.field com.runqian.report4.model.expression.function.CalcSubRpt cs Lcom/runqian/report4/model/engine/ExtCellSet; _$1
.field com.runqian.report4.model.expression.function.CalcSubRpt subRptName Ljava/lang/String; _$2
.field com.runqian.report4.model.expression.function.CalcSubRpt subRptType B _$3
.field com.runqian.report4.model.expression.function.CalcSubRpt paramName [Ljava/lang/String; _$4
.field com.runqian.report4.model.expression.function.CalcSubRpt paramValue [Ljava/lang/Object; _$5
.field com.runqian.report4.model.expression.function.CalcSubRpt paramCount I _$6
.field com.runqian.report4.model.expression.function.CalcSubRpt subRptCongig Lcom/runqian/report4/usermodel/SubReportConfig; _$7
.method com.runqian.report4.model.expression.function.CalcSubRpt readRpt (Lcom/runqian/report4/usermodel/Context;Ljava/lang/String;B)Lcom/runqian/report4/model/ReportDefine; _$1
.method com.runqian.report4.model.expression.function.CalcSubRpt calcRpt (Lcom/runqian/report4/model/ReportDefine;Lcom/runqian/report4/usermodel/Context;Z)Ljava/lang/Object; _$1
.method com.runqian.report4.model.expression.function.CalcSubRpt processImageFile (Lcom/runqian/report4/usermodel/IReport;Lcom/runqian/report4/usermodel/Context;)V _$1
.method com.runqian.report4.model.expression.function.CalcSubRpt getFileBytes (Ljava/lang/String;ZLcom/runqian/report4/usermodel/Context;)[B _$1
.class com.runqian.report4.model.expression.function.Call Call
.class com.runqian.report4.model.expression.function.Call2 Call2
.class com.runqian.report4.model.expression.function.Case Case
.method com.runqian.report4.model.expression.function.Case inList (Ljava/lang/Object;Ljava/lang/Object;)Z _$1
.class com.runqian.report4.model.expression.function.CellColNo CellColNo
.field com.runqian.report4.model.expression.function.CellColNo cs Lcom/runqian/report4/usermodel/IReport; _$1
.class com.runqian.report4.model.expression.function.CellCount CellCount
.class com.runqian.report4.model.expression.function.CellRowNo CellRowNo
.field com.runqian.report4.model.expression.function.CellRowNo cs Lcom/runqian/report4/usermodel/IReport; _$1
.class com.runqian.report4.model.expression.function.CellSum CellSum
.class com.runqian.report4.model.expression.function.Count Count
.class com.runqian.report4.model.expression.function.CSCurrent CSCurrent
.field com.runqian.report4.model.expression.function.CSCurrent cs Lcom/runqian/report4/usermodel/IReport; _$1
.class com.runqian.report4.model.expression.function.DispValue DispValue
.class com.runqian.report4.model.expression.function.DMGraph DMGraph
.field com.runqian.report4.model.expression.function.DMGraph prop Lcom/runqian/report4/usermodel/dmgraph/DMGraphProperty; _$1
.field com.runqian.report4.model.expression.function.DMGraph cs Lcom/runqian/report4/model/engine/ExtCellSet; _$2
.field com.runqian.report4.model.expression.function.DMGraph paramObj Lcom/runqian/report4/model/expression/Expression; _$3
.method com.runqian.report4.model.expression.function.DMGraph calcCategories (Lcom/runqian/report4/model/expression/function/DMGraph$PrtDMGraphSery;Lcom/runqian/report4/usermodel/Context;)[Lcom/runqian/report4/model/expression/graph/ExtGraphCategory; _$1
.method com.runqian.report4.model.expression.function.DMGraph calcSery (Lcom/runqian/report4/model/engine/ExtCellSet;Lcom/runqian/report4/usermodel/Context;Ljava/util/ArrayList;Ljava/lang/Object;[Lcom/runqian/report4/model/expression/function/DMGraph$PrtGraphSery;)V _$1
.method com.runqian.report4.model.expression.function.DMGraph toList (Ljava/lang/Object;Lcom/runqian/report4/model/engine/ExtCell;Lcom/runqian/report4/model/engine/ExtCell;)Ljava/util/List; _$1
.method com.runqian.report4.model.expression.function.DMGraph setCategoryToContext ([Lcom/runqian/report4/model/expression/graph/ExtGraphCategory;Lcom/runqian/report4/model/expression/function/DMGraph$PrtDMGraphCategory;Lcom/runqian/report4/usermodel/dmgraph/DMGraphSery;Ljava/util/HashMap;)V _$1
.field com.runqian.report4.model.expression.function.DMGraph dmArgs [Lcom/runqian/report4/model/expression/function/DMGraph$PrtDMArg; _$4
.field com.runqian.report4.model.expression.function.DMGraph categories [Lcom/runqian/report4/model/expression/function/DMGraph$PrtDMGraphCategory; _$5
.method com.runqian.report4.model.expression.function.DMGraph getListValue (Ljava/lang/Object;Lcom/runqian/report4/model/engine/ExtCell;Lcom/runqian/report4/model/engine/ExtCell;Z)Ljava/util/List; _$1
.method com.runqian.report4.model.expression.function.DMGraph getListValue (Ljava/lang/Object;Lcom/runqian/report4/model/engine/ExtCell;Lcom/runqian/report4/model/engine/ExtCell;Ljava/util/List;Z)Ljava/util/List; _$1
.method com.runqian.report4.model.expression.function.DMGraph checkNumberValue (Ljava/lang/String;Ljava/lang/Object;)V _$1
.class com.runqian.report4.model.expression.function.DMGraph$PrtDMArg lllIllIIlIIIlIll
.field com.runqian.report4.model.expression.function.DMGraph$PrtDMArg name Ljava/lang/String; _$1
.field com.runqian.report4.model.expression.function.DMGraph$PrtDMArg title Ljava/lang/String; _$2
.field com.runqian.report4.model.expression.function.DMGraph$PrtDMArg type I _$3
.field com.runqian.report4.model.expression.function.DMGraph$PrtDMArg value Ljava/lang/Object; _$4
.class com.runqian.report4.model.expression.function.DMGraph$PrtDMGraphCategory IIIIlIlIlIllIlIl
.field com.runqian.report4.model.expression.function.DMGraph$PrtDMGraphCategory name Ljava/lang/String; _$1
.field com.runqian.report4.model.expression.function.DMGraph$PrtDMGraphCategory title Ljava/lang/String; _$2
.field com.runqian.report4.model.expression.function.DMGraph$PrtDMGraphCategory pgss [Lcom/runqian/report4/model/expression/function/DMGraph$PrtDMGraphSery; _$3
.field com.runqian.report4.model.expression.function.DMGraph$PrtDMGraphCategory series [Lcom/runqian/report4/usermodel/dmgraph/DMGraphSery; _$4
.class com.runqian.report4.model.expression.function.DMGraph$PrtDMGraphSery llIIllIIIllllIll
.field com.runqian.report4.model.expression.function.DMGraph$PrtDMGraphSery pgcs [Lcom/runqian/report4/model/expression/function/DMGraph$PrtGraphCategory; _$1
.class com.runqian.report4.model.expression.function.DMGraph$PrtGraphCategory lllIlIlIlIlIIlll
.field com.runqian.report4.model.expression.function.DMGraph$PrtGraphCategory category Ljava/lang/Object; _$1
.field com.runqian.report4.model.expression.function.DMGraph$PrtGraphCategory pgss [Lcom/runqian/report4/model/expression/function/DMGraph$PrtGraphSery; _$2
.class com.runqian.report4.model.expression.function.DMGraph$PrtGraphSery lIllIIIIIlllIIlI
.field com.runqian.report4.model.expression.function.DMGraph$PrtGraphSery name Ljava/lang/Object; _$1
.field com.runqian.report4.model.expression.function.DMGraph$PrtGraphSery tip Ljava/lang/Object; _$2
.field com.runqian.report4.model.expression.function.DMGraph$PrtGraphSery value Ljava/lang/Object; _$3
.class com.runqian.report4.model.expression.function.DMGraph$Head lIlIIlIIlIIlIlII
.field com.runqian.report4.model.expression.function.DMGraph$Head leftHead Lcom/runqian/report4/model/engine/ExtCell; _$1
.field com.runqian.report4.model.expression.function.DMGraph$Head topHead Lcom/runqian/report4/model/engine/ExtCell; _$2
.class com.runqian.report4.model.expression.function.Esc Esc
.field com.runqian.report4.model.expression.function.Esc cs Lcom/runqian/report4/usermodel/IReport; _$1
.field com.runqian.report4.model.expression.function.Esc codeMap Ljava/util/Map; _$2
.field com.runqian.report4.model.expression.function.Esc isGetCode Z _$3
.class com.runqian.report4.model.expression.function.Evaluator Evaluator
.field com.runqian.report4.model.expression.function.Evaluator cs Lcom/runqian/report4/usermodel/IReport; _$1
.class com.runqian.report4.model.expression.function.GetCell GetCell
.field com.runqian.report4.model.expression.function.GetCell cs Lcom/runqian/report4/usermodel/IReport; _$1
.method com.runqian.report4.model.expression.function.GetCell getCell (Lcom/runqian/report4/model/expression/Expression;IILcom/runqian/report4/usermodel/Context;IZ)Ljava/lang/Object; _$1
.method com.runqian.report4.model.expression.function.GetCell getCell2 (Lcom/runqian/report4/model/expression/Expression;IILcom/runqian/report4/usermodel/Context;IZ)Ljava/lang/Object; _$2
.method com.runqian.report4.model.expression.function.GetCell getEECell (Lcom/runqian/report4/model/expression/Expression;IILcom/runqian/report4/usermodel/Context;IZ)Ljava/lang/Object; _$3
.method com.runqian.report4.model.expression.function.GetCell getEECell2 (Lcom/runqian/report4/model/expression/Expression;IILcom/runqian/report4/usermodel/Context;IZ)Ljava/lang/Object; _$4
.class com.runqian.report4.model.expression.function.GetDataSet GetDataSet
.class com.runqian.report4.model.expression.function.ICustomBarcode ICustomBarcode
.class com.runqian.report4.model.expression.function.IfFun IfFun
.class com.runqian.report4.model.expression.function.InputValue InputValue
.class com.runqian.report4.model.expression.function.IsEmpty IsEmpty
.class com.runqian.report4.model.expression.function.LeftHead LeftHead
.field com.runqian.report4.model.expression.function.LeftHead cs Lcom/runqian/report4/model/engine/ExtCellSet; _$1
.field com.runqian.report4.model.expression.function.LeftHead source Lcom/runqian/report4/model/engine/ExtCell; _$2
.field com.runqian.report4.model.expression.function.LeftHead seek I _$3
.class com.runqian.report4.model.expression.function.Max Max
.field com.runqian.report4.model.expression.function.Max cs Lcom/runqian/report4/usermodel/IReport; _$1
.method com.runqian.report4.model.expression.function.Max calcRel (Lcom/runqian/report4/usermodel/Context;Z)Ljava/lang/Object; _$1
.method com.runqian.report4.model.expression.function.Max calcN (Lcom/runqian/report4/model/engine/ExtCellSet;Ljava/lang/Object;Lcom/runqian/report4/model/expression/Expression;Lcom/runqian/report4/usermodel/Context;Z)Ljava/lang/Object; _$1
.method com.runqian.report4.model.expression.function.Max calcR (Lcom/runqian/report4/model/engine2/RowReport;Ljava/lang/Object;Lcom/runqian/report4/model/expression/Expression;Lcom/runqian/report4/usermodel/Context;Z)Ljava/lang/Object; _$1
.class com.runqian.report4.model.expression.function.MaxCell MaxCell
.field com.runqian.report4.model.expression.function.MaxCell cs Lcom/runqian/report4/usermodel/IReport; _$1
.class com.runqian.report4.model.expression.function.MaxWidth MaxWidth
.field com.runqian.report4.model.expression.function.MaxWidth cs Lcom/runqian/report4/usermodel/IReport; _$1
.method com.runqian.report4.model.expression.function.MaxWidth getMaxWidth (Z)I _$1
.method com.runqian.report4.model.expression.function.MaxWidth getMaxWidth2 (Z)I _$2
.method com.runqian.report4.model.expression.function.MaxWidth width (Ljava/lang/String;)I _$1
.class com.runqian.report4.model.expression.function.Min Min
.field com.runqian.report4.model.expression.function.Min cs Lcom/runqian/report4/usermodel/IReport; _$1
.method com.runqian.report4.model.expression.function.Min calcRel (Lcom/runqian/report4/usermodel/Context;Z)Ljava/lang/Object; _$1
.method com.runqian.report4.model.expression.function.Min calcN (Lcom/runqian/report4/model/engine/ExtCellSet;Ljava/lang/Object;Lcom/runqian/report4/model/expression/Expression;Lcom/runqian/report4/usermodel/Context;Z)Ljava/lang/Object; _$1
.method com.runqian.report4.model.expression.function.Min calcR (Lcom/runqian/report4/model/engine2/RowReport;Ljava/lang/Object;Lcom/runqian/report4/model/expression/Expression;Lcom/runqian/report4/usermodel/Context;Z)Ljava/lang/Object; _$1
.class com.runqian.report4.model.expression.function.MinCell MinCell
.field com.runqian.report4.model.expression.function.MinCell cs Lcom/runqian/report4/usermodel/IReport; _$1
.class com.runqian.report4.model.expression.function.Nvl Nvl
.class com.runqian.report4.model.expression.function.PageCount PageCount
.field com.runqian.report4.model.expression.function.PageCount cs Lcom/runqian/report4/usermodel/IReport; _$1
.class com.runqian.report4.model.expression.function.PageNumber PageNumber
.field com.runqian.report4.model.expression.function.PageNumber cs Lcom/runqian/report4/usermodel/IReport; _$1
.class com.runqian.report4.model.expression.function.Plot Plot
.class com.runqian.report4.model.expression.function.Query Query
.class com.runqian.report4.model.expression.function.Query2 Query2
.class com.runqian.report4.model.expression.function.QueryCount QueryCount
.class com.runqian.report4.model.expression.function.Sequence Sequence
.field com.runqian.report4.model.expression.function.Sequence cs Lcom/runqian/report4/usermodel/IReport; _$1
.method com.runqian.report4.model.expression.function.Sequence getPrevLeftHead (Lcom/runqian/report4/model/engine/ExtCell;)Lcom/runqian/report4/model/engine/ExtCell; _$1
.method com.runqian.report4.model.expression.function.Sequence getPrevTopHead (Lcom/runqian/report4/model/engine/ExtCell;)Lcom/runqian/report4/model/engine/ExtCell; _$2
.method com.runqian.report4.model.expression.function.Sequence getPrevParentRow (Lcom/runqian/report4/model/engine2/ExtRow;)Lcom/runqian/report4/model/engine2/ExtRow; _$1
.class com.runqian.report4.model.expression.function.Sort Sort
.class com.runqian.report4.model.expression.function.Sort$MyComparator IlIIllIIIlIIlIII
.field com.runqian.report4.model.expression.function.Sort$MyComparator asc Z _$1
.class com.runqian.report4.model.expression.function.SubList SubList
.class com.runqian.report4.model.expression.function.Sum Sum
.field com.runqian.report4.model.expression.function.Sum cs Lcom/runqian/report4/usermodel/IReport; _$1
.method com.runqian.report4.model.expression.function.Sum calcRel (Lcom/runqian/report4/usermodel/Context;Z)Ljava/lang/Object; _$1
.method com.runqian.report4.model.expression.function.Sum calcN (Lcom/runqian/report4/model/engine/ExtCellSet;Ljava/lang/Object;Lcom/runqian/report4/model/expression/Expression;Lcom/runqian/report4/usermodel/Context;Z)Ljava/lang/Object; _$1
.method com.runqian.report4.model.expression.function.Sum calcR (Lcom/runqian/report4/model/engine2/RowReport;Ljava/lang/Object;Lcom/runqian/report4/model/expression/Expression;Lcom/runqian/report4/usermodel/Context;Z)Ljava/lang/Object; _$1
.class com.runqian.report4.model.expression.function.ThrowException ThrowException
.class com.runqian.report4.model.expression.function.To To
.class com.runqian.report4.model.expression.function.TopHead TopHead
.field com.runqian.report4.model.expression.function.TopHead cs Lcom/runqian/report4/model/engine/ExtCellSet; _$1
.field com.runqian.report4.model.expression.function.TopHead source Lcom/runqian/report4/model/engine/ExtCell; _$2
.field com.runqian.report4.model.expression.function.TopHead seek I _$3
.class com.runqian.report4.model.expression.function.ValueAt ValueAt
.class com.runqian.report4.model.expression.function.ValueList ValueList
.class com.runqian.report4.model.expression.function.ValueList2 ValueList2
.class com.runqian.report4.model.expression.function.ValueMap ValueMap
.field com.runqian.report4.model.expression.function.ValueMap cs Lcom/runqian/report4/usermodel/IReport; _$1
