.class com.runqian.report4.model.expression.operator.Add Add
.method com.runqian.report4.model.expression.operator.Add ExcelExpAdd (Ljava/lang/Object;Ljava/lang/Object;Lcom/runqian/report4/usermodel/Context;Z)Ljava/lang/Object; _$1
.class com.runqian.report4.model.expression.operator.Address Address
.field com.runqian.report4.model.expression.operator.Address cs Lcom/runqian/report4/usermodel/IReport; _$1
.field com.runqian.report4.model.expression.operator.Address Optimize_Size I _$2
.method com.runqian.report4.model.expression.operator.Address cal1 (Lcom/runqian/report4/model/engine/ExtCellSet;Lcom/runqian/report4/model/engine/ExtCell;Lcom/runqian/report4/usermodel/Context;)Ljava/lang/Object; _$1
.method com.runqian.report4.model.expression.operator.Address cal2 (Lcom/runqian/report4/model/engine2/RowReport;Lcom/runqian/report4/model/engine2/SrcCell;Lcom/runqian/report4/usermodel/Context;)Ljava/lang/Object; _$1
.class com.runqian.report4.model.expression.operator.And And
.class com.runqian.report4.model.expression.operator.Comma Comma
.class com.runqian.report4.model.expression.operator.Divide Divide
.class com.runqian.report4.model.expression.operator.DSMember DSMember
.class com.runqian.report4.model.expression.operator.Equals Equals
.class com.runqian.report4.model.expression.operator.Evaluate Evaluate
.class com.runqian.report4.model.expression.operator.Greater Greater
.class com.runqian.report4.model.expression.operator.In In
.method com.runqian.report4.model.expression.operator.In contains (Ljava/util/List;Ljava/lang/Object;Z)Z _$1
.class com.runqian.report4.model.expression.operator.Link Link
.field com.runqian.report4.model.expression.operator.Link cs Lcom/runqian/report4/usermodel/IReport; _$1
.method com.runqian.report4.model.expression.operator.Link cal1 (Lcom/runqian/report4/model/engine/ExtCellSet;Lcom/runqian/report4/usermodel/Context;Z)Ljava/lang/Object; _$1
.method com.runqian.report4.model.expression.operator.Link cal2 (Lcom/runqian/report4/model/engine2/RowReport;Lcom/runqian/report4/usermodel/Context;Z)Ljava/lang/Object; _$1
.class com.runqian.report4.model.expression.operator.Mod Mod
.class com.runqian.report4.model.expression.operator.Multiply Multiply
.class com.runqian.report4.model.expression.operator.Negative Negative
.class com.runqian.report4.model.expression.operator.Not Not
.class com.runqian.report4.model.expression.operator.NotEquals NotEquals
.class com.runqian.report4.model.expression.operator.NotGreater NotGreater
.class com.runqian.report4.model.expression.operator.NotSmaller NotSmaller
.class com.runqian.report4.model.expression.operator.Or Or
.class com.runqian.report4.model.expression.operator.Plus Plus
.class com.runqian.report4.model.expression.operator.Smaller Smaller
.class com.runqian.report4.model.expression.operator.Subtract Subtract
