.class com.runqian.report4.tag.AutoBigTag AutoBigTag
.field com.runqian.report4.tag.AutoBigTag name Ljava/lang/String; _$1
.field com.runqian.report4.tag.AutoBigTag reportFileName Ljava/lang/String; _$2
.field com.runqian.report4.tag.AutoBigTag totalCountExp Ljava/lang/String; _$3
.field com.runqian.report4.tag.AutoBigTag pageCount Ljava/lang/String; _$4
.field com.runqian.report4.tag.AutoBigTag cachePageNum Ljava/lang/String; _$5
.field com.runqian.report4.tag.AutoBigTag dbType Ljava/lang/String; _$6
.field com.runqian.report4.tag.AutoBigTag dsName Ljava/lang/String; _$7
.field com.runqian.report4.tag.AutoBigTag countPerExportPage Ljava/lang/String; _$8
.field com.runqian.report4.tag.AutoBigTag params Ljava/lang/String; _$9
.field com.runqian.report4.tag.AutoBigTag scale Ljava/lang/String; _$10
.field com.runqian.report4.tag.AutoBigTag needPageMark Ljava/lang/String; _$11
.field com.runqian.report4.tag.AutoBigTag funcBarFontFace Ljava/lang/String; _$12
.field com.runqian.report4.tag.AutoBigTag funcBarFontSize Ljava/lang/String; _$13
.field com.runqian.report4.tag.AutoBigTag funcBarFontColor Ljava/lang/String; _$14
.field com.runqian.report4.tag.AutoBigTag functionBarColor Ljava/lang/String; _$15
.field com.runqian.report4.tag.AutoBigTag separator Ljava/lang/String; _$16
.field com.runqian.report4.tag.AutoBigTag needSaveAsExcel Ljava/lang/String; _$17
.field com.runqian.report4.tag.AutoBigTag needSaveAsPdf Ljava/lang/String; _$18
.field com.runqian.report4.tag.AutoBigTag needSaveAsWord Ljava/lang/String; _$19
.field com.runqian.report4.tag.AutoBigTag excelFormat Ljava/lang/String; _$20
.field com.runqian.report4.tag.AutoBigTag needPrint Ljava/lang/String; _$21
.field com.runqian.report4.tag.AutoBigTag funcBarLocation Ljava/lang/String; _$22
.field com.runqian.report4.tag.AutoBigTag pageMarkLabel Ljava/lang/String; _$23
.field com.runqian.report4.tag.AutoBigTag firstPageLabel Ljava/lang/String; _$24
.field com.runqian.report4.tag.AutoBigTag prevPageLabel Ljava/lang/String; _$25
.field com.runqian.report4.tag.AutoBigTag nextPageLabel Ljava/lang/String; _$26
.field com.runqian.report4.tag.AutoBigTag lastPageLabel Ljava/lang/String; _$27
.field com.runqian.report4.tag.AutoBigTag printLabel Ljava/lang/String; _$28
.field com.runqian.report4.tag.AutoBigTag excelLabel Ljava/lang/String; _$29
.field com.runqian.report4.tag.AutoBigTag pdfLabel Ljava/lang/String; _$30
.field com.runqian.report4.tag.AutoBigTag wordLabel Ljava/lang/String; _$31
.field com.runqian.report4.tag.AutoBigTag generateParamForm Ljava/lang/String; _$32
.field com.runqian.report4.tag.AutoBigTag displayNoLinkPageMark Ljava/lang/String; _$33
.field com.runqian.report4.tag.AutoBigTag saveAsName Ljava/lang/String; _$34
.field com.runqian.report4.tag.AutoBigTag userFuncBarElements Ljava/lang/String; _$35
.field com.runqian.report4.tag.AutoBigTag needSelectPrinter Ljava/lang/String; _$36
.field com.runqian.report4.tag.AutoBigTag exceptionPage Ljava/lang/String; _$37
.field com.runqian.report4.tag.AutoBigTag needScroll Ljava/lang/String; _$38
.field com.runqian.report4.tag.AutoBigTag scrollWidth Ljava/lang/String; _$39
.field com.runqian.report4.tag.AutoBigTag scrollHeight Ljava/lang/String; _$40
.field com.runqian.report4.tag.AutoBigTag scrollBorder Ljava/lang/String; _$41
.field com.runqian.report4.tag.AutoBigTag appletJarName Ljava/lang/String; _$42
.field com.runqian.report4.tag.AutoBigTag needLinkStyle Ljava/lang/String; _$43
.field com.runqian.report4.tag.AutoBigTag reportEnterUrl Ljava/lang/String; _$44
.field com.runqian.report4.tag.AutoBigTag exportExcelServlet Ljava/lang/String; _$45
.field com.runqian.report4.tag.AutoBigTag calculateListener Ljava/lang/String; _$46
.field com.runqian.report4.tag.AutoBigTag exportExcelOneSheet Ljava/lang/String; _$47
.field com.runqian.report4.tag.AutoBigTag paperType Ljava/lang/String; _$48
.field com.runqian.report4.tag.AutoBigTag paperWidth Ljava/lang/String; _$49
.field com.runqian.report4.tag.AutoBigTag paperHeight Ljava/lang/String; _$50
.field com.runqian.report4.tag.AutoBigTag leftMargin Ljava/lang/String; _$51
.field com.runqian.report4.tag.AutoBigTag rightMargin Ljava/lang/String; _$52
.field com.runqian.report4.tag.AutoBigTag topMargin Ljava/lang/String; _$53
.field com.runqian.report4.tag.AutoBigTag bottomMargin Ljava/lang/String; _$54
.field com.runqian.report4.tag.AutoBigTag useCache Ljava/lang/String; _$55
.field com.runqian.report4.tag.AutoBigTag timeout Ljava/lang/String; _$56
.field com.runqian.report4.tag.AutoBigTag rowsPerRecord Ljava/lang/String; _$57
.field com.runqian.report4.tag.AutoBigTag groupFileName Ljava/lang/String; _$58
.field com.runqian.report4.tag.AutoBigTag totalPage J _$59
.field com.runqian.report4.tag.AutoBigTag startRowParamName Ljava/lang/String; _$60
.field com.runqian.report4.tag.AutoBigTag endRowParamName Ljava/lang/String; _$61
.method com.runqian.report4.tag.AutoBigTag createGroupReport (Lcom/runqian/report4/usermodel/IReport;Ljava/lang/String;J)V _$1
.method com.runqian.report4.tag.AutoBigTag initParameters (Ljavax/servlet/http/HttpServletRequest;)V _$1
.method com.runqian.report4.tag.AutoBigTag getDefaultParam (Ljava/lang/String;Ljava/lang/String;)Ljava/lang/String; _$1
.method com.runqian.report4.tag.AutoBigTag createTempFileName (Ljavax/servlet/http/HttpServletRequest;)Ljava/lang/String; _$2
.method com.runqian.report4.tag.AutoBigTag getPageParam (Ljavax/servlet/http/HttpServletRequest;Ljava/lang/String;)Ljava/lang/String; _$1
.method com.runqian.report4.tag.AutoBigTag getSaveURL (Ljava/lang/String;ILjava/lang/String;)Ljava/lang/String; _$1
.method com.runqian.report4.tag.AutoBigTag removeTmpGroupFile (Ljava/io/File;Ljava/lang/String;)V _$1
.method com.runqian.report4.tag.AutoBigTag toExceptionPage (Ljava/lang/Throwable;)V _$1
.method com.runqian.report4.tag.AutoBigTag generateParamsFormHtml (Ljava/lang/String;Lcom/runqian/report4/usermodel/IReport;Ljava/lang/String;Ljava/lang/String;Ljavax/servlet/ServletContext;Ljavax/servlet/http/HttpServletRequest;)Ljava/lang/String; _$1
.class com.runqian.report4.tag.AutoBigTag$GroupFileImageFilter llIlIIlIlIIIIlll
.class com.runqian.report4.tag.BigTag BigTag
.field com.runqian.report4.tag.BigTag name Ljava/lang/String; _$1
.field com.runqian.report4.tag.BigTag reportFileName Ljava/lang/String; _$2
.field com.runqian.report4.tag.BigTag totalCountExp Ljava/lang/String; _$3
.field com.runqian.report4.tag.BigTag pageCount Ljava/lang/String; _$4
.field com.runqian.report4.tag.BigTag cachePageNum Ljava/lang/String; _$5
.field com.runqian.report4.tag.BigTag dbType Ljava/lang/String; _$6
.field com.runqian.report4.tag.BigTag dsName Ljava/lang/String; _$7
.field com.runqian.report4.tag.BigTag countPerExportPage Ljava/lang/String; _$8
.field com.runqian.report4.tag.BigTag autoMode Ljava/lang/String; _$9
.field com.runqian.report4.tag.BigTag params Ljava/lang/String; _$10
.field com.runqian.report4.tag.BigTag scale Ljava/lang/String; _$11
.field com.runqian.report4.tag.BigTag needPageMark Ljava/lang/String; _$12
.field com.runqian.report4.tag.BigTag funcBarFontFace Ljava/lang/String; _$13
.field com.runqian.report4.tag.BigTag funcBarFontSize Ljava/lang/String; _$14
.field com.runqian.report4.tag.BigTag funcBarFontColor Ljava/lang/String; _$15
.field com.runqian.report4.tag.BigTag functionBarColor Ljava/lang/String; _$16
.field com.runqian.report4.tag.BigTag separator Ljava/lang/String; _$17
.field com.runqian.report4.tag.BigTag needSaveAsExcel Ljava/lang/String; _$18
.field com.runqian.report4.tag.BigTag needSaveAsPdf Ljava/lang/String; _$19
.field com.runqian.report4.tag.BigTag needSaveAsWord Ljava/lang/String; _$20
.field com.runqian.report4.tag.BigTag excelFormat Ljava/lang/String; _$21
.field com.runqian.report4.tag.BigTag needPrint Ljava/lang/String; _$22
.field com.runqian.report4.tag.BigTag funcBarLocation Ljava/lang/String; _$23
.field com.runqian.report4.tag.BigTag pageMarkLabel Ljava/lang/String; _$24
.field com.runqian.report4.tag.BigTag firstPageLabel Ljava/lang/String; _$25
.field com.runqian.report4.tag.BigTag prevPageLabel Ljava/lang/String; _$26
.field com.runqian.report4.tag.BigTag nextPageLabel Ljava/lang/String; _$27
.field com.runqian.report4.tag.BigTag lastPageLabel Ljava/lang/String; _$28
.field com.runqian.report4.tag.BigTag printLabel Ljava/lang/String; _$29
.field com.runqian.report4.tag.BigTag excelLabel Ljava/lang/String; _$30
.field com.runqian.report4.tag.BigTag pdfLabel Ljava/lang/String; _$31
.field com.runqian.report4.tag.BigTag wordLabel Ljava/lang/String; _$32
.field com.runqian.report4.tag.BigTag generateParamForm Ljava/lang/String; _$33
.field com.runqian.report4.tag.BigTag displayNoLinkPageMark Ljava/lang/String; _$34
.field com.runqian.report4.tag.BigTag saveAsName Ljava/lang/String; _$35
.field com.runqian.report4.tag.BigTag userFuncBarElements Ljava/lang/String; _$36
.field com.runqian.report4.tag.BigTag needSelectPrinter Ljava/lang/String; _$37
.field com.runqian.report4.tag.BigTag exceptionPage Ljava/lang/String; _$38
.field com.runqian.report4.tag.BigTag needScroll Ljava/lang/String; _$39
.field com.runqian.report4.tag.BigTag scrollWidth Ljava/lang/String; _$40
.field com.runqian.report4.tag.BigTag scrollHeight Ljava/lang/String; _$41
.field com.runqian.report4.tag.BigTag scrollBorder Ljava/lang/String; _$42
.field com.runqian.report4.tag.BigTag appletJarName Ljava/lang/String; _$43
.field com.runqian.report4.tag.BigTag needLinkStyle Ljava/lang/String; _$44
.field com.runqian.report4.tag.BigTag reportEnterUrl Ljava/lang/String; _$45
.field com.runqian.report4.tag.BigTag exportExcelServlet Ljava/lang/String; _$46
.field com.runqian.report4.tag.BigTag calculateListener Ljava/lang/String; _$47
.field com.runqian.report4.tag.BigTag exportExcelOneSheet Ljava/lang/String; _$48
.field com.runqian.report4.tag.BigTag paperType Ljava/lang/String; _$49
.field com.runqian.report4.tag.BigTag paperWidth Ljava/lang/String; _$50
.field com.runqian.report4.tag.BigTag paperHeight Ljava/lang/String; _$51
.field com.runqian.report4.tag.BigTag leftMargin Ljava/lang/String; _$52
.field com.runqian.report4.tag.BigTag rightMargin Ljava/lang/String; _$53
.field com.runqian.report4.tag.BigTag topMargin Ljava/lang/String; _$54
.field com.runqian.report4.tag.BigTag bottomMargin Ljava/lang/String; _$55
.field com.runqian.report4.tag.BigTag useCache Ljava/lang/String; _$56
.field com.runqian.report4.tag.BigTag timeout Ljava/lang/String; _$57
.field com.runqian.report4.tag.BigTag startRowParamName Ljava/lang/String; _$58
.field com.runqian.report4.tag.BigTag endRowParamName Ljava/lang/String; _$59
.field com.runqian.report4.tag.BigTag rowsPerRecord Ljava/lang/String; _$60
.field com.runqian.report4.tag.BigTag groupFileName Ljava/lang/String; _$61
.field com.runqian.report4.tag.BigTag totalPage J _$62
.method com.runqian.report4.tag.BigTag createGroupReport (Lcom/runqian/report4/usermodel/IReport;Ljava/lang/String;J)V _$1
.method com.runqian.report4.tag.BigTag initParameters (Ljavax/servlet/http/HttpServletRequest;)V _$1
.method com.runqian.report4.tag.BigTag getDefaultParam (Ljava/lang/String;Ljava/lang/String;)Ljava/lang/String; _$1
.method com.runqian.report4.tag.BigTag createTempFileName (Ljavax/servlet/http/HttpServletRequest;)Ljava/lang/String; _$2
.method com.runqian.report4.tag.BigTag getPageParam (Ljavax/servlet/http/HttpServletRequest;Ljava/lang/String;)Ljava/lang/String; _$1
.method com.runqian.report4.tag.BigTag getSaveURL (Ljava/lang/String;ILjava/lang/String;)Ljava/lang/String; _$1
.method com.runqian.report4.tag.BigTag removeTmpGroupFile (Ljava/io/File;Ljava/lang/String;)V _$1
.method com.runqian.report4.tag.BigTag toExceptionPage (Ljava/lang/Throwable;)V _$1
.method com.runqian.report4.tag.BigTag generateParamsFormHtml (Ljava/lang/String;Lcom/runqian/report4/usermodel/IReport;Ljava/lang/String;Ljava/lang/String;Ljavax/servlet/ServletContext;Ljavax/servlet/http/HttpServletRequest;)Ljava/lang/String; _$1
.class com.runqian.report4.tag.BigTag$GroupFileImageFilter IlllIIIIlIlIllII
.class com.runqian.report4.tag.CommonQueryResource CommonQueryResource
.class com.runqian.report4.tag.CommonQuerySaveAction CommonQuerySaveAction
.class com.runqian.report4.tag.CommonQueryTag CommonQueryTag
.field com.runqian.report4.tag.CommonQueryTag raq Ljava/lang/String; _$1
.field com.runqian.report4.tag.CommonQueryTag srcType Ljava/lang/String; _$2
.field com.runqian.report4.tag.CommonQueryTag needSave Ljava/lang/String; _$3
.field com.runqian.report4.tag.CommonQueryTag needReload Ljava/lang/String; _$4
.field com.runqian.report4.tag.CommonQueryTag needQuery Ljava/lang/String; _$5
.field com.runqian.report4.tag.CommonQueryTag conditions Ljava/lang/String; _$6
.field com.runqian.report4.tag.CommonQueryTag fieldColWidth Ljava/lang/String; _$7
.field com.runqian.report4.tag.CommonQueryTag setupIcon Ljava/lang/String; _$8
.field com.runqian.report4.tag.CommonQueryTag saveIcon Ljava/lang/String; _$9
.field com.runqian.report4.tag.CommonQueryTag reloadIcon Ljava/lang/String; _$10
.field com.runqian.report4.tag.CommonQueryTag queryIcon Ljava/lang/String; _$11
.field com.runqian.report4.tag.CommonQueryTag calIcon Ljava/lang/String; _$12
.field com.runqian.report4.tag.CommonQueryTag styleDefine Ljava/lang/String; _$13
.field com.runqian.report4.tag.CommonQueryTag submitFunc Ljava/lang/String; _$14
.field com.runqian.report4.tag.CommonQueryTag savePath Ljava/lang/String; _$15
.field com.runqian.report4.tag.CommonQueryTag cqr Lcom/runqian/report4/tag/CommonQueryResource; _$16
.field com.runqian.report4.tag.CommonQueryTag bundle Ljava/util/ResourceBundle; _$17
.field com.runqian.report4.tag.CommonQueryTag request Ljavax/servlet/http/HttpServletRequest; _$18
.method com.runqian.report4.tag.CommonQueryTag initFileds ()Ljava/lang/String; _$1
.method com.runqian.report4.tag.CommonQueryTag initConditions ()Ljava/lang/String; _$2
.method com.runqian.report4.tag.CommonQueryTag checkSQLAndReturnTableName (Ljava/lang/String;)[Ljava/lang/String; _$1
.method com.runqian.report4.tag.CommonQueryTag getParamColsName (Lcom/runqian/report4/usermodel/Context;Ljava/lang/String;Ljava/lang/String;)Ljava/util/Map; _$1
.method com.runqian.report4.tag.CommonQueryTag transferType (I)I _$1
.method com.runqian.report4.tag.CommonQueryTag getParamEditStyleHtml (Lcom/runqian/report4/semantics/ColInfo;Ljava/lang/String;Ljavax/servlet/http/HttpServletRequest;)Lcom/runqian/report4/tag/ReportQueryModel; _$1
.method com.runqian.report4.tag.CommonQueryTag getColInfo (Lcom/runqian/report4/semantics/SemanticsManager;[Ljava/lang/String;)[[Ljava/lang/Object; _$1
.method com.runqian.report4.tag.CommonQueryTag getDateFormt (Ljava/lang/String;Ljava/util/Locale;)Ljava/lang/String; _$1
.class com.runqian.report4.tag.DefaultTagProps DefaultTagProps
.class com.runqian.report4.tag.ExtHtmlTag ExtHtmlTag
.field com.runqian.report4.tag.ExtHtmlTag name Ljava/lang/String; _$1
.field com.runqian.report4.tag.ExtHtmlTag reportFileName Ljava/lang/String; _$2
.field com.runqian.report4.tag.ExtHtmlTag totalCountExp Ljava/lang/String; _$3
.field com.runqian.report4.tag.ExtHtmlTag pageCount Ljava/lang/String; _$4
.field com.runqian.report4.tag.ExtHtmlTag cachePageNum Ljava/lang/String; _$5
.field com.runqian.report4.tag.ExtHtmlTag countPerExportPage Ljava/lang/String; _$6
.field com.runqian.report4.tag.ExtHtmlTag dsName Ljava/lang/String; _$7
.field com.runqian.report4.tag.ExtHtmlTag params Ljava/lang/String; _$8
.field com.runqian.report4.tag.ExtHtmlTag scale Ljava/lang/String; _$9
.field com.runqian.report4.tag.ExtHtmlTag needPageMark Ljava/lang/String; _$10
.field com.runqian.report4.tag.ExtHtmlTag funcBarFontFace Ljava/lang/String; _$11
.field com.runqian.report4.tag.ExtHtmlTag funcBarFontSize Ljava/lang/String; _$12
.field com.runqian.report4.tag.ExtHtmlTag funcBarFontColor Ljava/lang/String; _$13
.field com.runqian.report4.tag.ExtHtmlTag functionBarColor Ljava/lang/String; _$14
.field com.runqian.report4.tag.ExtHtmlTag separator Ljava/lang/String; _$15
.field com.runqian.report4.tag.ExtHtmlTag needSaveAsExcel Ljava/lang/String; _$16
.field com.runqian.report4.tag.ExtHtmlTag needSaveAsPdf Ljava/lang/String; _$17
.field com.runqian.report4.tag.ExtHtmlTag needSaveAsWord Ljava/lang/String; _$18
.field com.runqian.report4.tag.ExtHtmlTag needPrint Ljava/lang/String; _$19
.field com.runqian.report4.tag.ExtHtmlTag funcBarLocation Ljava/lang/String; _$20
.field com.runqian.report4.tag.ExtHtmlTag pageMarkLabel Ljava/lang/String; _$21
.field com.runqian.report4.tag.ExtHtmlTag firstPageLabel Ljava/lang/String; _$22
.field com.runqian.report4.tag.ExtHtmlTag prevPageLabel Ljava/lang/String; _$23
.field com.runqian.report4.tag.ExtHtmlTag nextPageLabel Ljava/lang/String; _$24
.field com.runqian.report4.tag.ExtHtmlTag lastPageLabel Ljava/lang/String; _$25
.field com.runqian.report4.tag.ExtHtmlTag printLabel Ljava/lang/String; _$26
.field com.runqian.report4.tag.ExtHtmlTag excelLabel Ljava/lang/String; _$27
.field com.runqian.report4.tag.ExtHtmlTag pdfLabel Ljava/lang/String; _$28
.field com.runqian.report4.tag.ExtHtmlTag wordLabel Ljava/lang/String; _$29
.field com.runqian.report4.tag.ExtHtmlTag generateParamForm Ljava/lang/String; _$30
.field com.runqian.report4.tag.ExtHtmlTag displayNoLinkPageMark Ljava/lang/String; _$31
.field com.runqian.report4.tag.ExtHtmlTag saveAsName Ljava/lang/String; _$32
.field com.runqian.report4.tag.ExtHtmlTag userFuncBarElements Ljava/lang/String; _$33
.field com.runqian.report4.tag.ExtHtmlTag needSelectPrinter Ljava/lang/String; _$34
.field com.runqian.report4.tag.ExtHtmlTag exceptionPage Ljava/lang/String; _$35
.field com.runqian.report4.tag.ExtHtmlTag needScroll Ljava/lang/String; _$36
.field com.runqian.report4.tag.ExtHtmlTag scrollWidth Ljava/lang/String; _$37
.field com.runqian.report4.tag.ExtHtmlTag scrollHeight Ljava/lang/String; _$38
.field com.runqian.report4.tag.ExtHtmlTag scrollBorder Ljava/lang/String; _$39
.field com.runqian.report4.tag.ExtHtmlTag appletJarName Ljava/lang/String; _$40
.field com.runqian.report4.tag.ExtHtmlTag calculateListener Ljava/lang/String; _$41
.field com.runqian.report4.tag.ExtHtmlTag exportExcelOneSheet Ljava/lang/String; _$42
.field com.runqian.report4.tag.ExtHtmlTag excelFormat Ljava/lang/String; _$43
.field com.runqian.report4.tag.ExtHtmlTag paperType Ljava/lang/String; _$44
.field com.runqian.report4.tag.ExtHtmlTag paperWidth Ljava/lang/String; _$45
.field com.runqian.report4.tag.ExtHtmlTag paperHeight Ljava/lang/String; _$46
.field com.runqian.report4.tag.ExtHtmlTag leftMargin Ljava/lang/String; _$47
.field com.runqian.report4.tag.ExtHtmlTag rightMargin Ljava/lang/String; _$48
.field com.runqian.report4.tag.ExtHtmlTag topMargin Ljava/lang/String; _$49
.field com.runqian.report4.tag.ExtHtmlTag bottomMargin Ljava/lang/String; _$50
.field com.runqian.report4.tag.ExtHtmlTag needLinkStyle Ljava/lang/String; _$51
.field com.runqian.report4.tag.ExtHtmlTag useCache Ljava/lang/String; _$52
.field com.runqian.report4.tag.ExtHtmlTag timeout Ljava/lang/String; _$53
.field com.runqian.report4.tag.ExtHtmlTag startRowParamName Ljava/lang/String; _$54
.field com.runqian.report4.tag.ExtHtmlTag endRowParamName Ljava/lang/String; _$55
.field com.runqian.report4.tag.ExtHtmlTag rowsPerRecord Ljava/lang/String; _$56
.field com.runqian.report4.tag.ExtHtmlTag reportEnterUrl Ljava/lang/String; _$57
.field com.runqian.report4.tag.ExtHtmlTag groupFileName Ljava/lang/String; _$58
.field com.runqian.report4.tag.ExtHtmlTag totalPage J _$59
.method com.runqian.report4.tag.ExtHtmlTag createGroupReport (Lcom/runqian/report4/usermodel/IReport;Ljava/lang/String;J)V _$1
.method com.runqian.report4.tag.ExtHtmlTag initParameters (Ljavax/servlet/http/HttpServletRequest;)V _$1
.method com.runqian.report4.tag.ExtHtmlTag getDefaultParam (Ljava/lang/String;Ljava/lang/String;)Ljava/lang/String; _$1
.method com.runqian.report4.tag.ExtHtmlTag createTempFileName (Ljavax/servlet/http/HttpServletRequest;)Ljava/lang/String; _$2
.method com.runqian.report4.tag.ExtHtmlTag getPageParam (Ljavax/servlet/http/HttpServletRequest;Ljava/lang/String;)Ljava/lang/String; _$1
.method com.runqian.report4.tag.ExtHtmlTag getSaveURL (Ljava/lang/String;ILjava/lang/String;)Ljava/lang/String; _$1
.method com.runqian.report4.tag.ExtHtmlTag removeTmpGroupFile (Ljava/io/File;Ljava/lang/String;)V _$1
.method com.runqian.report4.tag.ExtHtmlTag toExceptionPage (Ljava/lang/Throwable;)V _$1
.method com.runqian.report4.tag.ExtHtmlTag generateParamsFormHtml (Ljava/lang/String;Lcom/runqian/report4/usermodel/IReport;Ljava/lang/String;Ljava/lang/String;Ljavax/servlet/ServletContext;Ljavax/servlet/http/HttpServletRequest;)Ljava/lang/String; _$1
.class com.runqian.report4.tag.ExtHtmlTag$GroupFileImageFilter IIIIIllIIllIIIll
.class com.runqian.report4.tag.GroupTag GroupTag
.field com.runqian.report4.tag.GroupTag groupFileName Ljava/lang/String; _$1
.field com.runqian.report4.tag.GroupTag srcType Ljava/lang/String; _$2
.field com.runqian.report4.tag.GroupTag beanName Ljava/lang/String; _$3
.field com.runqian.report4.tag.GroupTag isInput Ljava/lang/String; _$4
.field com.runqian.report4.tag.GroupTag useCache Ljava/lang/String; _$5
.field com.runqian.report4.tag.GroupTag timeout Ljava/lang/String; _$6
.field com.runqian.report4.tag.GroupTag useTabControl Ljava/lang/String; _$7
.field com.runqian.report4.tag.GroupTag border Ljava/lang/String; _$8
.field com.runqian.report4.tag.GroupTag margin Ljava/lang/String; _$9
.field com.runqian.report4.tag.GroupTag tabFontColor Ljava/lang/String; _$10
.field com.runqian.report4.tag.GroupTag tabHLFontColor Ljava/lang/String; _$11
.field com.runqian.report4.tag.GroupTag tabFontName Ljava/lang/String; _$12
.field com.runqian.report4.tag.GroupTag tabFontSize Ljava/lang/String; _$13
.field com.runqian.report4.tag.GroupTag funcBarFontFace Ljava/lang/String; _$14
.field com.runqian.report4.tag.GroupTag funcBarFontSize Ljava/lang/String; _$15
.field com.runqian.report4.tag.GroupTag funcBarFontColor Ljava/lang/String; _$16
.field com.runqian.report4.tag.GroupTag functionBarColor Ljava/lang/String; _$17
.field com.runqian.report4.tag.GroupTag separator Ljava/lang/String; _$18
.field com.runqian.report4.tag.GroupTag needSaveAsExcel Ljava/lang/String; _$19
.field com.runqian.report4.tag.GroupTag needSaveAsExcel2007 Ljava/lang/String; _$20
.field com.runqian.report4.tag.GroupTag needSaveAsPdf Ljava/lang/String; _$21
.field com.runqian.report4.tag.GroupTag needSaveAsWord Ljava/lang/String; _$22
.field com.runqian.report4.tag.GroupTag needPrint Ljava/lang/String; _$23
.field com.runqian.report4.tag.GroupTag needSelectPrinter Ljava/lang/String; _$24
.field com.runqian.report4.tag.GroupTag funcBarLocation Ljava/lang/String; _$25
.field com.runqian.report4.tag.GroupTag printLabel Ljava/lang/String; _$26
.field com.runqian.report4.tag.GroupTag excelLabel Ljava/lang/String; _$27
.field com.runqian.report4.tag.GroupTag excel2007Label Ljava/lang/String; _$28
.field com.runqian.report4.tag.GroupTag excelFormat Ljava/lang/String; _$29
.field com.runqian.report4.tag.GroupTag pdfLabel Ljava/lang/String; _$30
.field com.runqian.report4.tag.GroupTag wordLabel Ljava/lang/String; _$31
.field com.runqian.report4.tag.GroupTag params Ljava/lang/String; _$32
.field com.runqian.report4.tag.GroupTag saveAsName Ljava/lang/String; _$33
.field com.runqian.report4.tag.GroupTag submit Ljava/lang/String; _$34
.field com.runqian.report4.tag.GroupTag submitTarget Ljava/lang/String; _$35
.field com.runqian.report4.tag.GroupTag needOfflineInput Ljava/lang/String; _$36
.field com.runqian.report4.tag.GroupTag offline Ljava/lang/String; _$37
.field com.runqian.report4.tag.GroupTag inputListener Ljava/lang/String; _$38
.field com.runqian.report4.tag.GroupTag needImportExcel Ljava/lang/String; _$39
.field com.runqian.report4.tag.GroupTag importExcelLabel Ljava/lang/String; _$40
.field com.runqian.report4.tag.GroupTag importExcelAppend Ljava/lang/String; _$41
.field com.runqian.report4.tag.GroupTag backAndRefresh Ljava/lang/String; _$42
.field com.runqian.report4.tag.GroupTag userFuncBarElements Ljava/lang/String; _$43
.field com.runqian.report4.tag.GroupTag selectText Ljava/lang/String; _$44
.field com.runqian.report4.tag.GroupTag promptAfterSave Ljava/lang/String; _$45
.field com.runqian.report4.tag.GroupTag inputExceptionPage Ljava/lang/String; _$46
.field com.runqian.report4.tag.GroupTag exceptionPage Ljava/lang/String; _$47
.field com.runqian.report4.tag.GroupTag keyRepeatError Ljava/lang/String; _$48
.field com.runqian.report4.tag.GroupTag appletJarName Ljava/lang/String; _$49
.field com.runqian.report4.tag.GroupTag needLinkStyle Ljava/lang/String; _$50
.field com.runqian.report4.tag.GroupTag insertRowLabel Ljava/lang/String; _$51
.field com.runqian.report4.tag.GroupTag appendRowLabel Ljava/lang/String; _$52
.field com.runqian.report4.tag.GroupTag deleteRowLabel Ljava/lang/String; _$53
.field com.runqian.report4.tag.GroupTag localPrint Ljava/lang/String; _$54
.field com.runqian.report4.tag.GroupTag scale Ljava/lang/String; _$55
.field com.runqian.report4.tag.GroupTag autoCalcOnDisplay Ljava/lang/String; _$56
.method com.runqian.report4.tag.GroupTag toExceptionPage (Ljava/lang/Throwable;)V _$1
.method com.runqian.report4.tag.GroupTag initParameters (Ljavax/servlet/http/HttpServletRequest;)V _$1
.method com.runqian.report4.tag.GroupTag getDefaultParam (Ljava/lang/String;Ljava/lang/String;)Ljava/lang/String; _$1
.method com.runqian.report4.tag.GroupTag replaceCell (Lcom/runqian/report4/input/ExpTransform;Ljava/util/ArrayList;Z)V _$1
.method com.runqian.report4.tag.GroupTag getValidCellName (Ljava/lang/String;Ljava/util/ArrayList;)Ljava/lang/String; _$1
.method com.runqian.report4.tag.GroupTag sortAutoCalcList (Ljava/util/List;Ljava/util/ArrayList;Ljavax/servlet/http/HttpServletRequest;)Ljava/util/ArrayList; _$1
.method com.runqian.report4.tag.GroupTag createTempRpg (Lcom/runqian/report4/usermodel/ReportGroup;Lcom/runqian/report4/usermodel/Context;)Ljava/lang/String; _$1
.class com.runqian.report4.tag.HtmlTag HtmlTag
.field com.runqian.report4.tag.HtmlTag name Ljava/lang/String; _$1
.field com.runqian.report4.tag.HtmlTag reportFileName Ljava/lang/String; _$2
.field com.runqian.report4.tag.HtmlTag scale Ljava/lang/String; _$3
.field com.runqian.report4.tag.HtmlTag srcType Ljava/lang/String; _$4
.field com.runqian.report4.tag.HtmlTag beanName Ljava/lang/String; _$5
.field com.runqian.report4.tag.HtmlTag width Ljava/lang/String; _$6
.field com.runqian.report4.tag.HtmlTag height Ljava/lang/String; _$7
.field com.runqian.report4.tag.HtmlTag columns Ljava/lang/String; _$8
.field com.runqian.report4.tag.HtmlTag needPageMark Ljava/lang/String; _$9
.field com.runqian.report4.tag.HtmlTag funcBarFontFace Ljava/lang/String; _$10
.field com.runqian.report4.tag.HtmlTag funcBarFontSize Ljava/lang/String; _$11
.field com.runqian.report4.tag.HtmlTag funcBarFontColor Ljava/lang/String; _$12
.field com.runqian.report4.tag.HtmlTag functionBarColor Ljava/lang/String; _$13
.field com.runqian.report4.tag.HtmlTag separator Ljava/lang/String; _$14
.field com.runqian.report4.tag.HtmlTag needSaveAsExcel Ljava/lang/String; _$15
.field com.runqian.report4.tag.HtmlTag needSaveAsExcel2007 Ljava/lang/String; _$16
.field com.runqian.report4.tag.HtmlTag needSaveAsPdf Ljava/lang/String; _$17
.field com.runqian.report4.tag.HtmlTag needSaveAsText Ljava/lang/String; _$18
.field com.runqian.report4.tag.HtmlTag needSaveAsWord Ljava/lang/String; _$19
.field com.runqian.report4.tag.HtmlTag needPivot Ljava/lang/String; _$20
.field com.runqian.report4.tag.HtmlTag needPrint Ljava/lang/String; _$21
.field com.runqian.report4.tag.HtmlTag funcBarLocation Ljava/lang/String; _$22
.field com.runqian.report4.tag.HtmlTag pageMarkLabel Ljava/lang/String; _$23
.field com.runqian.report4.tag.HtmlTag firstPageLabel Ljava/lang/String; _$24
.field com.runqian.report4.tag.HtmlTag prevPageLabel Ljava/lang/String; _$25
.field com.runqian.report4.tag.HtmlTag nextPageLabel Ljava/lang/String; _$26
.field com.runqian.report4.tag.HtmlTag lastPageLabel Ljava/lang/String; _$27
.field com.runqian.report4.tag.HtmlTag printLabel Ljava/lang/String; _$28
.field com.runqian.report4.tag.HtmlTag excelLabel Ljava/lang/String; _$29
.field com.runqian.report4.tag.HtmlTag excel2007Label Ljava/lang/String; _$30
.field com.runqian.report4.tag.HtmlTag pdfLabel Ljava/lang/String; _$31
.field com.runqian.report4.tag.HtmlTag textLabel Ljava/lang/String; _$32
.field com.runqian.report4.tag.HtmlTag wordLabel Ljava/lang/String; _$33
.field com.runqian.report4.tag.HtmlTag pivotLabel Ljava/lang/String; _$34
.field com.runqian.report4.tag.HtmlTag textDataSeparator Ljava/lang/String; _$35
.field com.runqian.report4.tag.HtmlTag textDataLineBreak Ljava/lang/String; _$36
.field com.runqian.report4.tag.HtmlTag generateParamForm Ljava/lang/String; _$37
.field com.runqian.report4.tag.HtmlTag displayNoLinkPageMark Ljava/lang/String; _$38
.field com.runqian.report4.tag.HtmlTag params Ljava/lang/String; _$39
.field com.runqian.report4.tag.HtmlTag saveAsName Ljava/lang/String; _$40
.field com.runqian.report4.tag.HtmlTag submit Ljava/lang/String; _$41
.field com.runqian.report4.tag.HtmlTag submitTarget Ljava/lang/String; _$42
.field com.runqian.report4.tag.HtmlTag needOfflineInput Ljava/lang/String; _$43
.field com.runqian.report4.tag.HtmlTag offline Ljava/lang/String; _$44
.field com.runqian.report4.tag.HtmlTag inputListener Ljava/lang/String; _$45
.field com.runqian.report4.tag.HtmlTag needImportExcel Ljava/lang/String; _$46
.field com.runqian.report4.tag.HtmlTag importExcelLabel Ljava/lang/String; _$47
.field com.runqian.report4.tag.HtmlTag importExcelAppend Ljava/lang/String; _$48
.field com.runqian.report4.tag.HtmlTag importExcelListener Ljava/lang/String; _$49
.field com.runqian.report4.tag.HtmlTag usePaperSizePrint Ljava/lang/String; _$50
.field com.runqian.report4.tag.HtmlTag excelPageStyle Ljava/lang/String; _$51
.field com.runqian.report4.tag.HtmlTag excelFormat Ljava/lang/String; _$52
.field com.runqian.report4.tag.HtmlTag pdfExportStyle Ljava/lang/String; _$53
.field com.runqian.report4.tag.HtmlTag printedRaq Ljava/lang/String; _$54
.field com.runqian.report4.tag.HtmlTag backAndRefresh Ljava/lang/String; _$55
.field com.runqian.report4.tag.HtmlTag excelUsePaperSize Ljava/lang/String; _$56
.field com.runqian.report4.tag.HtmlTag canImport2DB Ljava/lang/String; _$57
.field com.runqian.report4.tag.HtmlTag userFuncBarElements Ljava/lang/String; _$58
.field com.runqian.report4.tag.HtmlTag selectText Ljava/lang/String; _$59
.field com.runqian.report4.tag.HtmlTag needDirectPrint Ljava/lang/String; _$60
.field com.runqian.report4.tag.HtmlTag printButtonWidth Ljava/lang/String; _$61
.field com.runqian.report4.tag.HtmlTag printButtonHeight Ljava/lang/String; _$62
.field com.runqian.report4.tag.HtmlTag needPrintPrompt Ljava/lang/String; _$63
.field com.runqian.report4.tag.HtmlTag directPrintImgLabel Ljava/lang/String; _$64
.field com.runqian.report4.tag.HtmlTag savePrintSetup Ljava/lang/String; _$65
.field com.runqian.report4.tag.HtmlTag promptAfterSave Ljava/lang/String; _$66
.field com.runqian.report4.tag.HtmlTag needSelectPrinter Ljava/lang/String; _$67
.field com.runqian.report4.tag.HtmlTag autoCalcOnlyOnSubmit Ljava/lang/String; _$68
.field com.runqian.report4.tag.HtmlTag checkDataTypeOnSubmit Ljava/lang/String; _$69
.field com.runqian.report4.tag.HtmlTag saveDataByListener Ljava/lang/String; _$70
.field com.runqian.report4.tag.HtmlTag inputExceptionPage Ljava/lang/String; _$71
.field com.runqian.report4.tag.HtmlTag exceptionPage Ljava/lang/String; _$72
.field com.runqian.report4.tag.HtmlTag keyRepeatError Ljava/lang/String; _$73
.field com.runqian.report4.tag.HtmlTag needScroll Ljava/lang/String; _$74
.field com.runqian.report4.tag.HtmlTag scrollWidth Ljava/lang/String; _$75
.field com.runqian.report4.tag.HtmlTag scrollHeight Ljava/lang/String; _$76
.field com.runqian.report4.tag.HtmlTag scrollBorder Ljava/lang/String; _$77
.field com.runqian.report4.tag.HtmlTag appletJarName Ljava/lang/String; _$78
.field com.runqian.report4.tag.HtmlTag useJinit Ljava/lang/String; _$79
.field com.runqian.report4.tag.HtmlTag contextName Ljava/lang/String; _$80
.field com.runqian.report4.tag.HtmlTag insertRowLabel Ljava/lang/String; _$81
.field com.runqian.report4.tag.HtmlTag appendRowLabel Ljava/lang/String; _$82
.field com.runqian.report4.tag.HtmlTag deleteRowLabel Ljava/lang/String; _$83
.field com.runqian.report4.tag.HtmlTag paperType Ljava/lang/String; _$84
.field com.runqian.report4.tag.HtmlTag paperWidth Ljava/lang/String; _$85
.field com.runqian.report4.tag.HtmlTag paperHeight Ljava/lang/String; _$86
.field com.runqian.report4.tag.HtmlTag leftMargin Ljava/lang/String; _$87
.field com.runqian.report4.tag.HtmlTag rightMargin Ljava/lang/String; _$88
.field com.runqian.report4.tag.HtmlTag topMargin Ljava/lang/String; _$89
.field com.runqian.report4.tag.HtmlTag bottomMargin Ljava/lang/String; _$90
.field com.runqian.report4.tag.HtmlTag needLinkStyle Ljava/lang/String; _$91
.field com.runqian.report4.tag.HtmlTag useCache Ljava/lang/String; _$92
.field com.runqian.report4.tag.HtmlTag timeout Ljava/lang/String; _$93
.field com.runqian.report4.tag.HtmlTag validOnSubmit Ljava/lang/String; _$94
.field com.runqian.report4.tag.HtmlTag generateCellId Ljava/lang/String; _$95
.field com.runqian.report4.tag.HtmlTag calculateListener Ljava/lang/String; _$96
.field com.runqian.report4.tag.HtmlTag serverPagedPrint Ljava/lang/String; _$97
.field com.runqian.report4.tag.HtmlTag needPagedScroll Ljava/lang/String; _$98
.field com.runqian.report4.tag.HtmlTag mirrorPrint Ljava/lang/String; _$99
.field com.runqian.report4.tag.HtmlTag localPrint Ljava/lang/String; _$100
.field com.runqian.report4.tag.HtmlTag saveToLocal Ljava/lang/String; _$101
.field com.runqian.report4.tag.HtmlTag updateServerUrl Ljava/lang/String; _$102
.field com.runqian.report4.tag.HtmlTag reportEnterUrl Ljava/lang/String; _$103
.field com.runqian.report4.tag.HtmlTag generateSubmitForm Ljava/lang/String; _$104
.field com.runqian.report4.tag.HtmlTag printerName Ljava/lang/String; _$105
.field com.runqian.report4.tag.HtmlTag key Ljava/lang/String; _$106
.field com.runqian.report4.tag.HtmlTag canSelectSheet Ljava/lang/String; _$107
.field com.runqian.report4.tag.HtmlTag autoCalcOnDisplay Ljava/lang/String; _$108
.field com.runqian.report4.tag.HtmlTag singleClick2Upload Ljava/lang/String; _$109
.field com.runqian.report4.tag.HtmlTag bindCodeCount I _$110
.method com.runqian.report4.tag.HtmlTag toExceptionPage (Ljava/lang/Throwable;)V _$1
.method com.runqian.report4.tag.HtmlTag initParameters (Ljavax/servlet/http/HttpServletRequest;)V _$1
.method com.runqian.report4.tag.HtmlTag getDefaultParam (Ljava/lang/String;Ljava/lang/String;)Ljava/lang/String; _$1
.method com.runqian.report4.tag.HtmlTag checkBindCode (Ljavax/servlet/http/HttpServletRequest;)V _$2
.class com.runqian.report4.tag.OlapTag OlapTag
.field com.runqian.report4.tag.OlapTag name Ljava/lang/String; _$1
.field com.runqian.report4.tag.OlapTag dims Ljava/lang/String; _$2
.field com.runqian.report4.tag.OlapTag statisticExp Ljava/lang/String; _$3
.field com.runqian.report4.tag.OlapTag statisticCol Ljava/lang/String; _$4
.field com.runqian.report4.tag.OlapTag css Ljava/lang/String; _$5
.field com.runqian.report4.tag.OlapTag srcType Ljava/lang/String; _$6
.field com.runqian.report4.tag.OlapTag dataSource Ljava/lang/String; _$7
.field com.runqian.report4.tag.OlapTag sql Ljava/lang/String; _$8
.field com.runqian.report4.tag.OlapTag colLabels Ljava/lang/String; _$9
.field com.runqian.report4.tag.OlapTag rowDims Ljava/lang/String; _$10
.field com.runqian.report4.tag.OlapTag colDims Ljava/lang/String; _$11
.field com.runqian.report4.tag.OlapTag format Ljava/lang/String; _$12
.field com.runqian.report4.tag.OlapTag countFormat Ljava/lang/String; _$13
.field com.runqian.report4.tag.OlapTag width Ljava/lang/String; _$14
.field com.runqian.report4.tag.OlapTag height Ljava/lang/String; _$15
.field com.runqian.report4.tag.OlapTag border Ljava/lang/String; _$16
.field com.runqian.report4.tag.OlapTag title Ljava/lang/String; _$17
.field com.runqian.report4.tag.OlapTag background Ljava/lang/String; _$18
.field com.runqian.report4.tag.OlapTag exceptionPage Ljava/lang/String; _$19
.field com.runqian.report4.tag.OlapTag dispValueSQL Ljava/lang/String; _$20
.field com.runqian.report4.tag.OlapTag dispValueExp Ljava/lang/String; _$21
.field com.runqian.report4.tag.OlapTag rowDimShowDepth Ljava/lang/String; _$22
.field com.runqian.report4.tag.OlapTag colDimShowDepth Ljava/lang/String; _$23
.field com.runqian.report4.tag.OlapTag needSaveAsExcel Ljava/lang/String; _$24
.field com.runqian.report4.tag.OlapTag totalTitle Ljava/lang/String; _$25
.field com.runqian.report4.tag.OlapTag needRowTotal Ljava/lang/String; _$26
.field com.runqian.report4.tag.OlapTag needColTotal Ljava/lang/String; _$27
.field com.runqian.report4.tag.OlapTag canSelectExp Ljava/lang/String; _$28
.field com.runqian.report4.tag.OlapTag statisticValueTitle Ljava/lang/String; _$29
.field com.runqian.report4.tag.OlapTag expandAllOnDimsChange Ljava/lang/String; _$30
.method com.runqian.report4.tag.OlapTag initParameters ()V _$1
.method com.runqian.report4.tag.OlapTag getDefaultParam (Ljava/lang/String;Ljava/lang/String;)Ljava/lang/String; _$1
.method com.runqian.report4.tag.OlapTag toExceptionPage (Ljava/lang/Throwable;)V _$1
.method com.runqian.report4.tag.OlapTag getLabelsMap ([Ljava/lang/String;)Ljava/util/Map; _$1
.method com.runqian.report4.tag.OlapTag appendExpandInfos (ILjava/lang/String;Ljava/util/Map;Lcom/runqian/report4/usermodel/Context;Ljava/lang/StringBuffer;)V _$1
.method com.runqian.report4.tag.OlapTag appendSubRowHeaderInfo ([Ljava/lang/String;ILcom/runqian/report4/view/olap/Dimension;ILjava/util/Map;Lcom/runqian/report4/usermodel/Context;Ljava/lang/StringBuffer;)V _$1
.method com.runqian.report4.tag.OlapTag trimSpace (Ljava/lang/String;)Ljava/lang/String; _$1
.class com.runqian.report4.tag.ParamTag ParamTag
.field com.runqian.report4.tag.ParamTag name Ljava/lang/String; _$1
.field com.runqian.report4.tag.ParamTag paramFileName Ljava/lang/String; _$2
.field com.runqian.report4.tag.ParamTag resultPage Ljava/lang/String; _$3
.field com.runqian.report4.tag.ParamTag target Ljava/lang/String; _$4
.field com.runqian.report4.tag.ParamTag hiddenParams Ljava/lang/String; _$5
.field com.runqian.report4.tag.ParamTag processor Ljava/lang/String; _$6
.field com.runqian.report4.tag.ParamTag needSubmit Ljava/lang/String; _$7
.field com.runqian.report4.tag.ParamTag submitLabel Ljava/lang/String; _$8
.field com.runqian.report4.tag.ParamTag params Ljava/lang/String; _$9
.field com.runqian.report4.tag.ParamTag exceptionPage Ljava/lang/String; _$10
.field com.runqian.report4.tag.ParamTag srcType Ljava/lang/String; _$11
.field com.runqian.report4.tag.ParamTag beanName Ljava/lang/String; _$12
.field com.runqian.report4.tag.ParamTag contextName Ljava/lang/String; _$13
.field com.runqian.report4.tag.ParamTag needInputCssStyle Ljava/lang/String; _$14
.method com.runqian.report4.tag.ParamTag initParameters ()V _$1
.method com.runqian.report4.tag.ParamTag getDefaultParam (Ljava/lang/String;Ljava/lang/String;)Ljava/lang/String; _$1
.method com.runqian.report4.tag.ParamTag toExceptionPage (Ljava/lang/Throwable;)V _$1
.method com.runqian.report4.tag.ParamTag getCurrURL (Ljavax/servlet/http/HttpServletRequest;)Ljava/lang/String; _$1
.class com.runqian.report4.tag.PrintTag PrintTag
.field com.runqian.report4.tag.PrintTag name Ljava/lang/String; _$1
.field com.runqian.report4.tag.PrintTag reportFileName Ljava/lang/String; _$2
.field com.runqian.report4.tag.PrintTag srcType Ljava/lang/String; _$3
.field com.runqian.report4.tag.PrintTag beanName Ljava/lang/String; _$4
.field com.runqian.report4.tag.PrintTag width Ljava/lang/String; _$5
.field com.runqian.report4.tag.PrintTag height Ljava/lang/String; _$6
.field com.runqian.report4.tag.PrintTag columns Ljava/lang/String; _$7
.field com.runqian.report4.tag.PrintTag generateParamForm Ljava/lang/String; _$8
.field com.runqian.report4.tag.PrintTag params Ljava/lang/String; _$9
.field com.runqian.report4.tag.PrintTag useCache Ljava/lang/String; _$10
.field com.runqian.report4.tag.PrintTag timeout Ljava/lang/String; _$11
.field com.runqian.report4.tag.PrintTag exceptionPage Ljava/lang/String; _$12
.field com.runqian.report4.tag.PrintTag savePrintSetup Ljava/lang/String; _$13
.field com.runqian.report4.tag.PrintTag needSelectPrinter Ljava/lang/String; _$14
.field com.runqian.report4.tag.PrintTag appletJarName Ljava/lang/String; _$15
.method com.runqian.report4.tag.PrintTag toExceptionPage (Ljava/lang/Throwable;)V _$1
.method com.runqian.report4.tag.PrintTag initParameters ()V _$1
.method com.runqian.report4.tag.PrintTag getDefaultParam (Ljava/lang/String;Ljava/lang/String;)Ljava/lang/String; _$1
.class com.runqian.report4.tag.QueryTag QueryTag
.field com.runqian.report4.tag.QueryTag name Ljava/lang/String; _$1
.field com.runqian.report4.tag.QueryTag queryDefine Ljava/lang/String; _$2
.field com.runqian.report4.tag.QueryTag macroName Ljava/lang/String; _$3
.field com.runqian.report4.tag.QueryTag params Ljava/lang/String; _$4
.field com.runqian.report4.tag.QueryTag dataSource Ljava/lang/String; _$5
.field com.runqian.report4.tag.QueryTag resultPage Ljava/lang/String; _$6
.field com.runqian.report4.tag.QueryTag target Ljava/lang/String; _$7
.field com.runqian.report4.tag.QueryTag addLabel Ljava/lang/String; _$8
.field com.runqian.report4.tag.QueryTag delLabel Ljava/lang/String; _$9
.field com.runqian.report4.tag.QueryTag queryLabel Ljava/lang/String; _$10
.field com.runqian.report4.tag.QueryTag titleBackColor Ljava/lang/String; _$11
.field com.runqian.report4.tag.QueryTag titleFontFace Ljava/lang/String; _$12
.field com.runqian.report4.tag.QueryTag titleFontSize Ljava/lang/String; _$13
.field com.runqian.report4.tag.QueryTag titleFontColor Ljava/lang/String; _$14
.field com.runqian.report4.tag.QueryTag exceptionPage Ljava/lang/String; _$15
.field com.runqian.report4.tag.QueryTag conColumnWidth Ljava/lang/String; _$16
.field com.runqian.report4.tag.QueryTag conValueWidth Ljava/lang/String; _$17
.method com.runqian.report4.tag.QueryTag initParameters ()V _$1
.method com.runqian.report4.tag.QueryTag getDefaultParam (Ljava/lang/String;Ljava/lang/String;)Ljava/lang/String; _$1
.method com.runqian.report4.tag.QueryTag toExceptionPage (Ljava/lang/Throwable;)V _$1
.method com.runqian.report4.tag.QueryTag toOptions (Ljava/lang/String;)Ljava/lang/String; _$1
.class com.runqian.report4.tag.QueryTag$QueryExp lllIIlIllIIlIlll
.class com.runqian.report4.tag.ReportQueryModel ReportQueryModel
.field com.runqian.report4.tag.ReportQueryModel disValue Ljava/lang/String; _$1
.field com.runqian.report4.tag.ReportQueryModel relValue Ljava/lang/String; _$2
.field com.runqian.report4.tag.ReportQueryModel editStyle Ljava/lang/String; _$3
.field com.runqian.report4.tag.ReportQueryModel dataType Ljava/lang/String; _$4
.class com.runqian.report4.tag.ScanTag ScanTag
.field com.runqian.report4.tag.ScanTag name Ljava/lang/String; _$1
.field com.runqian.report4.tag.ScanTag reportFileName Ljava/lang/String; _$2
.field com.runqian.report4.tag.ScanTag scale Ljava/lang/String; _$3
.field com.runqian.report4.tag.ScanTag srcType Ljava/lang/String; _$4
.field com.runqian.report4.tag.ScanTag beanName Ljava/lang/String; _$5
.field com.runqian.report4.tag.ScanTag generateParamForm Ljava/lang/String; _$6
.field com.runqian.report4.tag.ScanTag params Ljava/lang/String; _$7
.field com.runqian.report4.tag.ScanTag exceptionPage Ljava/lang/String; _$8
.field com.runqian.report4.tag.ScanTag needScroll Ljava/lang/String; _$9
.field com.runqian.report4.tag.ScanTag scrollWidth Ljava/lang/String; _$10
.field com.runqian.report4.tag.ScanTag scrollHeight Ljava/lang/String; _$11
.field com.runqian.report4.tag.ScanTag scrollBorder Ljava/lang/String; _$12
.field com.runqian.report4.tag.ScanTag contextName Ljava/lang/String; _$13
.field com.runqian.report4.tag.ScanTag needLinkStyle Ljava/lang/String; _$14
.field com.runqian.report4.tag.ScanTag generateCellId Ljava/lang/String; _$15
.field com.runqian.report4.tag.ScanTag calculateListener Ljava/lang/String; _$16
.field com.runqian.report4.tag.ScanTag bindCodeCount I _$17
.method com.runqian.report4.tag.ScanTag toExceptionPage (Ljava/lang/Throwable;)V _$1
.method com.runqian.report4.tag.ScanTag initParameters (Ljavax/servlet/http/HttpServletRequest;)V _$1
.method com.runqian.report4.tag.ScanTag getDefaultParam (Ljava/lang/String;Ljava/lang/String;)Ljava/lang/String; _$1
.method com.runqian.report4.tag.ScanTag checkBindCode (Ljavax/servlet/http/HttpServletRequest;)V _$2
.class com.runqian.report4.tag.SheetsTag SheetsTag
.field com.runqian.report4.tag.SheetsTag name Ljava/lang/String; _$1
.field com.runqian.report4.tag.SheetsTag sheets Ljava/lang/String; _$2
.field com.runqian.report4.tag.SheetsTag sheetsRelation Ljava/lang/String; _$3
.field com.runqian.report4.tag.SheetsTag funcBarLocation Ljava/lang/String; _$4
.field com.runqian.report4.tag.SheetsTag separator Ljava/lang/String; _$5
.field com.runqian.report4.tag.SheetsTag params Ljava/lang/String; _$6
.field com.runqian.report4.tag.SheetsTag saveAsName Ljava/lang/String; _$7
.field com.runqian.report4.tag.SheetsTag tabBackColor Ljava/lang/String; _$8
.field com.runqian.report4.tag.SheetsTag tabHLBackColor Ljava/lang/String; _$9
.field com.runqian.report4.tag.SheetsTag tabFontColor Ljava/lang/String; _$10
.field com.runqian.report4.tag.SheetsTag tabHLFontColor Ljava/lang/String; _$11
.field com.runqian.report4.tag.SheetsTag tabFontName Ljava/lang/String; _$12
.field com.runqian.report4.tag.SheetsTag tabFontSize Ljava/lang/String; _$13
.field com.runqian.report4.tag.SheetsTag submit Ljava/lang/String; _$14
.field com.runqian.report4.tag.SheetsTag needOfflineInput Ljava/lang/String; _$15
.field com.runqian.report4.tag.SheetsTag offline Ljava/lang/String; _$16
.field com.runqian.report4.tag.SheetsTag border Ljava/lang/String; _$17
.field com.runqian.report4.tag.SheetsTag margin Ljava/lang/String; _$18
.field com.runqian.report4.tag.SheetsTag inputListener Ljava/lang/String; _$19
.field com.runqian.report4.tag.SheetsTag backAndRefresh Ljava/lang/String; _$20
.field com.runqian.report4.tag.SheetsTag selectText Ljava/lang/String; _$21
.field com.runqian.report4.tag.SheetsTag promptAfterSave Ljava/lang/String; _$22
.field com.runqian.report4.tag.SheetsTag exceptionPage Ljava/lang/String; _$23
.field com.runqian.report4.tag.SheetsTag inputExceptionPage Ljava/lang/String; _$24
.method com.runqian.report4.tag.SheetsTag toExceptionPage (Ljava/lang/Throwable;)V _$1
.method com.runqian.report4.tag.SheetsTag initParameters (Ljavax/servlet/http/HttpServletRequest;)V _$1
.method com.runqian.report4.tag.SheetsTag getDefaultParam (Ljava/lang/String;Ljava/lang/String;)Ljava/lang/String; _$1
.method com.runqian.report4.tag.SheetsTag replaceCell (Lcom/runqian/report4/input/ExpTransform;Ljava/util/ArrayList;Z)V _$1
.method com.runqian.report4.tag.SheetsTag getValidCellName (Ljava/lang/String;Ljava/util/ArrayList;)Ljava/lang/String; _$1
.method com.runqian.report4.tag.SheetsTag trim (Ljava/lang/String;)Ljava/lang/String; _$1
.class com.runqian.report4.tag.VarTag VarTag
.field com.runqian.report4.tag.VarTag name Ljava/lang/String; _$1
