.class com.runqian.report4.ide.graph.AlarmLineTable AlarmLineTable
.field com.runqian.report4.ide.graph.AlarmLineTable table Lcom/runqian/base4/swing/JTableEx; _$1
.field com.runqian.report4.ide.graph.AlarmLineTable addButton Ljavax/swing/JButton; _$2
.field com.runqian.report4.ide.graph.AlarmLineTable delButton Ljavax/swing/JButton; _$3
.field com.runqian.report4.ide.graph.AlarmLineTable columnNames [Ljava/lang/String; _$4
.field com.runqian.report4.ide.graph.AlarmLineTable mm Lcom/runqian/base4/resources/MessageManager; _$5
.field com.runqian.report4.ide.graph.AlarmLineTable s_name Ljava/lang/String; _$6
.field com.runqian.report4.ide.graph.AlarmLineTable s_value Ljava/lang/String; _$7
.field com.runqian.report4.ide.graph.AlarmLineTable s_lineType Ljava/lang/String; _$8
.field com.runqian.report4.ide.graph.AlarmLineTable s_color Ljava/lang/String; _$9
.field com.runqian.report4.ide.graph.AlarmLineTable s_lineThick Ljava/lang/String; _$10
.field com.runqian.report4.ide.graph.AlarmLineTable COL_VALUE I _$11
.method com.runqian.report4.ide.graph.AlarmLineTable initCellEditor ()V _$1
.method com.runqian.report4.ide.graph.AlarmLineTable setClickCountToStart ()V _$2
.class com.runqian.report4.ide.graph.CategoryTable CategoryTable
.field com.runqian.report4.ide.graph.CategoryTable isDel Z _$1
.field com.runqian.report4.ide.graph.CategoryTable count I _$2
.field com.runqian.report4.ide.graph.CategoryTable columnNames [Ljava/lang/String; _$3
.field com.runqian.report4.ide.graph.CategoryTable mm Lcom/runqian/base4/resources/MessageManager; _$4
.method com.runqian.report4.ide.graph.CategoryTable clear ()V _$1
.method com.runqian.report4.ide.graph.CategoryTable setClickCountToStart ()V _$2
.class com.runqian.report4.ide.graph.ColorRenderer ColorRenderer
.class com.runqian.report4.ide.graph.CSPanel CSPanel
.field com.runqian.report4.ide.graph.CSPanel graphType B _$1
.method com.runqian.report4.ide.graph.CSPanel createBaseGBC (IIII)Ljava/awt/GridBagConstraints; _$1
.method com.runqian.report4.ide.graph.CSPanel clear ()V _$1
.method com.runqian.report4.ide.graph.CSPanel saveCurrSery ()V _$2
.class com.runqian.report4.ide.graph.DialogAxisColors DialogAxisColors
.field com.runqian.report4.ide.graph.DialogAxisColors panel1 Ljavax/swing/JPanel; _$1
.field com.runqian.report4.ide.graph.DialogAxisColors xYLayout2 Lcom/borland/jbcl/layout/XYLayout; _$2
.field com.runqian.report4.ide.graph.DialogAxisColors labelLegend Ljavax/swing/JLabel; _$3
.field com.runqian.report4.ide.graph.DialogAxisColors colorLegend Lcom/runqian/base4/swing/ColorComboBox; _$4
.field com.runqian.report4.ide.graph.DialogAxisColors colorTop Lcom/runqian/base4/swing/ColorComboBox; _$5
.field com.runqian.report4.ide.graph.DialogAxisColors colorBottom Lcom/runqian/base4/swing/ColorComboBox; _$6
.field com.runqian.report4.ide.graph.DialogAxisColors colorLeft Lcom/runqian/base4/swing/ColorComboBox; _$7
.field com.runqian.report4.ide.graph.DialogAxisColors colorRight Lcom/runqian/base4/swing/ColorComboBox; _$8
.field com.runqian.report4.ide.graph.DialogAxisColors colorColBorder Lcom/runqian/base4/swing/ColorComboBox; _$9
.field com.runqian.report4.ide.graph.DialogAxisColors colorPieJoin Lcom/runqian/base4/swing/ColorComboBox; _$10
.field com.runqian.report4.ide.graph.DialogAxisColors scDemo Lcom/runqian/report4/control/ScanControl; _$11
.field com.runqian.report4.ide.graph.DialogAxisColors jPanel2 Ljavax/swing/JPanel; _$12
.field com.runqian.report4.ide.graph.DialogAxisColors jBOK Ljavax/swing/JButton; _$13
.field com.runqian.report4.ide.graph.DialogAxisColors jBCancel Ljavax/swing/JButton; _$14
.field com.runqian.report4.ide.graph.DialogAxisColors borderLayout1 Ljava/awt/BorderLayout; _$15
.field com.runqian.report4.ide.graph.DialogAxisColors flowLayout1 Lcom/borland/jbcl/layout/VerticalFlowLayout; _$16
.field com.runqian.report4.ide.graph.DialogAxisColors labelAxis Ljavax/swing/JLabel; _$17
.field com.runqian.report4.ide.graph.DialogAxisColors jLT Ljavax/swing/JLabel; _$18
.field com.runqian.report4.ide.graph.DialogAxisColors jLB Ljavax/swing/JLabel; _$19
.field com.runqian.report4.ide.graph.DialogAxisColors jLL Ljavax/swing/JLabel; _$20
.field com.runqian.report4.ide.graph.DialogAxisColors jLR Ljavax/swing/JLabel; _$21
.field com.runqian.report4.ide.graph.DialogAxisColors labelPreview Ljavax/swing/JLabel; _$22
.field com.runqian.report4.ide.graph.DialogAxisColors labelColBorder Ljavax/swing/JLabel; _$23
.field com.runqian.report4.ide.graph.DialogAxisColors labelPieJoin Ljavax/swing/JLabel; _$24
.field com.runqian.report4.ide.graph.DialogAxisColors demoReport Lcom/runqian/report4/usermodel/IReport; _$25
.field com.runqian.report4.ide.graph.DialogAxisColors demoModel Lcom/runqian/report4/ide/usermodel/ReportModel; _$26
.method com.runqian.report4.ide.graph.DialogAxisColors init ()V _$1
.method com.runqian.report4.ide.graph.DialogAxisColors redrawDemo ()V _$2
.method com.runqian.report4.ide.graph.DialogAxisColors resetLangText ()V _$3
.method com.runqian.report4.ide.graph.DialogAxisColors jbInit ()V _$4
.method com.runqian.report4.ide.graph.DialogAxisColors jBCancel_actionPerformed (Ljava/awt/event/ActionEvent;)V _$1
.field com.runqian.report4.ide.graph.DialogAxisColors m_option I _$27
.method com.runqian.report4.ide.graph.DialogAxisColors jBOK_actionPerformed (Ljava/awt/event/ActionEvent;)V _$2
.method com.runqian.report4.ide.graph.DialogAxisColors this_windowClosing (Ljava/awt/event/WindowEvent;)V _$1
.method com.runqian.report4.ide.graph.DialogAxisColors colorTop_actionPerformed (Ljava/awt/event/ActionEvent;)V _$3
.method com.runqian.report4.ide.graph.DialogAxisColors colorBottom_actionPerformed (Ljava/awt/event/ActionEvent;)V _$4
.method com.runqian.report4.ide.graph.DialogAxisColors colorLeft_actionPerformed (Ljava/awt/event/ActionEvent;)V _$5
.method com.runqian.report4.ide.graph.DialogAxisColors colorRight_actionPerformed (Ljava/awt/event/ActionEvent;)V _$6
.class com.runqian.report4.ide.graph.DialogAxisColors_jBCancel_actionAdapter IIIllIIlIlllIIlI
.field com.runqian.report4.ide.graph.DialogAxisColors_jBCancel_actionAdapter adaptee Lcom/runqian/report4/ide/graph/DialogAxisColors; _$1
.class com.runqian.report4.ide.graph.DialogAxisColors_jBOK_actionAdapter IIlIIlIlllllIllI
.field com.runqian.report4.ide.graph.DialogAxisColors_jBOK_actionAdapter adaptee Lcom/runqian/report4/ide/graph/DialogAxisColors; _$1
.class com.runqian.report4.ide.graph.DialogAxisColors_this_windowAdapter IlIIIllIIIIIIllI
.field com.runqian.report4.ide.graph.DialogAxisColors_this_windowAdapter adaptee Lcom/runqian/report4/ide/graph/DialogAxisColors; _$1
.class com.runqian.report4.ide.graph.DialogAxisColors_colorTop_actionAdapter IIlIlllIIIIlIIlI
.field com.runqian.report4.ide.graph.DialogAxisColors_colorTop_actionAdapter adaptee Lcom/runqian/report4/ide/graph/DialogAxisColors; _$1
.class com.runqian.report4.ide.graph.DialogAxisColors_colorBottom_actionAdapter lIIllIlIIIIIlIll
.field com.runqian.report4.ide.graph.DialogAxisColors_colorBottom_actionAdapter adaptee Lcom/runqian/report4/ide/graph/DialogAxisColors; _$1
.class com.runqian.report4.ide.graph.DialogAxisColors_colorLeft_actionAdapter lIlIIIIIIlllIlll
.field com.runqian.report4.ide.graph.DialogAxisColors_colorLeft_actionAdapter adaptee Lcom/runqian/report4/ide/graph/DialogAxisColors; _$1
.class com.runqian.report4.ide.graph.DialogAxisColors_colorRight_actionAdapter IlIlIlllIIIIllll
.field com.runqian.report4.ide.graph.DialogAxisColors_colorRight_actionAdapter adaptee Lcom/runqian/report4/ide/graph/DialogAxisColors; _$1
.class com.runqian.report4.ide.graph.DisplayDataBox DisplayDataBox
.field com.runqian.report4.ide.graph.DisplayDataBox mm Lcom/runqian/base4/resources/MessageManager; _$1
.field com.runqian.report4.ide.graph.DisplayDataBox items [Ljava/lang/String; _$2
.field com.runqian.report4.ide.graph.DisplayDataBox none Ljava/lang/String; _$3
.field com.runqian.report4.ide.graph.DisplayDataBox value Ljava/lang/String; _$4
.field com.runqian.report4.ide.graph.DisplayDataBox percent Ljava/lang/String; _$5
.field com.runqian.report4.ide.graph.DisplayDataBox title Ljava/lang/String; _$6
.class com.runqian.report4.ide.graph.FontEditTable FontEditTable
.field com.runqian.report4.ide.graph.FontEditTable mm Lcom/runqian/base4/resources/MessageManager; _$1
.field com.runqian.report4.ide.graph.FontEditTable columnNames [Ljava/lang/String; _$2
.field com.runqian.report4.ide.graph.FontEditTable s_location Ljava/lang/String; _$3
.field com.runqian.report4.ide.graph.FontEditTable s_font Ljava/lang/String; _$4
.field com.runqian.report4.ide.graph.FontEditTable s_autosize Ljava/lang/String; _$5
.field com.runqian.report4.ide.graph.FontEditTable s_size Ljava/lang/String; _$6
.field com.runqian.report4.ide.graph.FontEditTable s_bold Ljava/lang/String; _$7
.field com.runqian.report4.ide.graph.FontEditTable s_color Ljava/lang/String; _$8
.field com.runqian.report4.ide.graph.FontEditTable s_vertical Ljava/lang/String; _$9
.field com.runqian.report4.ide.graph.FontEditTable s_angle Ljava/lang/String; _$10
.method com.runqian.report4.ide.graph.FontEditTable initCellEdit ()V _$1
.method com.runqian.report4.ide.graph.FontEditTable setClickCountToStart ()V _$2
.class com.runqian.report4.ide.graph.FontEditTable$FontTableModel lIlIIIllIIllIlIl
.field com.runqian.report4.ide.graph.FontEditTable$FontTableModel data [[Ljava/lang/Object; _$1
.class com.runqian.report4.ide.graph.AngleEditor llIllIlllIIIIlll
.field com.runqian.report4.ide.graph.AngleEditor sInteger Ljavax/swing/JSpinner; _$1
.field com.runqian.report4.ide.graph.AngleEditor value Ljava/lang/Object; _$2
.class com.runqian.report4.ide.graph.GraphEditDialog GraphEditDialog
.field com.runqian.report4.ide.graph.GraphEditDialog mm Lcom/runqian/base4/resources/MessageManager; _$1
.field com.runqian.report4.ide.graph.GraphEditDialog props Lcom/runqian/report4/usermodel/graph/GraphProperty; _$2
.field com.runqian.report4.ide.graph.GraphEditDialog okButton Ljavax/swing/JButton; _$3
.field com.runqian.report4.ide.graph.GraphEditDialog cancelButton Ljavax/swing/JButton; _$4
.field com.runqian.report4.ide.graph.GraphEditDialog m_option I _$5
.field com.runqian.report4.ide.graph.GraphEditDialog typeSelectBox Lcom/runqian/report4/ide/graph/TypeSelectBox; _$6
.field com.runqian.report4.ide.graph.GraphEditDialog topNField Ljavax/swing/JTextField; _$7
.field com.runqian.report4.ide.graph.GraphEditDialog statusStartTimeLabel Ljavax/swing/JLabel; _$8
.field com.runqian.report4.ide.graph.GraphEditDialog statusStartTimeField Ljavax/swing/JTextField; _$9
.field com.runqian.report4.ide.graph.GraphEditDialog statusEndTimeLabel Ljavax/swing/JLabel; _$10
.field com.runqian.report4.ide.graph.GraphEditDialog statusEndTimeField Ljavax/swing/JTextField; _$11
.field com.runqian.report4.ide.graph.GraphEditDialog statusCategeryLabel Ljavax/swing/JLabel; _$12
.field com.runqian.report4.ide.graph.GraphEditDialog statusCategeryField Ljavax/swing/JTextField; _$13
.field com.runqian.report4.ide.graph.GraphEditDialog statusStateLabel Ljavax/swing/JLabel; _$14
.field com.runqian.report4.ide.graph.GraphEditDialog statusStateField Ljavax/swing/JTextField; _$15
.field com.runqian.report4.ide.graph.GraphEditDialog csPanel Lcom/runqian/report4/ide/graph/CSPanel; _$16
.field com.runqian.report4.ide.graph.GraphEditDialog timeDSPanel Ljavax/swing/JPanel; _$17
.field com.runqian.report4.ide.graph.GraphEditDialog titleField Ljavax/swing/JTextField; _$18
.field com.runqian.report4.ide.graph.GraphEditDialog xTitleField Ljavax/swing/JTextField; _$19
.field com.runqian.report4.ide.graph.GraphEditDialog yTitleField Ljavax/swing/JTextField; _$20
.field com.runqian.report4.ide.graph.GraphEditDialog graphFormatBox Ljavax/swing/JComboBox; _$21
.field com.runqian.report4.ide.graph.GraphEditDialog displayDataBox Ljavax/swing/JComboBox; _$22
.field com.runqian.report4.ide.graph.GraphEditDialog displayDataFormatLabel Ljavax/swing/JLabel; _$23
.field com.runqian.report4.ide.graph.GraphEditDialog labelLineThick Ljavax/swing/JLabel; _$24
.field com.runqian.report4.ide.graph.GraphEditDialog labelLineStyle Ljavax/swing/JLabel; _$25
.field com.runqian.report4.ide.graph.GraphEditDialog lineThick Ljavax/swing/JSpinner; _$26
.field com.runqian.report4.ide.graph.GraphEditDialog lineStyle Lcom/runqian/base4/swing/JComboBoxEx; _$27
.field com.runqian.report4.ide.graph.GraphEditDialog displayDataFormatField Ljavax/swing/JTextField; _$28
.field com.runqian.report4.ide.graph.GraphEditDialog graphTransparent Ljavax/swing/JCheckBox; _$29
.field com.runqian.report4.ide.graph.GraphEditDialog drawShade Ljavax/swing/JCheckBox; _$30
.field com.runqian.report4.ide.graph.GraphEditDialog raisedBorder Ljavax/swing/JCheckBox; _$31
.field com.runqian.report4.ide.graph.GraphEditDialog discardOther Ljavax/swing/JCheckBox; _$32
.field com.runqian.report4.ide.graph.GraphEditDialog barGradient Ljavax/swing/JCheckBox; _$33
.field com.runqian.report4.ide.graph.GraphEditDialog gridLineBox Ljavax/swing/JComboBox; _$34
.field com.runqian.report4.ide.graph.GraphEditDialog gridLineLabel Ljavax/swing/JLabel; _$35
.field com.runqian.report4.ide.graph.GraphEditDialog barIntervalPanel Ljavax/swing/JPanel; _$36
.field com.runqian.report4.ide.graph.GraphEditDialog barIntervalField Ljavax/swing/JTextField; _$37
.field com.runqian.report4.ide.graph.GraphEditDialog yStartField Ljavax/swing/JTextField; _$38
.field com.runqian.report4.ide.graph.GraphEditDialog yEndField Ljavax/swing/JTextField; _$39
.field com.runqian.report4.ide.graph.GraphEditDialog yIntervalField Ljavax/swing/JTextField; _$40
.field com.runqian.report4.ide.graph.GraphEditDialog xIntervalField Ljavax/swing/JTextField; _$41
.field com.runqian.report4.ide.graph.GraphEditDialog yMinMarksField Ljavax/swing/JTextField; _$42
.field com.runqian.report4.ide.graph.GraphEditDialog unitBox Lcom/runqian/report4/ide/graph/UnitBox; _$43
.field com.runqian.report4.ide.graph.GraphEditDialog marginField Ljavax/swing/JTextField; _$44
.field com.runqian.report4.ide.graph.GraphEditDialog drawLineDot Ljavax/swing/JCheckBox; _$45
.field com.runqian.report4.ide.graph.GraphEditDialog drawLineTrend Ljavax/swing/JCheckBox; _$46
.field com.runqian.report4.ide.graph.GraphEditDialog lineIgnoreNull Ljavax/swing/JCheckBox; _$47
.field com.runqian.report4.ide.graph.GraphEditDialog displayIntersection Ljavax/swing/JCheckBox; _$48
.field com.runqian.report4.ide.graph.GraphEditDialog pieSpacing Ljavax/swing/JCheckBox; _$49
.field com.runqian.report4.ide.graph.GraphEditDialog alarmLinePanel Lcom/runqian/report4/ide/graph/AlarmLineTable; _$50
.field com.runqian.report4.ide.graph.GraphEditDialog canvasColorBox Lcom/runqian/base4/swing/ColorComboBox; _$51
.field com.runqian.report4.ide.graph.GraphEditDialog backColorBox Lcom/runqian/base4/swing/ColorComboBox; _$52
.field com.runqian.report4.ide.graph.GraphEditDialog axisColorsButton Ljavax/swing/JButton; _$53
.field com.runqian.report4.ide.graph.GraphEditDialog axisColors [I _$54
.field com.runqian.report4.ide.graph.GraphEditDialog gridLineColorLabel Ljavax/swing/JLabel; _$55
.field com.runqian.report4.ide.graph.GraphEditDialog gridLineColorBox Lcom/runqian/base4/swing/ColorComboBox; _$56
.field com.runqian.report4.ide.graph.GraphEditDialog legendLocationBox Lcom/runqian/report4/ide/graph/LegendLocationBox; _$57
.field com.runqian.report4.ide.graph.GraphEditDialog drawLegendBySery Ljavax/swing/JCheckBox; _$58
.field com.runqian.report4.ide.graph.GraphEditDialog colorConfigBox Ljavax/swing/JComboBox; _$59
.field com.runqian.report4.ide.graph.GraphEditDialog leftMargin Ljavax/swing/JSpinner; _$60
.field com.runqian.report4.ide.graph.GraphEditDialog rightMargin Ljavax/swing/JSpinner; _$61
.field com.runqian.report4.ide.graph.GraphEditDialog topMargin Ljavax/swing/JSpinner; _$62
.field com.runqian.report4.ide.graph.GraphEditDialog bottomMargin Ljavax/swing/JSpinner; _$63
.field com.runqian.report4.ide.graph.GraphEditDialog tickLen Ljavax/swing/JSpinner; _$64
.field com.runqian.report4.ide.graph.GraphEditDialog coorWidth Ljavax/swing/JSpinner; _$65
.field com.runqian.report4.ide.graph.GraphEditDialog categorySpan Ljavax/swing/JSpinner; _$66
.field com.runqian.report4.ide.graph.GraphEditDialog seriesSpan Ljavax/swing/JSpinner; _$67
.field com.runqian.report4.ide.graph.GraphEditDialog pieRotation Ljavax/swing/JSpinner; _$68
.field com.runqian.report4.ide.graph.GraphEditDialog pieHeight Ljavax/swing/JSpinner; _$69
.field com.runqian.report4.ide.graph.GraphEditDialog labelCoorWidth Ljavax/swing/JLabel; _$70
.field com.runqian.report4.ide.graph.GraphEditDialog labelCategorySpan Ljavax/swing/JLabel; _$71
.field com.runqian.report4.ide.graph.GraphEditDialog labelSeriesSpan Ljavax/swing/JLabel; _$72
.field com.runqian.report4.ide.graph.GraphEditDialog labelPieRotation Ljavax/swing/JLabel; _$73
.field com.runqian.report4.ide.graph.GraphEditDialog labelPieHeight Ljavax/swing/JLabel; _$74
.field com.runqian.report4.ide.graph.GraphEditDialog fontTable Lcom/runqian/report4/ide/graph/FontEditTable; _$75
.field com.runqian.report4.ide.graph.GraphEditDialog htmlLinkField Ljavax/swing/JTextField; _$76
.field com.runqian.report4.ide.graph.GraphEditDialog legendLinkField Ljavax/swing/JTextField; _$77
.field com.runqian.report4.ide.graph.GraphEditDialog htmlLinkTargetField Ljavax/swing/JTextField; _$78
.field com.runqian.report4.ide.graph.GraphEditDialog timeDefinePanel Ljavax/swing/JPanel; _$79
.field com.runqian.report4.ide.graph.GraphEditDialog statusBarHeightField Ljavax/swing/JTextField; _$80
.field com.runqian.report4.ide.graph.GraphEditDialog timeTypeBox Ljavax/swing/JComboBox; _$81
.field com.runqian.report4.ide.graph.GraphEditDialog xAxisTable Lcom/runqian/report4/ide/graph/XAxisTable; _$82
.field com.runqian.report4.ide.graph.GraphEditDialog backGraphType Lcom/runqian/base4/swing/JComboBoxEx; _$83
.field com.runqian.report4.ide.graph.GraphEditDialog backGraphURL Ljavax/swing/JTextField; _$84
.field com.runqian.report4.ide.graph.GraphEditDialog customGraphPanel Ljavax/swing/JPanel; _$85
.field com.runqian.report4.ide.graph.GraphEditDialog comboCustomClass Lcom/runqian/base4/swing/JComboBoxEx; _$86
.field com.runqian.report4.ide.graph.GraphEditDialog tfCustomParam Ljavax/swing/JTextField; _$87
.field com.runqian.report4.ide.graph.GraphEditDialog btEdit Ljavax/swing/JButton; _$88
.field com.runqian.report4.ide.graph.GraphEditDialog curveType Lcom/runqian/base4/swing/JComboBoxEx; _$89
.field com.runqian.report4.ide.graph.GraphEditDialog instance Lcom/runqian/report4/ide/graph/GraphEditDialog; _$90
.field com.runqian.report4.ide.graph.GraphEditDialog isIniting Z _$91
.method com.runqian.report4.ide.graph.GraphEditDialog init ()V _$1
.method com.runqian.report4.ide.graph.GraphEditDialog createDSPanel ()Ljavax/swing/JPanel; _$2
.method com.runqian.report4.ide.graph.GraphEditDialog createDefinePanel ()Ljavax/swing/JPanel; _$3
.method com.runqian.report4.ide.graph.GraphEditDialog createAppearancePanel ()Ljavax/swing/JPanel; _$4
.method com.runqian.report4.ide.graph.GraphEditDialog reloadColors ()V _$5
.method com.runqian.report4.ide.graph.GraphEditDialog createEspecialDefinePanel ()Ljavax/swing/JPanel; _$6
.method com.runqian.report4.ide.graph.GraphEditDialog getCustomGraphConfigVectors ()[Ljava/util/Vector; _$7
.method com.runqian.report4.ide.graph.GraphEditDialog totalCustomGraphConfigList ()Ljava/util/ArrayList; _$8
.method com.runqian.report4.ide.graph.GraphEditDialog existCGConfigInLocal (Ljava/util/ArrayList;Ljava/lang/String;)Z _$1
.method com.runqian.report4.ide.graph.GraphEditDialog refreshComboCustomClass ()V _$9
.method com.runqian.report4.ide.graph.GraphEditDialog createTextLabel (Ljava/lang/String;)Ljavax/swing/JLabel; _$1
.method com.runqian.report4.ide.graph.GraphEditDialog createBaseGBC (IIIIZ)Ljava/awt/GridBagConstraints; _$1
.method com.runqian.report4.ide.graph.GraphEditDialog createBaseGBC (IIII)Ljava/awt/GridBagConstraints; _$1
.method com.runqian.report4.ide.graph.GraphEditDialog initButton (Ljavax/swing/JButton;)V _$1
.method com.runqian.report4.ide.graph.GraphEditDialog setAllEnabled ()V _$10
.method com.runqian.report4.ide.graph.GraphEditDialog graphTypeChanged (B)V _$1
.method com.runqian.report4.ide.graph.GraphEditDialog setCoorWidthEnabled (Z)V _$1
.method com.runqian.report4.ide.graph.GraphEditDialog setCategorySpanEnabled (Z)V _$2
.method com.runqian.report4.ide.graph.GraphEditDialog setSeriesSpanEnabled (Z)V _$3
.method com.runqian.report4.ide.graph.GraphEditDialog setPieRotationEnabled (Z)V _$4
.method com.runqian.report4.ide.graph.GraphEditDialog setPieHeightEnabled (Z)V _$5
.method com.runqian.report4.ide.graph.GraphEditDialog setLabels (B)V _$2
.method com.runqian.report4.ide.graph.GraphEditDialog setContainerEnabled (Ljava/awt/Container;Z)V _$1
.method com.runqian.report4.ide.graph.GraphEditDialog setGridLineBoxEnabled (B)V _$3
.method com.runqian.report4.ide.graph.GraphEditDialog setBarDistanceEnabled (B)V _$4
.method com.runqian.report4.ide.graph.GraphEditDialog setAlarmLineEnabled (B)V _$5
.method com.runqian.report4.ide.graph.GraphEditDialog setTimeTrendDefineEnabled (B)V _$6
.method com.runqian.report4.ide.graph.GraphEditDialog setdrawLineDotEnabled (B)V _$7
.method com.runqian.report4.ide.graph.GraphEditDialog setStackedGraphProp (B)V _$8
.method com.runqian.report4.ide.graph.GraphEditDialog getCustomGraphDialog (Ljava/lang/String;)Ljava/lang/String; _$2
.method com.runqian.report4.ide.graph.GraphEditDialog comboCustomClass_actionPerformed (Ljava/awt/event/ActionEvent;)V _$1
.method com.runqian.report4.ide.graph.GraphEditDialog btEdit_actionPerformed (Ljava/awt/event/ActionEvent;)V _$2
.class com.runqian.report4.ide.graph.GraphEditDialog_btEdit_actionAdapter lIlIIIIlIIlIlIII
.field com.runqian.report4.ide.graph.GraphEditDialog_btEdit_actionAdapter adaptee Lcom/runqian/report4/ide/graph/GraphEditDialog; _$1
.class com.runqian.report4.ide.graph.GraphEditDialog_comboCustomClass_actionAdapter lllIllIIllIIlIII
.field com.runqian.report4.ide.graph.GraphEditDialog_comboCustomClass_actionAdapter adaptee Lcom/runqian/report4/ide/graph/GraphEditDialog; _$1
.class com.runqian.report4.ide.graph.GraphUtils GraphUtils
.class com.runqian.report4.ide.graph.IntEditor IntEditor
.field com.runqian.report4.ide.graph.IntEditor oldText Ljava/lang/Object; _$1
.field com.runqian.report4.ide.graph.IntEditor field Ljavax/swing/JTextField; _$2
.field com.runqian.report4.ide.graph.IntEditor mm Lcom/runqian/base4/resources/MessageManager; _$3
.class com.runqian.report4.ide.graph.LegendLocationBox LegendLocationBox
.field com.runqian.report4.ide.graph.LegendLocationBox mm Lcom/runqian/base4/resources/MessageManager; _$1
.field com.runqian.report4.ide.graph.LegendLocationBox items [Ljava/lang/String; _$2
.field com.runqian.report4.ide.graph.LegendLocationBox left Ljava/lang/String; _$3
.field com.runqian.report4.ide.graph.LegendLocationBox right Ljava/lang/String; _$4
.field com.runqian.report4.ide.graph.LegendLocationBox top Ljava/lang/String; _$5
.field com.runqian.report4.ide.graph.LegendLocationBox bottom Ljava/lang/String; _$6
.field com.runqian.report4.ide.graph.LegendLocationBox none Ljava/lang/String; _$7
.class com.runqian.report4.ide.graph.LineTypeBox LineTypeBox
.field com.runqian.report4.ide.graph.LineTypeBox mm Lcom/runqian/base4/resources/MessageManager; _$1
.field com.runqian.report4.ide.graph.LineTypeBox none Ljava/lang/String; _$2
.field com.runqian.report4.ide.graph.LineTypeBox shi Ljava/lang/String; _$3
.field com.runqian.report4.ide.graph.LineTypeBox chang Ljava/lang/String; _$4
.field com.runqian.report4.ide.graph.LineTypeBox duan Ljava/lang/String; _$5
.field com.runqian.report4.ide.graph.LineTypeBox dianhua Ljava/lang/String; _$6
.field com.runqian.report4.ide.graph.LineTypeBox dian2 Ljava/lang/String; _$7
.field com.runqian.report4.ide.graph.LineTypeBox items [Ljava/lang/String; _$8
.class com.runqian.report4.ide.graph.SeriesTable SeriesTable
.field com.runqian.report4.ide.graph.SeriesTable mm Lcom/runqian/base4/resources/MessageManager; _$1
.field com.runqian.report4.ide.graph.SeriesTable COL_NAME I _$2
.field com.runqian.report4.ide.graph.SeriesTable COL_VALUE I _$3
.field com.runqian.report4.ide.graph.SeriesTable COL_TITLE I _$4
.field com.runqian.report4.ide.graph.SeriesTable SCOL_NAME Ljava/lang/String; _$5
.field com.runqian.report4.ide.graph.SeriesTable SCOL_VALUE Ljava/lang/String; _$6
.field com.runqian.report4.ide.graph.SeriesTable SCOL_TITLE Ljava/lang/String; _$7
.field com.runqian.report4.ide.graph.SeriesTable isEditable Z _$8
.method com.runqian.report4.ide.graph.SeriesTable clear ()V _$1
.field com.runqian.report4.ide.graph.SeriesTable graphType B _$9
.method com.runqian.report4.ide.graph.SeriesTable hasTitle ()Z _$2
.class com.runqian.report4.ide.graph.TimeTypeBox TimeTypeBox
.field com.runqian.report4.ide.graph.TimeTypeBox mm Lcom/runqian/base4/resources/MessageManager; _$1
.field com.runqian.report4.ide.graph.TimeTypeBox items [Ljava/lang/String; _$2
.field com.runqian.report4.ide.graph.TimeTypeBox year Ljava/lang/String; _$3
.field com.runqian.report4.ide.graph.TimeTypeBox month Ljava/lang/String; _$4
.field com.runqian.report4.ide.graph.TimeTypeBox day Ljava/lang/String; _$5
.field com.runqian.report4.ide.graph.TimeTypeBox hour Ljava/lang/String; _$6
.field com.runqian.report4.ide.graph.TimeTypeBox minute Ljava/lang/String; _$7
.field com.runqian.report4.ide.graph.TimeTypeBox second Ljava/lang/String; _$8
.class com.runqian.report4.ide.graph.TypeSelectBox TypeSelectBox
.class com.runqian.report4.ide.graph.TypeSelectBoxRenderer IlllIllIlllIIIlI
.class com.runqian.report4.ide.graph.TypeItem lIIllIIlIIIIIlll
.field com.runqian.report4.ide.graph.TypeItem label Ljavax/swing/JLabel; _$1
.field com.runqian.report4.ide.graph.TypeItem type B _$2
.class com.runqian.report4.ide.graph.UnitBox UnitBox
.field com.runqian.report4.ide.graph.UnitBox mm Lcom/runqian/base4/resources/MessageManager; _$1
.field com.runqian.report4.ide.graph.UnitBox items [Ljava/lang/String; _$2
.field com.runqian.report4.ide.graph.UnitBox none Ljava/lang/String; _$3
.field com.runqian.report4.ide.graph.UnitBox auto Ljava/lang/String; _$4
.field com.runqian.report4.ide.graph.UnitBox qian Ljava/lang/String; _$5
.field com.runqian.report4.ide.graph.UnitBox wan Ljava/lang/String; _$6
.field com.runqian.report4.ide.graph.UnitBox baiwan Ljava/lang/String; _$7
.field com.runqian.report4.ide.graph.UnitBox qianwan Ljava/lang/String; _$8
.field com.runqian.report4.ide.graph.UnitBox yi Ljava/lang/String; _$9
.field com.runqian.report4.ide.graph.UnitBox shiyi Ljava/lang/String; _$10
.field com.runqian.report4.ide.graph.UnitBox bai1 Ljava/lang/String; _$11
.field com.runqian.report4.ide.graph.UnitBox qian1 Ljava/lang/String; _$12
.field com.runqian.report4.ide.graph.UnitBox wan1 Ljava/lang/String; _$13
.field com.runqian.report4.ide.graph.UnitBox baiwan1 Ljava/lang/String; _$14
.class com.runqian.report4.ide.graph.XAxisTable XAxisTable
.field com.runqian.report4.ide.graph.XAxisTable table Lcom/runqian/base4/swing/JTableEx; _$1
.field com.runqian.report4.ide.graph.XAxisTable addButton Ljavax/swing/JButton; _$2
.field com.runqian.report4.ide.graph.XAxisTable delButton Ljavax/swing/JButton; _$3
.field com.runqian.report4.ide.graph.XAxisTable columnNames [Ljava/lang/String; _$4
.field com.runqian.report4.ide.graph.XAxisTable mm Lcom/runqian/base4/resources/MessageManager; _$5
.field com.runqian.report4.ide.graph.XAxisTable s_startValue Ljava/lang/String; _$6
.field com.runqian.report4.ide.graph.XAxisTable s_endValue Ljava/lang/String; _$7
.field com.runqian.report4.ide.graph.XAxisTable s_sampleValue Ljava/lang/String; _$8
.field com.runqian.report4.ide.graph.XAxisTable s_sampleUnit Ljava/lang/String; _$9
.field com.runqian.report4.ide.graph.XAxisTable s_markValue Ljava/lang/String; _$10
.field com.runqian.report4.ide.graph.XAxisTable s_markUnit Ljava/lang/String; _$11
.field com.runqian.report4.ide.graph.XAxisTable COL_STARTVALUE I _$12
.field com.runqian.report4.ide.graph.XAxisTable COL_ENDVALUE I _$13
.field com.runqian.report4.ide.graph.XAxisTable COL_SAMPLEVALUE I _$14
.field com.runqian.report4.ide.graph.XAxisTable COL_SAMPLEUNIT I _$15
.field com.runqian.report4.ide.graph.XAxisTable COL_MARKVALUE I _$16
.field com.runqian.report4.ide.graph.XAxisTable COL_MARKUNIT I _$17
.method com.runqian.report4.ide.graph.XAxisTable initCellEdit ()V _$1
.method com.runqian.report4.ide.graph.XAxisTable setClickCountToStart ()V _$2
.class com.runqian.report4.ide.graph.AlarmLineTable$1 IlIIIIIIIIIlIlII
.class com.runqian.report4.ide.graph.CategoryTable$1 lIIIIlIlIlllIllI
.class com.runqian.report4.ide.graph.CategoryTable$2 IIIIIlIlIlllIllI
.class com.runqian.report4.ide.graph.GraphEditDialog$1 IIIIIlIlIllIllll
.class com.runqian.report4.ide.graph.GraphEditDialog$2 lIIIIlIlIllIllll
.class com.runqian.report4.ide.graph.GraphEditDialog$3 IlIIIlIlIllIllll
.class com.runqian.report4.ide.graph.GraphEditDialog$4 llIIIlIlIllIllll
.class com.runqian.report4.ide.graph.SeriesTable$1 lIlIIIIllIIIlIII
.class com.runqian.report4.ide.graph.XAxisTable$1 IIIIIIlIIllllIIl
