.class com.runqian.report4.ide.usermodel.AbstractCustomJPanel AbstractCustomJPanel
.field com.runqian.report4.ide.usermodel.AbstractCustomJPanel isDraging Z _$1
.class com.runqian.report4.ide.usermodel.ICustomJPanelListener ICustomJPanelListener
.class com.runqian.report4.ide.usermodel.IDataSetEditor IDataSetEditor
.class com.runqian.report4.ide.usermodel.IReportEditorListener IReportEditorListener
.class com.runqian.report4.ide.usermodel.IReportSaveListener IReportSaveListener
.class com.runqian.report4.ide.usermodel.ReportEditor ReportEditor
.method com.runqian.report4.ide.usermodel.ReportEditor insertTypeRow (IBI)Lcom/runqian/report4/ide/base/IAtomicCmd; _$1
.method com.runqian.report4.ide.usermodel.ReportEditor insertTypeCol (IBI)Lcom/runqian/report4/ide/base/IAtomicCmd; _$2
.method com.runqian.report4.ide.usermodel.ReportEditor findBeginIndex (ZB)I _$1
.method com.runqian.report4.ide.usermodel.ReportEditor getFitPosition (Ljava/lang/Byte;Ljava/util/Vector;Ljava/util/Vector;)I _$1
.method com.runqian.report4.ide.usermodel.ReportEditor checkRowProperty (Ljava/lang/Object;)Z _$1
.method com.runqian.report4.ide.usermodel.ReportEditor checkColProperty (Ljava/lang/Object;)Z _$2
.method com.runqian.report4.ide.usermodel.ReportEditor compareOrder (BBZZ)Z _$1
.method com.runqian.report4.ide.usermodel.ReportEditor generateMatrixValues (Lcom/runqian/report4/ide/base/CellRect;Ljava/lang/Object;)Lcom/runqian/report4/model/Matrix; _$1
.method com.runqian.report4.ide.usermodel.ReportEditor isMultiRectSelected ()Z _$1
.method com.runqian.report4.ide.usermodel.ReportEditor resetBlankCells (Lcom/runqian/report4/ide/base/CellRect;Z)Z _$1
.method com.runqian.report4.ide.usermodel.ReportEditor pasteCell ()Z _$2
.method com.runqian.report4.ide.usermodel.ReportEditor pasteValue ()Z _$3
.method com.runqian.report4.ide.usermodel.ReportEditor isExistReadOnlyCell ()Z _$4
.method com.runqian.report4.ide.usermodel.ReportEditor clear (S)Z _$1
.method com.runqian.report4.ide.usermodel.ReportEditor getApprCopiedRowCells (IB)Ljava/util/ArrayList; _$1
.method com.runqian.report4.ide.usermodel.ReportEditor getApprCopiedColCells (SB)Ljava/util/ArrayList; _$1
.method com.runqian.report4.ide.usermodel.ReportEditor getInsertRow (BLcom/runqian/report4/ide/base/CellRect;BZ)Lcom/runqian/report4/ide/base/IAtomicCmd; _$1
.method com.runqian.report4.ide.usermodel.ReportEditor getInsertCol (BLcom/runqian/report4/ide/base/CellRect;BZ)Lcom/runqian/report4/ide/base/IAtomicCmd; _$2
.method com.runqian.report4.ide.usermodel.ReportEditor setInitBorder (Lcom/runqian/report4/ide/dialog/DialogCellBorder;)V _$1
.method com.runqian.report4.ide.usermodel.ReportEditor setInitBorder (BLcom/runqian/report4/ide/dialog/DialogCellBorder;)V _$1
.method com.runqian.report4.ide.usermodel.ReportEditor setCellBorder (Ljava/util/HashMap;)Z _$1
.method com.runqian.report4.ide.usermodel.ReportEditor cloneAMap (Lcom/runqian/report4/usermodel/IByteMap;)Lcom/runqian/report4/usermodel/IByteMap; _$1
.field com.runqian.report4.ide.usermodel.ReportEditor TYPE_SET_CELLPROPERTY B _$1
.field com.runqian.report4.ide.usermodel.ReportEditor TYPE_SET_ROWPROPERTY B _$2
.field com.runqian.report4.ide.usermodel.ReportEditor TYPE_SET_COLPROPERTY B _$3
.method com.runqian.report4.ide.usermodel.ReportEditor setProperty (BBLjava/lang/Object;Ljava/lang/String;Z)Ljava/util/Vector; _$1
.method com.runqian.report4.ide.usermodel.ReportEditor getDisplayCell ()Lcom/runqian/report4/usermodel/INormalCell; _$5
.method com.runqian.report4.ide.usermodel.ReportEditor getCellByteMap (ZB)Lcom/runqian/report4/usermodel/IByteMap; _$2
.method com.runqian.report4.ide.usermodel.ReportEditor getSelectedMatrix (Lcom/runqian/report4/ide/base/CellRect;)Lcom/runqian/report4/model/Matrix; _$1
.method com.runqian.report4.ide.usermodel.ReportEditor isNothingSelected ()Z _$6
.field com.runqian.report4.ide.usermodel.ReportEditor reportModel Lcom/runqian/report4/ide/usermodel/ReportModel; _$4
.field com.runqian.report4.ide.usermodel.ReportEditor listener Lcom/runqian/report4/ide/usermodel/IReportEditorListener; _$5
.field com.runqian.report4.ide.usermodel.ReportEditor editControl Lcom/runqian/report4/control/EditControl; _$6
.field com.runqian.report4.ide.usermodel.ReportEditor rcl Lcom/runqian/report4/ide/ReportControlListener; _$7
.field com.runqian.report4.ide.usermodel.ReportEditor errorMsg Ljava/lang/String; _$8
.field com.runqian.report4.ide.usermodel.ReportEditor mergeError Ljava/lang/String; _$9
.class com.runqian.report4.ide.usermodel.ReportExporter ReportExporter
.field com.runqian.report4.ide.usermodel.ReportExporter fileName Ljava/lang/String; _$1
.field com.runqian.report4.ide.usermodel.ReportExporter os Ljava/io/OutputStream; _$2
.field com.runqian.report4.ide.usermodel.ReportExporter type B _$3
.field com.runqian.report4.ide.usermodel.ReportExporter exporter Ljava/lang/Object; _$4
.method com.runqian.report4.ide.usermodel.ReportExporter isArgsMatchMethod (Ljava/lang/reflect/Method;[Ljava/lang/Object;)Z _$1
.method com.runqian.report4.ide.usermodel.ReportExporter exportReport (Lcom/runqian/report4/usermodel/IReport;Ljava/io/OutputStream;ZLjava/lang/String;)Ljava/lang/Object; _$1
.class com.runqian.report4.ide.usermodel.ReportIde ReportIde
.field com.runqian.report4.ide.usermodel.ReportIde instance Lcom/runqian/report4/ide/usermodel/ReportIde; _$1
.class com.runqian.report4.ide.usermodel.ReportModel ReportModel
.field com.runqian.report4.ide.usermodel.ReportModel data Lcom/runqian/report4/usermodel/IReport; _$1
.field com.runqian.report4.ide.usermodel.ReportModel editControl Lcom/runqian/report4/control/EditControl; _$2
.class com.runqian.report4.ide.usermodel.AbstractCustomJPanel$1 lIllIllIIllllIll
