.class com.runqian.report4.semantics.Association Association
.field com.runqian.report4.semantics.Association view2Name Ljava/lang/String; _$1
.field com.runqian.report4.semantics.Association viewExp Ljava/lang/String; _$2
.field com.runqian.report4.semantics.Association filterType B _$3
.class com.runqian.report4.semantics.AssociationList AssociationList
.field com.runqian.report4.semantics.AssociationList associations Ljava/util/ArrayList; _$1
.class com.runqian.report4.semantics.View View
.class com.runqian.report4.semantics.BuiltinView BuiltinView
.field com.runqian.report4.semantics.BuiltinView values [[Ljava/lang/String; _$1
.field com.runqian.report4.semantics.BuiltinView viewName Ljava/lang/String; _$2
.field com.runqian.report4.semantics.BuiltinView colInfoList Ljava/util/ArrayList; _$3
.field com.runqian.report4.semantics.BuiltinView compColInfoList Ljava/util/ArrayList; _$4
.field com.runqian.report4.semantics.BuiltinView associations Lcom/runqian/report4/semantics/AssociationList; _$5
.field com.runqian.report4.semantics.BuiltinView editTime J _$6
.field com.runqian.report4.semantics.BuiltinView egcList Ljava/util/ArrayList; _$7
.field com.runqian.report4.semantics.BuiltinView beginRow Ljava/lang/String; _$8
.field com.runqian.report4.semantics.BuiltinView endRow Ljava/lang/String; _$9
.class com.runqian.report4.semantics.ColInfo ColInfo
.field com.runqian.report4.semantics.ColInfo editStyleName Ljava/lang/String; _$1
.field com.runqian.report4.semantics.ColInfo dispValueExp Ljava/lang/String; _$2
.field com.runqian.report4.semantics.ColInfo associations Lcom/runqian/report4/semantics/AssociationList; _$3
.field com.runqian.report4.semantics.ColInfo customManipulate Z _$4
.class com.runqian.report4.semantics.ComputedColInfo ComputedColInfo
.field com.runqian.report4.semantics.ComputedColInfo colTitle Ljava/lang/String; _$1
.field com.runqian.report4.semantics.ComputedColInfo colExp Ljava/lang/String; _$2
.field com.runqian.report4.semantics.ComputedColInfo editStyleName Ljava/lang/String; _$3
.field com.runqian.report4.semantics.ComputedColInfo dispValueExp Ljava/lang/String; _$4
.field com.runqian.report4.semantics.ComputedColInfo associations Lcom/runqian/report4/semantics/AssociationList; _$5
.class com.runqian.report4.semantics.CustomView CustomView
.field com.runqian.report4.semantics.CustomView viewName Ljava/lang/String; _$1
.field com.runqian.report4.semantics.CustomView dataSourceName Ljava/lang/String; _$2
.field com.runqian.report4.semantics.CustomView colInfoList Ljava/util/ArrayList; _$3
.field com.runqian.report4.semantics.CustomView compColInfoList Ljava/util/ArrayList; _$4
.field com.runqian.report4.semantics.CustomView associations Lcom/runqian/report4/semantics/AssociationList; _$5
.field com.runqian.report4.semantics.CustomView editTime J _$6
.field com.runqian.report4.semantics.CustomView paramList Ljava/util/ArrayList; _$7
.field com.runqian.report4.semantics.CustomView egcList Ljava/util/ArrayList; _$8
.field com.runqian.report4.semantics.CustomView customVDSFactoryName Ljava/lang/String; _$9
.field com.runqian.report4.semantics.CustomView beginRow Ljava/lang/String; _$10
.field com.runqian.report4.semantics.CustomView endRow Ljava/lang/String; _$11
.class com.runqian.report4.semantics.DataPipe DataPipe
.field com.runqian.report4.semantics.DataPipe name Ljava/lang/String; _$1
.field com.runqian.report4.semantics.DataPipe sourceDataSource Ljava/lang/String; _$2
.field com.runqian.report4.semantics.DataPipe targetDataSource Ljava/lang/String; _$3
.field com.runqian.report4.semantics.DataPipe viewDataSetConfigs Ljava/util/ArrayList; _$4
.field com.runqian.report4.semantics.DataPipe copyType B _$5
.class com.runqian.report4.semantics.DataPipeList DataPipeList
.field com.runqian.report4.semantics.DataPipeList DataPipeList Ljava/util/List; _$1
.class com.runqian.report4.semantics.EditStyle EditStyle
.field com.runqian.report4.semantics.EditStyle name Ljava/lang/String; _$1
.field com.runqian.report4.semantics.EditStyle dispFormat Ljava/lang/String; _$2
.field com.runqian.report4.semantics.EditStyle editStyle B _$3
.field com.runqian.report4.semantics.EditStyle editConfig Ljava/lang/Object; _$4
.field com.runqian.report4.semantics.EditStyle editTime J _$5
.class com.runqian.report4.semantics.EditStyleList EditStyleList
.field com.runqian.report4.semantics.EditStyleList editStyleList Ljava/util/List; _$1
.class com.runqian.report4.semantics.EnumGroupConfig EnumGroupConfig
.field com.runqian.report4.semantics.EnumGroupConfig name Ljava/lang/String; _$1
.field com.runqian.report4.semantics.EnumGroupConfig viewName Ljava/lang/String; _$2
.field com.runqian.report4.semantics.EnumGroupConfig enumList Ljava/util/List; _$3
.field com.runqian.report4.semantics.EnumGroupConfig otherGroupValue Ljava/lang/String; _$4
.field com.runqian.report4.semantics.EnumGroupConfig otherGroupDispValue Ljava/lang/String; _$5
.field com.runqian.report4.semantics.EnumGroupConfig dispNullGroup Z _$6
.field com.runqian.report4.semantics.EnumGroupConfig overlap Z _$7
.class com.runqian.report4.semantics.EnumGroupConfigList EnumGroupConfigList
.field com.runqian.report4.semantics.EnumGroupConfigList enumGroupConfigList Ljava/util/List; _$1
.class com.runqian.report4.semantics.EnumGroupItemBetween EnumGroupItemBetween
.field com.runqian.report4.semantics.EnumGroupItemBetween groupValue Ljava/lang/String; _$1
.field com.runqian.report4.semantics.EnumGroupItemBetween colName Ljava/lang/String; _$2
.field com.runqian.report4.semantics.EnumGroupItemBetween lowerValue Ljava/lang/String; _$3
.field com.runqian.report4.semantics.EnumGroupItemBetween upperValue Ljava/lang/String; _$4
.field com.runqian.report4.semantics.EnumGroupItemBetween contain B _$5
.field com.runqian.report4.semantics.EnumGroupItemBetween dispValue Ljava/lang/String; _$6
.class com.runqian.report4.semantics.EnumGroupItemCustom EnumGroupItemCustom
.field com.runqian.report4.semantics.EnumGroupItemCustom groupValue Ljava/lang/String; _$1
.field com.runqian.report4.semantics.EnumGroupItemCustom condition Ljava/lang/String; _$2
.field com.runqian.report4.semantics.EnumGroupItemCustom dispValue Ljava/lang/String; _$3
.class com.runqian.report4.semantics.EnumGroupItemIn EnumGroupItemIn
.field com.runqian.report4.semantics.EnumGroupItemIn groupValue Ljava/lang/String; _$1
.field com.runqian.report4.semantics.EnumGroupItemIn colName Ljava/lang/String; _$2
.field com.runqian.report4.semantics.EnumGroupItemIn colValues Ljava/lang/String; _$3
.field com.runqian.report4.semantics.EnumGroupItemIn dispValue Ljava/lang/String; _$4
.class com.runqian.report4.semantics.EnumGroupItemLike EnumGroupItemLike
.field com.runqian.report4.semantics.EnumGroupItemLike groupValue Ljava/lang/String; _$1
.field com.runqian.report4.semantics.EnumGroupItemLike colName Ljava/lang/String; _$2
.field com.runqian.report4.semantics.EnumGroupItemLike likeValue Ljava/lang/String; _$3
.field com.runqian.report4.semantics.EnumGroupItemLike dispValue Ljava/lang/String; _$4
.class com.runqian.report4.semantics.ICustomViewDataSetFactory ICustomViewDataSetFactory
.class com.runqian.report4.semantics.OuterParam OuterParam
.field com.runqian.report4.semantics.OuterParam editStyleName Ljava/lang/String; _$1
.field com.runqian.report4.semantics.OuterParam editTime J _$2
.class com.runqian.report4.semantics.ParamConst ParamConst
.class com.runqian.report4.semantics.ParamList ParamList
.field com.runqian.report4.semantics.ParamList params Ljava/util/ArrayList; _$1
.class com.runqian.report4.semantics.ViewParam ViewParam
.class com.runqian.report4.semantics.SQLParam SQLParam
.class com.runqian.report4.semantics.ProcParam ProcParam
.class com.runqian.report4.semantics.ProcView ProcView
.field com.runqian.report4.semantics.ProcView viewName Ljava/lang/String; _$1
.field com.runqian.report4.semantics.ProcView dataSourceName Ljava/lang/String; _$2
.field com.runqian.report4.semantics.ProcView colInfoList Ljava/util/ArrayList; _$3
.field com.runqian.report4.semantics.ProcView compColInfoList Ljava/util/ArrayList; _$4
.field com.runqian.report4.semantics.ProcView associations Lcom/runqian/report4/semantics/AssociationList; _$5
.field com.runqian.report4.semantics.ProcView sql Ljava/lang/String; _$6
.field com.runqian.report4.semantics.ProcView procParamList Ljava/util/ArrayList; _$7
.field com.runqian.report4.semantics.ProcView editTime J _$8
.field com.runqian.report4.semantics.ProcView egcList Ljava/util/ArrayList; _$9
.field com.runqian.report4.semantics.ProcView beginRow Ljava/lang/String; _$10
.field com.runqian.report4.semantics.ProcView endRow Ljava/lang/String; _$11
.class com.runqian.report4.semantics.SemanticsConst SemanticsConst
.class com.runqian.report4.semantics.SemanticsManager SemanticsManager
.field com.runqian.report4.semantics.SemanticsManager editStyleList Lcom/runqian/report4/semantics/EditStyleList; _$1
.field com.runqian.report4.semantics.SemanticsManager paramList Lcom/runqian/report4/semantics/ParamList; _$2
.field com.runqian.report4.semantics.SemanticsManager viewList Lcom/runqian/report4/semantics/ViewList; _$3
.field com.runqian.report4.semantics.SemanticsManager dpList Lcom/runqian/report4/semantics/DataPipeList; _$4
.field com.runqian.report4.semantics.SemanticsManager egcList Lcom/runqian/report4/semantics/EnumGroupConfigList; _$5
.field com.runqian.report4.semantics.SemanticsManager doc Lorg/w3c/dom/Document; _$6
.method com.runqian.report4.semantics.SemanticsManager parseEditStyleList (Lorg/w3c/dom/NodeList;)Lcom/runqian/report4/semantics/EditStyleList; _$1
.method com.runqian.report4.semantics.SemanticsManager parseEditConfig (Lorg/w3c/dom/Node;)Ljava/lang/Object; _$1
.method com.runqian.report4.semantics.SemanticsManager parseParamList (Lorg/w3c/dom/NodeList;)Lcom/runqian/report4/semantics/ParamList; _$2
.method com.runqian.report4.semantics.SemanticsManager parseViewList (Lorg/w3c/dom/NodeList;)Lcom/runqian/report4/semantics/ViewList; _$3
.method com.runqian.report4.semantics.SemanticsManager parseView (Ljava/lang/String;Lorg/w3c/dom/NodeList;)Lcom/runqian/report4/semantics/View; _$1
.method com.runqian.report4.semantics.SemanticsManager setViewColInfo (Lcom/runqian/report4/semantics/View;Lorg/w3c/dom/NodeList;)Lcom/runqian/report4/semantics/View; _$1
.method com.runqian.report4.semantics.SemanticsManager setViewCompColInfo (Lcom/runqian/report4/semantics/View;Lorg/w3c/dom/NodeList;)Lcom/runqian/report4/semantics/View; _$2
.method com.runqian.report4.semantics.SemanticsManager setViewAssociation (Lcom/runqian/report4/semantics/View;Lorg/w3c/dom/NodeList;)Lcom/runqian/report4/semantics/View; _$3
.method com.runqian.report4.semantics.SemanticsManager setColAssociation (Lcom/runqian/report4/semantics/ColInfo;Lorg/w3c/dom/NodeList;)Lcom/runqian/report4/semantics/ColInfo; _$1
.method com.runqian.report4.semantics.SemanticsManager setColAssociation (Lcom/runqian/report4/semantics/ComputedColInfo;Lorg/w3c/dom/NodeList;)Lcom/runqian/report4/semantics/ComputedColInfo; _$1
.method com.runqian.report4.semantics.SemanticsManager setSQLViewParam (Lcom/runqian/report4/semantics/SQLView;Lorg/w3c/dom/NodeList;)Lcom/runqian/report4/semantics/SQLView; _$1
.method com.runqian.report4.semantics.SemanticsManager setProcViewParam (Lcom/runqian/report4/semantics/ProcView;Lorg/w3c/dom/NodeList;)Lcom/runqian/report4/semantics/ProcView; _$1
.method com.runqian.report4.semantics.SemanticsManager setTableViewParam (Lcom/runqian/report4/semantics/TableView;Lorg/w3c/dom/NodeList;)Lcom/runqian/report4/semantics/TableView; _$1
.method com.runqian.report4.semantics.SemanticsManager setWhereParam (Lcom/runqian/report4/semantics/Where;Lorg/w3c/dom/NodeList;)Lcom/runqian/report4/semantics/Where; _$1
.method com.runqian.report4.semantics.SemanticsManager setBuiltinColTypes (Lcom/runqian/report4/semantics/BuiltinView;Lorg/w3c/dom/NodeList;)Lcom/runqian/report4/semantics/BuiltinView; _$1
.method com.runqian.report4.semantics.SemanticsManager setBuiltinViewData (Lcom/runqian/report4/semantics/BuiltinView;Lorg/w3c/dom/NodeList;)Lcom/runqian/report4/semantics/BuiltinView; _$2
.method com.runqian.report4.semantics.SemanticsManager setCustomViewParam (Lcom/runqian/report4/semantics/CustomView;Lorg/w3c/dom/NodeList;)Lcom/runqian/report4/semantics/CustomView; _$1
.method com.runqian.report4.semantics.SemanticsManager cNEditStyle (Lcom/runqian/report4/semantics/EditStyle;)Lorg/w3c/dom/Node; _$1
.method com.runqian.report4.semantics.SemanticsManager cNEditConfig (Ljava/lang/Object;)Lorg/w3c/dom/Node; _$1
.method com.runqian.report4.semantics.SemanticsManager cNParam (Lcom/runqian/report4/semantics/OuterParam;)Lorg/w3c/dom/Node; _$1
.method com.runqian.report4.semantics.SemanticsManager cNView (Lcom/runqian/report4/semantics/View;)Lorg/w3c/dom/Node; _$1
.method com.runqian.report4.semantics.SemanticsManager cNColInfoList (Lcom/runqian/report4/semantics/View;)Lorg/w3c/dom/Node; _$2
.method com.runqian.report4.semantics.SemanticsManager cNCompColInfoList (Lcom/runqian/report4/semantics/View;)Lorg/w3c/dom/Node; _$3
.method com.runqian.report4.semantics.SemanticsManager cNAssociations (Lcom/runqian/report4/semantics/View;)Lorg/w3c/dom/Node; _$4
.method com.runqian.report4.semantics.SemanticsManager cNAssociations (Lcom/runqian/report4/semantics/ColInfo;)Lorg/w3c/dom/Node; _$1
.method com.runqian.report4.semantics.SemanticsManager cNAssociations (Lcom/runqian/report4/semantics/ComputedColInfo;)Lorg/w3c/dom/Node; _$1
.method com.runqian.report4.semantics.SemanticsManager cNSQLParamList (Lcom/runqian/report4/semantics/SQLView;)Lorg/w3c/dom/Node; _$1
.method com.runqian.report4.semantics.SemanticsManager cNCustomParamList (Lcom/runqian/report4/semantics/CustomView;)Lorg/w3c/dom/Node; _$1
.method com.runqian.report4.semantics.SemanticsManager cNProcParamList (Lcom/runqian/report4/semantics/ProcView;)Lorg/w3c/dom/Node; _$1
.method com.runqian.report4.semantics.SemanticsManager cNTableParamList (Lcom/runqian/report4/semantics/TableView;)Lorg/w3c/dom/Node; _$1
.method com.runqian.report4.semantics.SemanticsManager cNBuiltinData (Lcom/runqian/report4/semantics/BuiltinView;)Lorg/w3c/dom/Node; _$1
.method com.runqian.report4.semantics.SemanticsManager getViewType (Lcom/runqian/report4/semantics/View;)B _$5
.method com.runqian.report4.semantics.SemanticsManager parseEnumGroupConfigList (Lorg/w3c/dom/NodeList;)Lcom/runqian/report4/semantics/EnumGroupConfigList; _$4
.method com.runqian.report4.semantics.SemanticsManager parseEnumGroupItem (Lorg/w3c/dom/Node;)Ljava/lang/Object; _$2
.method com.runqian.report4.semantics.SemanticsManager cNEnumGroupConfig (Lcom/runqian/report4/semantics/EnumGroupConfig;)Lorg/w3c/dom/Node; _$1
.method com.runqian.report4.semantics.SemanticsManager createNode (Ljava/lang/String;Ljava/lang/String;)Lorg/w3c/dom/Node; _$1
.method com.runqian.report4.semantics.SemanticsManager createTextNode (Ljava/lang/String;)Lorg/w3c/dom/Node; _$1
.method com.runqian.report4.semantics.SemanticsManager createStringNode (Ljava/lang/String;)Lorg/w3c/dom/Node; _$2
.method com.runqian.report4.semantics.SemanticsManager writeDocument (Lorg/w3c/dom/Document;Ljavax/xml/transform/stream/StreamResult;)V _$1
.field com.runqian.report4.semantics.SemanticsManager oldTR Lcom/runqian/report4/usermodel/input/TableRelations; _$7
.field com.runqian.report4.semantics.SemanticsManager newTR Lcom/runqian/report4/usermodel/input/TableRelations; _$8
.method com.runqian.report4.semantics.SemanticsManager parseDPList (Lorg/w3c/dom/NodeList;)Lcom/runqian/report4/semantics/DataPipeList; _$5
.method com.runqian.report4.semantics.SemanticsManager setDPVList (Lcom/runqian/report4/semantics/DataPipe;Lorg/w3c/dom/NodeList;)Lcom/runqian/report4/semantics/DataPipe; _$1
.method com.runqian.report4.semantics.SemanticsManager cNDataPipe (Lcom/runqian/report4/semantics/DataPipe;)Lorg/w3c/dom/Node; _$1
.class com.runqian.report4.semantics.SemanticsManager$MyEntityResolver IlllIIllIIlIIlIl
.class com.runqian.report4.semantics.SemanticsTags SemanticsTags
.class com.runqian.report4.semantics.SQLView SQLView
.field com.runqian.report4.semantics.SQLView viewName Ljava/lang/String; _$1
.field com.runqian.report4.semantics.SQLView dataSourceName Ljava/lang/String; _$2
.field com.runqian.report4.semantics.SQLView colInfoList Ljava/util/ArrayList; _$3
.field com.runqian.report4.semantics.SQLView compColInfoList Ljava/util/ArrayList; _$4
.field com.runqian.report4.semantics.SQLView associations Lcom/runqian/report4/semantics/AssociationList; _$5
.field com.runqian.report4.semantics.SQLView sql Ljava/lang/String; _$6
.field com.runqian.report4.semantics.SQLView sqlParamList Ljava/util/ArrayList; _$7
.field com.runqian.report4.semantics.SQLView editTime J _$8
.field com.runqian.report4.semantics.SQLView egcList Ljava/util/ArrayList; _$9
.field com.runqian.report4.semantics.SQLView beginRow Ljava/lang/String; _$10
.field com.runqian.report4.semantics.SQLView endRow Ljava/lang/String; _$11
.class com.runqian.report4.semantics.TableView TableView
.field com.runqian.report4.semantics.TableView viewName Ljava/lang/String; _$1
.field com.runqian.report4.semantics.TableView dataSourceName Ljava/lang/String; _$2
.field com.runqian.report4.semantics.TableView colInfoList Ljava/util/ArrayList; _$3
.field com.runqian.report4.semantics.TableView compColInfoList Ljava/util/ArrayList; _$4
.field com.runqian.report4.semantics.TableView associations Lcom/runqian/report4/semantics/AssociationList; _$5
.field com.runqian.report4.semantics.TableView schema Ljava/lang/String; _$6
.field com.runqian.report4.semantics.TableView tableName Ljava/lang/String; _$7
.field com.runqian.report4.semantics.TableView whereList Ljava/util/ArrayList; _$8
.field com.runqian.report4.semantics.TableView egcList Ljava/util/ArrayList; _$9
.field com.runqian.report4.semantics.TableView isReal Z _$10
.field com.runqian.report4.semantics.TableView addOnCondition Ljava/lang/String; _$11
.field com.runqian.report4.semantics.TableView editTime J _$12
.field com.runqian.report4.semantics.TableView beginRow Ljava/lang/String; _$13
.field com.runqian.report4.semantics.TableView endRow Ljava/lang/String; _$14
.class com.runqian.report4.semantics.ViewList ViewList
.field com.runqian.report4.semantics.ViewList viewList Ljava/util/ArrayList; _$1
.class com.runqian.report4.semantics.ViewList$ViewComparator IlIlIllllIIIllII
.class com.runqian.report4.semantics.Where Where
.field com.runqian.report4.semantics.Where paramTitle Ljava/lang/String; _$1
.field com.runqian.report4.semantics.Where where Ljava/lang/String; _$2
.field com.runqian.report4.semantics.Where expList Ljava/util/ArrayList; _$3
.field com.runqian.report4.semantics.Where paramTypeList Ljava/util/ArrayList; _$4
.field com.runqian.report4.semantics.Where defSelected B _$5
