.class com.runqian.report4.model.engine.CircularRefException lllllllIllIIIlII
.field com.runqian.report4.model.engine.CircularRefException cell Lcom/runqian/report4/model/engine/ExtCell; _$1
.field com.runqian.report4.model.engine.CircularRefException state B _$2
.field com.runqian.report4.model.engine.CircularRefException errorMessage Ljava/lang/String; _$3
.method com.runqian.report4.model.engine.CircularRefException getCircleCell (Lcom/runqian/base4/util/Stack;)Ljava/lang/String; _$1
.class com.runqian.report4.model.engine.ColCellEngine ColCellEngine
.class com.runqian.report4.model.engine.CSVariable CSVariable
.field com.runqian.report4.model.engine.CSVariable source Lcom/runqian/report4/model/engine/ExtCell; _$1
.field com.runqian.report4.model.engine.CSVariable leftHead Lcom/runqian/report4/model/engine/ExtCell; _$2
.field com.runqian.report4.model.engine.CSVariable topHead Lcom/runqian/report4/model/engine/ExtCell; _$3
.field com.runqian.report4.model.engine.CSVariable curPage Lcom/runqian/report4/model/engine/ExtCellSet; _$4
.field com.runqian.report4.model.engine.CSVariable isSaved B _$5
.field com.runqian.report4.model.engine.CSVariable isFact B _$6
.field com.runqian.report4.model.engine.CSVariable rowCount I _$7
.field com.runqian.report4.model.engine.CSVariable colCount I _$8
.field com.runqian.report4.model.engine.CSVariable isLineCoord Z _$9
.method com.runqian.report4.model.engine.CSVariable getCell (Lcom/runqian/report4/model/engine/ExtCell;Lcom/runqian/report4/model/engine/ExtCell;)Lcom/runqian/report4/model/engine/ExtCell; _$1
.method com.runqian.report4.model.engine.CSVariable getDirectLeftCell (Lcom/runqian/report4/model/engine/ExtCell;Lcom/runqian/report4/model/engine/ExtCell;)Lcom/runqian/report4/model/engine/ExtCell; _$2
.method com.runqian.report4.model.engine.CSVariable getDirectTopCell (Lcom/runqian/report4/model/engine/ExtCell;Lcom/runqian/report4/model/engine/ExtCell;)Lcom/runqian/report4/model/engine/ExtCell; _$3
.method com.runqian.report4.model.engine.CSVariable getCell12 (Lcom/runqian/report4/model/engine/ExtCell;Lcom/runqian/report4/model/engine/ExtCell;)Lcom/runqian/report4/model/engine/ExtCell; _$4
.method com.runqian.report4.model.engine.CSVariable getCell3 (Lcom/runqian/report4/model/engine/ExtCell;Lcom/runqian/report4/model/engine/ExtCell;)Lcom/runqian/report4/model/engine/ExtCell; _$5
.method com.runqian.report4.model.engine.CSVariable getDirectLeftCells (Lcom/runqian/report4/model/engine/ExtCell;Lcom/runqian/report4/model/engine/ExtCell;Ljava/util/List;)V _$1
.method com.runqian.report4.model.engine.CSVariable getDirectTopCells (Lcom/runqian/report4/model/engine/ExtCell;Lcom/runqian/report4/model/engine/ExtCell;Ljava/util/List;)V _$2
.method com.runqian.report4.model.engine.CSVariable getCells12 (Lcom/runqian/report4/model/engine/ExtCell;Lcom/runqian/report4/model/engine/ExtCell;Ljava/util/List;)Ljava/util/List; _$3
.method com.runqian.report4.model.engine.CSVariable getCells3 (Lcom/runqian/report4/model/engine/ExtCell;Lcom/runqian/report4/model/engine/ExtCell;Ljava/util/List;)Ljava/util/List; _$4
.method com.runqian.report4.model.engine.CSVariable getNextTopHead (Lcom/runqian/report4/model/engine/ExtCell;I)Lcom/runqian/report4/model/engine/ExtCell; _$1
.method com.runqian.report4.model.engine.CSVariable getNextLeftHead (Lcom/runqian/report4/model/engine/ExtCell;I)Lcom/runqian/report4/model/engine/ExtCell; _$2
.method com.runqian.report4.model.engine.CSVariable getTopHead (Lcom/runqian/report4/model/engine/ExtCell;I)Lcom/runqian/report4/model/engine/ExtCell; _$3
.method com.runqian.report4.model.engine.CSVariable getLeftHead (Lcom/runqian/report4/model/engine/ExtCell;I)Lcom/runqian/report4/model/engine/ExtCell; _$4
.method com.runqian.report4.model.engine.CSVariable getCellsLineCoord (Ljava/util/List;)Ljava/util/List; _$1
.class com.runqian.report4.model.engine.ExtCell ExtCell
.class com.runqian.report4.model.engine.ExtCellSet ExtCellSet
.field com.runqian.report4.model.engine.ExtCellSet FLAG_BIT_SIGN S _$1
.field com.runqian.report4.model.engine.ExtCellSet FLAG_BIT_GROUP_HEAD S _$2
.field com.runqian.report4.model.engine.ExtCellSet FLAG_BIT_THIRD_EXP S _$3
.field com.runqian.report4.model.engine.ExtCellSet complicated Ljava/util/ArrayList; _$4
.field com.runqian.report4.model.engine.ExtCellSet matrix Lcom/runqian/report4/model/Matrix; _$5
.field com.runqian.report4.model.engine.ExtCellSet engine Lcom/runqian/report4/model/Matrix; _$6
.field com.runqian.report4.model.engine.ExtCellSet thirdValue Lcom/runqian/base4/util/Queue; _$7
.field com.runqian.report4.model.engine.ExtCellSet thirdProp Lcom/runqian/report4/model/engine/PropQueue; _$8
.field com.runqian.report4.model.engine.ExtCellSet paramsMap Ljava/util/Map; _$9
.field com.runqian.report4.model.engine.ExtCellSet current Lcom/runqian/report4/model/engine/ExtCell; _$10
.field com.runqian.report4.model.engine.ExtCellSet savedCurrent Lcom/runqian/report4/model/engine/ExtCell; _$11
.field com.runqian.report4.model.engine.ExtCellSet context Lcom/runqian/report4/usermodel/Context; _$12
.field com.runqian.report4.model.engine.ExtCellSet mainCell Lcom/runqian/report4/model/engine/MainCell; _$13
.field com.runqian.report4.model.engine.ExtCellSet currentPage Lcom/runqian/report4/usermodel/Area; _$14
.field com.runqian.report4.model.engine.ExtCellSet currentCellSet Lcom/runqian/report4/model/engine/ExtCellSet; _$15
.field com.runqian.report4.model.engine.ExtCellSet rowCount I _$16
.field com.runqian.report4.model.engine.ExtCellSet colCount I _$17
.field com.runqian.report4.model.engine.ExtCellSet currentState B _$18
.field com.runqian.report4.model.engine.ExtCellSet subRptType B _$19
.field com.runqian.report4.model.engine.ExtCellSet flagBit S _$20
.field com.runqian.report4.model.engine.ExtCellSet interrupt Z _$21
.field com.runqian.report4.model.engine.ExtCellSet cell00 Lcom/runqian/report4/model/engine/ExtExtendCell; _$22
.field com.runqian.report4.model.engine.ExtCellSet rd Lcom/runqian/report4/model/ReportDefine; _$23
.field com.runqian.report4.model.engine.ExtCellSet isLoaded Z _$24
.field com.runqian.report4.model.engine.ExtCellSet hasSemanticsExp Z _$25
.field com.runqian.report4.model.engine.ExtCellSet hasDS Z _$26
.field com.runqian.report4.model.engine.ExtCellSet reportStyleName Ljava/lang/String; _$27
.field com.runqian.report4.model.engine.ExtCellSet cssStyleManager Lcom/runqian/report4/util/ICellStyleManager; _$28
.method com.runqian.report4.model.engine.ExtCellSet setRdStyle ()V _$1
.method com.runqian.report4.model.engine.ExtCellSet testInterrupt ()V _$2
.method com.runqian.report4.model.engine.ExtCellSet removeRow$ (I)V _$1
.method com.runqian.report4.model.engine.ExtCellSet getLeftHead (Lcom/runqian/report4/model/engine/ExtNormalCell;)Lcom/runqian/report4/model/engine/ExtCell; _$1
.method com.runqian.report4.model.engine.ExtCellSet getTopHead (Lcom/runqian/report4/model/engine/ExtNormalCell;)Lcom/runqian/report4/model/engine/ExtCell; _$2
.method com.runqian.report4.model.engine.ExtCellSet adjustMergeArea (IIIILcom/runqian/report4/model/engine/ExtCell;)V _$1
.method com.runqian.report4.model.engine.ExtCellSet insertRow$ (II)V _$1
.method com.runqian.report4.model.engine.ExtCellSet rowTypeIsNormal (I)Z _$2
.method com.runqian.report4.model.engine.ExtCellSet getDataBegin ()I _$3
.method com.runqian.report4.model.engine.ExtCellSet getDataEnd ()I _$4
.method com.runqian.report4.model.engine.ExtCellSet insertCol$ (SS)V _$1
.method com.runqian.report4.model.engine.ExtCellSet insertCol$$ (SS)V _$2
.method com.runqian.report4.model.engine.ExtCellSet insertCol$ (SSIIZ)V _$1
.method com.runqian.report4.model.engine.ExtCellSet getBeginRow (Lcom/runqian/report4/model/engine/ExtCell;)I _$1
.method com.runqian.report4.model.engine.ExtCellSet getEndRow (Lcom/runqian/report4/model/engine/ExtCell;)I _$2
.method com.runqian.report4.model.engine.ExtCellSet removeCol$ (S)V _$1
.method com.runqian.report4.model.engine.ExtCellSet getBeginCol (Lcom/runqian/report4/model/engine/ExtCell;)I _$3
.method com.runqian.report4.model.engine.ExtCellSet getEndCol (Lcom/runqian/report4/model/engine/ExtCell;)I _$4
.method com.runqian.report4.model.engine.ExtCellSet changeExtendCell (Lcom/runqian/report4/model/engine/ExtNormalCell;)Lcom/runqian/report4/model/engine/ExtExtendCell; _$3
.method com.runqian.report4.model.engine.ExtCellSet calcProperties (Lcom/runqian/report4/usermodel/Context;Z)V _$1
.method com.runqian.report4.model.engine.ExtCellSet firstCalc (Lcom/runqian/report4/usermodel/Context;Lcom/runqian/base4/util/Stack;)V _$1
.method com.runqian.report4.model.engine.ExtCellSet secondCalc (Lcom/runqian/report4/usermodel/Context;Lcom/runqian/base4/util/Queue;Lcom/runqian/base4/util/Stack;)V _$1
.method com.runqian.report4.model.engine.ExtCellSet calcSpecial (Lcom/runqian/report4/usermodel/Context;Lcom/runqian/base4/util/Queue;Lcom/runqian/base4/util/Stack;)V _$2
.field com.runqian.report4.model.engine.ExtCellSet LOCK Ljava/lang/Object; _$29
.method com.runqian.report4.model.engine.ExtCellSet calcReportStyleName (Lcom/runqian/report4/usermodel/IReport;Lcom/runqian/report4/usermodel/Context;)V _$1
.method com.runqian.report4.model.engine.ExtCellSet calc1 (Lcom/runqian/report4/usermodel/Context;)V _$1
.method com.runqian.report4.model.engine.ExtCellSet prepProperties (Lcom/runqian/report4/usermodel/Context;)V _$2
.method com.runqian.report4.model.engine.ExtCellSet revertProperties ()V _$5
.method com.runqian.report4.model.engine.ExtCellSet pageCalc$ (Lcom/runqian/report4/model/engine/ExtCellSet;Lcom/runqian/report4/usermodel/Area;)V _$1
.method com.runqian.report4.model.engine.ExtCellSet pageCalc (Lcom/runqian/report4/model/engine/ExtCellSet;Lcom/runqian/report4/usermodel/Area;)V _$2
.method com.runqian.report4.model.engine.ExtCellSet clear ()V _$6
.method com.runqian.report4.model.engine.ExtCellSet perfectSubRpt ()V _$7
.method com.runqian.report4.model.engine.ExtCellSet rightAlign ()V _$8
.method com.runqian.report4.model.engine.ExtCellSet perfectBorder ()V _$9
.method com.runqian.report4.model.engine.ExtCellSet copyExtCellSetArea (ISZ)Lcom/runqian/report4/model/engine/ExtCellSet; _$1
.method com.runqian.report4.model.engine.ExtCellSet checkNonlinear (Lcom/runqian/report4/usermodel/Context;)Z _$3
.method com.runqian.report4.model.engine.ExtCellSet checkNonlinearLimit ()B _$10
.method com.runqian.report4.model.engine.ExtCellSet getString (Ljava/lang/String;I)Ljava/lang/String; _$1
.method com.runqian.report4.model.engine.ExtCellSet getBordTopRow (ISS)I _$1
.method com.runqian.report4.model.engine.ExtCellSet getBordBottomRow (ISS)I _$2
.method com.runqian.report4.model.engine.ExtCellSet getBordLeftCol (ISI)S _$1
.method com.runqian.report4.model.engine.ExtCellSet getBordRightCol (ISI)S _$2
.field com.runqian.report4.model.engine.ExtCellSet ecs Lcom/runqian/report4/model/engine/ExtCellSet; _$30
.field com.runqian.report4.model.engine.ExtCellSet licenseFileName Ljava/lang/String; _$31
.field com.runqian.report4.model.engine.ExtCellSet changed Z _$32
.field com.runqian.report4.model.engine.ExtCellSet loadDllSuccess Z _$33
.method com.runqian.report4.model.engine.ExtCellSet compare ([B[B)Z _$1
.field com.runqian.report4.model.engine.ExtCellSet now I _$34
.field com.runqian.report4.model.engine.ExtCellSet type B _$35
.field com.runqian.report4.model.engine.ExtCellSet version B _$36
.field com.runqian.report4.model.engine.ExtCellSet productName Ljava/lang/String; _$37
.field com.runqian.report4.model.engine.ExtCellSet providerName Ljava/lang/String; _$38
.field com.runqian.report4.model.engine.ExtCellSet providerHTTP Ljava/lang/String; _$39
.field com.runqian.report4.model.engine.ExtCellSet providerTel Ljava/lang/String; _$40
.field com.runqian.report4.model.engine.ExtCellSet providerLogo Ljava/lang/String; _$41
.field com.runqian.report4.model.engine.ExtCellSet copyright Ljava/lang/String; _$42
.field com.runqian.report4.model.engine.ExtCellSet integratorName Ljava/lang/String; _$43
.field com.runqian.report4.model.engine.ExtCellSet customerName Ljava/lang/String; _$44
.field com.runqian.report4.model.engine.ExtCellSet projectName Ljava/lang/String; _$45
.field com.runqian.report4.model.engine.ExtCellSet prompt Ljava/lang/String; _$46
.field com.runqian.report4.model.engine.ExtCellSet productVersion Ljava/lang/String; _$47
.field com.runqian.report4.model.engine.ExtCellSet key Ljava/lang/String; _$48
.field com.runqian.report4.model.engine.ExtCellSet effectTime I _$49
.field com.runqian.report4.model.engine.ExtCellSet expirationTime I _$50
.field com.runqian.report4.model.engine.ExtCellSet osName Ljava/lang/String; _$51
.field com.runqian.report4.model.engine.ExtCellSet properties [I _$52
.field com.runqian.report4.model.engine.ExtCellSet nonlinear J _$53
.field com.runqian.report4.model.engine.ExtCellSet nonlinearReportNum S _$54
.field com.runqian.report4.model.engine.ExtCellSet bindingIPs Ljava/lang/String; _$55
.field com.runqian.report4.model.engine.ExtCellSet enabledCPUNum S _$56
.field com.runqian.report4.model.engine.ExtCellSet concurrentUserNum S _$57
.field com.runqian.report4.model.engine.ExtCellSet bools J _$58
.method com.runqian.report4.model.engine.ExtCellSet formatDate (I)Ljava/lang/String; _$3
.method com.runqian.report4.model.engine.ExtCellSet readLicense (Ljava/io/InputStream;)V _$1
.method com.runqian.report4.model.engine.ExtCellSet splitPrompt (Ljava/lang/String;)V _$1
.method com.runqian.report4.model.engine.ExtCellSet readByte (Ljava/io/InputStream;)B _$2
.method com.runqian.report4.model.engine.ExtCellSet readShort (Ljava/io/InputStream;)S _$3
.method com.runqian.report4.model.engine.ExtCellSet readInt (Ljava/io/InputStream;)I _$4
.method com.runqian.report4.model.engine.ExtCellSet readLong (Ljava/io/InputStream;)J _$5
.method com.runqian.report4.model.engine.ExtCellSet readByteArray (Ljava/io/InputStream;[B)[B _$1
.method com.runqian.report4.model.engine.ExtCellSet readIntArray (Ljava/io/InputStream;)[I _$6
.method com.runqian.report4.model.engine.ExtCellSet readString (Ljava/io/InputStream;)Ljava/lang/String; _$7
.field com.runqian.report4.model.engine.ExtCellSet rom Ljava/util/Random; _$59
.field com.runqian.report4.model.engine.ExtCellSet prepareConst I _$60
.method com.runqian.report4.model.engine.ExtCellSet getPrepareCalcProperties ()V _$11
.class com.runqian.report4.model.engine.ExtColCell ExtColCell
.class com.runqian.report4.model.engine.ExtNormalCell ExtNormalCell
.field com.runqian.report4.model.engine.ExtNormalCell cellStyleImpl1 Lcom/runqian/report4/util/ICellStyle; _$1
.method com.runqian.report4.model.engine.ExtNormalCell getCode (Ljava/lang/String;)I _$1
.field com.runqian.report4.model.engine.ExtNormalCell style Ljava/lang/String; _$2
.class com.runqian.report4.model.engine.ExtExtendCell ExtExtendCell
.field com.runqian.report4.model.engine.ExtExtendCell extCells [Lcom/runqian/report4/model/engine/ExtCell; _$1
.field com.runqian.report4.model.engine.ExtExtendCell leftSubCellList Lcom/runqian/report4/model/ExtList; _$2
.field com.runqian.report4.model.engine.ExtExtendCell topSubCellList Lcom/runqian/report4/model/ExtList; _$3
.field com.runqian.report4.model.engine.ExtExtendCell dsCurrent Lcom/runqian/report4/dataset/DsValue; _$4
.field com.runqian.report4.model.engine.ExtExtendCell addDs [Lcom/runqian/report4/dataset/DsValue; _$5
.class com.runqian.report4.model.engine.ExtRowCell ExtRowCell
.class com.runqian.report4.model.engine.InputExpression InputExpression
.field com.runqian.report4.model.engine.InputExpression input Lcom/runqian/report4/usermodel/input/InputProperty; _$1
.field com.runqian.report4.model.engine.InputExpression sm Lcom/runqian/report4/semantics/SemanticsManager; _$2
.field com.runqian.report4.model.engine.InputExpression writableExp Lcom/runqian/report4/model/expression/Expression; _$3
.field com.runqian.report4.model.engine.InputExpression autoCalcExp Ljava/util/ArrayList; _$4
.field com.runqian.report4.model.engine.InputExpression validityList Ljava/util/ArrayList; _$5
.field com.runqian.report4.model.engine.InputExpression uploadUpdateList Ljava/util/ArrayList; _$6
.field com.runqian.report4.model.engine.InputExpression editConfig Lcom/runqian/report4/model/engine/InputExpression$PrtDDDataWindow; _$7
.method com.runqian.report4.model.engine.InputExpression prepTableRelations (Lcom/runqian/report4/model/engine/ExtCellSet;Lcom/runqian/report4/usermodel/Context;Lcom/runqian/report4/usermodel/input/TableRelations;)Ljava/lang/Object; _$1
.method com.runqian.report4.model.engine.InputExpression replaceSemantics (Lcom/runqian/report4/usermodel/input/TableRelations;)V _$1
.method com.runqian.report4.model.engine.InputExpression getMacroExpression (Lcom/runqian/report4/model/engine/ExtCellSet;Lcom/runqian/report4/usermodel/Context;Ljava/lang/String;)Ljava/util/ArrayList; _$1
.method com.runqian.report4.model.engine.InputExpression calcTableRelations (Lcom/runqian/report4/usermodel/Context;Lcom/runqian/report4/usermodel/input/TableRelations;Lcom/runqian/report4/model/engine/InputExpression$PrtTableRelations;)V _$1
.class com.runqian.report4.model.engine.InputExpression$PrtDDDataWindow lIlIllIIIlIllIII
.field com.runqian.report4.model.engine.InputExpression$PrtDDDataWindow fltCellName Ljava/util/ArrayList; _$1
.field com.runqian.report4.model.engine.InputExpression$PrtDDDataWindow fltExp Ljava/util/ArrayList; _$2
.class com.runqian.report4.model.engine.InputExpression$PrtValidity IIIlIlIllIIIIllI
.field com.runqian.report4.model.engine.InputExpression$PrtValidity vlt Ljava/util/ArrayList; _$1
.class com.runqian.report4.model.engine.InputExpression$PrtUpdateProperty IIIlllIIIllIIIlI
.field com.runqian.report4.model.engine.InputExpression$PrtUpdateProperty relation Ljava/lang/Object; _$1
.class com.runqian.report4.model.engine.InputExpression$PrtTableRelations IIIIlIlIIIIlIIIl
.field com.runqian.report4.model.engine.InputExpression$PrtTableRelations relationList Ljava/util/ArrayList; _$1
.class com.runqian.report4.model.engine.InputExpression$PrtTableRelation lIllIlIIIlIlllII
.field com.runqian.report4.model.engine.InputExpression$PrtTableRelation params Lcom/runqian/report4/model/engine/InputExpression$PrtRelationParams; _$1
.class com.runqian.report4.model.engine.InputExpression$PrtRelationParams IIIlllIIlIlIIIll
.field com.runqian.report4.model.engine.InputExpression$PrtRelationParams paramExpList Ljava/util/ArrayList; _$1
.class com.runqian.report4.model.engine.MainCell llIllIIIIlIIlIII
.field com.runqian.report4.model.engine.MainCell leftHead Lcom/runqian/report4/model/engine/ExtCell; _$1
.field com.runqian.report4.model.engine.MainCell topHead Lcom/runqian/report4/model/engine/ExtCell; _$2
.field com.runqian.report4.model.engine.MainCell changed Z _$3
.class com.runqian.report4.model.engine.NormalCellEngine NormalCellEngine
.class com.runqian.report4.model.engine.Perfected IlIIlIlIIlllIIII
.method com.runqian.report4.model.engine.Perfected getOutsizeImage (Lcom/runqian/report4/usermodel/Context;)Ljava/lang/Object; _$1
.method com.runqian.report4.model.engine.Perfected flexCell (Lcom/runqian/report4/usermodel/IReport;IIII)V _$1
.method com.runqian.report4.model.engine.Perfected adjustRowHeight (Lcom/runqian/report4/usermodel/IReport;Lcom/runqian/report4/usermodel/INormalCell;Ljava/lang/String;B)V _$1
.method com.runqian.report4.model.engine.Perfected adjustRichTextRowHeight (Lcom/runqian/report4/usermodel/IReport;Lcom/runqian/report4/usermodel/INormalCell;Ljava/lang/String;B)V _$2
.method com.runqian.report4.model.engine.Perfected adjustHtmlRowHeight (Lcom/runqian/report4/usermodel/IReport;Lcom/runqian/report4/usermodel/INormalCell;Ljava/lang/String;B)V _$3
.method com.runqian.report4.model.engine.Perfected shrinkFontSize (Ljava/lang/String;FFZLjava/awt/Font;Ljava/awt/Graphics;B)I _$1
.method com.runqian.report4.model.engine.Perfected adjustCellSize (Lcom/runqian/report4/usermodel/IReport;Lcom/runqian/report4/usermodel/INormalCell;FFB)V _$1
.method com.runqian.report4.model.engine.Perfected getFileBytes (Ljava/lang/Object;Lcom/runqian/report4/usermodel/Context;Lcom/runqian/report4/usermodel/INormalCell;)[B _$1
.class com.runqian.report4.model.engine.PropQueue lIIIllIIIIlIIlII
.field com.runqian.report4.model.engine.PropQueue BLOCKSIZE I _$1
.field com.runqian.report4.model.engine.PropQueue count I _$2
.field com.runqian.report4.model.engine.PropQueue index1 I _$3
.field com.runqian.report4.model.engine.PropQueue index2 I _$4
.field com.runqian.report4.model.engine.PropQueue head Lcom/runqian/report4/model/engine/PropQueue$DataBlock; _$5
.class com.runqian.report4.model.engine.PropQueue$DataBlock IlllIlIllIIlIIll
.field com.runqian.report4.model.engine.PropQueue$DataBlock cell [Lcom/runqian/report4/model/engine/ExtCell; _$1
.field com.runqian.report4.model.engine.PropQueue$DataBlock key [B _$2
.field com.runqian.report4.model.engine.PropQueue$DataBlock prev Lcom/runqian/report4/model/engine/PropQueue$DataBlock; _$3
.field com.runqian.report4.model.engine.PropQueue$DataBlock next Lcom/runqian/report4/model/engine/PropQueue$DataBlock; _$4
.class com.runqian.report4.model.engine.RowCellEngine RowCellEngine
.class com.runqian.report4.model.engine.RSA2 RSA2
.field com.runqian.report4.model.engine.RSA2 m1 Ljava/math/BigInteger; _$1
.field com.runqian.report4.model.engine.RSA2 m2 Ljava/math/BigInteger; _$2
.field com.runqian.report4.model.engine.RSA2 m3 Ljava/math/BigInteger; _$3
.field com.runqian.report4.model.engine.RSA2 e Ljava/math/BigInteger; _$4
.method com.runqian.report4.model.engine.RSA2 decrypt ([BLjava/math/BigInteger;Ljava/math/BigInteger;)[B _$1
.class com.runqian.report4.model.engine.SimplePager SimplePager
.field com.runqian.report4.model.engine.SimplePager displayedRow I _$1
.field com.runqian.report4.model.engine.SimplePager displayedCol I _$2
.field com.runqian.report4.model.engine.SimplePager currPageRowNo I _$3
.field com.runqian.report4.model.engine.SimplePager currPageColNo I _$4
.field com.runqian.report4.model.engine.SimplePager currPageHeight I _$5
.field com.runqian.report4.model.engine.SimplePager currPageWidth I _$6
.field com.runqian.report4.model.engine.SimplePager pageHeader Lcom/runqian/report4/usermodel/Area; _$7
.field com.runqian.report4.model.engine.SimplePager pageFooter Lcom/runqian/report4/usermodel/Area; _$8
.field com.runqian.report4.model.engine.SimplePager titleHeader Lcom/runqian/report4/usermodel/Area; _$9
.field com.runqian.report4.model.engine.SimplePager titleFooter Lcom/runqian/report4/usermodel/Area; _$10
.field com.runqian.report4.model.engine.SimplePager tableHeader Lcom/runqian/report4/usermodel/Area; _$11
.field com.runqian.report4.model.engine.SimplePager tableFooter Lcom/runqian/report4/usermodel/Area; _$12
.field com.runqian.report4.model.engine.SimplePager dataField Lcom/runqian/report4/usermodel/Area; _$13
.field com.runqian.report4.model.engine.SimplePager tableEndRow I _$14
.field com.runqian.report4.model.engine.SimplePager isFirstCol Z _$15
.field com.runqian.report4.model.engine.SimplePager isCached Z _$16
.field com.runqian.report4.model.engine.SimplePager CD_YES B _$17
.field com.runqian.report4.model.engine.SimplePager CD_NO B _$18
.field com.runqian.report4.model.engine.SimplePager CD_PAGEBREAK B _$19
.field com.runqian.report4.model.engine.SimplePager CD_HIDE B _$20
.field com.runqian.report4.model.engine.SimplePager CD_COLUMNBREAK B _$21
.field com.runqian.report4.model.engine.SimplePager interrupt Z _$22
.method com.runqian.report4.model.engine.SimplePager getSameRowTypeHeight (Lcom/runqian/report4/usermodel/IReport;Lcom/runqian/report4/usermodel/Area;B)I _$1
.method com.runqian.report4.model.engine.SimplePager getSameColTypeWidth (Lcom/runqian/report4/usermodel/IReport;Lcom/runqian/report4/usermodel/Area;B)I _$2
.method com.runqian.report4.model.engine.SimplePager checkGroupRowValidity (Lcom/runqian/report4/usermodel/IReport;I)V _$1
.method com.runqian.report4.model.engine.SimplePager splitPageRows (Lcom/runqian/report4/usermodel/IReport;B)V _$1
.method com.runqian.report4.model.engine.SimplePager addMergeGroupHead (Ljava/util/LinkedList;Ljava/util/ArrayList;Lcom/runqian/report4/model/engine/SimplePager$GroupInfo;II)I _$1
.method com.runqian.report4.model.engine.SimplePager getLeftHeader (Lcom/runqian/report4/usermodel/IReport;)Lcom/runqian/report4/usermodel/Area; _$1
.method com.runqian.report4.model.engine.SimplePager getRightHeader (Lcom/runqian/report4/usermodel/IReport;)Lcom/runqian/report4/usermodel/Area; _$2
.method com.runqian.report4.model.engine.SimplePager getDataField (Lcom/runqian/report4/usermodel/IReport;)Lcom/runqian/report4/usermodel/Area; _$3
.method com.runqian.report4.model.engine.SimplePager getInvalidField (Lcom/runqian/report4/usermodel/IReport;)Lcom/runqian/report4/usermodel/Area; _$4
.method com.runqian.report4.model.engine.SimplePager getHeaderField (Lcom/runqian/report4/usermodel/IReport;B)Lcom/runqian/report4/usermodel/Area; _$2
.method com.runqian.report4.model.engine.SimplePager getFooterField (Lcom/runqian/report4/usermodel/IReport;B)Lcom/runqian/report4/usermodel/Area; _$3
.method com.runqian.report4.model.engine.SimplePager copySecondTableHead (Lcom/runqian/report4/usermodel/Area;ILcom/runqian/report4/usermodel/IReport;I)V _$1
.method com.runqian.report4.model.engine.SimplePager copyRowSpecialField (Lcom/runqian/report4/usermodel/IReport;Lcom/runqian/report4/usermodel/Area;)V _$1
.method com.runqian.report4.model.engine.SimplePager addColSpecialField (Lcom/runqian/report4/usermodel/IReport;Lcom/runqian/report4/usermodel/IReport;Lcom/runqian/report4/usermodel/Area;I)V _$1
.method com.runqian.report4.model.engine.SimplePager copyColSpecialField (Lcom/runqian/report4/usermodel/IReport;Lcom/runqian/report4/usermodel/IReport;Lcom/runqian/report4/usermodel/Area;Lcom/runqian/report4/usermodel/Area;II)V _$1
.method com.runqian.report4.model.engine.SimplePager rowDisplayed (Lcom/runqian/report4/usermodel/IReport;IB)V _$1
.method com.runqian.report4.model.engine.SimplePager canDisplayRow (IB)B _$1
.method com.runqian.report4.model.engine.SimplePager canDisplayRowForColumn (IIB)B _$1
.method com.runqian.report4.model.engine.SimplePager processMergedCellRowCut (ILcom/runqian/report4/usermodel/IReport;II)I _$1
.method com.runqian.report4.model.engine.SimplePager splitPageCols (Lcom/runqian/report4/usermodel/IReport;IB)V _$2
.method com.runqian.report4.model.engine.SimplePager copyTilteHeaderFooter (Lcom/runqian/report4/usermodel/IReport;ILcom/runqian/report4/usermodel/Area;Lcom/runqian/report4/usermodel/IReport;BBBZZ)V _$1
.method com.runqian.report4.model.engine.SimplePager flexCell (Lcom/runqian/report4/usermodel/IReport;IILcom/runqian/report4/usermodel/Area;Lcom/runqian/report4/usermodel/IReport;IBZ)V _$1
.method com.runqian.report4.model.engine.SimplePager splitCell (Lcom/runqian/report4/usermodel/IReport;IILcom/runqian/report4/usermodel/IReport;II)V _$1
.method com.runqian.report4.model.engine.SimplePager canDisplayCol (Lcom/runqian/report4/usermodel/IReport;IB)B _$3
.method com.runqian.report4.model.engine.SimplePager colDisplayed (Lcom/runqian/report4/usermodel/IReport;IB)V _$4
.method com.runqian.report4.model.engine.SimplePager processMergedCellColCut (Lcom/runqian/report4/usermodel/IReport;ILcom/runqian/report4/usermodel/IReport;Lcom/runqian/report4/usermodel/Area;I)V _$1
.method com.runqian.report4.model.engine.SimplePager processTextCut (Lcom/runqian/report4/usermodel/IReport;IILcom/runqian/report4/usermodel/IReport;II)V _$2
.field com.runqian.report4.model.engine.SimplePager fullName Ljava/lang/String; _$23
.method com.runqian.report4.model.engine.SimplePager writeInt (Ljava/io/FilterOutputStream;I)V _$1
.method com.runqian.report4.model.engine.SimplePager dealColumnRepeatedGroupHeader (Lcom/runqian/report4/usermodel/IReport;ILjava/util/ArrayList;BZLcom/runqian/report4/usermodel/IReport;IIIIZ)I _$1
.class com.runqian.report4.model.engine.SimplePager$GroupInfo IlllIIlIlIlIlIlI
.field com.runqian.report4.model.engine.SimplePager$GroupInfo pageIndex I _$1
.field com.runqian.report4.model.engine.SimplePager$GroupInfo rowIndex I _$2
.field com.runqian.report4.model.engine.SimplePager$GroupInfo groupLevel B _$3
.method com.runqian.report4.model.engine.SimplePager$GroupInfo getPageIndex ()I _$1
.method com.runqian.report4.model.engine.SimplePager$GroupInfo getRowIndex ()I _$2
.method com.runqian.report4.model.engine.SimplePager$GroupInfo getGroupLevel ()B _$3
.class com.runqian.report4.model.engine.SubRpt llIIIllIllIllIlI
.field com.runqian.report4.model.engine.SubRpt cs Lcom/runqian/report4/model/engine/ExtCellSet; _$1
.field com.runqian.report4.model.engine.SubRpt subRpt Lcom/runqian/report4/model/engine/ExtCellSet; _$2
.field com.runqian.report4.model.engine.SubRpt cell Lcom/runqian/report4/model/engine/ExtCell; _$3
.method com.runqian.report4.model.engine.SubRpt canExportRow (I)Z _$1
.method com.runqian.report4.model.engine.SubRpt canExportCol (I)Z _$2
.method com.runqian.report4.model.engine.SubRpt clean ()V _$1
.method com.runqian.report4.model.engine.SubRpt adjustSubRpt ()V _$2
.method com.runqian.report4.model.engine.SubRpt extendSubRpt ()V _$3
.method com.runqian.report4.model.engine.SubRpt copyCellTo (Lcom/runqian/report4/model/engine/ExtNormalCell;Lcom/runqian/report4/model/engine/ExtNormalCell;)V _$1
.method com.runqian.report4.model.engine.SubRpt copyCellProp (Lcom/runqian/report4/usermodel/INormalCell;Lcom/runqian/report4/usermodel/INormalCell;)V _$1
.class com.runqian.report4.model.engine.SVGConvert SVGConvert
.class com.runqian.report4.model.engine.PropQueue$1 lllIlllIlIlllIII
