.class com.runqian.report4.cache.BigReportLoader BigReportLoader
.field com.runqian.report4.cache.BigReportLoader dbType Ljava/lang/String; _$1
.field com.runqian.report4.cache.BigReportLoader dsName Ljava/lang/String; _$2
.class com.runqian.report4.cache.CacheManager CacheManager
.field com.runqian.report4.cache.CacheManager cm Lcom/runqian/report4/cache/CacheManager; _$1
.field com.runqian.report4.cache.CacheManager realtimeReload Z _$2
.field com.runqian.report4.cache.CacheManager bZip Z _$3
.field com.runqian.report4.cache.CacheManager logMode Z _$4
.field com.runqian.report4.cache.CacheManager cluster Lcom/runqian/report4/cache/Cluster; _$5
.field com.runqian.report4.cache.CacheManager isFileShared Z _$6
.field com.runqian.report4.cache.CacheManager cachePath Ljava/io/File; _$7
.field com.runqian.report4.cache.CacheManager loader Lcom/runqian/report4/usermodel/IReportDefineLoader; _$8
.field com.runqian.report4.cache.CacheManager entries Ljava/util/Map; _$9
.field com.runqian.report4.cache.CacheManager idPrefix Ljava/lang/String; _$10
.method com.runqian.report4.cache.CacheManager isLocalIdPrefix (Ljava/lang/String;)Z _$1
.method com.runqian.report4.cache.CacheManager debug (Ljava/lang/String;)V _$2
.class com.runqian.report4.cache.CacheMonitor CacheMonitor
.field com.runqian.report4.cache.CacheMonitor stoped Z _$1
.field com.runqian.report4.cache.CacheMonitor timeout J _$2
.field com.runqian.report4.cache.CacheMonitor period J _$3
.method com.runqian.report4.cache.CacheMonitor monite (Lcom/runqian/report4/cache/CacheManager;)V _$1
.class com.runqian.report4.cache.Client Client
.field com.runqian.report4.cache.Client sckt Ljava/net/Socket; _$1
.class com.runqian.report4.cache.Cluster Cluster
.field com.runqian.report4.cache.Cluster memberList Ljava/util/List; _$1
.field com.runqian.report4.cache.Cluster server Lcom/runqian/report4/cache/Server; _$2
.field com.runqian.report4.cache.Cluster local Lcom/runqian/report4/cache/Member; _$3
.class com.runqian.report4.cache.Connection lIIllIllIIIIIIII
.field com.runqian.report4.cache.Connection sckt Ljava/net/Socket; _$1
.class com.runqian.report4.cache.DefaultReportDefineLoader DefaultReportDefineLoader
.class com.runqian.report4.cache.PagerCache PagerCache
.field com.runqian.report4.cache.PagerCache id Ljava/lang/String; _$1
.field com.runqian.report4.cache.PagerCache rc Lcom/runqian/report4/cache/ReportCache; _$2
.field com.runqian.report4.cache.PagerCache pbRef Ljava/lang/ref/SoftReference; _$3
.field com.runqian.report4.cache.PagerCache pi Lcom/runqian/report4/usermodel/PagerInfo; _$4
.field com.runqian.report4.cache.PagerCache isInterrupted Z _$5
.field com.runqian.report4.cache.PagerCache tempPb Lcom/runqian/report4/usermodel/PageBuilder; _$6
.method com.runqian.report4.cache.PagerCache getLogInfo ()Ljava/lang/String; _$1
.method com.runqian.report4.cache.PagerCache isEqualsPagerInfo (Lcom/runqian/report4/usermodel/PagerInfo;)Z _$1
.method com.runqian.report4.cache.PagerCache release ()V _$2
.method com.runqian.report4.cache.PagerCache waitForWriteThread ()V _$3
.class com.runqian.report4.cache.LocalPagerCache lllIlIllllIllIll
.method com.runqian.report4.cache.LocalPagerCache waitForWriteThread ()V _$3
.method com.runqian.report4.cache.LocalPagerCache isEqualsPagerInfo (Lcom/runqian/report4/usermodel/PagerInfo;)Z _$1
.method com.runqian.report4.cache.LocalPagerCache release ()V _$2
.class com.runqian.report4.cache.ReportCache ReportCache
.field com.runqian.report4.cache.ReportCache re Lcom/runqian/report4/cache/ReportEntry; _$1
.field com.runqian.report4.cache.ReportCache id Ljava/lang/String; _$2
.field com.runqian.report4.cache.ReportCache reportRef Ljava/lang/ref/SoftReference; _$3
.field com.runqian.report4.cache.ReportCache entries Ljava/util/Map; _$4
.field com.runqian.report4.cache.ReportCache defaultPi Lcom/runqian/report4/usermodel/PagerInfo; _$5
.field com.runqian.report4.cache.ReportCache createTime J _$6
.field com.runqian.report4.cache.ReportCache lastAccessTime J _$7
.method com.runqian.report4.cache.ReportCache getLogInfo ()Ljava/lang/String; _$1
.method com.runqian.report4.cache.ReportCache release ()V _$2
.method com.runqian.report4.cache.ReportCache isEqualsEnv (Lcom/runqian/report4/usermodel/Context;)Z _$1
.method com.runqian.report4.cache.ReportCache waitForWriteThread ()V _$3
.class com.runqian.report4.cache.LocalReportCache lIlIIIIlIIIIlIlI
.field com.runqian.report4.cache.LocalReportCache paramValues [Ljava/lang/Object; _$1
.field com.runqian.report4.cache.LocalReportCache macroValues [Ljava/lang/String; _$2
.field com.runqian.report4.cache.LocalReportCache isUserCalc Z _$3
.field com.runqian.report4.cache.LocalReportCache ctx Lcom/runqian/report4/usermodel/Context; _$4
.field com.runqian.report4.cache.LocalReportCache isInterrupted Z _$5
.field com.runqian.report4.cache.LocalReportCache tempEngine Lcom/runqian/report4/usermodel/Engine; _$6
.method com.runqian.report4.cache.LocalReportCache isEqualsEnv (Lcom/runqian/report4/usermodel/Context;)Z _$1
.method com.runqian.report4.cache.LocalReportCache waitForWriteThread ()V _$3
.method com.runqian.report4.cache.LocalReportCache release ()V _$2
.class com.runqian.report4.cache.Member Member
.field com.runqian.report4.cache.Member name Ljava/lang/String; _$1
.field com.runqian.report4.cache.Member host Ljava/lang/String; _$2
.field com.runqian.report4.cache.Member port I _$3
.method com.runqian.report4.cache.Member isLocal (Ljava/net/InetAddress;)Z _$1
.class com.runqian.report4.cache.Message Message
.class com.runqian.report4.cache.MsgCheckRC IllIlIIlIllIIllI
.field com.runqian.report4.cache.MsgCheckRC reName Ljava/lang/String; _$1
.field com.runqian.report4.cache.MsgCheckRC rcId Ljava/lang/String; _$2
.field com.runqian.report4.cache.MsgCheckRC isExist Z _$3
.class com.runqian.report4.cache.MsgGetPage MsgGetPage
.field com.runqian.report4.cache.MsgGetPage reName Ljava/lang/String; _$1
.field com.runqian.report4.cache.MsgGetPage rcId Ljava/lang/String; _$2
.field com.runqian.report4.cache.MsgGetPage pcId Ljava/lang/String; _$3
.field com.runqian.report4.cache.MsgGetPage pageIndex I _$4
.field com.runqian.report4.cache.MsgGetPage retPage Lcom/runqian/report4/usermodel/IReport; _$5
.class com.runqian.report4.cache.MsgGetPageCount MsgGetPageCount
.field com.runqian.report4.cache.MsgGetPageCount reName Ljava/lang/String; _$1
.field com.runqian.report4.cache.MsgGetPageCount rcId Ljava/lang/String; _$2
.field com.runqian.report4.cache.MsgGetPageCount pcId Ljava/lang/String; _$3
.field com.runqian.report4.cache.MsgGetPageCount retCount I _$4
.class com.runqian.report4.cache.MsgGetPCId MsgGetPCId
.field com.runqian.report4.cache.MsgGetPCId reName Ljava/lang/String; _$1
.field com.runqian.report4.cache.MsgGetPCId rcId Ljava/lang/String; _$2
.field com.runqian.report4.cache.MsgGetPCId pi Lcom/runqian/report4/usermodel/PagerInfo; _$3
.field com.runqian.report4.cache.MsgGetPCId pcId Ljava/lang/String; _$4
.class com.runqian.report4.cache.MsgGetPI MsgGetPI
.field com.runqian.report4.cache.MsgGetPI reName Ljava/lang/String; _$1
.field com.runqian.report4.cache.MsgGetPI rcId Ljava/lang/String; _$2
.field com.runqian.report4.cache.MsgGetPI pcId Ljava/lang/String; _$3
.field com.runqian.report4.cache.MsgGetPI pi Lcom/runqian/report4/usermodel/PagerInfo; _$4
.class com.runqian.report4.cache.MsgGetReport MsgGetReport
.field com.runqian.report4.cache.MsgGetReport reName Ljava/lang/String; _$1
.field com.runqian.report4.cache.MsgGetReport rcId Ljava/lang/String; _$2
.field com.runqian.report4.cache.MsgGetReport report Lcom/runqian/report4/usermodel/IReport; _$3
.class com.runqian.report4.cache.MsgGetReportDefine MsgGetReportDefine
.field com.runqian.report4.cache.MsgGetReportDefine reName Ljava/lang/String; _$1
.field com.runqian.report4.cache.MsgGetReportDefine report Lcom/runqian/report4/usermodel/IReport; _$2
.class com.runqian.report4.cache.MsgWaitPageStore MsgWaitPageStore
.field com.runqian.report4.cache.MsgWaitPageStore reName Ljava/lang/String; _$1
.field com.runqian.report4.cache.MsgWaitPageStore rcId Ljava/lang/String; _$2
.field com.runqian.report4.cache.MsgWaitPageStore pcId Ljava/lang/String; _$3
.field com.runqian.report4.cache.MsgWaitPageStore isFinished Z _$4
.class com.runqian.report4.cache.MsgWaitReportStore MsgWaitReportStore
.field com.runqian.report4.cache.MsgWaitReportStore reName Ljava/lang/String; _$1
.field com.runqian.report4.cache.MsgWaitReportStore rcId Ljava/lang/String; _$2
.field com.runqian.report4.cache.MsgWaitReportStore isFinished Z _$3
.class com.runqian.report4.cache.RemotePagerCache IIllIllIIIIlIlll
.field com.runqian.report4.cache.RemotePagerCache memberName Ljava/lang/String; _$1
.method com.runqian.report4.cache.RemotePagerCache release ()V _$2
.class com.runqian.report4.cache.RemoteReportCache IIIllIlllIlllIlI
.field com.runqian.report4.cache.RemoteReportCache memberName Ljava/lang/String; _$1
.method com.runqian.report4.cache.RemoteReportCache release ()V _$2
.method com.runqian.report4.cache.RemoteReportCache isRemoteIdPrefix (Ljava/lang/String;)Z _$1
.class com.runqian.report4.cache.ReportEntry ReportEntry
.field com.runqian.report4.cache.ReportEntry reportName Ljava/lang/String; _$1
.field com.runqian.report4.cache.ReportEntry loader Lcom/runqian/report4/usermodel/IReportDefineLoader; _$2
.field com.runqian.report4.cache.ReportEntry reportDefineRef Ljava/lang/ref/SoftReference; _$3
.field com.runqian.report4.cache.ReportEntry entries Ljava/util/Map; _$4
.field com.runqian.report4.cache.ReportEntry paramNames [Ljava/lang/String; _$5
.field com.runqian.report4.cache.ReportEntry macroNames [Ljava/lang/String; _$6
.field com.runqian.report4.cache.ReportEntry pi Lcom/runqian/report4/usermodel/PagerInfo; _$7
.field com.runqian.report4.cache.ReportEntry lastAccessTime J _$8
.method com.runqian.report4.cache.ReportEntry getLogInfo ()Ljava/lang/String; _$1
.method com.runqian.report4.cache.ReportEntry getParamNames ()[Ljava/lang/String; _$2
.method com.runqian.report4.cache.ReportEntry getMacroNames ()[Ljava/lang/String; _$3
.method com.runqian.report4.cache.ReportEntry getPagerInfo ()Lcom/runqian/report4/usermodel/PagerInfo; _$4
.class com.runqian.report4.cache.ReportEntry$CachePathRptLoader IllIIlIIlIIIllII
.class com.runqian.report4.cache.Server Server
.field com.runqian.report4.cache.Server srvSckt Ljava/net/ServerSocket; _$1
.field com.runqian.report4.cache.Server TimeOut I _$2
.field com.runqian.report4.cache.Server stop Z _$3
.field com.runqian.report4.cache.Server Buffer_Size I _$4
.class com.runqian.report4.cache.Utils Utils
.field com.runqian.report4.cache.Utils count I _$1
.field com.runqian.report4.cache.Utils ID_SEPARATOR C _$2
.class com.runqian.report4.cache.WriterThread lllllllIIlIlIllI
.field com.runqian.report4.cache.WriterThread writeCount I _$1
.field com.runqian.report4.cache.WriterThread RT_ZIPENTRY_NAME Ljava/lang/String; _$2
.field com.runqian.report4.cache.WriterThread type I _$3
.field com.runqian.report4.cache.WriterThread id Ljava/lang/String; _$4
.field com.runqian.report4.cache.WriterThread o Ljava/lang/Object; _$5
.field com.runqian.report4.cache.WriterThread logInfo Ljava/lang/String; _$6
