.class com.runqian.report4.model.expression.graph.IGraph IGraph
.class com.runqian.report4.model.expression.graph.DrawBase DrawBase
.field com.runqian.report4.model.expression.graph.DrawBase VALUE_RADIUS I _$1
.field com.runqian.report4.model.expression.graph.DrawBase SHADE_SPAN I _$2
.field com.runqian.report4.model.expression.graph.DrawBase TR Ljava/awt/Rectangle; _$3
.field com.runqian.report4.model.expression.graph.DrawBase cellLink Ljava/lang/String; _$4
.method com.runqian.report4.model.expression.graph.DrawBase adjustStateTime ()V _$1
.method com.runqian.report4.model.expression.graph.DrawBase transProperty (Lcom/runqian/report4/model/expression/graph/ExtGraphProperty;)V _$1
.method com.runqian.report4.model.expression.graph.DrawBase isLegendOnCategory ()Z _$2
.method com.runqian.report4.model.expression.graph.DrawBase drawLegendRect (IIIIIIIZZLjava/lang/String;Ljava/lang/StringBuffer;)V _$1
.method com.runqian.report4.model.expression.graph.DrawBase isLegendOnSide ()Z _$3
.method com.runqian.report4.model.expression.graph.DrawBase getLegendTextRect (Ljava/lang/String;)Ljava/awt/Rectangle; _$1
.method com.runqian.report4.model.expression.graph.DrawBase setPaint (IIIILjava/awt/Color;ZB)V _$1
.method com.runqian.report4.model.expression.graph.DrawBase getStgLinkHtml (Ljava/lang/String;Ljava/lang/String;Ljava/lang/String;Ljava/lang/Object;Ljava/lang/Object;)Ljava/lang/String; _$1
.method com.runqian.report4.model.expression.graph.DrawBase replaceAll (Ljava/lang/String;Ljava/lang/String;Ljava/lang/String;)Ljava/lang/String; _$1
.method com.runqian.report4.model.expression.graph.DrawBase getStgLinkHtml (Ljava/lang/String;Ljava/lang/String;Ljava/lang/String;Ljava/lang/Object;Ljava/lang/Object;Ljava/lang/Object;Ljava/lang/String;Ljava/lang/String;)Ljava/lang/String; _$1
.field com.runqian.report4.model.expression.graph.DrawBase rightTop Ljava/awt/Rectangle; _$5
.field com.runqian.report4.model.expression.graph.DrawBase rightBottom Ljava/awt/Rectangle; _$6
.field com.runqian.report4.model.expression.graph.DrawBase leftTop Ljava/awt/Rectangle; _$7
.field com.runqian.report4.model.expression.graph.DrawBase leftBottom Ljava/awt/Rectangle; _$8
.method com.runqian.report4.model.expression.graph.DrawBase angleToPosition (Lcom/runqian/report4/model/expression/graph/GraphFontView;D)B _$1
.method com.runqian.report4.model.expression.graph.DrawBase drawOutCircleText (Lcom/runqian/report4/model/expression/graph/GraphFontView;Ljava/lang/String;DIIZ)Z _$1
.method com.runqian.report4.model.expression.graph.DrawBase disableLink ()Z _$4
.method com.runqian.report4.model.expression.graph.DrawBase getFont (Ljava/lang/String;IIZZZLjava/lang/String;)Ljava/awt/Font; _$1
.method com.runqian.report4.model.expression.graph.DrawBase getTextDefaultPosition (I)B _$1
.method com.runqian.report4.model.expression.graph.DrawBase getFormattedCatVal (Ljava/lang/Object;)Ljava/lang/String; _$1
.class com.runqian.report4.model.expression.graph.Draw2Y2Line Draw2Y2Line
.class com.runqian.report4.model.expression.graph.Draw2YColLine Draw2YColLine
.class com.runqian.report4.model.expression.graph.DrawArea DrawArea
.method com.runqian.report4.model.expression.graph.DrawArea fillPolygon ([I[II)V _$1
.class com.runqian.report4.model.expression.graph.DrawArea3D DrawArea3D
.class com.runqian.report4.model.expression.graph.DrawBar DrawBar
.class com.runqian.report4.model.expression.graph.DrawBar3DObj DrawBar3DObj
.class com.runqian.report4.model.expression.graph.DrawBarStacked DrawBarStacked
.class com.runqian.report4.model.expression.graph.DrawBarStacked3DObj DrawBarStacked3DObj
.class com.runqian.report4.model.expression.graph.DrawCol DrawCol
.class com.runqian.report4.model.expression.graph.DrawCol3D DrawCol3D
.class com.runqian.report4.model.expression.graph.DrawCol3DObj DrawCol3DObj
.class com.runqian.report4.model.expression.graph.DrawColStacked DrawColStacked
.class com.runqian.report4.model.expression.graph.DrawColStacked3DObj DrawColStacked3DObj
.class com.runqian.report4.model.expression.graph.DrawCurve DrawCurve
.method com.runqian.report4.model.expression.graph.DrawCurve Lagrange (Ljava/util/ArrayList;D)D _$1
.method com.runqian.report4.model.expression.graph.DrawCurve akima (DD[D)D _$1
.method com.runqian.report4.model.expression.graph.DrawCurve s ([D[DI)[D _$1
.method com.runqian.report4.model.expression.graph.DrawCurve fabs (D)D _$1
.method com.runqian.report4.model.expression.graph.DrawCurve Bezier (Ljava/util/ArrayList;D)Ljava/awt/Point; _$2
.method com.runqian.report4.model.expression.graph.DrawCurve sample ([D[DD)D _$1
.class com.runqian.report4.model.expression.graph.DrawDot DrawDot
.class com.runqian.report4.model.expression.graph.DrawGantt DrawGantt
.class com.runqian.report4.model.expression.graph.DrawGongZi DrawGongZi
.class com.runqian.report4.model.expression.graph.DrawLine DrawLine
.class com.runqian.report4.model.expression.graph.DrawLine3DObj DrawLine3DObj
.method com.runqian.report4.model.expression.graph.DrawLine3DObj drawLineArea (Ljava/awt/Point;Ljava/awt/Point;Ljava/awt/Point;Ljava/awt/Point;Ljava/awt/Color;D)V _$1
.class com.runqian.report4.model.expression.graph.DrawMeter DrawMeter
.field com.runqian.report4.model.expression.graph.DrawMeter minTick D _$1
.field com.runqian.report4.model.expression.graph.DrawMeter maxTick D _$2
.field com.runqian.report4.model.expression.graph.DrawMeter dValue D _$3
.field com.runqian.report4.model.expression.graph.DrawMeter vCategory Ljava/util/Vector; _$4
.field com.runqian.report4.model.expression.graph.DrawMeter vValues Ljava/util/Vector; _$5
.field com.runqian.report4.model.expression.graph.DrawMeter vTickValues Ljava/util/Vector; _$6
.method com.runqian.report4.model.expression.graph.DrawMeter prepareMeter ()V _$5
.method com.runqian.report4.model.expression.graph.DrawMeter sortValues ()V _$6
.class com.runqian.report4.model.expression.graph.DrawMeter3D DrawMeter3D
.field com.runqian.report4.model.expression.graph.DrawMeter3D minTick D _$1
.field com.runqian.report4.model.expression.graph.DrawMeter3D maxTick D _$2
.field com.runqian.report4.model.expression.graph.DrawMeter3D dValue D _$3
.field com.runqian.report4.model.expression.graph.DrawMeter3D vCategory Ljava/util/Vector; _$4
.field com.runqian.report4.model.expression.graph.DrawMeter3D vValues Ljava/util/Vector; _$5
.field com.runqian.report4.model.expression.graph.DrawMeter3D vTickValues Ljava/util/Vector; _$6
.method com.runqian.report4.model.expression.graph.DrawMeter3D prepareMeter ()V _$5
.method com.runqian.report4.model.expression.graph.DrawMeter3D sortValues ()V _$6
.class com.runqian.report4.model.expression.graph.DrawMilePost DrawMilePost
.class com.runqian.report4.model.expression.graph.DrawPie DrawPie
.class com.runqian.report4.model.expression.graph.DrawPie3DObj DrawPie3DObj
.method com.runqian.report4.model.expression.graph.DrawPie3DObj getDxOnAngle (IIDI)I _$1
.method com.runqian.report4.model.expression.graph.DrawPie3DObj getDyOnAngle (IIDI)I _$2
.method com.runqian.report4.model.expression.graph.DrawPie3DObj isGradientColor (Lcom/runqian/report4/model/expression/graph/ExtGraphProperty;)Z _$2
.method com.runqian.report4.model.expression.graph.DrawPie3DObj drawFrontBaffle (IIIIIIIIIIZ)V _$1
.method com.runqian.report4.model.expression.graph.DrawPie3DObj drawBackBaffle (IIIIIIIIII)V _$1
.method com.runqian.report4.model.expression.graph.DrawPie3DObj drawCut1 (IIIIIIIIIII)V _$1
.method com.runqian.report4.model.expression.graph.DrawPie3DObj drawCut2 (IIIIIIIIIII)V _$2
.method com.runqian.report4.model.expression.graph.DrawPie3DObj drawCut3 (IIIIIIIIIII)V _$3
.method com.runqian.report4.model.expression.graph.DrawPie3DObj drawCut4 (IIIIIIIIIII)V _$4
.class com.runqian.report4.model.expression.graph.DrawRadar DrawRadar
.class com.runqian.report4.model.expression.graph.DrawRange DrawRange
.method com.runqian.report4.model.expression.graph.DrawRange in ([Ljava/lang/String;Ljava/lang/String;)Z _$1
.method com.runqian.report4.model.expression.graph.DrawRange drawRect (IIIIID)V _$1
.class com.runqian.report4.model.expression.graph.DrawTimeState DrawTimeState
.class com.runqian.report4.model.expression.graph.DrawTimeTrend DrawTimeTrend
.method com.runqian.report4.model.expression.graph.DrawTimeTrend generateSteps (Ljava/util/Date;Ljava/util/Date;BILjava/util/Vector;)V _$1
.method com.runqian.report4.model.expression.graph.DrawTimeTrend getFormattedCatVal (Ljava/lang/Object;)Ljava/lang/String; _$1
.method com.runqian.report4.model.expression.graph.DrawTimeTrend getFormattedDate (Ljava/util/Date;)Ljava/lang/String; _$1
.field com.runqian.report4.model.expression.graph.DrawTimeTrend vSamples Ljava/util/Vector; _$1
.field com.runqian.report4.model.expression.graph.DrawTimeTrend vMarks Ljava/util/Vector; _$2
.class com.runqian.report4.model.expression.graph.ExtAlarmLine ExtAlarmLine
.field com.runqian.report4.model.expression.graph.ExtAlarmLine name Ljava/lang/String; _$1
.field com.runqian.report4.model.expression.graph.ExtAlarmLine value D _$2
.field com.runqian.report4.model.expression.graph.ExtAlarmLine lineType B _$3
.field com.runqian.report4.model.expression.graph.ExtAlarmLine color I _$4
.field com.runqian.report4.model.expression.graph.ExtAlarmLine lineThick F _$5
.class com.runqian.report4.model.expression.graph.ExtGraphCategory ExtGraphCategory
.field com.runqian.report4.model.expression.graph.ExtGraphCategory name Ljava/lang/Object; _$1
.field com.runqian.report4.model.expression.graph.ExtGraphCategory nameFmt Ljava/lang/String; _$2
.field com.runqian.report4.model.expression.graph.ExtGraphCategory series Ljava/util/ArrayList; _$3
.class com.runqian.report4.model.expression.graph.ExtGraphProperty ExtGraphProperty
.field com.runqian.report4.model.expression.graph.ExtGraphProperty bgc Lcom/runqian/report4/usermodel/BackGraphConfig; _$1
.method com.runqian.report4.model.expression.graph.ExtGraphProperty generateChaZhi ()V _$1
.method com.runqian.report4.model.expression.graph.ExtGraphProperty split2YCat ()V _$2
.method com.runqian.report4.model.expression.graph.ExtGraphProperty discardNoNameData ()V _$3
.method com.runqian.report4.model.expression.graph.ExtGraphProperty extractTopNCat ()V _$4
.method com.runqian.report4.model.expression.graph.ExtGraphProperty getTerminalValue (ZLjava/util/ArrayList;)D _$1
.field com.runqian.report4.model.expression.graph.ExtGraphProperty xTitle Ljava/lang/String; _$2
.field com.runqian.report4.model.expression.graph.ExtGraphProperty yTitle Ljava/lang/String; _$3
.field com.runqian.report4.model.expression.graph.ExtGraphProperty graphTitle Ljava/lang/String; _$4
.field com.runqian.report4.model.expression.graph.ExtGraphProperty barDistance D _$5
.field com.runqian.report4.model.expression.graph.ExtGraphProperty topN I _$6
.field com.runqian.report4.model.expression.graph.ExtGraphProperty alarms Ljava/util/ArrayList; _$7
.field com.runqian.report4.model.expression.graph.ExtGraphProperty link Ljava/lang/String; _$8
.field com.runqian.report4.model.expression.graph.ExtGraphProperty linkTarget Ljava/lang/String; _$9
.field com.runqian.report4.model.expression.graph.ExtGraphProperty palette Lcom/runqian/report4/usermodel/Palette; _$10
.field com.runqian.report4.model.expression.graph.ExtGraphProperty titleMargin D _$11
.field com.runqian.report4.model.expression.graph.ExtGraphProperty ttXValues Ljava/util/ArrayList; _$12
.field com.runqian.report4.model.expression.graph.ExtGraphProperty statusBarWidth I _$13
.field com.runqian.report4.model.expression.graph.ExtGraphProperty BAR_DISTANCE S _$14
.field com.runqian.report4.model.expression.graph.ExtGraphProperty TOP_DATA_N S _$15
.field com.runqian.report4.model.expression.graph.ExtGraphProperty Y_START_VALUE1 S _$16
.field com.runqian.report4.model.expression.graph.ExtGraphProperty Y_START_VALUE2 S _$17
.field com.runqian.report4.model.expression.graph.ExtGraphProperty Y_END_VALUE1 S _$18
.field com.runqian.report4.model.expression.graph.ExtGraphProperty Y_END_VALUE2 S _$19
.field com.runqian.report4.model.expression.graph.ExtGraphProperty Y_INTERVAL1 S _$20
.field com.runqian.report4.model.expression.graph.ExtGraphProperty Y_INTERVAL2 S _$21
.field com.runqian.report4.model.expression.graph.ExtGraphProperty Y_MIN_MARK S _$22
.field com.runqian.report4.model.expression.graph.ExtGraphProperty TITLE_MARGIN S _$23
.field com.runqian.report4.model.expression.graph.ExtGraphProperty X_INTERVAL S _$24
.field com.runqian.report4.model.expression.graph.ExtGraphProperty STATUS_BAR_WIDTH S _$25
.field com.runqian.report4.model.expression.graph.ExtGraphProperty userSetStatus S _$26
.field com.runqian.report4.model.expression.graph.ExtGraphProperty yStartValue1 D _$27
.field com.runqian.report4.model.expression.graph.ExtGraphProperty yStartValue2 D _$28
.field com.runqian.report4.model.expression.graph.ExtGraphProperty yEndValue1 D _$29
.field com.runqian.report4.model.expression.graph.ExtGraphProperty yEndValue2 D _$30
.field com.runqian.report4.model.expression.graph.ExtGraphProperty yInterval1 D _$31
.field com.runqian.report4.model.expression.graph.ExtGraphProperty yInterval2 D _$32
.field com.runqian.report4.model.expression.graph.ExtGraphProperty yMinMarks I _$33
.field com.runqian.report4.model.expression.graph.ExtGraphProperty xInterval D _$34
.field com.runqian.report4.model.expression.graph.ExtGraphProperty dataFormat1 Ljava/lang/String; _$35
.field com.runqian.report4.model.expression.graph.ExtGraphProperty dataFormat2 Ljava/lang/String; _$36
.field com.runqian.report4.model.expression.graph.ExtGraphProperty graphType B _$37
.field com.runqian.report4.model.expression.graph.ExtGraphProperty prop Lcom/runqian/report4/usermodel/graph/GraphProperty; _$38
.class com.runqian.report4.model.expression.graph.ExtGraphSery ExtGraphSery
.field com.runqian.report4.model.expression.graph.ExtGraphSery name Ljava/lang/String; _$1
.field com.runqian.report4.model.expression.graph.ExtGraphSery value Ljava/lang/Number; _$2
.field com.runqian.report4.model.expression.graph.ExtGraphSery tips Ljava/lang/String; _$3
.class com.runqian.report4.model.expression.graph.ExtGraphTimeStatus ExtGraphTimeStatus
.field com.runqian.report4.model.expression.graph.ExtGraphTimeStatus statusStartTime Ljava/util/Date; _$1
.field com.runqian.report4.model.expression.graph.ExtGraphTimeStatus statusEndTime Ljava/util/Date; _$2
.field com.runqian.report4.model.expression.graph.ExtGraphTimeStatus statusState Ljava/lang/Object; _$3
.class com.runqian.report4.model.expression.graph.ExtTimeTrendXValue ExtTimeTrendXValue
.field com.runqian.report4.model.expression.graph.ExtTimeTrendXValue startValue Ljava/util/Date; _$1
.field com.runqian.report4.model.expression.graph.ExtTimeTrendXValue endValue Ljava/util/Date; _$2
.field com.runqian.report4.model.expression.graph.ExtTimeTrendXValue sampleValue I _$3
.field com.runqian.report4.model.expression.graph.ExtTimeTrendXValue markValue I _$4
.field com.runqian.report4.model.expression.graph.ExtTimeTrendXValue sampleUnit B _$5
.field com.runqian.report4.model.expression.graph.ExtTimeTrendXValue markUnit B _$6
.class com.runqian.report4.model.expression.graph.GraphFontView GraphFontView
.field com.runqian.report4.model.expression.graph.GraphFontView db Lcom/runqian/report4/model/expression/graph/DrawBase; _$1
.field com.runqian.report4.model.expression.graph.GraphFontView font Ljava/awt/Font; _$2
.field com.runqian.report4.model.expression.graph.GraphFontView color Ljava/awt/Color; _$3
.field com.runqian.report4.model.expression.graph.GraphFontView vertical Z _$4
.field com.runqian.report4.model.expression.graph.GraphFontView angle I _$5
.field com.runqian.report4.model.expression.graph.GraphFontView textPosition B _$6
.field com.runqian.report4.model.expression.graph.GraphFontView allowIntersect Z _$7
.field com.runqian.report4.model.expression.graph.GraphFontView fontRects Ljava/util/ArrayList; _$8
.method com.runqian.report4.model.expression.graph.GraphFontView intersects (Ljava/awt/Rectangle;)Ljava/awt/Rectangle; _$1
.method com.runqian.report4.model.expression.graph.GraphFontView drawBackgroundString (Ljava/awt/Graphics;IILjava/awt/Color;Ljava/lang/String;)V _$1
.method com.runqian.report4.model.expression.graph.GraphFontView getActualTextPoint (IIBLjava/awt/Rectangle;Ljava/awt/FontMetrics;Ljava/lang/String;)Ljava/awt/Point; _$1
.method com.runqian.report4.model.expression.graph.GraphFontView getVerticalArea (Ljava/lang/String;)Ljava/awt/Rectangle; _$1
.method com.runqian.report4.model.expression.graph.GraphFontView getHorizonArea (Ljava/lang/String;)Ljava/awt/Rectangle; _$2
.method com.runqian.report4.model.expression.graph.GraphFontView getRotationArea (Ljava/lang/String;)Ljava/awt/Rectangle; _$3
.class com.runqian.report4.model.expression.graph.GraphParam GraphParam
.field com.runqian.report4.model.expression.graph.GraphParam lineThick B _$1
.method com.runqian.report4.model.expression.graph.GraphParam xToChinese (D)Ljava/lang/String; _$1
.class com.runqian.report4.model.expression.graph.ICustomGraph ICustomGraph
.class com.runqian.report4.model.expression.graph.ICustomGraphHtml ICustomGraphHtml
.class com.runqian.report4.model.expression.graph.StatisticDMGraph StatisticDMGraph
.field com.runqian.report4.model.expression.graph.StatisticDMGraph imageType B _$1
.field com.runqian.report4.model.expression.graph.StatisticDMGraph gc Lcom/runqian/report4/usermodel/dmgraph/GraphConfig; _$2
.field com.runqian.report4.model.expression.graph.StatisticDMGraph dataMap Ljava/util/HashMap; _$3
.field com.runqian.report4.model.expression.graph.StatisticDMGraph paramValues Lcom/raq/chartengine/params/ParamValues; _$4
.class com.runqian.report4.model.expression.graph.StatisticGraph StatisticGraph
.field com.runqian.report4.model.expression.graph.StatisticGraph egp Lcom/runqian/report4/model/expression/graph/ExtGraphProperty; _$1
.field com.runqian.report4.model.expression.graph.StatisticGraph w I _$2
.field com.runqian.report4.model.expression.graph.StatisticGraph h I _$3
.method com.runqian.report4.model.expression.graph.StatisticGraph drawBackGraph (Ljava/awt/Graphics2D;II)V _$1
.field com.runqian.report4.model.expression.graph.StatisticGraph lock Ljava/lang/Object; _$4
.method com.runqian.report4.model.expression.graph.StatisticGraph generateGraphXML (Ljava/lang/Object;Lcom/runqian/report4/model/engine/ExtCellSet;Lcom/runqian/report4/usermodel/Context;)[B _$1
.method com.runqian.report4.model.expression.graph.StatisticGraph removeTilde (Ljava/lang/String;)Ljava/lang/String; _$1
.method com.runqian.report4.model.expression.graph.StatisticGraph writeCategory (Lcom/runqian/base4/tool/XMLFile;Ljava/lang/String;Ljava/lang/String;Ljava/util/ArrayList;)V _$1
.method com.runqian.report4.model.expression.graph.StatisticGraph writeGraphFont (Lcom/runqian/base4/tool/XMLFile;Ljava/lang/String;Ljava/lang/String;Lcom/runqian/report4/usermodel/graph/GraphFont;)V _$1
.method com.runqian.report4.model.expression.graph.StatisticGraph setNodeValue (Lcom/runqian/base4/tool/XMLFile;Ljava/lang/String;Ljava/lang/String;Ljava/lang/String;)V _$1
.method com.runqian.report4.model.expression.graph.StatisticGraph setNodeValue (Lcom/runqian/base4/tool/XMLFile;Ljava/lang/String;Ljava/lang/String;D)V _$1
.method com.runqian.report4.model.expression.graph.StatisticGraph setNodeValue (Lcom/runqian/base4/tool/XMLFile;Ljava/lang/String;Ljava/lang/String;Z)V _$1
.method com.runqian.report4.model.expression.graph.StatisticGraph setNodeColor (Lcom/runqian/base4/tool/XMLFile;Ljava/lang/String;Ljava/lang/String;I)V _$1
.method com.runqian.report4.model.expression.graph.StatisticGraph setNodeColor (Lcom/runqian/base4/tool/XMLFile;Ljava/lang/String;Ljava/lang/String;Ljava/awt/Color;)V _$1
.class com.runqian.report4.model.expression.graph.ValueLabel IlIlIIllIIllllll
.class com.runqian.report4.model.expression.graph.StatisticDMGraph$1 IllIIIlIllllllII
.class com.runqian.report4.model.expression.graph.StatisticDMGraph$2 lllIIIlIllllllII
