.class com.runqian.report4.model.CalcReport CalcReport
.field com.runqian.report4.model.CalcReport mm Lcom/runqian/base4/resources/MessageManager; _$1
.class com.runqian.report4.model.CellLocation CellLocation
.field com.runqian.report4.model.CellLocation row I _$1
.field com.runqian.report4.model.CellLocation col S _$2
.class com.runqian.report4.model.ColCell ColCell
.field com.runqian.report4.model.ColCell version B _$1
.field com.runqian.report4.model.ColCell PROPERTY_COUNT B _$2
.field com.runqian.report4.model.ColCell colType B _$3
.field com.runqian.report4.model.ColCell colWidth F _$4
.field com.runqian.report4.model.ColCell colVisible Z _$5
.field com.runqian.report4.model.ColCell colBreakPage Z _$6
.field com.runqian.report4.model.ColCell colBreakColumn Z _$7
.field com.runqian.report4.model.ColCell colExpMap Lcom/runqian/report4/usermodel/IByteMap; _$8
.field com.runqian.report4.model.ColCell notes Ljava/lang/String; _$9
.field com.runqian.report4.model.ColCell colCustomPropMap Lcom/runqian/report4/usermodel/IByteMap; _$10
.field com.runqian.report4.model.ColCell colCustomPropExpMap Lcom/runqian/report4/usermodel/IByteMap; _$11
.class com.runqian.report4.model.ExtList ExtList
.field com.runqian.report4.model.ExtList data [Ljava/lang/Object; _$1
.field com.runqian.report4.model.ExtList len I _$2
.class com.runqian.report4.model.IDESession IDESession
.field com.runqian.report4.model.IDESession sess Lcom/runqian/report4/model/IDESession; _$1
.field com.runqian.report4.model.IDESession attrs Ljava/util/Hashtable; _$2
.class com.runqian.report4.model.Matrix Matrix
.field com.runqian.report4.model.Matrix data [Ljava/lang/Object; _$1
.field com.runqian.report4.model.Matrix rowSize I _$2
.field com.runqian.report4.model.Matrix colSize I _$3
.class com.runqian.report4.model.NormalCell NormalCell
.field com.runqian.report4.model.NormalCell version B _$1
.field com.runqian.report4.model.NormalCell PROPERTY_COUNT B _$2
.field com.runqian.report4.model.NormalCell cellType B _$3
.field com.runqian.report4.model.NormalCell cellMergedArea Lcom/runqian/report4/usermodel/Area; _$4
.field com.runqian.report4.model.NormalCell cellHAlign B _$5
.field com.runqian.report4.model.NormalCell cellVAlign B _$6
.field com.runqian.report4.model.NormalCell cellDiagonalStyle B _$7
.field com.runqian.report4.model.NormalCell cellDiagonalColor I _$8
.field com.runqian.report4.model.NormalCell cellDiagonalWidth F _$9
.field com.runqian.report4.model.NormalCell cellExtendMode B _$10
.field com.runqian.report4.model.NormalCell cellExtendArea Lcom/runqian/report4/usermodel/Area; _$11
.field com.runqian.report4.model.NormalCell leftHead Ljava/lang/String; _$12
.field com.runqian.report4.model.NormalCell topHead Ljava/lang/String; _$13
.field com.runqian.report4.model.NormalCell toExcelMode B _$14
.field com.runqian.report4.model.NormalCell adjustSizeMode B _$15
.field com.runqian.report4.model.NormalCell cellObject Ljava/lang/Object; _$16
.field com.runqian.report4.model.NormalCell inputProperty Lcom/runqian/report4/usermodel/input/InputProperty; _$17
.field com.runqian.report4.model.NormalCell cellValue Ljava/lang/Object; _$18
.field com.runqian.report4.model.NormalCell cellDispValue Ljava/lang/String; _$19
.field com.runqian.report4.model.NormalCell cellIndent F _$20
.field com.runqian.report4.model.NormalCell cellFontName Ljava/lang/String; _$21
.field com.runqian.report4.model.NormalCell cellFontSize S _$22
.field com.runqian.report4.model.NormalCell cellFormat Ljava/lang/String; _$23
.field com.runqian.report4.model.NormalCell cellForeColor I _$24
.field com.runqian.report4.model.NormalCell cellBackColor I _$25
.field com.runqian.report4.model.NormalCell cellHyperlink Ljava/lang/String; _$26
.field com.runqian.report4.model.NormalCell cellHyperlinkWindow Ljava/lang/String; _$27
.field com.runqian.report4.model.NormalCell cellJSVarName Ljava/lang/String; _$28
.field com.runqian.report4.model.NormalCell cellTip Ljava/lang/String; _$29
.field com.runqian.report4.model.NormalCell additionalDataSetExps [Ljava/lang/String; _$30
.field com.runqian.report4.model.NormalCell cellLBStyle B _$31
.field com.runqian.report4.model.NormalCell cellLBWidth F _$32
.field com.runqian.report4.model.NormalCell cellLBColor I _$33
.field com.runqian.report4.model.NormalCell cellRBStyle B _$34
.field com.runqian.report4.model.NormalCell cellRBWidth F _$35
.field com.runqian.report4.model.NormalCell cellRBColor I _$36
.field com.runqian.report4.model.NormalCell cellTBStyle B _$37
.field com.runqian.report4.model.NormalCell cellTBWidth F _$38
.field com.runqian.report4.model.NormalCell cellTBColor I _$39
.field com.runqian.report4.model.NormalCell cellBBStyle B _$40
.field com.runqian.report4.model.NormalCell cellBBWidth F _$41
.field com.runqian.report4.model.NormalCell cellBBColor I _$42
.field com.runqian.report4.model.NormalCell cellUnderLineStyle B _$43
.field com.runqian.report4.model.NormalCell cellExpMap Lcom/runqian/report4/usermodel/IByteMap; _$44
.field com.runqian.report4.model.NormalCell notes Ljava/lang/String; _$45
.field com.runqian.report4.model.NormalCell htmlEvent Ljava/lang/String; _$46
.field com.runqian.report4.model.NormalCell style Ljava/lang/String; _$47
.field com.runqian.report4.model.NormalCell customPropMap Lcom/runqian/report4/usermodel/IByteMap; _$48
.field com.runqian.report4.model.NormalCell customPropExpMap Lcom/runqian/report4/usermodel/IByteMap; _$49
.field com.runqian.report4.model.NormalCell cgc Lcom/runqian/report4/usermodel/CellGraphConfig; _$50
.field com.runqian.report4.model.NormalCell cellStyleName Ljava/lang/String; _$51
.field com.runqian.report4.model.NormalCell bools S _$52
.field com.runqian.report4.model.NormalCell C_TEXTWRAP B _$53
.field com.runqian.report4.model.NormalCell C_SPLITTED B _$54
.field com.runqian.report4.model.NormalCell C_PAGEDAFTERROW B _$55
.field com.runqian.report4.model.NormalCell C_PAGEDAFTERCOL B _$56
.field com.runqian.report4.model.NormalCell C_STRETCHWHENPAGED B _$57
.field com.runqian.report4.model.NormalCell C_VISIBLE B _$58
.field com.runqian.report4.model.NormalCell C_ROWHIDDEN B _$59
.field com.runqian.report4.model.NormalCell C_COLHIDDEN B _$60
.field com.runqian.report4.model.NormalCell C_BOLD B _$61
.field com.runqian.report4.model.NormalCell C_ITALIC B _$62
.field com.runqian.report4.model.NormalCell C_UNDERLINE B _$63
.field com.runqian.report4.model.NormalCell C_MODIFIED B _$64
.field com.runqian.report4.model.NormalCell C_COLUMNDAFTERROW B _$65
.field com.runqian.report4.model.NormalCell C_COLUMNDAFTERCOL B _$66
.field com.runqian.report4.model.NormalCell readOnly Z _$67
.method com.runqian.report4.model.NormalCell appendTo (Ljava/lang/StringBuffer;I)V _$1
.method com.runqian.report4.model.NormalCell getBorderStyle (B)Ljava/lang/String; _$1
.method com.runqian.report4.model.NormalCell getBorderWidth (FB)Ljava/lang/String; _$1
.class com.runqian.report4.model.Pager Pager
.class com.runqian.report4.model.PageReport PageReport
.field com.runqian.report4.model.PageReport rd Lcom/runqian/report4/model/ReportDefine; _$1
.class com.runqian.report4.model.PagerKey PagerKey
.field com.runqian.report4.model.PagerKey width I _$1
.field com.runqian.report4.model.PagerKey height I _$2
.field com.runqian.report4.model.PagerKey columns I _$3
.field com.runqian.report4.model.PagerKey rowNumPerPage I _$4
.field com.runqian.report4.model.PagerKey pagedByRowNum Z _$5
.class com.runqian.report4.model.PagerNCell PagerNCell
.field com.runqian.report4.model.PagerNCell mergeArea Lcom/runqian/report4/usermodel/Area; _$1
.field com.runqian.report4.model.PagerNCell cellValue Ljava/lang/Object; _$2
.field com.runqian.report4.model.PagerNCell cellDispValue Ljava/lang/String; _$3
.field com.runqian.report4.model.PagerNCell srcCell Lcom/runqian/report4/usermodel/INormalCell; _$4
.field com.runqian.report4.model.PagerNCell propSetMap Lcom/runqian/report4/usermodel/IByteMap; _$5
.field com.runqian.report4.model.PagerNCell customPropSetMap Lcom/runqian/report4/usermodel/IByteMap; _$6
.field com.runqian.report4.model.PagerNCell style Ljava/lang/String; _$7
.class com.runqian.report4.model.ReportDefine ReportDefine
.field com.runqian.report4.model.ReportDefine version B _$1
.field com.runqian.report4.model.ReportDefine PROPERTY_COUNT B _$2
.field com.runqian.report4.model.ReportDefine RD_MATRIX B _$3
.field com.runqian.report4.model.ReportDefine RD_TYPE B _$4
.field com.runqian.report4.model.ReportDefine RD_INPUT B _$5
.field com.runqian.report4.model.ReportDefine RD_PRINTSETUP B _$6
.field com.runqian.report4.model.ReportDefine RD_MACROMETADATA B _$7
.field com.runqian.report4.model.ReportDefine RD_PARAMMETADATA B _$8
.field com.runqian.report4.model.ReportDefine RD_DSMETADATA B _$9
.field com.runqian.report4.model.ReportDefine RD_SUBREPORTMETADATA B _$10
.field com.runqian.report4.model.ReportDefine RD_BGCONFIG B _$11
.field com.runqian.report4.model.ReportDefine RD_EXPORTCONFIG B _$12
.field com.runqian.report4.model.ReportDefine RD_DISPRATIO B _$13
.field com.runqian.report4.model.ReportDefine RD_UNIT B _$14
.field com.runqian.report4.model.ReportDefine RD_TIP B _$15
.field com.runqian.report4.model.ReportDefine RD_SUBMIT B _$16
.field com.runqian.report4.model.ReportDefine RD_NOTE B _$17
.field com.runqian.report4.model.ReportDefine RD_UPDATEUNMODIFIED B _$18
.field com.runqian.report4.model.ReportDefine reportType B _$19
.field com.runqian.report4.model.ReportDefine reportInput B _$20
.field com.runqian.report4.model.ReportDefine printSetup Lcom/runqian/report4/usermodel/PrintSetup; _$21
.field com.runqian.report4.model.ReportDefine macroMetaData Lcom/runqian/report4/usermodel/MacroMetaData; _$22
.field com.runqian.report4.model.ReportDefine paramMetaData Lcom/runqian/report4/usermodel/ParamMetaData; _$23
.field com.runqian.report4.model.ReportDefine dataSetMetaData Lcom/runqian/report4/usermodel/DataSetMetaData; _$24
.field com.runqian.report4.model.ReportDefine subReportMetaData Lcom/runqian/report4/usermodel/SubReportMetaData; _$25
.field com.runqian.report4.model.ReportDefine backGraphConfig Lcom/runqian/report4/usermodel/BackGraphConfig; _$26
.field com.runqian.report4.model.ReportDefine exportConfig Lcom/runqian/report4/usermodel/ExportConfig; _$27
.field com.runqian.report4.model.ReportDefine dispRatio I _$28
.field com.runqian.report4.model.ReportDefine unit B _$29
.field com.runqian.report4.model.ReportDefine tip Ljava/lang/String; _$30
.field com.runqian.report4.model.ReportDefine reportSubmit B _$31
.field com.runqian.report4.model.ReportDefine notes Ljava/lang/String; _$32
.field com.runqian.report4.model.ReportDefine fv Lcom/runqian/report4/usermodel/input/FlowVar; _$33
.field com.runqian.report4.model.ReportDefine futureCellNumExp Ljava/lang/String; _$34
.field com.runqian.report4.model.ReportDefine maxImageWidth I _$35
.field com.runqian.report4.model.ReportDefine maxImageHeight I _$36
.field com.runqian.report4.model.ReportDefine cipherHash [B _$37
.field com.runqian.report4.model.ReportDefine borderMode B _$38
.field com.runqian.report4.model.ReportDefine reportStyleName Ljava/lang/String; _$39
.field com.runqian.report4.model.ReportDefine reportListener Ljava/lang/String; _$40
.method com.runqian.report4.model.ReportDefine getUnitRate (B)F _$1
.method com.runqian.report4.model.ReportDefine getLeft (IS)S _$1
.method com.runqian.report4.model.ReportDefine getRight (IS)S _$2
.method com.runqian.report4.model.ReportDefine getTop (IS)I _$3
.method com.runqian.report4.model.ReportDefine getBottom (IS)I _$4
.class com.runqian.report4.model.ErrorRef lllIllIlIIIlllIl
.field com.runqian.report4.model.ErrorRef isErrRef Z _$1
.method com.runqian.report4.model.ErrorRef setValue (Z)V _$1
.method com.runqian.report4.model.ErrorRef getValue ()Z _$1
.class com.runqian.report4.model.ReportDefine2 ReportDefine2
.method com.runqian.report4.model.ReportDefine2 getExcelNotation (Ljava/lang/String;IIJI)Lcom/runqian/report4/model/CellLocation; _$1
.method com.runqian.report4.model.ReportDefine2 isSymbol (C)Z _$1
.method com.runqian.report4.model.ReportDefine2 scanId (Ljava/lang/String;I)I _$1
.method com.runqian.report4.model.ReportDefine2 changeCellExpRef (Lcom/runqian/report4/model/CellLocation;IIIIIILjava/lang/StringBuffer;)Z _$1
.method com.runqian.report4.model.ReportDefine2 relativeRegulate (IIII)V _$1
.method com.runqian.report4.model.ReportDefine2 relativeRegulate (Lcom/runqian/report4/usermodel/graph/GraphProperty;IIIIIIJI)Z _$1
.method com.runqian.report4.model.ReportDefine2 relativeRegulate (Lcom/runqian/report4/usermodel/dmgraph/DMGraphProperty;IIIIIIJI)Z _$1
.method com.runqian.report4.model.ReportDefine2 relativeSingleRegulate (Lcom/runqian/report4/usermodel/dmgraph/DMGraphProperty;IIJI)V _$1
.method com.runqian.report4.model.ReportDefine2 relativeRegulate (Lcom/runqian/report4/usermodel/input/InputProperty;IIIIIIJI)Z _$1
.method com.runqian.report4.model.ReportDefine2 relativeCustom (Lcom/runqian/report4/usermodel/input/CustomRelation;IIIIIIJI)Z _$1
.method com.runqian.report4.model.ReportDefine2 relativeProc (Lcom/runqian/report4/usermodel/input/ProcRelation;IIIIIIJI)Z _$1
.method com.runqian.report4.model.ReportDefine2 relativeTable (Lcom/runqian/report4/usermodel/input/TableRelations;IIIIIIJI)Z _$1
.method com.runqian.report4.model.ReportDefine2 insertRowCell (IIII)V _$2
.method com.runqian.report4.model.ReportDefine2 resetMergedLRBorder (III)V _$1
.method com.runqian.report4.model.ReportDefine2 resetTopBorder (II)V _$1
.method com.runqian.report4.model.ReportDefine2 resetBottomBorder (III)V _$2
.method com.runqian.report4.model.ReportDefine2 insertColCell (IIII)V _$3
.method com.runqian.report4.model.ReportDefine2 resetMergedTBBorder (III)V _$3
.method com.runqian.report4.model.ReportDefine2 resetLeftBorder (II)V _$2
.method com.runqian.report4.model.ReportDefine2 resetRightBorder (III)V _$4
.method com.runqian.report4.model.ReportDefine2 removeRowCell (IIII)V _$4
.method com.runqian.report4.model.ReportDefine2 setTopBorder$ (II)V _$3
.method com.runqian.report4.model.ReportDefine2 removeColCell (IIII)V _$5
.method com.runqian.report4.model.ReportDefine2 setLeftBorder$ (II)V _$4
.method com.runqian.report4.model.ReportDefine2 getBordTopRow (ISS)I _$1
.method com.runqian.report4.model.ReportDefine2 getBordBottomRow (ISS)I _$2
.method com.runqian.report4.model.ReportDefine2 getBordLeftCol (ISI)S _$1
.method com.runqian.report4.model.ReportDefine2 getBordRightCol (ISI)S _$2
.method com.runqian.report4.model.ReportDefine2 relativeSingleRegulate (Lcom/runqian/report4/usermodel/graph/GraphProperty;IIJI)V _$1
.method com.runqian.report4.model.ReportDefine2 relativeSingleCustom (Lcom/runqian/report4/usermodel/input/CustomRelation;IIJI)V _$1
.method com.runqian.report4.model.ReportDefine2 relativeSingleProc (Lcom/runqian/report4/usermodel/input/ProcRelation;IIJI)V _$1
.method com.runqian.report4.model.ReportDefine2 relativeSingleTable (Lcom/runqian/report4/usermodel/input/TableRelations;IIJI)V _$1
.method com.runqian.report4.model.ReportDefine2 relativeSingleRegulate (Lcom/runqian/report4/usermodel/input/InputProperty;IIJI)V _$1
.method com.runqian.report4.model.ReportDefine2 changeSingleCellExpRef (Lcom/runqian/report4/model/CellLocation;IIJILjava/lang/StringBuffer;)Z _$1
.method com.runqian.report4.model.ReportDefine2 relativeSingleRegulateString (Ljava/lang/String;IIJI)Ljava/lang/String; _$2
.method com.runqian.report4.model.ReportDefine2 relativeRegulateString (Ljava/lang/String;IIIIIIJILcom/runqian/report4/model/ErrorRef;)Ljava/lang/String; _$1
.method com.runqian.report4.model.ReportDefine2 relativeRegulate (IIIILjava/util/HashMap;)V _$1
.class com.runqian.report4.model.RowSet llllllllIllIIllI
.field com.runqian.report4.model.RowSet start I _$1
.field com.runqian.report4.model.RowSet end I _$2
.class com.runqian.report4.model.CellInfo lIlIIlllIlIIIlII
.field com.runqian.report4.model.CellInfo left I _$1
.field com.runqian.report4.model.CellInfo top I _$2
.field com.runqian.report4.model.CellInfo right I _$3
.field com.runqian.report4.model.CellInfo bottom I _$4
.class com.runqian.report4.model.LeftExtendCellInfo lIIIlIlllIlllIll
.field com.runqian.report4.model.LeftExtendCellInfo lHostCell Lcom/runqian/report4/model/LeftExtendCellInfo; _$1
.field com.runqian.report4.model.LeftExtendCellInfo lChildCellArray Ljava/util/ArrayList; _$2
.field com.runqian.report4.model.LeftExtendCellInfo popedomArray Ljava/util/ArrayList; _$3
.method com.runqian.report4.model.LeftExtendCellInfo addLeftChiledCellInfo (Lcom/runqian/report4/model/LeftExtendCellInfo;)V _$1
.method com.runqian.report4.model.LeftExtendCellInfo addCellInfoToPopedom (Lcom/runqian/report4/model/CellInfo;)V _$1
.method com.runqian.report4.model.LeftExtendCellInfo isCellInBackPopedom (Lcom/runqian/report4/model/CellInfo;)Z _$2
.method com.runqian.report4.model.LeftExtendCellInfo getExtendStrip ()Lcom/runqian/report4/model/RowSet; _$1
.class com.runqian.report4.model.ReportTypeJudge ReportTypeJudge
.method com.runqian.report4.model.ReportTypeJudge addExtCellToExtCellInfoArray (Lcom/runqian/report4/model/engine/ExtCell;Ljava/util/ArrayList;)V _$1
.method com.runqian.report4.model.ReportTypeJudge generateExtendTree (Lcom/runqian/report4/usermodel/IReport;Ljava/util/ArrayList;)Z _$1
.class com.runqian.report4.model.RowCell RowCell
.field com.runqian.report4.model.RowCell version B _$1
.field com.runqian.report4.model.RowCell PROPERTY_COUNT B _$2
.field com.runqian.report4.model.RowCell rowType B _$3
.field com.runqian.report4.model.RowCell rowHeight F _$4
.field com.runqian.report4.model.RowCell rowVisible Z _$5
.field com.runqian.report4.model.RowCell rowBreakPage Z _$6
.field com.runqian.report4.model.RowCell rowBreakColumn Z _$7
.field com.runqian.report4.model.RowCell rowExpMap Lcom/runqian/report4/usermodel/IByteMap; _$8
.field com.runqian.report4.model.RowCell notes Ljava/lang/String; _$9
.field com.runqian.report4.model.RowCell groupHeaderLevel B _$10
.field com.runqian.report4.model.RowCell rowCustomPropMap Lcom/runqian/report4/usermodel/IByteMap; _$11
.field com.runqian.report4.model.RowCell rowCustomPropExpMap Lcom/runqian/report4/usermodel/IByteMap; _$12
.class com.runqian.report4.model.SemanticCell lllIllIIlllIlIII
.field com.runqian.report4.model.SemanticCell OPT_GROUP I _$1
.field com.runqian.report4.model.SemanticCell OPT_SELECT I _$2
.field com.runqian.report4.model.SemanticCell OPT_VALUE I _$3
.field com.runqian.report4.model.SemanticCell OPT_SUM I _$4
.field com.runqian.report4.model.SemanticCell OPT_AVG I _$5
.field com.runqian.report4.model.SemanticCell OPT_MAX I _$6
.field com.runqian.report4.model.SemanticCell OPT_MIN I _$7
.field com.runqian.report4.model.SemanticCell OPT_COUNT I _$8
.field com.runqian.report4.model.SemanticCell OPT_DISTINCT I _$9
.field com.runqian.report4.model.SemanticCell OPT_SELECTONE I _$10
.field com.runqian.report4.model.SemanticCell OPT_FILTERONE I _$11
.field com.runqian.report4.model.SemanticCell OPT_FILTER I _$12
.field com.runqian.report4.model.SemanticCell OPT_FILTERCROSS I _$13
.field com.runqian.report4.model.SemanticCell OPT_ENUMGROUP I _$14
.field com.runqian.report4.model.SemanticCell OPT_OVERLAPGROUP I _$15
.field com.runqian.report4.model.SemanticCell OPT_DISPLAY I _$16
.field com.runqian.report4.model.SemanticCell MASK_DESC I _$17
.field com.runqian.report4.model.SemanticCell MASK_FIELD I _$18
.field com.runqian.report4.model.SemanticCell MASK_TERM I _$19
.field com.runqian.report4.model.SemanticCell MASK_HAVEVIEW I _$20
.field com.runqian.report4.model.SemanticCell MASK_NULLGROUP I _$21
.field com.runqian.report4.model.SemanticCell MASK_EXTEND I _$22
.field com.runqian.report4.model.SemanticCell leftHead Lcom/runqian/report4/usermodel/INormalCell; _$23
.field com.runqian.report4.model.SemanticCell topHead Lcom/runqian/report4/usermodel/INormalCell; _$24
.field com.runqian.report4.model.SemanticCell seView Lcom/runqian/report4/semantics/View; _$25
.field com.runqian.report4.model.SemanticCell seFieldInfo Ljava/lang/Object; _$26
.field com.runqian.report4.model.SemanticCell seOperate I _$27
.field com.runqian.report4.model.SemanticCell seExtend B _$28
.field com.runqian.report4.model.SemanticCell relation Ljava/util/Map; _$29
.field com.runqian.report4.model.SemanticCell testInfo Ljava/lang/Object; _$30
.method com.runqian.report4.model.SemanticCell scanId (Ljava/lang/String;I)I _$1
.method com.runqian.report4.model.SemanticCell setExtend (B)V _$1
.method com.runqian.report4.model.SemanticCell getExtend ()B _$1
.method com.runqian.report4.model.SemanticCell getLeftHead ()Lcom/runqian/report4/usermodel/INormalCell; _$2
.method com.runqian.report4.model.SemanticCell getTopHead ()Lcom/runqian/report4/usermodel/INormalCell; _$3
.method com.runqian.report4.model.SemanticCell setLeftHead (Lcom/runqian/report4/usermodel/INormalCell;)V _$1
.method com.runqian.report4.model.SemanticCell setTopHead (Lcom/runqian/report4/usermodel/INormalCell;)V _$2
.method com.runqian.report4.model.SemanticCell getView ()Lcom/runqian/report4/semantics/View; _$4
.method com.runqian.report4.model.SemanticCell getFieldInfo ()Ljava/lang/Object; _$5
.method com.runqian.report4.model.SemanticCell getRelation ()Ljava/util/Map; _$6
.method com.runqian.report4.model.SemanticCell getType (Ljava/lang/String;)I _$1
.method com.runqian.report4.model.SemanticCell analysisExp (Ljava/lang/String;Lcom/runqian/report4/semantics/ViewList;Lcom/runqian/report4/semantics/ParamList;Lcom/runqian/report4/semantics/EditStyleList;Ljava/util/Map;Ljava/util/Map;)V _$1
.method com.runqian.report4.model.SemanticCell analysisValueExp (Ljava/lang/String;Lcom/runqian/report4/semantics/ViewList;Lcom/runqian/report4/semantics/ParamList;Lcom/runqian/report4/semantics/EditStyleList;Ljava/util/Map;Ljava/util/Map;)Z _$2
.method com.runqian.report4.model.SemanticCell addDataSetExp (Lcom/runqian/report4/usermodel/INormalCell;Lcom/runqian/report4/semantics/View;Ljava/lang/String;B)V _$1
.method com.runqian.report4.model.SemanticCell parseExp (Ljava/lang/String;Lcom/runqian/report4/semantics/View;Lcom/runqian/report4/semantics/ViewList;Lcom/runqian/report4/semantics/ParamList;Ljava/util/Map;Ljava/util/Map;)V _$1
.class com.runqian.report4.model.SemanticExpression IIllllIIIlIIIIll
.field com.runqian.report4.model.SemanticExpression NONE B _$1
.field com.runqian.report4.model.SemanticExpression OPT_NONE B _$2
.field com.runqian.report4.model.SemanticExpression OPT_OPERATOR B _$3
.field com.runqian.report4.model.SemanticExpression OPT_DSMEMBER B _$4
.field com.runqian.report4.model.SemanticExpression vl Lcom/runqian/report4/semantics/ViewList; _$5
.field com.runqian.report4.model.SemanticExpression pl Lcom/runqian/report4/semantics/ParamList; _$6
.field com.runqian.report4.model.SemanticExpression dsMap Ljava/util/Map; _$7
.field com.runqian.report4.model.SemanticExpression paramMap Ljava/util/Map; _$8
.field com.runqian.report4.model.SemanticExpression expStr Ljava/lang/String; _$9
.field com.runqian.report4.model.SemanticExpression location I _$10
.field com.runqian.report4.model.SemanticExpression preNode B _$11
.field com.runqian.report4.model.SemanticExpression colInfo Ljava/lang/Object; _$12
.method com.runqian.report4.model.SemanticExpression scanId ()Ljava/lang/String; _$1
.method com.runqian.report4.model.SemanticExpression create (Lcom/runqian/report4/semantics/View;)V _$1
.method com.runqian.report4.model.SemanticExpression createNode (Lcom/runqian/report4/semantics/View;)B _$2
.method com.runqian.report4.model.SemanticExpression createDSNode (Ljava/lang/String;Lcom/runqian/report4/semantics/View;)B _$1
.method com.runqian.report4.model.SemanticExpression scanParameter ()Ljava/lang/String; _$2
.method com.runqian.report4.model.SemanticExpression isNextBracket ()Z _$3
.class com.runqian.report4.model.SemanticsParser SemanticsParser
.field com.runqian.report4.model.SemanticsParser rd Lcom/runqian/report4/model/ReportDefine; _$1
.field com.runqian.report4.model.SemanticsParser vl Lcom/runqian/report4/semantics/ViewList; _$2
.field com.runqian.report4.model.SemanticsParser pl Lcom/runqian/report4/semantics/ParamList; _$3
.field com.runqian.report4.model.SemanticsParser esl Lcom/runqian/report4/semantics/EditStyleList; _$4
.field com.runqian.report4.model.SemanticsParser dsInfo Ljava/util/Map; _$5
.field com.runqian.report4.model.SemanticsParser paramInfo Ljava/util/Map; _$6
.field com.runqian.report4.model.SemanticsParser location I _$7
.method com.runqian.report4.model.SemanticsParser seekAttributes (Ljava/util/List;Lcom/runqian/report4/usermodel/IByteMap;)V _$1
.method com.runqian.report4.model.SemanticsParser seekAttributes (Ljava/util/List;Ljava/lang/String;)V _$1
.method com.runqian.report4.model.SemanticsParser scanId (Ljava/lang/String;)Ljava/lang/String; _$1
.method com.runqian.report4.model.SemanticsParser addDataSet ()Ljava/util/Map; _$1
.method com.runqian.report4.model.SemanticsParser parseView (Lcom/runqian/report4/usermodel/ViewDataSetConfig;Lcom/runqian/report4/semantics/View;Ljava/util/Map;Ljava/util/Map;)V _$1
.method com.runqian.report4.model.SemanticsParser ParamConvert (Lcom/runqian/report4/semantics/OuterParam;)Lcom/runqian/report4/usermodel/Param; _$1
.method com.runqian.report4.model.SemanticsParser makeDataSetConfig (Lcom/runqian/report4/semantics/View;Ljava/util/Map;Ljava/util/Map;)Lcom/runqian/report4/usermodel/DataSetConfig; _$1
.method com.runqian.report4.model.SemanticsParser addParam (Ljava/util/Map;)V _$1
.method com.runqian.report4.model.SemanticsParser clear (II)V _$1
.method com.runqian.report4.model.SemanticsParser parseRelation (Lcom/runqian/report4/model/SemanticCell;)V _$1
.method com.runqian.report4.model.SemanticsParser setAddDataSet (Lcom/runqian/report4/usermodel/INormalCell;Lcom/runqian/report4/model/SemanticCell;Lcom/runqian/report4/semantics/View;)Z _$1
.method com.runqian.report4.model.SemanticsParser isEqualStart (Ljava/lang/String;)Z _$2
.method com.runqian.report4.model.SemanticsParser parseAddDataSet (Lcom/runqian/report4/usermodel/INormalCell;)V _$1
.method com.runqian.report4.model.SemanticsParser replaceExp (Lcom/runqian/report4/usermodel/INormalCell;ISLjava/lang/String;)V _$1
.method com.runqian.report4.model.SemanticsParser parseFormat (Ljava/lang/String;)V _$3
.method com.runqian.report4.model.SemanticsParser getLeftHead (Lcom/runqian/report4/usermodel/INormalCell;II)Lcom/runqian/report4/usermodel/INormalCell; _$1
.method com.runqian.report4.model.SemanticsParser containRow (Lcom/runqian/report4/usermodel/INormalCell;Lcom/runqian/report4/usermodel/INormalCell;)Z _$1
.method com.runqian.report4.model.SemanticsParser getTopHead (Lcom/runqian/report4/usermodel/INormalCell;II)Lcom/runqian/report4/usermodel/INormalCell; _$2
.method com.runqian.report4.model.SemanticsParser containCol (Lcom/runqian/report4/usermodel/INormalCell;Lcom/runqian/report4/usermodel/INormalCell;)Z _$2
.method com.runqian.report4.model.SemanticsParser getSource (Lcom/runqian/report4/usermodel/IReport;Ljava/lang/String;)Lcom/runqian/report4/usermodel/INormalCell; _$1
.class com.runqian.report4.model.Sheet Sheet
.field com.runqian.report4.model.Sheet data [Ljava/lang/Object; _$1
.field com.runqian.report4.model.Sheet rowSize I _$2
.field com.runqian.report4.model.Sheet colSize I _$3
.field com.runqian.report4.model.Sheet totalRowSize I _$4
.field com.runqian.report4.model.Sheet totalColSize I _$5
.class com.runqian.report4.model.SrcRptPager SrcRptPager
.field com.runqian.report4.model.SrcRptPager pi Lcom/runqian/report4/usermodel/PagerInfo; _$1
.method com.runqian.report4.model.SrcRptPager splitPageRows (Lcom/runqian/report4/usermodel/IReport;B)V _$1
.method com.runqian.report4.model.SrcRptPager splitPageCols (Lcom/runqian/report4/usermodel/IReport;IIB)V _$1
.method com.runqian.report4.model.SrcRptPager splitRowMergeCell (Lcom/runqian/report4/usermodel/IReport;II)V _$1
.method com.runqian.report4.model.SrcRptPager splitColMergeCell (Lcom/runqian/report4/usermodel/IReport;III)V _$1
.method com.runqian.report4.model.SrcRptPager adjustMerge (Lcom/runqian/report4/usermodel/IReport;II)V _$2
.field com.runqian.report4.model.SrcRptPager fullName Ljava/lang/String; _$2
.method com.runqian.report4.model.SrcRptPager writeInt (Ljava/io/FilterOutputStream;I)V _$1
