.class com.runqian.report4.view.olap.Dimension Dimension
.field com.runqian.report4.view.olap.Dimension context Lcom/runqian/report4/usermodel/Context; _$1
.field com.runqian.report4.view.olap.Dimension define Lcom/runqian/report4/view/olap/DimensionDefine; _$2
.field com.runqian.report4.view.olap.Dimension pDim Lcom/runqian/report4/view/olap/Dimension; _$3
.field com.runqian.report4.view.olap.Dimension group Lcom/runqian/report4/dataset/DsValue; _$4
.field com.runqian.report4.view.olap.Dimension isExpand Z _$5
.field com.runqian.report4.view.olap.Dimension rowspan I _$6
.field com.runqian.report4.view.olap.Dimension colspan I _$7
.field com.runqian.report4.view.olap.Dimension isTotal Z _$8
.method com.runqian.report4.view.olap.Dimension setIsTotal ()V _$1
.method com.runqian.report4.view.olap.Dimension isTotal ()Z _$2
.class com.runqian.report4.view.olap.DimensionDefine DimensionDefine
.field com.runqian.report4.view.olap.DimensionDefine name Ljava/lang/String; _$1
.field com.runqian.report4.view.olap.DimensionDefine label Ljava/lang/String; _$2
.field com.runqian.report4.view.olap.DimensionDefine groups Ljava/util/List; _$3
.field com.runqian.report4.view.olap.DimensionDefine dispValueExp Ljava/lang/String; _$4
.class com.runqian.report4.view.olap.InputBox InputBox
.class com.runqian.report4.view.olap.ListOlapStatus ListOlapStatus
.method com.runqian.report4.view.olap.ListOlapStatus getRealFileName (Ljava/lang/String;Ljavax/servlet/ServletContext;)Ljava/lang/String; _$1
.class com.runqian.report4.view.olap.OlapColHeader OlapColHeader
.field com.runqian.report4.view.olap.OlapColHeader rowCount I _$1
.field com.runqian.report4.view.olap.OlapColHeader rows [Ljava/util/ArrayList; _$2
.method com.runqian.report4.view.olap.OlapColHeader adjust ()V _$1
.class com.runqian.report4.view.olap.OlapContent OlapContent
.field com.runqian.report4.view.olap.OlapContent rowCount I _$1
.field com.runqian.report4.view.olap.OlapContent colCount I _$2
.field com.runqian.report4.view.olap.OlapContent values [[Ljava/lang/String; _$3
.field com.runqian.report4.view.olap.OlapContent oldValues [[Ljava/lang/String; _$4
.class com.runqian.report4.view.olap.OlapLet OlapLet
.field com.runqian.report4.view.olap.OlapLet ds Lcom/runqian/report4/dataset/DataSet; _$1
.field com.runqian.report4.view.olap.OlapLet fields Ljava/lang/String; _$2
.field com.runqian.report4.view.olap.OlapLet fieldLabels Ljava/lang/String; _$3
.field com.runqian.report4.view.olap.OlapLet dims Ljava/lang/String; _$4
.field com.runqian.report4.view.olap.OlapLet rowDims Ljava/lang/String; _$5
.field com.runqian.report4.view.olap.OlapLet colDims Ljava/lang/String; _$6
.field com.runqian.report4.view.olap.OlapLet hideInfo Ljava/lang/String; _$7
.field com.runqian.report4.view.olap.OlapLet expandInfo Ljava/lang/String; _$8
.field com.runqian.report4.view.olap.OlapLet hideMap Ljava/util/HashMap; _$9
.field com.runqian.report4.view.olap.OlapLet expandMap Ljava/util/HashMap; _$10
.field com.runqian.report4.view.olap.OlapLet labelsMap Ljava/util/HashMap; _$11
.field com.runqian.report4.view.olap.OlapLet calcExp Ljava/lang/String; _$12
.field com.runqian.report4.view.olap.OlapLet calcField Ljava/lang/String; _$13
.field com.runqian.report4.view.olap.OlapLet format Ljava/lang/String; _$14
.field com.runqian.report4.view.olap.OlapLet request Ljavax/servlet/http/HttpServletRequest; _$15
.field com.runqian.report4.view.olap.OlapLet ctx Lcom/runqian/report4/usermodel/Context; _$16
.field com.runqian.report4.view.olap.OlapLet rowHeader Lcom/runqian/report4/view/olap/OlapRowHeader; _$17
.field com.runqian.report4.view.olap.OlapLet colHeader Lcom/runqian/report4/view/olap/OlapColHeader; _$18
.field com.runqian.report4.view.olap.OlapLet content Lcom/runqian/report4/view/olap/OlapContent; _$19
.field com.runqian.report4.view.olap.OlapLet definesMap Ljava/util/HashMap; _$20
.field com.runqian.report4.view.olap.OlapLet totalTitle Ljava/lang/String; _$21
.method com.runqian.report4.view.olap.OlapLet trimSpace (Ljava/lang/String;)Ljava/lang/String; _$1
.method com.runqian.report4.view.olap.OlapLet info2Map (Ljava/lang/String;Ljava/util/HashMap;)V _$1
.method com.runqian.report4.view.olap.OlapLet getLabelsMap ()V _$1
.method com.runqian.report4.view.olap.OlapLet createColHeader ()V _$2
.method com.runqian.report4.view.olap.OlapLet createSubColDim ([Ljava/lang/String;ILcom/runqian/report4/view/olap/Dimension;)Z _$1
.method com.runqian.report4.view.olap.OlapLet createRowHeader ()V _$3
.method com.runqian.report4.view.olap.OlapLet createSubRowDim ([Ljava/lang/String;ILcom/runqian/report4/view/olap/Dimension;)Z _$2
.method com.runqian.report4.view.olap.OlapLet isHidden (Ljava/lang/String;Ljava/lang/String;)Z _$1
.method com.runqian.report4.view.olap.OlapLet isExpand (Ljava/lang/String;Ljava/lang/String;)Z _$2
.method com.runqian.report4.view.olap.OlapLet createContent ()V _$4
.method com.runqian.report4.view.olap.OlapLet append (Ljava/lang/StringBuffer;Ljava/lang/String;)V _$1
.class com.runqian.report4.view.olap.OlapMsg OlapMsg
.field com.runqian.report4.view.olap.OlapMsg mm Lcom/runqian/base4/resources/MessageManager; _$1
.field com.runqian.report4.view.olap.OlapMsg requestMM Lcom/runqian/base4/resources/MessageManager; _$2
.method com.runqian.report4.view.olap.OlapMsg getMM ()V _$1
.method com.runqian.report4.view.olap.OlapMsg getMM (Ljavax/servlet/http/HttpServletRequest;)V _$1
.class com.runqian.report4.view.olap.OlapRowHeader OlapRowHeader
.field com.runqian.report4.view.olap.OlapRowHeader colCount I _$1
.field com.runqian.report4.view.olap.OlapRowHeader cols [Ljava/util/ArrayList; _$2
.method com.runqian.report4.view.olap.OlapRowHeader adjust ()V _$1
.class com.runqian.report4.view.olap.OlapSaveAction OlapSaveAction
.method com.runqian.report4.view.olap.OlapSaveAction saveOperate (Lcom/runqian/report4/view/olap/OlapSaveModel;Ljavax/servlet/http/HttpServletResponse;Ljavax/servlet/ServletContext;)V _$1
.method com.runqian.report4.view.olap.OlapSaveAction getRealFileName (Ljava/lang/String;Ljavax/servlet/ServletContext;)Ljava/lang/String; _$1
.method com.runqian.report4.view.olap.OlapSaveAction loadOlap (Lcom/runqian/report4/view/olap/OlapSaveModel;Ljavax/servlet/http/HttpServletResponse;Ljavax/servlet/ServletContext;)V _$2
.method com.runqian.report4.view.olap.OlapSaveAction removeOlap (Ljavax/servlet/http/HttpServletRequest;Ljavax/servlet/http/HttpServletResponse;)V _$1
.method com.runqian.report4.view.olap.OlapSaveAction write (Lcom/runqian/report4/view/olap/OlapSaveFileModel;)V _$1
.method com.runqian.report4.view.olap.OlapSaveAction writeXmlFile (Ljava/lang/String;Lorg/w3c/dom/Document;)V _$1
.method com.runqian.report4.view.olap.OlapSaveAction readXMLFromRequestBody (Ljavax/servlet/http/HttpServletRequest;)Lcom/runqian/report4/view/olap/OlapSaveModel; _$1
.class com.runqian.report4.view.olap.OlapSaveFileModel OlapSaveFileModel
.field com.runqian.report4.view.olap.OlapSaveFileModel models Ljava/util/List; _$1
.field com.runqian.report4.view.olap.OlapSaveFileModel fileExists Z _$2
.field com.runqian.report4.view.olap.OlapSaveFileModel file Ljava/lang/String; _$3
.method com.runqian.report4.view.olap.OlapSaveFileModel copy (Lcom/runqian/report4/view/olap/OlapSaveModel;Lcom/runqian/report4/view/olap/OlapSaveModel;)V _$1
.class com.runqian.report4.view.olap.OlapSaveModel OlapSaveModel
.field com.runqian.report4.view.olap.OlapSaveModel operate Ljava/lang/String; _$1
.field com.runqian.report4.view.olap.OlapSaveModel saveName Ljava/lang/String; _$2
.field com.runqian.report4.view.olap.OlapSaveModel rowDims Ljava/lang/String; _$3
.field com.runqian.report4.view.olap.OlapSaveModel colDims Ljava/lang/String; _$4
.field com.runqian.report4.view.olap.OlapSaveModel path Ljava/lang/String; _$5
.field com.runqian.report4.view.olap.OlapSaveModel fileName Ljava/lang/String; _$6
.field com.runqian.report4.view.olap.OlapSaveModel expandInfo Ljava/lang/String; _$7
.field com.runqian.report4.view.olap.OlapSaveModel hideInfo Ljava/lang/String; _$8
.field com.runqian.report4.view.olap.OlapSaveModel exp Ljava/lang/String; _$9
.field com.runqian.report4.view.olap.OlapSaveModel field Ljava/lang/String; _$10
.field com.runqian.report4.view.olap.OlapSaveModel dimValues Ljava/lang/String; _$11
.class com.runqian.report4.view.olap.OlapUtils OlapUtils
.field com.runqian.report4.view.olap.OlapUtils val [B _$1
.class com.runqian.report4.view.olap.ShowOlapDetail ShowOlapDetail
.class com.runqian.report4.view.olap.ShowOlapGraph ShowOlapGraph
