.class com.runqian.report4.control.CellBorder CellBorder
.field com.runqian.report4.control.CellBorder TOP I _$1
.field com.runqian.report4.control.CellBorder BOTTOM I _$2
.field com.runqian.report4.control.CellBorder LEFT I _$3
.field com.runqian.report4.control.CellBorder RIGHT I _$4
.field com.runqian.report4.control.CellBorder MERGE_NOT I _$5
.field com.runqian.report4.control.CellBorder MERGE_LEFTTOP I _$6
.field com.runqian.report4.control.CellBorder MERGE_RIGHTTOP I _$7
.field com.runqian.report4.control.CellBorder MERGE_LEFTBOTTOM I _$8
.field com.runqian.report4.control.CellBorder MERGE_RIGHTBOTTOM I _$9
.field com.runqian.report4.control.CellBorder MERGE_MIDDLE I _$10
.field com.runqian.report4.control.CellBorder parser Lcom/runqian/report4/util/ReportParser; _$11
.field com.runqian.report4.control.CellBorder row I _$12
.field com.runqian.report4.control.CellBorder col S _$13
.field com.runqian.report4.control.CellBorder isEditing Z _$14
.field com.runqian.report4.control.CellBorder reportStartRow I _$15
.field com.runqian.report4.control.CellBorder reportEndRow I _$16
.field com.runqian.report4.control.CellBorder g Ljava/awt/Graphics; _$17
.field com.runqian.report4.control.CellBorder scale F _$18
.field com.runqian.report4.control.CellBorder isClearColor Z _$19
.field com.runqian.report4.control.CellBorder strokeMap Lcom/runqian/base4/util/ShortMap; _$20
.method com.runqian.report4.control.CellBorder getStroke (F)Ljava/awt/BasicStroke; _$1
.field com.runqian.report4.control.CellBorder colorMap Ljava/util/HashMap; _$21
.method com.runqian.report4.control.CellBorder getPaintBottomStyle (Lcom/runqian/report4/usermodel/IReport;IS)B _$1
.method com.runqian.report4.control.CellBorder getPaintTopStyle (Lcom/runqian/report4/usermodel/IReport;IS)B _$2
.method com.runqian.report4.control.CellBorder drawBorder (IIIIIIIS)V _$1
.method com.runqian.report4.control.CellBorder isBorderDouble (ISI)Z _$1
.method com.runqian.report4.control.CellBorder isLastRow ()Z _$1
.method com.runqian.report4.control.CellBorder isLastCol ()Z _$2
.method com.runqian.report4.control.CellBorder isFirstRow ()Z _$3
.method com.runqian.report4.control.CellBorder isFirstCol ()Z _$4
.class com.runqian.report4.control.CellEditingListener CellEditingListener
.field com.runqian.report4.control.CellEditingListener control Lcom/runqian/report4/control/ReportControl; _$1
.field com.runqian.report4.control.CellEditingListener cp Lcom/runqian/report4/control/ContentPanel; _$2
.class com.runqian.report4.control.CellPosition CellPosition
.field com.runqian.report4.control.CellPosition row I _$1
.field com.runqian.report4.control.CellPosition col S _$2
.class com.runqian.report4.control.CellSelectListener CellSelectListener
.field com.runqian.report4.control.CellSelectListener control Lcom/runqian/report4/control/ReportControl; _$1
.field com.runqian.report4.control.CellSelectListener cp Lcom/runqian/report4/control/ContentPanel; _$2
.field com.runqian.report4.control.CellSelectListener editable Z _$3
.method com.runqian.report4.control.CellSelectListener whenCursorMoving (II)V _$1
.method com.runqian.report4.control.CellSelectListener showPopup (Ljava/awt/event/MouseEvent;)V _$1
.class com.runqian.report4.control.DelayTask llIllIlllIIIllIl
.field com.runqian.report4.control.DelayTask last Lcom/runqian/report4/control/DelayTask; _$1
.field com.runqian.report4.control.DelayTask stop Z _$2
.field com.runqian.report4.control.DelayTask control Lcom/runqian/report4/control/ReportControl; _$3
.field com.runqian.report4.control.DelayTask t J _$4
.class com.runqian.report4.control.ColHeaderListener ColHeaderListener
.field com.runqian.report4.control.ColHeaderListener control Lcom/runqian/report4/control/ReportControl; _$1
.field com.runqian.report4.control.ColHeaderListener startSelectedCol S _$2
.field com.runqian.report4.control.ColHeaderListener resizeStartX I _$3
.field com.runqian.report4.control.ColHeaderListener resizeStartCol S _$4
.field com.runqian.report4.control.ColHeaderListener oldCellWidth F _$5
.field com.runqian.report4.control.ColHeaderListener tmpWidth I _$6
.field com.runqian.report4.control.ColHeaderListener editable Z _$7
.method com.runqian.report4.control.ColHeaderListener showPopup (Ljava/awt/event/MouseEvent;)V _$1
.method com.runqian.report4.control.ColHeaderListener showWidthMsg (I)V _$1
.method com.runqian.report4.control.ColHeaderListener totalWidth (Ljava/util/HashSet;)F _$1
.class com.runqian.report4.control.ColHeaderPanel ColHeaderPanel
.field com.runqian.report4.control.ColHeaderPanel control Lcom/runqian/report4/control/ReportControl; _$1
.field com.runqian.report4.control.ColHeaderPanel editable Z _$2
.method com.runqian.report4.control.ColHeaderPanel getColLabel (I)Ljava/lang/String; _$1
.class com.runqian.report4.control.ContentPanel ContentPanel
.field com.runqian.report4.control.ContentPanel translateX I _$1
.field com.runqian.report4.control.ContentPanel translateY I _$2
.field com.runqian.report4.control.ContentPanel XOR_COLOR Ljava/awt/Color; _$3
.field com.runqian.report4.control.ContentPanel report Lcom/runqian/report4/usermodel/IReport; _$4
.field com.runqian.report4.control.ContentPanel parser Lcom/runqian/report4/util/ReportParser; _$5
.field com.runqian.report4.control.ContentPanel startRow I _$6
.field com.runqian.report4.control.ContentPanel endRow I _$7
.field com.runqian.report4.control.ContentPanel startCol S _$8
.field com.runqian.report4.control.ContentPanel endCol S _$9
.field com.runqian.report4.control.ContentPanel isEditing Z _$10
.field com.runqian.report4.control.ContentPanel onlyDrawCellInWin Z _$11
.field com.runqian.report4.control.ContentPanel editable Z _$12
.field com.runqian.report4.control.ContentPanel jsp Ljavax/swing/JScrollPane; _$13
.field com.runqian.report4.control.ContentPanel control Lcom/runqian/report4/control/ReportControl; _$14
.field com.runqian.report4.control.ContentPanel cellX [[I _$15
.field com.runqian.report4.control.ContentPanel cellY [[I _$16
.field com.runqian.report4.control.ContentPanel cellW [[I _$17
.field com.runqian.report4.control.ContentPanel cellH [[I _$18
.field com.runqian.report4.control.ContentPanel singleEditor Ljavax/swing/JTextField; _$19
.field com.runqian.report4.control.ContentPanel multiEditor Ljavax/swing/JTextArea; _$20
.field com.runqian.report4.control.ContentPanel oldText Ljava/lang/String; _$21
.field com.runqian.report4.control.ContentPanel editorType I _$22
.field com.runqian.report4.control.ContentPanel rememberedRow I _$23
.field com.runqian.report4.control.ContentPanel rememberedCol S _$24
.field com.runqian.report4.control.ContentPanel location I _$25
.field com.runqian.report4.control.ContentPanel isMainPanel Z _$26
.field com.runqian.report4.control.ContentPanel dmGraphDemoImage Ljava/util/HashMap; _$27
.method com.runqian.report4.control.ContentPanel getDesignSize ()Ljava/awt/Dimension; _$1
.field com.runqian.report4.control.ContentPanel isDrawMirror Z _$28
.field com.runqian.report4.control.ContentPanel isClearColor Z _$29
.field com.runqian.report4.control.ContentPanel isClearImageLayer Z _$30
.method com.runqian.report4.control.ContentPanel isCellSelected (IS)Z _$1
.method com.runqian.report4.control.ContentPanel drawText (Ljava/awt/Graphics;ISIIIIF)V _$1
.method com.runqian.report4.control.ContentPanel drawSubReport (Ljava/awt/Graphics;Lcom/runqian/report4/usermodel/IReport;ISIIII)V _$1
.method com.runqian.report4.control.ContentPanel drawImage (Ljava/awt/Graphics;Ljava/awt/Image;ISIIIIF)V _$1
.method com.runqian.report4.control.ContentPanel clearCoordinate ()V _$2
.method com.runqian.report4.control.ContentPanel initEditor (FZ)V _$1
.field com.runqian.report4.control.ContentPanel fontMap Lcom/runqian/base4/util/ShortMap; _$31
.method com.runqian.report4.control.ContentPanel getFont (ISF)Ljava/awt/Font; _$1
.method com.runqian.report4.control.ContentPanel toDownCell ()Lcom/runqian/report4/usermodel/Area; _$3
.method com.runqian.report4.control.ContentPanel toUpCell ()Lcom/runqian/report4/usermodel/Area; _$4
.method com.runqian.report4.control.ContentPanel toRightCell ()Lcom/runqian/report4/usermodel/Area; _$5
.method com.runqian.report4.control.ContentPanel toLeftCell ()Lcom/runqian/report4/usermodel/Area; _$6
.method com.runqian.report4.control.ContentPanel getImageIcon (Ljava/lang/String;)Ljavax/swing/ImageIcon; _$1
.method com.runqian.report4.control.ContentPanel selectToDownCell ()V _$7
.method com.runqian.report4.control.ContentPanel selectToUpCell ()V _$8
.method com.runqian.report4.control.ContentPanel selectToRightCell ()V _$9
.method com.runqian.report4.control.ContentPanel selectToLeftCell ()V _$10
.class com.runqian.report4.control.ControlConstants ControlConstants
.class com.runqian.report4.control.ControlUtils ControlUtils
.field com.runqian.report4.control.ControlUtils wrapInchingWidth I _$1
.field com.runqian.report4.control.ControlUtils bWrapChar Z _$2
.method com.runqian.report4.control.ControlUtils gradientPaint (Ljava/awt/Graphics;IIIILjava/awt/Color;)V _$1
.method com.runqian.report4.control.ControlUtils getInputText (Lcom/runqian/report4/usermodel/input/InputProperty;Ljava/lang/Object;)Ljava/lang/String; _$1
.method com.runqian.report4.control.ControlUtils getDispText (Ljava/util/ArrayList;Ljava/util/ArrayList;ILjava/lang/Object;Z)Ljava/lang/String; _$1
.method com.runqian.report4.control.ControlUtils getCellInputText (Lcom/runqian/report4/usermodel/IReport;Lcom/runqian/report4/usermodel/INormalCell;)Ljava/lang/String; _$1
.method com.runqian.report4.control.ControlUtils drawRichText (Ljava/awt/Graphics;Ljava/util/ArrayList;IIFLcom/view/pdf/PdfCell;)V _$1
.method com.runqian.report4.control.ControlUtils drawString (Ljava/awt/Graphics;Ljava/awt/Font;Ljava/lang/String;II)V _$1
.method com.runqian.report4.control.ControlUtils getCanDisplayText (Ljava/lang/String;Ljava/awt/FontMetrics;I)Ljava/lang/String; _$1
.field com.runqian.report4.control.ControlUtils wrapStringBuffer Ljava/util/HashMap; _$3
.method com.runqian.report4.control.ControlUtils existTopMainCell (Lcom/runqian/report4/util/ReportParser;IS)Z _$1
.method com.runqian.report4.control.ControlUtils isExtendExp (Ljava/lang/String;)Z _$1
.class com.runqian.report4.control.CornerListener CornerListener
.field com.runqian.report4.control.CornerListener control Lcom/runqian/report4/control/ReportControl; _$1
.field com.runqian.report4.control.CornerListener editable Z _$2
.method com.runqian.report4.control.CornerListener showPopup (Ljava/awt/event/MouseEvent;)V _$1
.class com.runqian.report4.control.CornerPanel CornerPanel
.field com.runqian.report4.control.CornerPanel control Lcom/runqian/report4/control/ReportControl; _$1
.field com.runqian.report4.control.CornerPanel editable Z _$2
.class com.runqian.report4.control.DebugGraphics2D DebugGraphics2D
.field com.runqian.report4.control.DebugGraphics2D g Ljava/awt/Graphics2D; _$1
.method com.runqian.report4.control.DebugGraphics2D log (Ljava/lang/Object;)V _$1
.class com.runqian.report4.control.DialogPrint DialogPrint
.field com.runqian.report4.control.DialogPrint owner Lcom/runqian/report4/control/PrintFrame; _$1
.field com.runqian.report4.control.DialogPrint job Ljava/awt/print/PrinterJob; _$2
.field com.runqian.report4.control.DialogPrint pagesField Ljavax/swing/JTextField; _$3
.field com.runqian.report4.control.DialogPrint okButton Ljavax/swing/JButton; _$4
.field com.runqian.report4.control.DialogPrint stopButton Ljavax/swing/JButton; _$5
.field com.runqian.report4.control.DialogPrint closeButton Ljavax/swing/JButton; _$6
.field com.runqian.report4.control.DialogPrint backButton Ljavax/swing/JButton; _$7
.field com.runqian.report4.control.DialogPrint printerBox Ljavax/swing/JComboBox; _$8
.field com.runqian.report4.control.DialogPrint pagesBox Ljavax/swing/JComboBox; _$9
.field com.runqian.report4.control.DialogPrint allRadio Ljavax/swing/JRadioButton; _$10
.field com.runqian.report4.control.DialogPrint pagesRadio Ljavax/swing/JRadioButton; _$11
.field com.runqian.report4.control.DialogPrint bar Ljavax/swing/JProgressBar; _$12
.field com.runqian.report4.control.DialogPrint book Ljava/awt/print/Book; _$13
.field com.runqian.report4.control.DialogPrint mm Lcom/runqian/base4/resources/MessageManager; _$14
.field com.runqian.report4.control.DialogPrint font Ljava/awt/Font; _$15
.field com.runqian.report4.control.DialogPrint oldLocation Ljava/awt/Point; _$16
.field com.runqian.report4.control.DialogPrint oldSize Ljava/awt/Dimension; _$17
.method com.runqian.report4.control.DialogPrint createMainPanel ()Ljavax/swing/JPanel; _$1
.method com.runqian.report4.control.DialogPrint createBaseGBC (IIIIZ)Ljava/awt/GridBagConstraints; _$1
.method com.runqian.report4.control.DialogPrint createBaseGBC (IIII)Ljava/awt/GridBagConstraints; _$1
.method com.runqian.report4.control.DialogPrint createButton (Ljava/lang/String;)Ljavax/swing/JButton; _$1
.method com.runqian.report4.control.DialogPrint createTextLabel (Ljava/lang/String;)Ljavax/swing/JLabel; _$2
.class com.runqian.report4.control.ReportControl ReportControl
.field com.runqian.report4.control.ReportControl report Lcom/runqian/report4/usermodel/IReport; _$1
.field com.runqian.report4.control.ReportControl m_parser Lcom/runqian/report4/util/ReportParser; _$2
.field com.runqian.report4.control.ReportControl m_selectedAreas Ljava/util/Vector; _$3
.field com.runqian.report4.control.ReportControl status I _$4
.field com.runqian.report4.control.ReportControl m_selectedCols Ljava/util/Vector; _$5
.field com.runqian.report4.control.ReportControl m_selectedRows Ljava/util/Vector; _$6
.field com.runqian.report4.control.ReportControl m_cornerSelected Z _$7
.field com.runqian.report4.control.ReportControl m_editorListener Ljava/util/ArrayList; _$8
.field com.runqian.report4.control.ReportControl contentView Lcom/runqian/report4/control/ContentPanel; _$9
.field com.runqian.report4.control.ReportControl cellX [I _$10
.field com.runqian.report4.control.ReportControl cellY [I _$11
.field com.runqian.report4.control.ReportControl cellW [I _$12
.field com.runqian.report4.control.ReportControl cellH [I _$13
.method com.runqian.report4.control.ReportControl createCorner ()Ljavax/swing/JPanel; _$1
.method com.runqian.report4.control.ReportControl createColHeaderView ()Ljavax/swing/JPanel; _$2
.method com.runqian.report4.control.ReportControl createRowHeaderView ()Ljavax/swing/JPanel; _$3
.method com.runqian.report4.control.ReportControl createContentView ()Lcom/runqian/report4/control/ContentPanel; _$4
.method com.runqian.report4.control.ReportControl fireRowHeaderResized (Ljava/util/Vector;F)V _$1
.method com.runqian.report4.control.ReportControl fireColHeaderResized (Ljava/util/Vector;F)V _$2
.method com.runqian.report4.control.ReportControl fireRegionMove ()V _$5
.method com.runqian.report4.control.ReportControl fireRegionPaste ()V _$6
.method com.runqian.report4.control.ReportControl fireRegionSelect ()V _$7
.method com.runqian.report4.control.ReportControl fireCellTextInput (Lcom/runqian/report4/control/CellPosition;Ljava/lang/String;)V _$1
.method com.runqian.report4.control.ReportControl fireEditorInputing (Ljava/lang/String;)V _$1
.method com.runqian.report4.control.ReportControl fireGraphEdit (II)V _$1
.method com.runqian.report4.control.ReportControl fireDMGraphEdit (II)V _$2
.method com.runqian.report4.control.ReportControl fireSubReportEdit (II)V _$3
.method com.runqian.report4.control.ReportControl dragDroped (Ljava/awt/datatransfer/Transferable;IS)Z _$1
.method com.runqian.report4.control.ReportControl fireBarcodeEdit (II)V _$4
.method com.runqian.report4.control.ReportControl fireFormatedStringEdit (II)V _$5
.method com.runqian.report4.control.ReportControl fireMouseMove (IS)V _$1
.method com.runqian.report4.control.ReportControl fireRightClicked (Ljava/awt/event/MouseEvent;I)V _$1
.method com.runqian.report4.control.ReportControl fireDoubleClicked (Ljava/awt/event/MouseEvent;)V _$1
.method com.runqian.report4.control.ReportControl resetControlWidth ()V _$8
.method com.runqian.report4.control.ReportControl resetControlHeight ()V _$9
.method com.runqian.report4.control.ReportControl clearSelectedAreas ()V _$10
.class com.runqian.report4.control.EditControl EditControl
.field com.runqian.report4.control.EditControl editable Z _$1
.method com.runqian.report4.control.EditControl createCorner ()Ljavax/swing/JPanel; _$1
.method com.runqian.report4.control.EditControl createColHeaderView ()Ljavax/swing/JPanel; _$2
.method com.runqian.report4.control.EditControl createRowHeaderView ()Ljavax/swing/JPanel; _$3
.method com.runqian.report4.control.EditControl createContentView ()Lcom/runqian/report4/control/ContentPanel; _$4
.class com.runqian.report4.control.EditDragHandler EditDragHandler
.method com.runqian.report4.control.EditDragHandler getFlavor ([Ljava/awt/datatransfer/DataFlavor;)Ljava/awt/datatransfer/DataFlavor; _$1
.class com.runqian.report4.control.EditDropListener EditDropListener
.field com.runqian.report4.control.EditDropListener oldPos Lcom/runqian/report4/control/CellPosition; _$1
.class com.runqian.report4.control.EditorListener EditorListener
.class com.runqian.report4.control.EditorRightClicked EditorRightClicked
.field com.runqian.report4.control.EditorRightClicked control Lcom/runqian/report4/control/ReportControl; _$1
.method com.runqian.report4.control.EditorRightClicked showPopup (Ljava/awt/event/MouseEvent;)V _$1
.class com.runqian.report4.control.HyperLinkListener HyperLinkListener
.field com.runqian.report4.control.HyperLinkListener cp Lcom/runqian/report4/control/ContentPanel; _$1
.field com.runqian.report4.control.HyperLinkListener appmap Ljava/lang/String; _$2
.field com.runqian.report4.control.HyperLinkListener applet Ljavax/swing/JApplet; _$3
.field com.runqian.report4.control.HyperLinkListener mouseOnLinkColor Ljava/awt/Color; _$4
.field com.runqian.report4.control.HyperLinkListener oldColor I _$5
.field com.runqian.report4.control.HyperLinkListener mouseInRow I _$6
.field com.runqian.report4.control.HyperLinkListener mouseInCol S _$7
.field com.runqian.report4.control.HyperLinkListener isLink Z _$8
.field com.runqian.report4.control.HyperLinkListener linkUrl Ljava/lang/String; _$9
.field com.runqian.report4.control.HyperLinkListener linkTarget Ljava/lang/String; _$10
.class com.runqian.report4.control.LeanLine LeanLine
.field com.runqian.report4.control.LeanLine parser Lcom/runqian/report4/util/ReportParser; _$1
.field com.runqian.report4.control.LeanLine row I _$2
.field com.runqian.report4.control.LeanLine col S _$3
.field com.runqian.report4.control.LeanLine font Ljava/awt/Font; _$4
.field com.runqian.report4.control.LeanLine fm Ljava/awt/FontMetrics; _$5
.field com.runqian.report4.control.LeanLine scale F _$6
.field com.runqian.report4.control.LeanLine isClearColor Z _$7
.field com.runqian.report4.control.LeanLine pdfCell Lcom/view/pdf/PdfCell; _$8
.method com.runqian.report4.control.LeanLine paint (Ljava/awt/Graphics;IIII)V _$1
.method com.runqian.report4.control.LeanLine drawLeanLine (Ljava/awt/Graphics;IIIILjava/awt/BasicStroke;)V _$1
.method com.runqian.report4.control.LeanLine setTextColor (Ljava/awt/Graphics;)V _$1
.method com.runqian.report4.control.LeanLine drawText1 (Ljava/awt/Graphics;IIIILjava/lang/String;)V _$1
.method com.runqian.report4.control.LeanLine drawText2 (Ljava/awt/Graphics;IIIILjava/lang/String;)V _$2
.method com.runqian.report4.control.LeanLine drawText3 (Ljava/awt/Graphics;IIIILjava/lang/String;)V _$3
.method com.runqian.report4.control.LeanLine drawString (Ljava/awt/Graphics;Ljava/lang/String;II)V _$1
.method com.runqian.report4.control.LeanLine getFont (F)Ljava/awt/Font; _$1
.class com.runqian.report4.control.NullPrintPage NullPrintPage
.class com.runqian.report4.control.PageRequest PageRequest
.class com.runqian.report4.control.PageResponse PageResponse
.class com.runqian.report4.control.PrintEditingListener PrintEditingListener
.field com.runqian.report4.control.PrintEditingListener control Lcom/runqian/report4/control/ReportControl; _$1
.field com.runqian.report4.control.PrintEditingListener cp Lcom/runqian/report4/control/ContentPanel; _$2
.class com.runqian.report4.control.PrintFrame PrintFrame
.field com.runqian.report4.control.PrintFrame report Lcom/runqian/report4/usermodel/IReport; _$1
.field com.runqian.report4.control.PrintFrame columns I _$2
.field com.runqian.report4.control.PrintFrame pb Lcom/runqian/report4/usermodel/PageBuilder; _$3
.field com.runqian.report4.control.PrintFrame pf Ljava/awt/print/PageFormat; _$4
.field com.runqian.report4.control.PrintFrame dispPane Ljavax/swing/JScrollPane; _$5
.field com.runqian.report4.control.PrintFrame dispPanel Ljavax/swing/JPanel; _$6
.field com.runqian.report4.control.PrintFrame hidePanel Ljavax/swing/JPanel; _$7
.field com.runqian.report4.control.PrintFrame pageMarkLabel Ljavax/swing/JLabel; _$8
.field com.runqian.report4.control.PrintFrame gotoPageBox Ljavax/swing/JComboBox; _$9
.field com.runqian.report4.control.PrintFrame firstPageButton Ljavax/swing/JButton; _$10
.field com.runqian.report4.control.PrintFrame prevPageButton Ljavax/swing/JButton; _$11
.field com.runqian.report4.control.PrintFrame nextPageButton Ljavax/swing/JButton; _$12
.field com.runqian.report4.control.PrintFrame lastPageButton Ljavax/swing/JButton; _$13
.field com.runqian.report4.control.PrintFrame ratioBox Ljavax/swing/JComboBox; _$14
.field com.runqian.report4.control.PrintFrame alignBox Ljavax/swing/JComboBox; _$15
.field com.runqian.report4.control.PrintFrame printedPagesBox Ljavax/swing/JComboBox; _$16
.field com.runqian.report4.control.PrintFrame shrinkBox Ljavax/swing/JComboBox; _$17
.field com.runqian.report4.control.PrintFrame zoomoutButton Ljavax/swing/JButton; _$18
.field com.runqian.report4.control.PrintFrame zoominButton Ljavax/swing/JButton; _$19
.field com.runqian.report4.control.PrintFrame pageSetupButton Ljavax/swing/JButton; _$20
.field com.runqian.report4.control.PrintFrame printButton Ljavax/swing/JButton; _$21
.field com.runqian.report4.control.PrintFrame columnsField Ljavax/swing/JSpinner; _$22
.field com.runqian.report4.control.PrintFrame cbMirrorPrint Ljavax/swing/JCheckBox; _$23
.field com.runqian.report4.control.PrintFrame cbClearColor Ljavax/swing/JCheckBox; _$24
.field com.runqian.report4.control.PrintFrame cbClearImageLayer Ljavax/swing/JCheckBox; _$25
.field com.runqian.report4.control.PrintFrame printBook Ljava/awt/print/Book; _$26
.field com.runqian.report4.control.PrintFrame currPageNo I _$27
.field com.runqian.report4.control.PrintFrame pageCounts I _$28
.field com.runqian.report4.control.PrintFrame oldSize Ljava/awt/Dimension; _$29
.field com.runqian.report4.control.PrintFrame isMaxized Z _$30
.field com.runqian.report4.control.PrintFrame align B _$31
.field com.runqian.report4.control.PrintFrame vAlign B _$32
.field com.runqian.report4.control.PrintFrame savedAlign B _$33
.field com.runqian.report4.control.PrintFrame canSetAlign Z _$34
.field com.runqian.report4.control.PrintFrame printPageType B _$35
.field com.runqian.report4.control.PrintFrame shrink B _$36
.field com.runqian.report4.control.PrintFrame truePf Ljava/awt/print/PageFormat; _$37
.field com.runqian.report4.control.PrintFrame shrinkScale D _$38
.field com.runqian.report4.control.PrintFrame frameW I _$39
.field com.runqian.report4.control.PrintFrame frameH I _$40
.field com.runqian.report4.control.PrintFrame inApplet Z _$41
.field com.runqian.report4.control.PrintFrame isLocal Z _$42
.field com.runqian.report4.control.PrintFrame needExit Z _$43
.field com.runqian.report4.control.PrintFrame applet Ljava/applet/Applet; _$44
.field com.runqian.report4.control.PrintFrame savePrintSetup Z _$45
.field com.runqian.report4.control.PrintFrame savePrintSetupKey Ljava/lang/String; _$46
.field com.runqian.report4.control.PrintFrame savePrintSetupUrl Ljava/lang/String; _$47
.field com.runqian.report4.control.PrintFrame savedPrinterName Ljava/lang/String; _$48
.field com.runqian.report4.control.PrintFrame savedScale D _$49
.field com.runqian.report4.control.PrintFrame job Ljava/awt/print/PrinterJob; _$50
.field com.runqian.report4.control.PrintFrame mm Lcom/runqian/base4/resources/MessageManager; _$51
.field com.runqian.report4.control.PrintFrame printPages Ljava/util/HashSet; _$52
.method com.runqian.report4.control.PrintFrame initPrint ()Z _$1
.method com.runqian.report4.control.PrintFrame init (Ljava/lang/String;)V _$1
.method com.runqian.report4.control.PrintFrame createPageBuilder ()V _$2
.method com.runqian.report4.control.PrintFrame getTruePageFormat (D)Ljava/awt/print/PageFormat; _$1
.method com.runqian.report4.control.PrintFrame initPrintWindow ()V _$3
.method com.runqian.report4.control.PrintFrame refreshDefinedPages ()V _$4
.method com.runqian.report4.control.PrintFrame addFunctionBar ()V _$5
.method com.runqian.report4.control.PrintFrame addButton (Ljavax/swing/JPanel;Ljavax/swing/JButton;Ljava/lang/String;ILjava/awt/Font;)V _$1
.method com.runqian.report4.control.PrintFrame holdPrinterJob ()V _$6
.method com.runqian.report4.control.PrintFrame getDefinedPages ()Ljava/util/ArrayList; _$7
.method com.runqian.report4.control.PrintFrame prepareBooks ()V _$8
.method com.runqian.report4.control.PrintFrame savePrintSetup2Server ()V _$9
.method com.runqian.report4.control.PrintFrame getCurrentPage ()Lcom/runqian/report4/control/PrintPage; _$10
.method com.runqian.report4.control.PrintFrame createGBC (II)Ljava/awt/GridBagConstraints; _$1
.method com.runqian.report4.control.PrintFrame createGBC (I)Ljava/awt/GridBagConstraints; _$1
.method com.runqian.report4.control.PrintFrame hideEditor ()V _$11
.method com.runqian.report4.control.PrintFrame hideEditor (Ljava/awt/Container;)V _$1
.method com.runqian.report4.control.PrintFrame initScale ()V _$12
.field com.runqian.report4.control.PrintFrame isFY Z _$53
.field com.runqian.report4.control.PrintFrame pageReq Lcom/runqian/report4/control/PageRequest; _$54
.field com.runqian.report4.control.PrintFrame requestUrl Ljava/lang/String; _$55
.field com.runqian.report4.control.PrintFrame nullPage Lcom/runqian/report4/control/NullPrintPage; _$56
.field com.runqian.report4.control.PrintFrame dialogPrint Lcom/runqian/report4/control/DialogPrint; _$57
.field com.runqian.report4.control.PrintFrame stopPrint Z _$58
.field com.runqian.report4.control.PrintFrame reportsPerPage I _$59
.field com.runqian.report4.control.PrintFrame pagesPerTime I _$60
.method com.runqian.report4.control.PrintFrame this_windowClosing (Ljava/awt/event/WindowEvent;)V _$1
.method com.runqian.report4.control.PrintFrame getPageFirst (Z)Lcom/runqian/report4/control/PageResponse; _$1
.method com.runqian.report4.control.PrintFrame initPrintWindow (Lcom/runqian/report4/control/PageResponse;)V _$1
.method com.runqian.report4.control.PrintFrame newAPage ([Lcom/runqian/report4/usermodel/IReport;I)V _$1
.method com.runqian.report4.control.PrintFrame fetchAPage (I)V _$2
.method com.runqian.report4.control.PrintFrame fyPrint ()V _$13
.class com.runqian.report4.control.PrintPage PrintPage
.field com.runqian.report4.control.PrintPage scale D _$1
.field com.runqian.report4.control.PrintPage printScale D _$2
.field com.runqian.report4.control.PrintPage pf Ljava/awt/print/PageFormat; _$3
.field com.runqian.report4.control.PrintPage pb Lcom/runqian/report4/usermodel/PageBuilder; _$4
.field com.runqian.report4.control.PrintPage isCreated Z _$5
.field com.runqian.report4.control.PrintPage pageHeader Lcom/runqian/report4/usermodel/Area; _$6
.field com.runqian.report4.control.PrintPage pageFooter Lcom/runqian/report4/usermodel/Area; _$7
.field com.runqian.report4.control.PrintPage headerPanel Lcom/runqian/report4/control/ContentPanel; _$8
.field com.runqian.report4.control.PrintPage footerPanel Lcom/runqian/report4/control/ContentPanel; _$9
.field com.runqian.report4.control.PrintPage pagesPanel Ljavax/swing/JPanel; _$10
.field com.runqian.report4.control.PrintPage pointX I _$11
.field com.runqian.report4.control.PrintPage pointY I _$12
.field com.runqian.report4.control.PrintPage W I _$13
.field com.runqian.report4.control.PrintPage H I _$14
.field com.runqian.report4.control.PrintPage pageNo I _$15
.field com.runqian.report4.control.PrintPage totalReport Lcom/runqian/report4/usermodel/IReport; _$16
.field com.runqian.report4.control.PrintPage setup Lcom/runqian/report4/usermodel/PagerInfo; _$17
.field com.runqian.report4.control.PrintPage reports [Lcom/runqian/report4/usermodel/IReport; _$18
.field com.runqian.report4.control.PrintPage promptString Ljava/lang/String; _$19
.field com.runqian.report4.control.PrintPage label Ljavax/swing/JLabel; _$20
.method com.runqian.report4.control.PrintPage createPageHeader (Lcom/runqian/report4/usermodel/IReport;)V _$1
.method com.runqian.report4.control.PrintPage createPageFooter (Lcom/runqian/report4/usermodel/IReport;)V _$2
.class com.runqian.report4.control.PrintThread PrintThread
.field com.runqian.report4.control.PrintThread frame Lcom/runqian/report4/control/PrintFrame; _$1
.class com.runqian.report4.control.ReportPage ReportPage
.field com.runqian.report4.control.ReportPage isDrawMirror Z _$1
.field com.runqian.report4.control.ReportPage isClearColor Z _$2
.field com.runqian.report4.control.ReportPage isClearImageLayer Z _$3
.field com.runqian.report4.control.ReportPage pageSize Ljava/awt/Dimension; _$4
.field com.runqian.report4.control.ReportPage headerPanel Lcom/runqian/report4/control/ContentPanel; _$5
.field com.runqian.report4.control.ReportPage contentPanel Lcom/runqian/report4/control/ContentPanel; _$6
.field com.runqian.report4.control.ReportPage footerPanel Lcom/runqian/report4/control/ContentPanel; _$7
.field com.runqian.report4.control.ReportPage hAlign B _$8
.field com.runqian.report4.control.ReportPage vAlign B _$9
.method com.runqian.report4.control.ReportPage resizeBounds (Lcom/runqian/report4/control/ContentPanel;)V _$1
.method com.runqian.report4.control.ReportPage setAlign (B)V _$1
.method com.runqian.report4.control.ReportPage setVAlign (B)V _$2
.class com.runqian.report4.control.RowHeaderListener RowHeaderListener
.field com.runqian.report4.control.RowHeaderListener control Lcom/runqian/report4/control/ReportControl; _$1
.field com.runqian.report4.control.RowHeaderListener startSelectedRow I _$2
.field com.runqian.report4.control.RowHeaderListener resizeStartY I _$3
.field com.runqian.report4.control.RowHeaderListener resizeStartRow I _$4
.field com.runqian.report4.control.RowHeaderListener oldCellHeight F _$5
.field com.runqian.report4.control.RowHeaderListener tmpHeight I _$6
.field com.runqian.report4.control.RowHeaderListener editable Z _$7
.method com.runqian.report4.control.RowHeaderListener showHeightMsg (I)V _$1
.method com.runqian.report4.control.RowHeaderListener numToTip (IZ)Ljava/lang/String; _$1
.method com.runqian.report4.control.RowHeaderListener totalHeight (Ljava/util/HashSet;)F _$1
.method com.runqian.report4.control.RowHeaderListener showPopup (Ljava/awt/event/MouseEvent;)V _$1
.class com.runqian.report4.control.RowHeaderPanel RowHeaderPanel
.field com.runqian.report4.control.RowHeaderPanel control Lcom/runqian/report4/control/ReportControl; _$1
.field com.runqian.report4.control.RowHeaderPanel editable Z _$2
.class com.runqian.report4.control.ScanControl ScanControl
.field com.runqian.report4.control.ScanControl tableTitle Lcom/runqian/report4/usermodel/Area; _$1
.field com.runqian.report4.control.ScanControl topHeader Lcom/runqian/report4/usermodel/Area; _$2
.field com.runqian.report4.control.ScanControl leftHeader Lcom/runqian/report4/usermodel/Area; _$3
.field com.runqian.report4.control.ScanControl tableFooter Lcom/runqian/report4/usermodel/Area; _$4
.field com.runqian.report4.control.ScanControl pageHeader Lcom/runqian/report4/usermodel/Area; _$5
.field com.runqian.report4.control.ScanControl pageFooter Lcom/runqian/report4/usermodel/Area; _$6
.field com.runqian.report4.control.ScanControl editable Z _$7
.method com.runqian.report4.control.ScanControl createCorner ()Ljavax/swing/JPanel; _$1
.method com.runqian.report4.control.ScanControl createColHeaderView ()Ljavax/swing/JPanel; _$2
.method com.runqian.report4.control.ScanControl createRowHeaderView ()Ljavax/swing/JPanel; _$3
.method com.runqian.report4.control.ScanControl createContentView ()Lcom/runqian/report4/control/ContentPanel; _$4
.class com.runqian.report4.control.ShowEditorListener ShowEditorListener
.field com.runqian.report4.control.ShowEditorListener cp Lcom/runqian/report4/control/ContentPanel; _$1
.class com.runqian.report4.control.UnderLineBorder UnderLineBorder
.field com.runqian.report4.control.UnderLineBorder left I _$1
.field com.runqian.report4.control.UnderLineBorder right I _$2
.class com.runqian.report4.control.CellSelectListener$1 lllIllllllIIlllI
.class com.runqian.report4.control.ContentPanel$1 IlIIlIIllIIlIIIl
.field com.runqian.report4.control.ContentPanel$1 LF B _$1
.field com.runqian.report4.control.ContentPanel$1 baos Ljava/io/ByteArrayOutputStream; _$2
.class com.runqian.report4.control.PrintFrame$1 lIIlIlIllIllIIII
.class com.runqian.report4.control.PrintFrame$2 IlIlIlIllIllIIII
.class com.runqian.report4.control.PrintFrame$3 llIlIlIllIllIIII
.class com.runqian.report4.control.PrintFrame$4 IIlIIlIllIllIIII
.class com.runqian.report4.control.PrintFrame$5 lIlIIlIllIllIIII
