.class com.runqian.report4.usermodel.ICalculateListener ICalculateListener
.class com.runqian.report4.usermodel.AbstractCalculateListener AbstractCalculateListener
.class com.runqian.report4.usermodel.ICloneable ICloneable
.class com.runqian.report4.usermodel.IRecord IRecord
.class com.runqian.report4.usermodel.Area Area
.field com.runqian.report4.usermodel.Area r1 I _$1
.field com.runqian.report4.usermodel.Area r2 I _$2
.field com.runqian.report4.usermodel.Area c1 S _$3
.field com.runqian.report4.usermodel.Area c2 S _$4
.class com.runqian.report4.usermodel.BackGraphConfig BackGraphConfig
.field com.runqian.report4.usermodel.BackGraphConfig type B _$1
.field com.runqian.report4.usermodel.BackGraphConfig urlOrClassName Ljava/lang/String; _$2
.field com.runqian.report4.usermodel.BackGraphConfig disp B _$3
.field com.runqian.report4.usermodel.BackGraphConfig imageBytes [B _$4
.class com.runqian.report4.usermodel.BarcodeProperty BarcodeProperty
.field com.runqian.report4.usermodel.BarcodeProperty type B _$1
.field com.runqian.report4.usermodel.BarcodeProperty value Ljava/lang/Object; _$2
.field com.runqian.report4.usermodel.BarcodeProperty height D _$3
.field com.runqian.report4.usermodel.BarcodeProperty moduleWidth D _$4
.field com.runqian.report4.usermodel.BarcodeProperty angle I _$5
.field com.runqian.report4.usermodel.BarcodeProperty fontName Ljava/lang/String; _$6
.field com.runqian.report4.usermodel.BarcodeProperty fontSize D _$7
.field com.runqian.report4.usermodel.BarcodeProperty textPosition B _$8
.field com.runqian.report4.usermodel.BarcodeProperty quietZone D _$9
.field com.runqian.report4.usermodel.BarcodeProperty checkSumMode B _$10
.field com.runqian.report4.usermodel.BarcodeProperty charGapWidth D _$11
.field com.runqian.report4.usermodel.BarcodeProperty wideFactor D _$12
.field com.runqian.report4.usermodel.BarcodeProperty displayStartStop Z _$13
.field com.runqian.report4.usermodel.BarcodeProperty displayCheckSum Z _$14
.field com.runqian.report4.usermodel.BarcodeProperty shortBarHeight D _$15
.field com.runqian.report4.usermodel.BarcodeProperty baseLinePosition B _$16
.field com.runqian.report4.usermodel.BarcodeProperty imageFormat B _$17
.field com.runqian.report4.usermodel.BarcodeProperty code128CodeSet B _$18
.field com.runqian.report4.usermodel.BarcodeProperty customClassName Ljava/lang/String; _$19
.field com.runqian.report4.usermodel.BarcodeProperty customParam Ljava/lang/String; _$20
.class com.runqian.report4.usermodel.BarcodeTypes BarcodeTypes
.field com.runqian.report4.usermodel.BarcodeTypes barcode [Ljava/lang/String; _$1
.class com.runqian.report4.usermodel.DataSetConfig DataSetConfig
.class com.runqian.report4.usermodel.BuiltinDataSetConfig BuiltinDataSetConfig
.field com.runqian.report4.usermodel.BuiltinDataSetConfig colNames [Ljava/lang/String; _$1
.field com.runqian.report4.usermodel.BuiltinDataSetConfig colTypes [B _$2
.field com.runqian.report4.usermodel.BuiltinDataSetConfig values [[Ljava/lang/String; _$3
.field com.runqian.report4.usermodel.BuiltinDataSetConfig dsc Lcom/runqian/report4/usermodel/DataSetConfig; _$4
.class com.runqian.report4.usermodel.IByteMap IByteMap
.class com.runqian.report4.usermodel.ByteMap ByteMap
.field com.runqian.report4.usermodel.ByteMap keys [B _$1
.field com.runqian.report4.usermodel.ByteMap objs [Ljava/lang/Object; _$2
.field com.runqian.report4.usermodel.ByteMap count S _$3
.class com.runqian.report4.usermodel.CellGraphConfig CellGraphConfig
.field com.runqian.report4.usermodel.CellGraphConfig type B _$1
.field com.runqian.report4.usermodel.CellGraphConfig urlOrClassName Ljava/lang/String; _$2
.field com.runqian.report4.usermodel.CellGraphConfig order B _$3
.field com.runqian.report4.usermodel.CellGraphConfig imageBytes [B _$4
.class com.runqian.report4.usermodel.Context Context
.field com.runqian.report4.usermodel.Context iCtx Lcom/runqian/report4/usermodel/Context; _$1
.field com.runqian.report4.usermodel.Context jspCharset Ljava/lang/String; _$2
.field com.runqian.report4.usermodel.Context main Ljava/lang/String; _$3
.field com.runqian.report4.usermodel.Context defManager Lcom/runqian/report4/semantics/SemanticsManager; _$4
.field com.runqian.report4.usermodel.Context manager Lcom/runqian/report4/semantics/SemanticsManager; _$5
.field com.runqian.report4.usermodel.Context reportConfigModel Lcom/runqian/report4/view/ReportConfigModel; _$6
.field com.runqian.report4.usermodel.Context parent Lcom/runqian/report4/usermodel/Context; _$7
.field com.runqian.report4.usermodel.Context locale Ljava/util/Locale; _$8
.field com.runqian.report4.usermodel.Context dataSourceName Ljava/lang/String; _$9
.field com.runqian.report4.usermodel.Context params Ljava/util/Map; _$10
.field com.runqian.report4.usermodel.Context macros Ljava/util/Map; _$11
.field com.runqian.report4.usermodel.Context dataSourceConfigs Ljava/util/Map; _$12
.field com.runqian.report4.usermodel.Context datasets Ljava/util/Map; _$13
.field com.runqian.report4.usermodel.Context connfs Ljava/util/Map; _$14
.field com.runqian.report4.usermodel.Context olapfs Ljava/util/Map; _$15
.field com.runqian.report4.usermodel.Context conns Ljava/util/Map; _$16
.field com.runqian.report4.usermodel.Context olaps Ljava/util/Map; _$17
.field com.runqian.report4.usermodel.Context hs Ljavax/servlet/http/HttpSession; _$18
.field com.runqian.report4.usermodel.Context sc Ljavax/servlet/ServletContext; _$19
.class com.runqian.report4.usermodel.SQLDataSetConfig SQLDataSetConfig
.field com.runqian.report4.usermodel.SQLDataSetConfig sql Ljava/lang/String; _$1
.field com.runqian.report4.usermodel.SQLDataSetConfig beginRow Ljava/lang/String; _$2
.field com.runqian.report4.usermodel.SQLDataSetConfig endRow Ljava/lang/String; _$3
.field com.runqian.report4.usermodel.SQLDataSetConfig schema Ljava/lang/String; _$4
.field com.runqian.report4.usermodel.SQLDataSetConfig onlyShowSQLError Z _$5
.field com.runqian.report4.usermodel.SQLDataSetConfig params Ljava/util/List; _$6
.class com.runqian.report4.usermodel.CSQLDataSetConfig CSQLDataSetConfig
.class com.runqian.report4.usermodel.CSReport CSReport
.field com.runqian.report4.usermodel.CSReport report Lcom/runqian/report4/usermodel/IReport; _$1
.class com.runqian.report4.usermodel.CustomDataSetConfig CustomDataSetConfig
.field com.runqian.report4.usermodel.CustomDataSetConfig factoryClass Ljava/lang/String; _$1
.field com.runqian.report4.usermodel.CustomDataSetConfig argNames [Ljava/lang/String; _$2
.field com.runqian.report4.usermodel.CustomDataSetConfig argValues [Ljava/lang/String; _$3
.class com.runqian.report4.usermodel.DataSetMetaData DataSetMetaData
.field com.runqian.report4.usermodel.DataSetMetaData dscs Ljava/util/List; _$1
.class com.runqian.report4.usermodel.DataSourceConfig DataSourceConfig
.field com.runqian.report4.usermodel.DataSourceConfig dbType I _$1
.field com.runqian.report4.usermodel.DataSourceConfig dbCharset Ljava/lang/String; _$2
.field com.runqian.report4.usermodel.DataSourceConfig clientCharset Ljava/lang/String; _$3
.field com.runqian.report4.usermodel.DataSourceConfig needTranContent Z _$4
.field com.runqian.report4.usermodel.DataSourceConfig needTranSentence Z _$5
.class com.runqian.report4.usermodel.DSDMDataSetConfig DSDMDataSetConfig
.field com.runqian.report4.usermodel.DSDMDataSetConfig fileName Ljava/lang/String; _$1
.field com.runqian.report4.usermodel.DSDMDataSetConfig semanticsFileName Ljava/lang/String; _$2
.field com.runqian.report4.usermodel.DSDMDataSetConfig exp Ljava/lang/String; _$3
.field com.runqian.report4.usermodel.DSDMDataSetConfig paramNames Ljava/util/List; _$4
.field com.runqian.report4.usermodel.DSDMDataSetConfig paramExps Ljava/util/List; _$5
.class com.runqian.report4.usermodel.Engine Engine
.field com.runqian.report4.usermodel.Engine rDef Lcom/runqian/report4/usermodel/IReport; _$1
.field com.runqian.report4.usermodel.Engine ctx Lcom/runqian/report4/usermodel/Context; _$2
.field com.runqian.report4.usermodel.Engine key Ljava/lang/String; _$3
.field com.runqian.report4.usermodel.Engine startCalcDataset Ljava/lang/String; _$4
.field com.runqian.report4.usermodel.Engine startCalcReport Ljava/lang/String; _$5
.field com.runqian.report4.usermodel.Engine endCalcReport Ljava/lang/String; _$6
.field com.runqian.report4.usermodel.Engine tempCalcReport Lcom/runqian/report4/usermodel/IReport; _$7
.method com.runqian.report4.usermodel.Engine getFileBytes (Ljava/lang/String;Z)[B _$1
.method com.runqian.report4.usermodel.Engine getString (Ljava/lang/String;I)Ljava/lang/String; _$1
.class com.runqian.report4.usermodel.EssDataSetConfig EssDataSetConfig
.field com.runqian.report4.usermodel.EssDataSetConfig type B _$1
.field com.runqian.report4.usermodel.EssDataSetConfig appName Ljava/lang/String; _$2
.field com.runqian.report4.usermodel.EssDataSetConfig cubName Ljava/lang/String; _$3
.field com.runqian.report4.usermodel.EssDataSetConfig dimensions [Ljava/lang/String; _$4
.field com.runqian.report4.usermodel.EssDataSetConfig columns [Ljava/lang/String; _$5
.field com.runqian.report4.usermodel.EssDataSetConfig mdxSegment Lcom/runqian/base4/util/SegmentSet; _$6
.field com.runqian.report4.usermodel.EssDataSetConfig layeredDimension Z _$7
.field com.runqian.report4.usermodel.EssDataSetConfig syntax Ljava/lang/String; _$8
.class com.runqian.report4.usermodel.ExportConfig ExportConfig
.field com.runqian.report4.usermodel.ExportConfig pdfUP Ljava/lang/String; _$1
.field com.runqian.report4.usermodel.ExportConfig pdfOP Ljava/lang/String; _$2
.field com.runqian.report4.usermodel.ExportConfig pdfPri I _$3
.field com.runqian.report4.usermodel.ExportConfig excelFP Ljava/lang/String; _$4
.field com.runqian.report4.usermodel.ExportConfig excelM B _$5
.field com.runqian.report4.usermodel.ExportConfig excelExportURL Z _$6
.field com.runqian.report4.usermodel.ExportConfig fullPaged Z _$7
.field com.runqian.report4.usermodel.ExportConfig notExportURLs [Ljava/lang/String; _$8
.field com.runqian.report4.usermodel.ExportConfig excelGridDisabled Z _$9
.field com.runqian.report4.usermodel.ExportConfig wordAlignment B _$10
.field com.runqian.report4.usermodel.ExportConfig noExportPrintArea Z _$11
.class com.runqian.report4.usermodel.IBackGraphGenerator IBackGraphGenerator
.class com.runqian.report4.usermodel.ICell ICell
.class com.runqian.report4.usermodel.ICellGraphGenerator ICellGraphGenerator
.class com.runqian.report4.usermodel.IColCell IColCell
.class com.runqian.report4.usermodel.IConnectionFactory IConnectionFactory
.class com.runqian.report4.usermodel.IEngineListener IEngineListener
.class com.runqian.report4.usermodel.IGroupEngine IGroupEngine
.class com.runqian.report4.usermodel.INormalCell INormalCell
.class com.runqian.report4.usermodel.IOLAPSessionFactory IOLAPSessionFactory
.class com.runqian.report4.usermodel.IReport IReport
.class com.runqian.report4.usermodel.IReportDefineLoader IReportDefineLoader
.class com.runqian.report4.usermodel.IReportListener IReportListener
.class com.runqian.report4.usermodel.IRowCell IRowCell
.class com.runqian.report4.usermodel.Macro Macro
.field com.runqian.report4.usermodel.Macro type B _$1
.field com.runqian.report4.usermodel.Macro name Ljava/lang/String; _$2
.field com.runqian.report4.usermodel.Macro desc Ljava/lang/String; _$3
.field com.runqian.report4.usermodel.Macro value Ljava/lang/String; _$4
.class com.runqian.report4.usermodel.MacroMetaData MacroMetaData
.field com.runqian.report4.usermodel.MacroMetaData macros Ljava/util/List; _$1
.class com.runqian.report4.usermodel.MatrixDataSetConfig MatrixDataSetConfig
.field com.runqian.report4.usermodel.MatrixDataSetConfig file Ljava/lang/String; _$1
.field com.runqian.report4.usermodel.MatrixDataSetConfig statement Ljava/lang/String; _$2
.field com.runqian.report4.usermodel.MatrixDataSetConfig pars [Ljava/lang/String; _$3
.class com.runqian.report4.usermodel.OLAPSession OLAPSession
.field com.runqian.report4.usermodel.OLAPSession dbType I _$1
.field com.runqian.report4.usermodel.OLAPSession session Ljava/lang/Object; _$2
.class com.runqian.report4.usermodel.PageBuilder PageBuilder
.field com.runqian.report4.usermodel.PageBuilder key Ljava/lang/String; _$1
.field com.runqian.report4.usermodel.PageBuilder pager Lcom/runqian/report4/model/Pager; _$2
.field com.runqian.report4.usermodel.PageBuilder pi Lcom/runqian/report4/usermodel/PagerInfo; _$3
.field com.runqian.report4.usermodel.PageBuilder isGroupHeadRepeatedWhileColumn Z _$4
.field com.runqian.report4.usermodel.PageBuilder report Lcom/runqian/report4/usermodel/IReport; _$5
.field com.runqian.report4.usermodel.PageBuilder isApplet Z _$6
.method com.runqian.report4.usermodel.PageBuilder init (Lcom/runqian/report4/usermodel/IReport;)V _$1
.method com.runqian.report4.usermodel.PageBuilder init1 (Lcom/runqian/report4/usermodel/IReport;)V _$2
.method com.runqian.report4.usermodel.PageBuilder savePages (Lcom/runqian/report4/model/engine2/SimplePager2;Ljava/lang/String;Z)Z _$1
.class com.runqian.report4.usermodel.PageBuilder$CachePager IlIlIlllIlIIlIlI
.field com.runqian.report4.usermodel.PageBuilder$CachePager pathName Ljava/lang/String; _$1
.field com.runqian.report4.usermodel.PageBuilder$CachePager yCount I _$2
.field com.runqian.report4.usermodel.PageBuilder$CachePager xCount I _$3
.field com.runqian.report4.usermodel.PageBuilder$CachePager columns I _$4
.field com.runqian.report4.usermodel.PageBuilder$CachePager bZip Z _$5
.method com.runqian.report4.usermodel.PageBuilder$CachePager getRowPage (IIZ)Lcom/runqian/report4/usermodel/IReport; _$1
.method com.runqian.report4.usermodel.PageBuilder$CachePager getPagerInfo (Ljava/lang/String;)V _$1
.method com.runqian.report4.usermodel.PageBuilder$CachePager readInt (Ljava/io/InputStream;)I _$1
.class com.runqian.report4.usermodel.PagerInfo PagerInfo
.field com.runqian.report4.usermodel.PagerInfo paper S _$1
.field com.runqian.report4.usermodel.PagerInfo layout B _$2
.field com.runqian.report4.usermodel.PagerInfo layout_rows S _$3
.field com.runqian.report4.usermodel.PagerInfo layout_cols S _$4
.field com.runqian.report4.usermodel.PagerInfo tableColumnNum S _$5
.field com.runqian.report4.usermodel.PagerInfo rowNumPerPage I _$6
.field com.runqian.report4.usermodel.PagerInfo paperWidth F _$7
.field com.runqian.report4.usermodel.PagerInfo paperHeight F _$8
.field com.runqian.report4.usermodel.PagerInfo leftMargin F _$9
.field com.runqian.report4.usermodel.PagerInfo rightMargin F _$10
.field com.runqian.report4.usermodel.PagerInfo topMargin F _$11
.field com.runqian.report4.usermodel.PagerInfo bottomMargin F _$12
.field com.runqian.report4.usermodel.PagerInfo orient B _$13
.field com.runqian.report4.usermodel.PagerInfo titleXMode B _$14
.field com.runqian.report4.usermodel.PagerInfo titleYMode B _$15
.field com.runqian.report4.usermodel.PagerInfo pageHeaderAndFooterXMode B _$16
.field com.runqian.report4.usermodel.PagerInfo pageHeaderAndFooterYMode B _$17
.field com.runqian.report4.usermodel.PagerInfo rowTableHeaderAndFooterMode B _$18
.field com.runqian.report4.usermodel.PagerInfo colTableHeaderAndFooterMode B _$19
.field com.runqian.report4.usermodel.PagerInfo pagerStyle B _$20
.method com.runqian.report4.usermodel.PagerInfo getPageWidth ()I _$1
.method com.runqian.report4.usermodel.PagerInfo getPageHeight ()I _$2
.method com.runqian.report4.usermodel.PagerInfo fEquals (DD)Z _$1
.class com.runqian.report4.usermodel.Palette Palette
.field com.runqian.report4.usermodel.Palette colors [I _$1
.field com.runqian.report4.usermodel.Palette patterns [B _$2
.field com.runqian.report4.usermodel.Palette size I _$3
.field com.runqian.report4.usermodel.Palette defaultPalette Lcom/runqian/report4/usermodel/Palette; _$4
.field com.runqian.report4.usermodel.Palette colorMap Ljava/util/Map; _$5
.method com.runqian.report4.usermodel.Palette readPalettes ()Ljava/util/Map; _$1
.method com.runqian.report4.usermodel.Palette getDefaultPalette2 ()Lcom/runqian/report4/usermodel/Palette; _$2
.method com.runqian.report4.usermodel.Palette MakeRGBColor (IIII)I _$1
.class com.runqian.report4.usermodel.Param Param
.field com.runqian.report4.usermodel.Param paramType B _$1
.field com.runqian.report4.usermodel.Param dataType B _$2
.field com.runqian.report4.usermodel.Param bools B _$3
.field com.runqian.report4.usermodel.Param name Ljava/lang/String; _$4
.field com.runqian.report4.usermodel.Param description Ljava/lang/String; _$5
.field com.runqian.report4.usermodel.Param format Ljava/lang/String; _$6
.field com.runqian.report4.usermodel.Param value Ljava/lang/String; _$7
.field com.runqian.report4.usermodel.Param styleName Ljava/lang/String; _$8
.field com.runqian.report4.usermodel.Param precision S _$9
.field com.runqian.report4.usermodel.Param scale S _$10
.class com.runqian.report4.usermodel.ParamMetaData ParamMetaData
.field com.runqian.report4.usermodel.ParamMetaData params Ljava/util/List; _$1
.class com.runqian.report4.usermodel.PerfMonitor PerfMonitor
.field com.runqian.report4.usermodel.PerfMonitor LOCK1 Ljava/lang/Object; _$1
.field com.runqian.report4.usermodel.PerfMonitor LOCK2 Ljava/lang/Object; _$2
.field com.runqian.report4.usermodel.PerfMonitor maxConcurrentNum I _$3
.field com.runqian.report4.usermodel.PerfMonitor maxWaitingNum I _$4
.field com.runqian.report4.usermodel.PerfMonitor maxCellNum I _$5
.field com.runqian.report4.usermodel.PerfMonitor concurrents I _$6
.field com.runqian.report4.usermodel.PerfMonitor waitings I _$7
.field com.runqian.report4.usermodel.PerfMonitor cells I _$8
.field com.runqian.report4.usermodel.PerfMonitor cellNumLimited Z _$9
.field com.runqian.report4.usermodel.PerfMonitor waitTimeAfterOutOfMemory I _$10
.field com.runqian.report4.usermodel.PerfMonitor notOutOfMemory Z _$11
.field com.runqian.report4.usermodel.PerfMonitor defFutureCellNumPerReport I _$12
.field com.runqian.report4.usermodel.PerfMonitor factor F _$13
.method com.runqian.report4.usermodel.PerfMonitor getFutureCellNumFactor ()F _$1
.class com.runqian.report4.usermodel.PrintSetup PrintSetup
.field com.runqian.report4.usermodel.PrintSetup paper S _$1
.field com.runqian.report4.usermodel.PrintSetup tableColumnNum S _$2
.field com.runqian.report4.usermodel.PrintSetup columnRepeatedGroupHeader Z _$3
.field com.runqian.report4.usermodel.PrintSetup layout_rows S _$4
.field com.runqian.report4.usermodel.PrintSetup layout_cols S _$5
.field com.runqian.report4.usermodel.PrintSetup rowNumPerPage I _$6
.field com.runqian.report4.usermodel.PrintSetup zoomPageWidth S _$7
.field com.runqian.report4.usermodel.PrintSetup zoomPageHeight S _$8
.field com.runqian.report4.usermodel.PrintSetup zoomScale S _$9
.field com.runqian.report4.usermodel.PrintSetup paperWidth F _$10
.field com.runqian.report4.usermodel.PrintSetup paperHeight F _$11
.field com.runqian.report4.usermodel.PrintSetup leftMargin F _$12
.field com.runqian.report4.usermodel.PrintSetup rightMargin F _$13
.field com.runqian.report4.usermodel.PrintSetup topMargin F _$14
.field com.runqian.report4.usermodel.PrintSetup bottomMargin F _$15
.field com.runqian.report4.usermodel.PrintSetup virtualPrinter Ljava/lang/String; _$16
.field com.runqian.report4.usermodel.PrintSetup orient B _$17
.field com.runqian.report4.usermodel.PrintSetup layout B _$18
.field com.runqian.report4.usermodel.PrintSetup titleXMode B _$19
.field com.runqian.report4.usermodel.PrintSetup titleYMode B _$20
.field com.runqian.report4.usermodel.PrintSetup pageHeaderAndFooterXMode B _$21
.field com.runqian.report4.usermodel.PrintSetup pageHeaderAndFooterYMode B _$22
.field com.runqian.report4.usermodel.PrintSetup rowTableHeaderAndFooterMode B _$23
.field com.runqian.report4.usermodel.PrintSetup colTableHeaderAndFooterMode B _$24
.field com.runqian.report4.usermodel.PrintSetup pagerStyle B _$25
.field com.runqian.report4.usermodel.PrintSetup zoomMode B _$26
.field com.runqian.report4.usermodel.PrintSetup hAlign B _$27
.field com.runqian.report4.usermodel.PrintSetup vAlign B _$28
.field com.runqian.report4.usermodel.PrintSetup backGraphPrinted Z _$29
.field com.runqian.report4.usermodel.PrintSetup copyCount I _$30
.class com.runqian.report4.usermodel.PrintSetupServlet PrintSetupServlet
.field com.runqian.report4.usermodel.PrintSetupServlet saveScale Z _$1
.class com.runqian.report4.usermodel.ProcDataSetConfig ProcDataSetConfig
.field com.runqian.report4.usermodel.ProcDataSetConfig sql Ljava/lang/String; _$1
.field com.runqian.report4.usermodel.ProcDataSetConfig beginRow Ljava/lang/String; _$2
.field com.runqian.report4.usermodel.ProcDataSetConfig endRow Ljava/lang/String; _$3
.field com.runqian.report4.usermodel.ProcDataSetConfig params Ljava/util/List; _$4
.class com.runqian.report4.usermodel.ProcDataSetConfig$Param lIlIIIlIlIlIlIlI
.class com.runqian.report4.usermodel.ReportGroup ReportGroup
.field com.runqian.report4.usermodel.ReportGroup pmd Lcom/runqian/report4/usermodel/ParamMetaData; _$1
.field com.runqian.report4.usermodel.ReportGroup mmd Lcom/runqian/report4/usermodel/MacroMetaData; _$2
.field com.runqian.report4.usermodel.ReportGroup srmd Lcom/runqian/report4/usermodel/SubReportMetaData; _$3
.field com.runqian.report4.usermodel.ReportGroup items Ljava/util/List; _$4
.field com.runqian.report4.usermodel.ReportGroup validityList Ljava/util/List; _$5
.field com.runqian.report4.usermodel.ReportGroup autoCalcList Ljava/util/List; _$6
.field com.runqian.report4.usermodel.ReportGroup dsmd Lcom/runqian/report4/usermodel/DataSetMetaData; _$7
.class com.runqian.report4.usermodel.ReportGroupItem ReportGroupItem
.field com.runqian.report4.usermodel.ReportGroupItem name Ljava/lang/String; _$1
.field com.runqian.report4.usermodel.ReportGroupItem title Ljava/lang/String; _$2
.field com.runqian.report4.usermodel.ReportGroupItem id Ljava/lang/String; _$3
.field com.runqian.report4.usermodel.ReportGroupItem paramNames [Ljava/lang/String; _$4
.field com.runqian.report4.usermodel.ReportGroupItem paramValues [Ljava/lang/String; _$5
.field com.runqian.report4.usermodel.ReportGroupItem macroNames [Ljava/lang/String; _$6
.field com.runqian.report4.usermodel.ReportGroupItem groupMacroNames [Ljava/lang/String; _$7
.class com.runqian.report4.usermodel.SQLDataSetConfig$Param lIIllIlllIllIIll
.class com.runqian.report4.usermodel.SubReportConfig SubReportConfig
.field com.runqian.report4.usermodel.SubReportConfig name Ljava/lang/String; _$1
.field com.runqian.report4.usermodel.SubReportConfig url Ljava/lang/String; _$2
.field com.runqian.report4.usermodel.SubReportConfig value Lcom/runqian/report4/usermodel/IReport; _$3
.field com.runqian.report4.usermodel.SubReportConfig urlType B _$4
.class com.runqian.report4.usermodel.SubReportMetaData SubReportMetaData
.field com.runqian.report4.usermodel.SubReportMetaData srcs Ljava/util/List; _$1
.class com.runqian.report4.usermodel.SubRptProperty SubRptProperty
.field com.runqian.report4.usermodel.SubRptProperty rptName Ljava/lang/String; _$1
.field com.runqian.report4.usermodel.SubRptProperty argNames [Ljava/lang/String; _$2
.field com.runqian.report4.usermodel.SubRptProperty argExps [Ljava/lang/String; _$3
.field com.runqian.report4.usermodel.SubRptProperty type B _$4
.class com.runqian.report4.usermodel.TxtDataSetConfig TxtDataSetConfig
.field com.runqian.report4.usermodel.TxtDataSetConfig fileName Ljava/lang/String; _$1
.field com.runqian.report4.usermodel.TxtDataSetConfig encoding Ljava/lang/String; _$2
.class com.runqian.report4.usermodel.Types Types
.class com.runqian.report4.usermodel.ViewDataSetConfig ViewDataSetConfig
.field com.runqian.report4.usermodel.ViewDataSetConfig viewName Ljava/lang/String; _$1
.field com.runqian.report4.usermodel.ViewDataSetConfig beginRow Ljava/lang/String; _$2
.field com.runqian.report4.usermodel.ViewDataSetConfig endRow Ljava/lang/String; _$3
.field com.runqian.report4.usermodel.ViewDataSetConfig orderBy Ljava/lang/String; _$4
.field com.runqian.report4.usermodel.ViewDataSetConfig cols Ljava/util/ArrayList; _$5
.field com.runqian.report4.usermodel.ViewDataSetConfig params Ljava/util/ArrayList; _$6
.field com.runqian.report4.usermodel.ViewDataSetConfig tableViewMode B _$7
.field com.runqian.report4.usermodel.ViewDataSetConfig paramTypes Ljava/util/ArrayList; _$8
.field com.runqian.report4.usermodel.ViewDataSetConfig where Ljava/lang/String; _$9
.field com.runqian.report4.usermodel.ViewDataSetConfig distinct Z _$10
.field com.runqian.report4.usermodel.ViewDataSetConfig bools B _$11
.class com.runqian.report4.usermodel.XMLDataSetConfig XMLDataSetConfig
