.class com.runqian.report4.view.html.DropDownDW DropDownDW
.class com.runqian.report4.view.html.GraphPool GraphPool
.field com.runqian.report4.view.html.GraphPool sessionId I _$1
.class com.runqian.report4.view.html.GraphServlet GraphServlet
.class com.runqian.report4.view.html.HtmlCell HtmlCell
.field com.runqian.report4.view.html.HtmlCell report Lcom/runqian/report4/usermodel/IReport; _$1
.field com.runqian.report4.view.html.HtmlCell row I _$2
.field com.runqian.report4.view.html.HtmlCell col S _$3
.field com.runqian.report4.view.html.HtmlCell appmap Ljava/lang/String; _$4
.field com.runqian.report4.view.html.HtmlCell isParamCell Z _$5
.field com.runqian.report4.view.html.HtmlCell scale F _$6
.field com.runqian.report4.view.html.HtmlCell hasBackImage Z _$7
.field com.runqian.report4.view.html.HtmlCell locale Ljava/util/Locale; _$8
.field com.runqian.report4.view.html.HtmlCell srcCell Lcom/runqian/report4/usermodel/INormalCell; _$9
.method com.runqian.report4.view.html.HtmlCell setHasBackImage (Z)V _$1
.method com.runqian.report4.view.html.HtmlCell setSrcCell (Lcom/runqian/report4/usermodel/INormalCell;)V _$1
.method com.runqian.report4.view.html.HtmlCell getBorderStyle (B)Ljava/lang/String; _$1
.method com.runqian.report4.view.html.HtmlCell getBorderWidth (FB)Ljava/lang/String; _$1
.method com.runqian.report4.view.html.HtmlCell getFont (Lcom/runqian/report4/usermodel/INormalCell;)Ljava/awt/Font; _$2
.class com.runqian.report4.view.html.HtmlColor IlIIIIIlllIlIlll
.field com.runqian.report4.view.html.HtmlColor color I _$1
.class com.runqian.report4.view.html.HtmlEncoder HtmlEncoder
.class com.runqian.report4.view.html.HtmlReport HtmlReport
.field com.runqian.report4.view.html.HtmlReport report Lcom/runqian/report4/usermodel/IReport; _$1
.field com.runqian.report4.view.html.HtmlReport name Ljava/lang/String; _$2
.field com.runqian.report4.view.html.HtmlReport appmap Ljava/lang/String; _$3
.field com.runqian.report4.view.html.HtmlReport appRoot Ljava/lang/String; _$4
.field com.runqian.report4.view.html.HtmlReport inNS Z _$5
.field com.runqian.report4.view.html.HtmlReport isNP Z _$6
.field com.runqian.report4.view.html.HtmlReport request Ljavax/servlet/http/HttpServletRequest; _$7
.field com.runqian.report4.view.html.HtmlReport picFileDir Ljava/io/File; _$8
.field com.runqian.report4.view.html.HtmlReport htmlFileName Ljava/lang/String; _$9
.field com.runqian.report4.view.html.HtmlReport isInput Z _$10
.field com.runqian.report4.view.html.HtmlReport isRowInput Z _$11
.field com.runqian.report4.view.html.HtmlReport updatableCells Ljava/util/HashSet; _$12
.field com.runqian.report4.view.html.HtmlReport styles Ljava/util/Hashtable; _$13
.field com.runqian.report4.view.html.HtmlReport scale F _$14
.field com.runqian.report4.view.html.HtmlReport isSub Z _$15
.field com.runqian.report4.view.html.HtmlReport paramsId Ljava/lang/String; _$16
.field com.runqian.report4.view.html.HtmlReport pw Ljava/io/Writer; _$17
.field com.runqian.report4.view.html.HtmlReport selectText Z _$18
.field com.runqian.report4.view.html.HtmlReport parser Lcom/runqian/report4/util/ReportParser; _$19
.field com.runqian.report4.view.html.HtmlReport selectJSImported Z _$20
.field com.runqian.report4.view.html.HtmlReport calendarJSImported Z _$21
.field com.runqian.report4.view.html.HtmlReport treeJSImported Z _$22
.field com.runqian.report4.view.html.HtmlReport needCreateTree Z _$23
.field com.runqian.report4.view.html.HtmlReport filterJSImported Z _$24
.field com.runqian.report4.view.html.HtmlReport needFilter Z _$25
.field com.runqian.report4.view.html.HtmlReport context Lcom/runqian/report4/usermodel/Context; _$26
.field com.runqian.report4.view.html.HtmlReport isScroll Z _$27
.field com.runqian.report4.view.html.HtmlReport W Ljava/lang/String; _$28
.field com.runqian.report4.view.html.HtmlReport H Ljava/lang/String; _$29
.field com.runqian.report4.view.html.HtmlReport border Ljava/lang/String; _$30
.field com.runqian.report4.view.html.HtmlReport globalLongtime J _$31
.field com.runqian.report4.view.html.HtmlReport longtime J _$32
.field com.runqian.report4.view.html.HtmlReport bindCodeCount I _$33
.field com.runqian.report4.view.html.HtmlReport needLinkStyle Z _$34
.field com.runqian.report4.view.html.HtmlReport locale Ljava/util/Locale; _$35
.field com.runqian.report4.view.html.HtmlReport emptyFlows Ljava/util/ArrayList; _$36
.field com.runqian.report4.view.html.HtmlReport generateCellId Z _$37
.field com.runqian.report4.view.html.HtmlReport key Ljava/lang/String; _$38
.field com.runqian.report4.view.html.HtmlReport autoCalcOnDisplay Z _$39
.field com.runqian.report4.view.html.HtmlReport singleClickUpload Z _$40
.method com.runqian.report4.view.html.HtmlReport setIsSub (Z)V _$1
.method com.runqian.report4.view.html.HtmlReport generateHtml (Ljava/lang/String;IISSLjava/lang/StringBuffer;)V _$1
.method com.runqian.report4.view.html.HtmlReport addVar (Ljava/lang/StringBuffer;ISLcom/runqian/report4/util/ReportParser;)V _$1
.method com.runqian.report4.view.html.HtmlReport isUpdatableCell (Lcom/runqian/report4/usermodel/INormalCell;)Z _$1
.method com.runqian.report4.view.html.HtmlReport lookupDisplay (Ljava/lang/String;Ljava/lang/String;Ljava/lang/String;)Ljava/lang/String; _$1
.method com.runqian.report4.view.html.HtmlReport toDddwKey (Lcom/runqian/report4/usermodel/input/DDDataWindow;)Ljava/lang/String; _$1
.method com.runqian.report4.view.html.HtmlReport toDdviewKey (Lcom/runqian/report4/usermodel/input/DDViewDataWindow;)Ljava/lang/String; _$1
.method com.runqian.report4.view.html.HtmlReport clearSpecialChar (Ljava/lang/String;)Ljava/lang/String; _$1
.method com.runqian.report4.view.html.HtmlReport toFilterColType (Ljava/lang/Object;)Ljava/lang/String; _$1
.method com.runqian.report4.view.html.HtmlReport append (Ljava/lang/StringBuffer;Ljava/lang/String;)V _$1
.method com.runqian.report4.view.html.HtmlReport toTreeKey (Lcom/runqian/report4/usermodel/input/DDTree;)Ljava/lang/String; _$1
.method com.runqian.report4.view.html.HtmlReport toViewTreeKey (Lcom/runqian/report4/usermodel/input/DDViewTree;)Ljava/lang/String; _$1
.method com.runqian.report4.view.html.HtmlReport processLeftHeaderCut (Lcom/runqian/report4/usermodel/Area;Lcom/runqian/report4/usermodel/Area;Lcom/runqian/report4/usermodel/Area;Lcom/runqian/report4/usermodel/Area;Lcom/runqian/report4/usermodel/Area;)V _$1
.method com.runqian.report4.view.html.HtmlReport process1 (IISSZ)Z _$1
.method com.runqian.report4.view.html.HtmlReport processLicenseInfo (Ljava/lang/String;)Ljava/lang/String; _$2
.method com.runqian.report4.view.html.HtmlReport getNotDetailRows (Lcom/runqian/report4/model/engine2/ExtPRow;)Ljava/lang/String; _$1
.method com.runqian.report4.view.html.HtmlReport isDetail (Lcom/runqian/report4/model/engine2/ExtRow;)Z _$1
.method com.runqian.report4.view.html.HtmlReport isDetailFirst (Lcom/runqian/report4/model/engine2/ExtRow;)Z _$2
.method com.runqian.report4.view.html.HtmlReport isSingleRowDetail (Lcom/runqian/report4/model/engine2/ExtNCell;)Z _$1
.method com.runqian.report4.view.html.HtmlReport getPRowId (Lcom/runqian/report4/model/engine2/ExtRow;)Ljava/lang/String; _$3
.method com.runqian.report4.view.html.HtmlReport getLeftPixel (SSF)I _$1
.method com.runqian.report4.view.html.HtmlReport getTopPixel (IIF)I _$1
.method com.runqian.report4.view.html.HtmlReport getDateFormt (Ljava/lang/String;Ljava/util/Locale;)Ljava/lang/String; _$1
.method com.runqian.report4.view.html.HtmlReport isDateFormat (Ljava/lang/String;)Z _$3
.method com.runqian.report4.view.html.HtmlReport transCellName (Lcom/runqian/report4/usermodel/INormalCell;Ljava/lang/String;IS)Ljava/lang/String; _$1
.class com.runqian.report4.view.html.HtmlReportPage HtmlReportPage
.field com.runqian.report4.view.html.HtmlReportPage reports [Ljava/lang/Object; _$1
.field com.runqian.report4.view.html.HtmlReportPage pageNo I _$2
.field com.runqian.report4.view.html.HtmlReportPage name Ljava/lang/String; _$3
.field com.runqian.report4.view.html.HtmlReportPage appmap Ljava/lang/String; _$4
.field com.runqian.report4.view.html.HtmlReportPage request Ljavax/servlet/http/HttpServletRequest; _$5
.field com.runqian.report4.view.html.HtmlReportPage scale F _$6
.field com.runqian.report4.view.html.HtmlReportPage pw Ljava/io/Writer; _$7
.field com.runqian.report4.view.html.HtmlReportPage isScroll Z _$8
.field com.runqian.report4.view.html.HtmlReportPage W Ljava/lang/String; _$9
.field com.runqian.report4.view.html.HtmlReportPage H Ljava/lang/String; _$10
.field com.runqian.report4.view.html.HtmlReportPage border Ljava/lang/String; _$11
.field com.runqian.report4.view.html.HtmlReportPage needLinkStyle Z _$12
.method com.runqian.report4.view.html.HtmlReportPage getAReport (I)Lcom/runqian/report4/usermodel/IReport; _$1
.class com.runqian.report4.view.html.ParamForm ParamForm
.field com.runqian.report4.view.html.ParamForm report Lcom/runqian/report4/usermodel/IReport; _$1
.field com.runqian.report4.view.html.ParamForm name Ljava/lang/String; _$2
.field com.runqian.report4.view.html.ParamForm request Ljavax/servlet/http/HttpServletRequest; _$3
.field com.runqian.report4.view.html.ParamForm paramsId Ljava/lang/String; _$4
.field com.runqian.report4.view.html.ParamForm needFilter Z _$5
.field com.runqian.report4.view.html.ParamForm context Lcom/runqian/report4/usermodel/Context; _$6
.field com.runqian.report4.view.html.ParamForm locale Ljava/util/Locale; _$7
.field com.runqian.report4.view.html.ParamForm needInputCssStyle Z _$8
