.class com.runqian.report4.input.AjaxFormat AjaxFormat
.class com.runqian.report4.input.Conn Conn
.class com.runqian.report4.input.DataSaver DataSaver
.field com.runqian.report4.input.DataSaver report Lcom/runqian/report4/model/engine/ExtCellSet; _$1
.field com.runqian.report4.input.DataSaver ctx Lcom/runqian/report4/usermodel/Context; _$2
.field com.runqian.report4.input.DataSaver listener Lcom/runqian/report4/usermodel/input/IInputListener; _$3
.field com.runqian.report4.input.DataSaver saveDataByProcessor Z _$4
.field com.runqian.report4.input.DataSaver keyRepeatError Z _$5
.field com.runqian.report4.input.DataSaver conns Ljava/util/HashMap; _$6
.field com.runqian.report4.input.DataSaver stmts Ljava/util/ArrayList; _$7
.field com.runqian.report4.input.DataSaver autoCommit Z _$8
.field com.runqian.report4.input.DataSaver request Ljavax/servlet/http/HttpServletRequest; _$9
.method com.runqian.report4.input.DataSaver updateTable (Lcom/runqian/report4/model/engine/ExtCell;Lcom/runqian/report4/usermodel/input/UpdateProperty;ILjava/util/HashMap;Ljava/util/ArrayList;Lcom/runqian/report4/usermodel/Context;)V _$1
.method com.runqian.report4.input.DataSaver updateProc (Lcom/runqian/report4/model/engine/ExtCell;Lcom/runqian/report4/usermodel/input/UpdateProperty;ILjava/util/HashMap;Ljava/util/ArrayList;Lcom/runqian/report4/usermodel/Context;)V _$2
.method com.runqian.report4.input.DataSaver updateCustom (Lcom/runqian/report4/model/engine/ExtCell;Lcom/runqian/report4/usermodel/input/UpdateProperty;Lcom/runqian/report4/usermodel/Context;)V _$1
.method com.runqian.report4.input.DataSaver findStatement (Ljava/util/ArrayList;Lcom/runqian/report4/model/engine/ExtCell;I)Lcom/runqian/report4/input/InputStatement; _$1
.method com.runqian.report4.input.DataSaver getConnection (Lcom/runqian/report4/usermodel/Context;Ljava/lang/String;Ljava/util/HashMap;)Ljava/sql/Connection; _$1
.method com.runqian.report4.input.DataSaver getDbType (Lcom/runqian/report4/usermodel/Context;Ljava/lang/String;)I _$1
.method com.runqian.report4.input.DataSaver getDataSourceConfig (Lcom/runqian/report4/usermodel/Context;Ljava/lang/String;)Lcom/runqian/report4/usermodel/DataSourceConfig; _$2
.method com.runqian.report4.input.DataSaver commitCon (Ljava/sql/Connection;)V _$1
.method com.runqian.report4.input.DataSaver rollbackCon (Ljava/sql/Connection;)V _$2
.method com.runqian.report4.input.DataSaver getExpValue (Ljava/lang/String;Lcom/runqian/report4/model/engine/ExtCellSet;Lcom/runqian/report4/usermodel/Context;Z)Ljava/lang/Object; _$1
.method com.runqian.report4.input.DataSaver pstmtInfo (Ljava/lang/String;Ljava/util/ArrayList;Z)V _$1
.class com.runqian.report4.input.DataTypes DataTypes
.class com.runqian.report4.input.ExcelImporter2007 ExcelImporter2007
.field com.runqian.report4.input.ExcelImporter2007 importer Ljava/lang/Object; _$1
.field com.runqian.report4.input.ExcelImporter2007 sheetNames [Ljava/lang/String; _$2
.class com.runqian.report4.input.ExcelNotation ExcelNotation
.class com.runqian.report4.input.ExpTransform ExpTransform
.field com.runqian.report4.input.ExpTransform parts Ljava/util/ArrayList; _$1
.field com.runqian.report4.input.ExpTransform report Lcom/runqian/report4/usermodel/IReport; _$2
.method com.runqian.report4.input.ExpTransform add (Ljava/lang/String;)V _$1
.method com.runqian.report4.input.ExpTransform removeDollar (Ljava/lang/String;)Ljava/lang/String; _$2
.class com.runqian.report4.input.InputStatement InputStatement
.field com.runqian.report4.input.InputStatement srcCell Lcom/runqian/report4/model/engine/ExtCell; _$1
.field com.runqian.report4.input.InputStatement index I _$2
.field com.runqian.report4.input.InputStatement updateStmt Ljava/sql/PreparedStatement; _$3
.field com.runqian.report4.input.InputStatement insertStmt Ljava/sql/PreparedStatement; _$4
.field com.runqian.report4.input.InputStatement queryStmt Ljava/sql/PreparedStatement; _$5
.field com.runqian.report4.input.InputStatement insertSql Ljava/lang/String; _$6
.field com.runqian.report4.input.InputStatement updateSql Ljava/lang/String; _$7
.field com.runqian.report4.input.InputStatement querySql Ljava/lang/String; _$8
.field com.runqian.report4.input.InputStatement dsc Lcom/runqian/report4/usermodel/DataSourceConfig; _$9
.field com.runqian.report4.input.InputStatement clobCols Ljava/util/ArrayList; _$10
.field com.runqian.report4.input.InputStatement clobIndexes Ljava/util/ArrayList; _$11
.field com.runqian.report4.input.InputStatement clobWhere Ljava/lang/String; _$12
.class com.runqian.report4.input.InputUtils InputUtils
.method com.runqian.report4.input.InputUtils getWenHaoCount (Ljava/lang/String;)I _$1
.method com.runqian.report4.input.InputUtils resolveDollarBrace (Ljava/lang/String;II)Ljava/lang/String; _$1
.class com.runqian.report4.input.RowInputStatement RowInputStatement
.field com.runqian.report4.input.RowInputStatement srcCell Lcom/runqian/report4/model/engine2/SrcCell; _$1
.field com.runqian.report4.input.RowInputStatement index I _$2
.field com.runqian.report4.input.RowInputStatement updateStmt Ljava/sql/PreparedStatement; _$3
.field com.runqian.report4.input.RowInputStatement insertStmt Ljava/sql/PreparedStatement; _$4
.field com.runqian.report4.input.RowInputStatement queryStmt Ljava/sql/PreparedStatement; _$5
.field com.runqian.report4.input.RowInputStatement insertSql Ljava/lang/String; _$6
.field com.runqian.report4.input.RowInputStatement updateSql Ljava/lang/String; _$7
.field com.runqian.report4.input.RowInputStatement querySql Ljava/lang/String; _$8
.field com.runqian.report4.input.RowInputStatement dsc Lcom/runqian/report4/usermodel/DataSourceConfig; _$9
.field com.runqian.report4.input.RowInputStatement clobCols Ljava/util/ArrayList; _$10
.field com.runqian.report4.input.RowInputStatement clobIndexes Ljava/util/ArrayList; _$11
.field com.runqian.report4.input.RowInputStatement clobWhere Ljava/lang/String; _$12
.class com.runqian.report4.input.RowReportSaver RowReportSaver
.field com.runqian.report4.input.RowReportSaver report Lcom/runqian/report4/model/engine2/RowReport; _$1
.field com.runqian.report4.input.RowReportSaver ctx Lcom/runqian/report4/usermodel/Context; _$2
.field com.runqian.report4.input.RowReportSaver listener Lcom/runqian/report4/usermodel/input/IInputListener; _$3
.field com.runqian.report4.input.RowReportSaver saveDataByProcessor Z _$4
.field com.runqian.report4.input.RowReportSaver keyRepeatError Z _$5
.field com.runqian.report4.input.RowReportSaver request Ljavax/servlet/http/HttpServletRequest; _$6
.field com.runqian.report4.input.RowReportSaver dataRoot Lorg/w3c/dom/Element; _$7
.field com.runqian.report4.input.RowReportSaver conns Ljava/util/HashMap; _$8
.field com.runqian.report4.input.RowReportSaver stmts Ljava/util/ArrayList; _$9
.field com.runqian.report4.input.RowReportSaver autoCommit Z _$10
.method com.runqian.report4.input.RowReportSaver getNodeAttr (Lorg/w3c/dom/Node;Ljava/lang/String;)Ljava/lang/String; _$1
.method com.runqian.report4.input.RowReportSaver deleteRow (II)V _$1
.method com.runqian.report4.input.RowReportSaver deleteRow (Lcom/runqian/report4/model/engine2/ExtNCell;Lcom/runqian/report4/usermodel/input/UpdateProperty;I)V _$1
.method com.runqian.report4.input.RowReportSaver updateTable (Lcom/runqian/report4/model/engine2/ExtNCell;Lcom/runqian/report4/usermodel/input/UpdateProperty;ILjava/util/HashMap;Ljava/util/ArrayList;Lcom/runqian/report4/usermodel/Context;)V _$1
.method com.runqian.report4.input.RowReportSaver updateCustom (Lcom/runqian/report4/model/engine2/ExtNCell;Lcom/runqian/report4/usermodel/input/UpdateProperty;Lcom/runqian/report4/usermodel/Context;)V _$1
.method com.runqian.report4.input.RowReportSaver deleteRowCustom (Lcom/runqian/report4/model/engine2/ExtNCell;Lcom/runqian/report4/usermodel/input/UpdateProperty;Lcom/runqian/report4/usermodel/Context;)V _$2
.method com.runqian.report4.input.RowReportSaver findStatement (Ljava/util/ArrayList;Lcom/runqian/report4/model/engine2/SrcCell;I)Lcom/runqian/report4/input/RowInputStatement; _$1
.method com.runqian.report4.input.RowReportSaver getConnection (Lcom/runqian/report4/usermodel/Context;Ljava/lang/String;Ljava/util/HashMap;)Ljava/sql/Connection; _$1
.method com.runqian.report4.input.RowReportSaver getDbType (Lcom/runqian/report4/usermodel/Context;Ljava/lang/String;)I _$1
.method com.runqian.report4.input.RowReportSaver getDataSourceConfig (Lcom/runqian/report4/usermodel/Context;Ljava/lang/String;)Lcom/runqian/report4/usermodel/DataSourceConfig; _$2
.method com.runqian.report4.input.RowReportSaver getExpValue (Ljava/lang/String;Lcom/runqian/report4/model/engine2/RowReport;Lcom/runqian/report4/usermodel/Context;Z)Ljava/lang/Object; _$1
.method com.runqian.report4.input.RowReportSaver pstmtInfo (Ljava/lang/String;Ljava/util/ArrayList;Z)V _$1
.class com.runqian.report4.input.SaveDataServlet SaveDataServlet
.class com.runqian.report4.input.SaveGroupServlet SaveGroupServlet
.class com.runqian.report4.input.SaveLineoffInput SaveLineoffInput
.field com.runqian.report4.input.SaveLineoffInput charset Ljava/lang/String; _$1
.class com.runqian.report4.input.SaveSheetsServlet SaveSheetsServlet
.class com.runqian.report4.input.SaveToLocalServlet SaveToLocalServlet
.class com.runqian.report4.input.SelectExcelFileServlet SelectExcelFileServlet
.class com.runqian.report4.input.SelectUploadFile SelectUploadFile
.class com.runqian.report4.input.Tree Tree
.field com.runqian.report4.input.Tree node Ljava/lang/String; _$1
.field com.runqian.report4.input.Tree vertLine Ljava/lang/String; _$2
.field com.runqian.report4.input.Tree lastNode Ljava/lang/String; _$3
.field com.runqian.report4.input.Tree blank Ljava/lang/String; _$4
.field com.runqian.report4.input.Tree plus Ljava/lang/String; _$5
.field com.runqian.report4.input.Tree minus Ljava/lang/String; _$6
.field com.runqian.report4.input.Tree lastPlus Ljava/lang/String; _$7
.field com.runqian.report4.input.Tree lastMinus Ljava/lang/String; _$8
.field com.runqian.report4.input.Tree nodeImage Ljava/lang/String; _$9
.field com.runqian.report4.input.Tree lastNodeImage Ljava/lang/String; _$10
.field com.runqian.report4.input.Tree rootNodeImage Ljava/lang/String; _$11
.field com.runqian.report4.input.Tree currNodeId I _$12
.field com.runqian.report4.input.Tree appRoot Ljava/lang/String; _$13
.field com.runqian.report4.input.Tree config Lcom/runqian/report4/usermodel/input/DDTree; _$14
.field com.runqian.report4.input.Tree leafOnly Z _$15
.field com.runqian.report4.input.Tree request Ljavax/servlet/http/HttpServletRequest; _$16
.field com.runqian.report4.input.Tree ctx Lcom/runqian/report4/usermodel/Context; _$17
.method com.runqian.report4.input.Tree createSubNode (Lcom/runqian/report4/input/TreeNode;I)V _$1
.method com.runqian.report4.input.Tree resolveArgument (Ljava/lang/String;Lcom/runqian/report4/input/TreeNode;I)Ljava/lang/String; _$1
.method com.runqian.report4.input.Tree isValid (Ljava/lang/String;)Z _$1
.class com.runqian.report4.input.TreeNode lIlIllIlIIllIIIl
.field com.runqian.report4.input.TreeNode id Ljava/lang/String; _$1
.field com.runqian.report4.input.TreeNode label Ljava/lang/String; _$2
.field com.runqian.report4.input.TreeNode icon Ljava/lang/String; _$3
.field com.runqian.report4.input.TreeNode children Ljava/util/ArrayList; _$4
.class com.runqian.report4.input.UpdateClob UpdateClob
.class com.runqian.report4.input.UploadExcelServlet UploadExcelServlet
.field com.runqian.report4.input.UploadExcelServlet richText Ljava/lang/String; _$1
.field com.runqian.report4.input.UploadExcelServlet lookupCodeValue Ljava/lang/String; _$2
.method com.runqian.report4.input.UploadExcelServlet importASheet (Lcom/runqian/report4/usermodel/IReport;Ljava/lang/String;Ljava/io/PrintWriter;Ljava/lang/String;Ljava/lang/StringBuffer;IZIIZLjava/lang/String;)V _$1
.method com.runqian.report4.input.UploadExcelServlet writeJSFunction (Ljava/io/PrintWriter;Z)V _$1
.method com.runqian.report4.input.UploadExcelServlet importARowSheet (Lcom/runqian/report4/usermodel/IReport;Ljava/io/PrintWriter;Ljava/lang/String;IIIILjava/lang/String;ILjava/lang/String;Ljava/lang/String;)V _$1
.class com.runqian.report4.input.UploadFile2DBServlet UploadFile2DBServlet
.method com.runqian.report4.input.UploadFile2DBServlet toList (Ljava/lang/String;)Ljava/util/ArrayList; _$1
.method com.runqian.report4.input.UploadFile2DBServlet getCellData (Lcom/runqian/base4/util/SegmentSet;Ljava/lang/String;)Ljava/lang/String; _$1
.method com.runqian.report4.input.UploadFile2DBServlet getColTypes (Ljava/sql/Statement;Ljava/lang/String;Ljava/util/ArrayList;)[I _$1
.method com.runqian.report4.input.UploadFile2DBServlet download (Ljavax/servlet/http/HttpServletResponse;Ljavax/servlet/http/HttpServletRequest;)V _$1
.class com.runqian.report4.input.UploadFile2DBServlet$OracleBlob IlllIlIlIlllIllI
.class com.runqian.report4.input.ViewTree ViewTree
.field com.runqian.report4.input.ViewTree node Ljava/lang/String; _$1
.field com.runqian.report4.input.ViewTree vertLine Ljava/lang/String; _$2
.field com.runqian.report4.input.ViewTree lastNode Ljava/lang/String; _$3
.field com.runqian.report4.input.ViewTree blank Ljava/lang/String; _$4
.field com.runqian.report4.input.ViewTree plus Ljava/lang/String; _$5
.field com.runqian.report4.input.ViewTree minus Ljava/lang/String; _$6
.field com.runqian.report4.input.ViewTree lastPlus Ljava/lang/String; _$7
.field com.runqian.report4.input.ViewTree lastMinus Ljava/lang/String; _$8
.field com.runqian.report4.input.ViewTree nodeImage Ljava/lang/String; _$9
.field com.runqian.report4.input.ViewTree lastNodeImage Ljava/lang/String; _$10
.field com.runqian.report4.input.ViewTree rootNodeImage Ljava/lang/String; _$11
.field com.runqian.report4.input.ViewTree currNodeId I _$12
.field com.runqian.report4.input.ViewTree appRoot Ljava/lang/String; _$13
.field com.runqian.report4.input.ViewTree config Lcom/runqian/report4/usermodel/input/DDViewTree; _$14
.field com.runqian.report4.input.ViewTree leafOnly Z _$15
.field com.runqian.report4.input.ViewTree request Ljavax/servlet/http/HttpServletRequest; _$16
.field com.runqian.report4.input.ViewTree ctx Lcom/runqian/report4/usermodel/Context; _$17
.method com.runqian.report4.input.ViewTree createSubNode (Lcom/runqian/report4/input/ViewTreeNode;I)V _$1
.method com.runqian.report4.input.ViewTree resolveArgument (Ljava/lang/String;Lcom/runqian/report4/input/ViewTreeNode;I)Ljava/lang/String; _$1
.method com.runqian.report4.input.ViewTree isValid (Ljava/lang/String;)Z _$1
.class com.runqian.report4.input.ViewTreeNode ViewTreeNode
.field com.runqian.report4.input.ViewTreeNode id Ljava/lang/String; _$1
.field com.runqian.report4.input.ViewTreeNode icon Ljava/lang/String; _$2
.field com.runqian.report4.input.ViewTreeNode children Ljava/util/ArrayList; _$3
.class com.runqian.report4.input.WebDataSaver WebDataSaver
.field com.runqian.report4.input.WebDataSaver report Lcom/runqian/report4/usermodel/IReport; _$1
.field com.runqian.report4.input.WebDataSaver ctx Lcom/runqian/report4/usermodel/Context; _$2
.field com.runqian.report4.input.WebDataSaver listener Lcom/runqian/report4/usermodel/input/IInputListener; _$3
.field com.runqian.report4.input.WebDataSaver request Ljavax/servlet/http/HttpServletRequest; _$4
.field com.runqian.report4.input.WebDataSaver response Ljavax/servlet/http/HttpServletResponse; _$5
.field com.runqian.report4.input.WebDataSaver saveDataByProcessor Z _$6
.field com.runqian.report4.input.WebDataSaver keyRepeatError Z _$7
.field com.runqian.report4.input.WebDataSaver data Ljava/lang/String; _$8
.field com.runqian.report4.input.WebDataSaver autoCommit Z _$9
.field com.runqian.report4.input.WebDataSaver saveObj Ljava/lang/Object; _$10
.field com.runqian.report4.input.WebDataSaver conns Ljava/util/HashMap; _$11
