.class com.runqian.report4.usermodel.graph.AlarmLine AlarmLine
.field com.runqian.report4.usermodel.graph.AlarmLine version B _$1
.field com.runqian.report4.usermodel.graph.AlarmLine name Ljava/lang/String; _$2
.field com.runqian.report4.usermodel.graph.AlarmLine alarmValue Ljava/lang/String; _$3
.field com.runqian.report4.usermodel.graph.AlarmLine lineType B _$4
.field com.runqian.report4.usermodel.graph.AlarmLine color I _$5
.field com.runqian.report4.usermodel.graph.AlarmLine lineThick B _$6
.class com.runqian.report4.usermodel.graph.GraphCategory GraphCategory
.field com.runqian.report4.usermodel.graph.GraphCategory version B _$1
.field com.runqian.report4.usermodel.graph.GraphCategory category Ljava/lang/String; _$2
.field com.runqian.report4.usermodel.graph.GraphCategory series [Lcom/runqian/report4/usermodel/graph/GraphSery; _$3
.class com.runqian.report4.usermodel.graph.GraphFont GraphFont
.field com.runqian.report4.usermodel.graph.GraphFont version B _$1
.field com.runqian.report4.usermodel.graph.GraphFont family Ljava/lang/String; _$2
.field com.runqian.report4.usermodel.graph.GraphFont size I _$3
.field com.runqian.report4.usermodel.graph.GraphFont autoResize Z _$4
.field com.runqian.report4.usermodel.graph.GraphFont bold Z _$5
.field com.runqian.report4.usermodel.graph.GraphFont color I _$6
.field com.runqian.report4.usermodel.graph.GraphFont verticalText Z _$7
.field com.runqian.report4.usermodel.graph.GraphFont angle I _$8
.class com.runqian.report4.usermodel.graph.GraphFonts GraphFonts
.field com.runqian.report4.usermodel.graph.GraphFonts version B _$1
.field com.runqian.report4.usermodel.graph.GraphFonts titleFont Lcom/runqian/report4/usermodel/graph/GraphFont; _$2
.field com.runqian.report4.usermodel.graph.GraphFonts xTitleFont Lcom/runqian/report4/usermodel/graph/GraphFont; _$3
.field com.runqian.report4.usermodel.graph.GraphFonts yTitleFont Lcom/runqian/report4/usermodel/graph/GraphFont; _$4
.field com.runqian.report4.usermodel.graph.GraphFonts xLabelFont Lcom/runqian/report4/usermodel/graph/GraphFont; _$5
.field com.runqian.report4.usermodel.graph.GraphFonts yLabelFont Lcom/runqian/report4/usermodel/graph/GraphFont; _$6
.field com.runqian.report4.usermodel.graph.GraphFonts legendFont Lcom/runqian/report4/usermodel/graph/GraphFont; _$7
.field com.runqian.report4.usermodel.graph.GraphFonts dataFont Lcom/runqian/report4/usermodel/graph/GraphFont; _$8
.class com.runqian.report4.usermodel.graph.GraphProperty GraphProperty
.field com.runqian.report4.usermodel.graph.GraphProperty type B _$1
.field com.runqian.report4.usermodel.graph.GraphProperty curveType B _$2
.field com.runqian.report4.usermodel.graph.GraphProperty axisColor I _$3
.field com.runqian.report4.usermodel.graph.GraphProperty canvasColor I _$4
.field com.runqian.report4.usermodel.graph.GraphProperty graphBackColor I _$5
.field com.runqian.report4.usermodel.graph.GraphProperty categories [Lcom/runqian/report4/usermodel/graph/GraphCategory; _$6
.field com.runqian.report4.usermodel.graph.GraphProperty xTitle Ljava/lang/String; _$7
.field com.runqian.report4.usermodel.graph.GraphProperty yTitle Ljava/lang/String; _$8
.field com.runqian.report4.usermodel.graph.GraphProperty graphTitle Ljava/lang/String; _$9
.field com.runqian.report4.usermodel.graph.GraphProperty gridLineType B _$10
.field com.runqian.report4.usermodel.graph.GraphProperty gridLineColor I _$11
.field com.runqian.report4.usermodel.graph.GraphProperty barDistance Ljava/lang/String; _$12
.field com.runqian.report4.usermodel.graph.GraphProperty imageFormat B _$13
.field com.runqian.report4.usermodel.graph.GraphProperty graphTransparent Z _$14
.field com.runqian.report4.usermodel.graph.GraphProperty gradientColor Z _$15
.field com.runqian.report4.usermodel.graph.GraphProperty topData Ljava/lang/String; _$16
.field com.runqian.report4.usermodel.graph.GraphProperty statusStartTimeExp Ljava/lang/String; _$17
.field com.runqian.report4.usermodel.graph.GraphProperty statusEndTimeExp Ljava/lang/String; _$18
.field com.runqian.report4.usermodel.graph.GraphProperty statusCategoryExp Ljava/lang/String; _$19
.field com.runqian.report4.usermodel.graph.GraphProperty statusStateExp Ljava/lang/String; _$20
.field com.runqian.report4.usermodel.graph.GraphProperty statusBarWidth Ljava/lang/String; _$21
.field com.runqian.report4.usermodel.graph.GraphProperty statusTimeType B _$22
.field com.runqian.report4.usermodel.graph.GraphProperty fonts Lcom/runqian/report4/usermodel/graph/GraphFonts; _$23
.field com.runqian.report4.usermodel.graph.GraphProperty alarms [Lcom/runqian/report4/usermodel/graph/AlarmLine; _$24
.field com.runqian.report4.usermodel.graph.GraphProperty displayData B _$25
.field com.runqian.report4.usermodel.graph.GraphProperty displayDataFormat Ljava/lang/String; _$26
.field com.runqian.report4.usermodel.graph.GraphProperty link Ljava/lang/String; _$27
.field com.runqian.report4.usermodel.graph.GraphProperty legendLink Ljava/lang/String; _$28
.field com.runqian.report4.usermodel.graph.GraphProperty linkTarget Ljava/lang/String; _$29
.field com.runqian.report4.usermodel.graph.GraphProperty legendLocation B _$30
.field com.runqian.report4.usermodel.graph.GraphProperty drawLegendBySery Z _$31
.field com.runqian.report4.usermodel.graph.GraphProperty colorConfig Ljava/lang/String; _$32
.field com.runqian.report4.usermodel.graph.GraphProperty yStartValue Ljava/lang/String; _$33
.field com.runqian.report4.usermodel.graph.GraphProperty yEndValue Ljava/lang/String; _$34
.field com.runqian.report4.usermodel.graph.GraphProperty yInterval Ljava/lang/String; _$35
.field com.runqian.report4.usermodel.graph.GraphProperty dataUnit D _$36
.field com.runqian.report4.usermodel.graph.GraphProperty yMinMarks Ljava/lang/String; _$37
.field com.runqian.report4.usermodel.graph.GraphProperty titleMargin Ljava/lang/String; _$38
.field com.runqian.report4.usermodel.graph.GraphProperty drawLineDot Z _$39
.field com.runqian.report4.usermodel.graph.GraphProperty drawLineTrend Z _$40
.field com.runqian.report4.usermodel.graph.GraphProperty lineThick B _$41
.field com.runqian.report4.usermodel.graph.GraphProperty lineStyle B _$42
.field com.runqian.report4.usermodel.graph.GraphProperty showOverlapText Z _$43
.field com.runqian.report4.usermodel.graph.GraphProperty pieSpacing Z _$44
.field com.runqian.report4.usermodel.graph.GraphProperty xInterval Ljava/lang/String; _$45
.field com.runqian.report4.usermodel.graph.GraphProperty ttXValues [Lcom/runqian/report4/usermodel/graph/TimeTrendXValue; _$46
.field com.runqian.report4.usermodel.graph.GraphProperty ignoreNull Z _$47
.field com.runqian.report4.usermodel.graph.GraphProperty customClass Ljava/lang/String; _$48
.field com.runqian.report4.usermodel.graph.GraphProperty customParam Ljava/lang/String; _$49
.field com.runqian.report4.usermodel.graph.GraphProperty drawShade Z _$50
.field com.runqian.report4.usermodel.graph.GraphProperty raisedBorder Z _$51
.field com.runqian.report4.usermodel.graph.GraphProperty backGraph Lcom/runqian/report4/usermodel/BackGraphConfig; _$52
.field com.runqian.report4.usermodel.graph.GraphProperty flag J _$53
.field com.runqian.report4.usermodel.graph.GraphProperty axisColors [I _$54
.field com.runqian.report4.usermodel.graph.GraphProperty leftMargin I _$55
.field com.runqian.report4.usermodel.graph.GraphProperty rightMargin I _$56
.field com.runqian.report4.usermodel.graph.GraphProperty topMargin I _$57
.field com.runqian.report4.usermodel.graph.GraphProperty bottomMargin I _$58
.field com.runqian.report4.usermodel.graph.GraphProperty tickLen I _$59
.field com.runqian.report4.usermodel.graph.GraphProperty coorWidth I _$60
.field com.runqian.report4.usermodel.graph.GraphProperty categorySpan D _$61
.field com.runqian.report4.usermodel.graph.GraphProperty seriesSpan I _$62
.field com.runqian.report4.usermodel.graph.GraphProperty pieRotation I _$63
.field com.runqian.report4.usermodel.graph.GraphProperty pieHeight I _$64
.class com.runqian.report4.usermodel.graph.GraphSery GraphSery
.field com.runqian.report4.usermodel.graph.GraphSery version B _$1
.field com.runqian.report4.usermodel.graph.GraphSery name Ljava/lang/String; _$2
.field com.runqian.report4.usermodel.graph.GraphSery exp Ljava/lang/String; _$3
.field com.runqian.report4.usermodel.graph.GraphSery tipsExp Ljava/lang/String; _$4
.class com.runqian.report4.usermodel.graph.GraphTypes GraphTypes
.class com.runqian.report4.usermodel.graph.ImageValue ImageValue
.field com.runqian.report4.usermodel.graph.ImageValue imageType B _$1
.field com.runqian.report4.usermodel.graph.ImageValue html Ljava/lang/String; _$2
.field com.runqian.report4.usermodel.graph.ImageValue value [B _$3
.field com.runqian.report4.usermodel.graph.ImageValue customHtml Ljava/lang/String; _$4
.field com.runqian.report4.usermodel.graph.ImageValue flashXml [B _$5
.class com.runqian.report4.usermodel.graph.TimeTrendXValue TimeTrendXValue
.field com.runqian.report4.usermodel.graph.TimeTrendXValue version B _$1
.field com.runqian.report4.usermodel.graph.TimeTrendXValue startValue Ljava/lang/String; _$2
.field com.runqian.report4.usermodel.graph.TimeTrendXValue endValue Ljava/lang/String; _$3
.field com.runqian.report4.usermodel.graph.TimeTrendXValue sampleValue Ljava/lang/String; _$4
.field com.runqian.report4.usermodel.graph.TimeTrendXValue sampleUnit B _$5
.field com.runqian.report4.usermodel.graph.TimeTrendXValue markValue Ljava/lang/String; _$6
.field com.runqian.report4.usermodel.graph.TimeTrendXValue markUnit B _$7
