.class com.runqian.report4.model.expression.function.datetime.Age Age
.class com.runqian.report4.model.expression.function.datetime.DateTime DateTime
.class com.runqian.report4.model.expression.function.datetime.DateTime2 DateTime2
.class com.runqian.report4.model.expression.function.datetime.Day Day
.class com.runqian.report4.model.expression.function.datetime.DayName DayName
.class com.runqian.report4.model.expression.function.datetime.DayNumber DayNumber
.class com.runqian.report4.model.expression.function.datetime.DaysAfter DaysAfter
.class com.runqian.report4.model.expression.function.datetime.DaysInMonth DaysInMonth
.class com.runqian.report4.model.expression.function.datetime.DaysInYear DaysInYear
.class com.runqian.report4.model.expression.function.datetime.Hour Hour
.class com.runqian.report4.model.expression.function.datetime.LastDay LastDay
.class com.runqian.report4.model.expression.function.datetime.LastMonth LastMonth
.class com.runqian.report4.model.expression.function.datetime.LastYear LastYear
.class com.runqian.report4.model.expression.function.datetime.Minute Minute
.class com.runqian.report4.model.expression.function.datetime.Month Month
.class com.runqian.report4.model.expression.function.datetime.MonthBegin MonthBegin
.class com.runqian.report4.model.expression.function.datetime.MonthEnd MonthEnd
.class com.runqian.report4.model.expression.function.datetime.Now Now
.class com.runqian.report4.model.expression.function.datetime.QuaterBegin QuaterBegin
.class com.runqian.report4.model.expression.function.datetime.QuaterEnd QuaterEnd
.class com.runqian.report4.model.expression.function.datetime.RelativeDate RelativeDate
.class com.runqian.report4.model.expression.function.datetime.RelativeTime RelativeTime
.class com.runqian.report4.model.expression.function.datetime.Second Second
.class com.runqian.report4.model.expression.function.datetime.SecondsAfter SecondsAfter
.class com.runqian.report4.model.expression.function.datetime.ToDate ToDate
.class com.runqian.report4.model.expression.function.datetime.ToTime ToTime
.class com.runqian.report4.model.expression.function.datetime.WeekBegin WeekBegin
.class com.runqian.report4.model.expression.function.datetime.WeekEnd WeekEnd
.class com.runqian.report4.model.expression.function.datetime.Year Year
