.class com.runqian.report4.usermodel.dmgraph.CategoryDefine CategoryDefine
.field com.runqian.report4.usermodel.dmgraph.CategoryDefine version B _$1
.field com.runqian.report4.usermodel.dmgraph.CategoryDefine category Ljava/lang/String; _$2
.field com.runqian.report4.usermodel.dmgraph.CategoryDefine seryDefine Ljava/util/HashMap; _$3
.class com.runqian.report4.usermodel.dmgraph.DMGraphArg DMGraphArg
.field com.runqian.report4.usermodel.dmgraph.DMGraphArg argName Ljava/lang/String; _$1
.field com.runqian.report4.usermodel.dmgraph.DMGraphArg argTitle Ljava/lang/String; _$2
.field com.runqian.report4.usermodel.dmgraph.DMGraphArg argType I _$3
.field com.runqian.report4.usermodel.dmgraph.DMGraphArg exp Ljava/lang/String; _$4
.class com.runqian.report4.usermodel.dmgraph.DMGraphCategory DMGraphCategory
.field com.runqian.report4.usermodel.dmgraph.DMGraphCategory argName Ljava/lang/String; _$1
.field com.runqian.report4.usermodel.dmgraph.DMGraphCategory argTitle Ljava/lang/String; _$2
.field com.runqian.report4.usermodel.dmgraph.DMGraphCategory seryNames [Lcom/runqian/report4/usermodel/dmgraph/DMGraphSery; _$3
.field com.runqian.report4.usermodel.dmgraph.DMGraphCategory categoryDefines [Lcom/runqian/report4/usermodel/dmgraph/CategoryDefine; _$4
.class com.runqian.report4.usermodel.dmgraph.DMGraphProperty DMGraphProperty
.field com.runqian.report4.usermodel.dmgraph.DMGraphProperty chartName Ljava/lang/String; _$1
.field com.runqian.report4.usermodel.dmgraph.DMGraphProperty imageType B _$2
.field com.runqian.report4.usermodel.dmgraph.DMGraphProperty categories [Lcom/runqian/report4/usermodel/dmgraph/DMGraphCategory; _$3
.field com.runqian.report4.usermodel.dmgraph.DMGraphProperty dmArgs [Lcom/runqian/report4/usermodel/dmgraph/DMGraphArg; _$4
.field com.runqian.report4.usermodel.dmgraph.DMGraphProperty paramValues Lcom/runqian/report4/usermodel/dmgraph/DMParamValues; _$5
.method com.runqian.report4.usermodel.dmgraph.DMGraphProperty listSubSeryNames (Lcom/runqian/report4/usermodel/dmgraph/GraphConfig;Ljava/lang/String;)Ljava/util/ArrayList; _$1
.method com.runqian.report4.usermodel.dmgraph.DMGraphProperty extractDMGraphSery (Lcom/runqian/report4/usermodel/dmgraph/GraphConfig;Ljava/lang/String;)Lcom/runqian/report4/usermodel/dmgraph/DMGraphSery; _$2
.class com.runqian.report4.usermodel.dmgraph.DMGraphSery DMGraphSery
.field com.runqian.report4.usermodel.dmgraph.DMGraphSery argName Ljava/lang/String; _$1
.field com.runqian.report4.usermodel.dmgraph.DMGraphSery argTitle Ljava/lang/String; _$2
.field com.runqian.report4.usermodel.dmgraph.DMGraphSery expArg Ljava/lang/String; _$3
.field com.runqian.report4.usermodel.dmgraph.DMGraphSery expTitle Ljava/lang/String; _$4
.field com.runqian.report4.usermodel.dmgraph.DMGraphSery tipsExpArg Ljava/lang/String; _$5
.field com.runqian.report4.usermodel.dmgraph.DMGraphSery tipsExpTitle Ljava/lang/String; _$6
.class com.runqian.report4.usermodel.dmgraph.DMImageValue DMImageValue
.field com.runqian.report4.usermodel.dmgraph.DMImageValue imageType B _$1
.field com.runqian.report4.usermodel.dmgraph.DMImageValue imageAtoms Ljava/util/ArrayList; _$2
.class com.runqian.report4.usermodel.dmgraph.DMParamValues DMParamValues
.class com.runqian.report4.usermodel.dmgraph.GraphConfig GraphConfig
.field com.runqian.report4.usermodel.dmgraph.GraphConfig name Ljava/lang/String; _$1
.field com.runqian.report4.usermodel.dmgraph.GraphConfig imagePath Ljava/lang/String; _$2
.field com.runqian.report4.usermodel.dmgraph.GraphConfig argNames [Ljava/lang/String; _$3
.field com.runqian.report4.usermodel.dmgraph.GraphConfig argTitles [Ljava/lang/String; _$4
.field com.runqian.report4.usermodel.dmgraph.GraphConfig argTypes [B _$5
.field com.runqian.report4.usermodel.dmgraph.GraphConfig defPath Ljava/lang/String; _$6
.field com.runqian.report4.usermodel.dmgraph.GraphConfig dfxPath Ljava/lang/String; _$7
.field com.runqian.report4.usermodel.dmgraph.GraphConfig subDfx [Ljava/lang/String; _$8
.field com.runqian.report4.usermodel.dmgraph.GraphConfig cellSetMap Ljava/util/HashMap; _$9
.method com.runqian.report4.usermodel.dmgraph.GraphConfig loadCellSet (Ljava/lang/String;)Lcom/raq/cellset/datamodel/PgmCellSet; _$1
.class com.runqian.report4.usermodel.dmgraph.GraphConfigs GraphConfigs
.field com.runqian.report4.usermodel.dmgraph.GraphConfigs filePath Ljava/lang/String; _$1
.field com.runqian.report4.usermodel.dmgraph.GraphConfigs bufferConfigs [Lcom/runqian/report4/usermodel/dmgraph/GraphConfig; _$2
.field com.runqian.report4.usermodel.dmgraph.GraphConfigs ROOT Ljava/lang/String; _$3
.field com.runqian.report4.usermodel.dmgraph.GraphConfigs IMAGE_PATH Ljava/lang/String; _$4
.field com.runqian.report4.usermodel.dmgraph.GraphConfigs DEF_PATH Ljava/lang/String; _$5
.field com.runqian.report4.usermodel.dmgraph.GraphConfigs DFX_PATH Ljava/lang/String; _$6
.field com.runqian.report4.usermodel.dmgraph.GraphConfigs SUB_DFX Ljava/lang/String; _$7
.field com.runqian.report4.usermodel.dmgraph.GraphConfigs DEF_ROOT Ljava/lang/String; _$8
.field com.runqian.report4.usermodel.dmgraph.GraphConfigs DEF_DS Ljava/lang/String; _$9
.field com.runqian.report4.usermodel.dmgraph.GraphConfigs DEF_TITLE Ljava/lang/String; _$10
.field com.runqian.report4.usermodel.dmgraph.GraphConfigs DEF_TYPE Ljava/lang/String; _$11
.method com.runqian.report4.usermodel.dmgraph.GraphConfigs loadDfxParams (Lcom/runqian/report4/usermodel/dmgraph/GraphConfig;)V _$1
