.class com.runqian.base4.util.upload.File File
.field com.runqian.base4.util.upload.File m_parent Lcom/runqian/base4/util/upload/SmartUpload; _$1
.field com.runqian.base4.util.upload.File m_startData I _$2
.field com.runqian.base4.util.upload.File m_endData I _$3
.field com.runqian.base4.util.upload.File m_size I _$4
.field com.runqian.base4.util.upload.File m_fieldname Ljava/lang/String; _$5
.field com.runqian.base4.util.upload.File m_filename Ljava/lang/String; _$6
.field com.runqian.base4.util.upload.File m_fileExt Ljava/lang/String; _$7
.field com.runqian.base4.util.upload.File m_filePathName Ljava/lang/String; _$8
.field com.runqian.base4.util.upload.File m_contentType Ljava/lang/String; _$9
.field com.runqian.base4.util.upload.File m_contentDisp Ljava/lang/String; _$10
.field com.runqian.base4.util.upload.File m_typeMime Ljava/lang/String; _$11
.field com.runqian.base4.util.upload.File m_subTypeMime Ljava/lang/String; _$12
.field com.runqian.base4.util.upload.File m_contentString Ljava/lang/String; _$13
.field com.runqian.base4.util.upload.File m_isMissing Z _$14
.class com.runqian.base4.util.upload.Files Files
.field com.runqian.base4.util.upload.Files m_parent Lcom/runqian/base4/util/upload/SmartUpload; _$1
.field com.runqian.base4.util.upload.Files m_files Ljava/util/Hashtable; _$2
.field com.runqian.base4.util.upload.Files m_counter I _$3
.class com.runqian.base4.util.upload.Request Request
.field com.runqian.base4.util.upload.Request m_parameters Ljava/util/Hashtable; _$1
.field com.runqian.base4.util.upload.Request m_counter I _$2
.class com.runqian.base4.util.upload.SmartUpload SmartUpload
.method com.runqian.base4.util.upload.SmartUpload getDataFieldValue (Ljava/lang/String;Ljava/lang/String;)Ljava/lang/String; _$1
.method com.runqian.base4.util.upload.SmartUpload getFileExt (Ljava/lang/String;)Ljava/lang/String; _$1
.method com.runqian.base4.util.upload.SmartUpload getContentType (Ljava/lang/String;)Ljava/lang/String; _$2
.method com.runqian.base4.util.upload.SmartUpload getTypeMIME (Ljava/lang/String;)Ljava/lang/String; _$3
.method com.runqian.base4.util.upload.SmartUpload getSubTypeMIME (Ljava/lang/String;)Ljava/lang/String; _$4
.method com.runqian.base4.util.upload.SmartUpload getContentDisp (Ljava/lang/String;)Ljava/lang/String; _$5
.method com.runqian.base4.util.upload.SmartUpload getDataSection ()V _$1
.method com.runqian.base4.util.upload.SmartUpload getDataHeader ()Ljava/lang/String; _$2
.method com.runqian.base4.util.upload.SmartUpload getFileName (Ljava/lang/String;)Ljava/lang/String; _$6
.method com.runqian.base4.util.upload.SmartUpload isVirtual (Ljava/lang/String;)Z _$7
.field com.runqian.base4.util.upload.SmartUpload m_totalBytes I _$1
.field com.runqian.base4.util.upload.SmartUpload m_currentIndex I _$2
.field com.runqian.base4.util.upload.SmartUpload m_startData I _$3
.field com.runqian.base4.util.upload.SmartUpload m_endData I _$4
.field com.runqian.base4.util.upload.SmartUpload m_boundary Ljava/lang/String; _$5
.field com.runqian.base4.util.upload.SmartUpload m_totalMaxFileSize J _$6
.field com.runqian.base4.util.upload.SmartUpload m_maxFileSize J _$7
.field com.runqian.base4.util.upload.SmartUpload m_deniedFilesList Ljava/util/Vector; _$8
.field com.runqian.base4.util.upload.SmartUpload m_allowedFilesList Ljava/util/Vector; _$9
.field com.runqian.base4.util.upload.SmartUpload m_denyPhysicalPath Z _$10
.field com.runqian.base4.util.upload.SmartUpload m_forcePhysicalPath Z _$11
.field com.runqian.base4.util.upload.SmartUpload m_files Lcom/runqian/base4/util/upload/Files; _$12
.field com.runqian.base4.util.upload.SmartUpload m_formRequest Lcom/runqian/base4/util/upload/Request; _$13
.class com.runqian.base4.util.upload.SmartUploadException SmartUploadException
