.class com.runqian.report4.transfer.BarcodeTransfer IIIlllIlllIlllll
.method com.runqian.report4.transfer.BarcodeTransfer transfer (Ljava/lang/String;Lcom/runqian/report/cellset/CellSet;Lcom/runqian/report4/usermodel/Context;)Lcom/runqian/report4/usermodel/BarcodeProperty; _$1
.method com.runqian.report4.transfer.BarcodeTransfer getBarcodeType (Ljava/lang/String;)B _$1
.method com.runqian.report4.transfer.BarcodeTransfer getTextPosition (Ljava/lang/String;)B _$2
.method com.runqian.report4.transfer.BarcodeTransfer getCheckSumMode (Ljava/lang/String;)B _$3
.method com.runqian.report4.transfer.BarcodeTransfer getBaseLinePosition (Ljava/lang/String;)B _$4
.class com.runqian.report4.transfer.ColCellTransfer llIlIIllIlIlIlIl
.method com.runqian.report4.transfer.ColCellTransfer transfer (Lcom/runqian/report4/usermodel/IColCell;Lcom/runqian/report/cellset/Cell;Lcom/runqian/report/cellset/CellSet;Lcom/runqian/report4/usermodel/Context;B)V _$1
.method com.runqian.report4.transfer.ColCellTransfer getColType (Ljava/lang/Integer;)B _$1
.method com.runqian.report4.transfer.ColCellTransfer setValues (Lcom/runqian/report4/usermodel/IColCell;Lcom/runqian/base/util/ShortMap;B)V _$1
.method com.runqian.report4.transfer.ColCellTransfer setExpressions (Lcom/runqian/report4/usermodel/IColCell;Lcom/runqian/base/util/ShortMap;Lcom/runqian/report/cellset/CellSet;Lcom/runqian/report4/usermodel/Context;)V _$1
.class com.runqian.report4.transfer.ExpressionTransfer llllIIllIlllIIIl
.method com.runqian.report4.transfer.ExpressionTransfer transfer (Ljava/lang/String;Lcom/runqian/report/cellset/CellSet;Lcom/runqian/report4/usermodel/Context;)Ljava/lang/String; _$1
.method com.runqian.report4.transfer.ExpressionTransfer replaceMacros (Ljava/lang/String;Lcom/runqian/report4/usermodel/Context;)Ljava/lang/String; _$1
.class com.runqian.report4.transfer.ExpParse lIIllllllIIlIllI
.field com.runqian.report4.transfer.ExpParse NONE B _$1
.field com.runqian.report4.transfer.ExpParse OPT_NONE B _$2
.field com.runqian.report4.transfer.ExpParse OPT_OPERATOR B _$3
.field com.runqian.report4.transfer.ExpParse OPT_DSMEMBER B _$4
.field com.runqian.report4.transfer.ExpParse OPT_CSVARIABLE B _$5
.field com.runqian.report4.transfer.ExpParse FLAG_NONE B _$6
.field com.runqian.report4.transfer.ExpParse FLAG_TO B _$7
.field com.runqian.report4.transfer.ExpParse FLAG_LIKE B _$8
.field com.runqian.report4.transfer.ExpParse SPLIT_TO C _$9
.field com.runqian.report4.transfer.ExpParse SPLIT_LIKE C _$10
.field com.runqian.report4.transfer.ExpParse newStr Ljava/lang/String; _$11
.field com.runqian.report4.transfer.ExpParse expStr Ljava/lang/String; _$12
.field com.runqian.report4.transfer.ExpParse location I _$13
.field com.runqian.report4.transfer.ExpParse preNode B _$14
.field com.runqian.report4.transfer.ExpParse toLikeFlag B _$15
.field com.runqian.report4.transfer.ExpParse funMap Ljava/util/Map; _$16
.field com.runqian.report4.transfer.ExpParse dsfunMap Ljava/util/Map; _$17
.method com.runqian.report4.transfer.ExpParse scanId ()Ljava/lang/String; _$1
.method com.runqian.report4.transfer.ExpParse createNode (Lcom/runqian/report/cellset/CellSet;Lcom/runqian/report4/usermodel/Context;Lcom/runqian/report4/dataset/DataSet;)B _$1
.method com.runqian.report4.transfer.ExpParse isNextBracket ()Z _$2
.method com.runqian.report4.transfer.ExpParse createDSNode (Lcom/runqian/report/cellset/CellSet;Lcom/runqian/report4/usermodel/Context;Lcom/runqian/report4/dataset/DataSet;Ljava/lang/String;)B _$1
.method com.runqian.report4.transfer.ExpParse isDSColNo (Lcom/runqian/report4/dataset/DataSet;Ljava/lang/String;)Z _$1
.method com.runqian.report4.transfer.ExpParse setParameter (Ljava/lang/String;Lcom/runqian/report/cellset/CellSet;Lcom/runqian/report4/usermodel/Context;Lcom/runqian/report4/dataset/DataSet;)Ljava/lang/String; _$1
.method com.runqian.report4.transfer.ExpParse setMoveParameter (Ljava/lang/String;Lcom/runqian/report/cellset/CellSet;Lcom/runqian/report4/usermodel/Context;Lcom/runqian/report4/dataset/DataSet;)Ljava/lang/String; _$2
.method com.runqian.report4.transfer.ExpParse setScopeMove (Ljava/lang/String;Lcom/runqian/report/cellset/CellSet;Lcom/runqian/report4/usermodel/Context;)Ljava/lang/String; _$1
.method com.runqian.report4.transfer.ExpParse create (Lcom/runqian/report/cellset/CellSet;Lcom/runqian/report4/usermodel/Context;Lcom/runqian/report4/dataset/DataSet;)V _$2
.method com.runqian.report4.transfer.ExpParse tansferToOrLike (ILcom/runqian/report4/usermodel/Context;)V _$1
.method com.runqian.report4.transfer.ExpParse getLikeString (Ljava/lang/String;)Ljava/lang/String; _$1
.method com.runqian.report4.transfer.ExpParse getNewExp ()Ljava/lang/String; _$3
.method com.runqian.report4.transfer.ExpParse isSource (Lcom/runqian/report/cellset/CellSet;Ljava/lang/String;)Z _$1
.method com.runqian.report4.transfer.ExpParse getDataSet (Lcom/runqian/report4/usermodel/Context;Ljava/lang/String;)Lcom/runqian/report4/dataset/DataSet; _$1
.method com.runqian.report4.transfer.ExpParse getFunction (Ljava/lang/String;)Ljava/lang/String; _$2
.method com.runqian.report4.transfer.ExpParse getDSFunction (Ljava/lang/String;)Ljava/lang/String; _$3
.method com.runqian.report4.transfer.ExpParse loadFunction ()V _$4
.method com.runqian.report4.transfer.ExpParse loadDSFunction ()V _$5
.method com.runqian.report4.transfer.ExpParse loadCustomFunctions ()V _$6
.method com.runqian.report4.transfer.ExpParse loadCustomFuctions (Ljava/io/InputStream;)V _$1
.method com.runqian.report4.transfer.ExpParse transferRoot (Lcom/runqian/report/cellset/CellSet;Lcom/runqian/report4/usermodel/Context;Lcom/runqian/report4/dataset/DataSet;Ljava/lang/String;)Ljava/lang/String; _$2
.class com.runqian.report4.transfer.GraphTransfer IIIIlIIIlIllllII
.method com.runqian.report4.transfer.GraphTransfer transfer (Ljava/lang/String;Lcom/runqian/report/cellset/CellSet;Lcom/runqian/report4/usermodel/Context;)Lcom/runqian/report4/usermodel/graph/GraphProperty; _$1
.method com.runqian.report4.transfer.GraphTransfer getGraphType (I)B _$1
.method com.runqian.report4.transfer.GraphTransfer getGraphLineType (I)B _$2
.method com.runqian.report4.transfer.GraphTransfer getDispData (Ljava/lang/String;)B _$1
.method com.runqian.report4.transfer.GraphTransfer getImageFormat (Ljava/lang/String;)B _$2
.method com.runqian.report4.transfer.GraphTransfer getLegendLocation (I)B _$3
.method com.runqian.report4.transfer.GraphTransfer getSemicolonValue (Ljava/lang/String;Lcom/runqian/report/cellset/CellSet;Lcom/runqian/report4/usermodel/Context;)Ljava/lang/String; _$2
.method com.runqian.report4.transfer.GraphTransfer getDataUnit (Ljava/lang/String;)D _$3
.method com.runqian.report4.transfer.GraphTransfer getTimeUnit (I)B _$4
.method com.runqian.report4.transfer.GraphTransfer getFonts (Ljava/lang/String;)Lcom/runqian/report4/usermodel/graph/GraphFonts; _$4
.method com.runqian.report4.transfer.GraphTransfer setFonts (Lcom/runqian/report4/usermodel/graph/GraphFont;Ljava/lang/String;)V _$1
.method com.runqian.report4.transfer.GraphTransfer getCategories (Ljava/lang/String;Ljava/lang/String;Lcom/runqian/report/cellset/CellSet;Lcom/runqian/report4/usermodel/Context;)[Lcom/runqian/report4/usermodel/graph/GraphCategory; _$1
.method com.runqian.report4.transfer.GraphTransfer getAlarmLines (Ljava/lang/String;Lcom/runqian/report/cellset/CellSet;Lcom/runqian/report4/usermodel/Context;)[Lcom/runqian/report4/usermodel/graph/AlarmLine; _$3
.method com.runqian.report4.transfer.GraphTransfer getTimeTrendXValues (Ljava/lang/String;Lcom/runqian/report/cellset/CellSet;Lcom/runqian/report4/usermodel/Context;)[Lcom/runqian/report4/usermodel/graph/TimeTrendXValue; _$4
.class com.runqian.report4.transfer.InputTransfer IllllIlIIllIlIlI
.method com.runqian.report4.transfer.InputTransfer transfer (Lcom/runqian/base/util/ShortMap;Lcom/runqian/report4/usermodel/IReport;Lcom/runqian/report/cellset/CellSet;Lcom/runqian/report4/usermodel/Context;Z)Lcom/runqian/report4/usermodel/input/InputProperty; _$1
.method com.runqian.report4.transfer.InputTransfer getEditStyle (Ljava/lang/Integer;)B _$1
.method com.runqian.report4.transfer.InputTransfer getInputDataType (Ljava/lang/Integer;)B _$2
.method com.runqian.report4.transfer.InputTransfer getUpdateList (Ljava/lang/String;Lcom/runqian/report/cellset/CellSet;Lcom/runqian/report4/usermodel/Context;)Ljava/util/ArrayList; _$1
.method com.runqian.report4.transfer.InputTransfer getValidityList (Ljava/lang/String;Lcom/runqian/report/cellset/CellSet;Lcom/runqian/report4/usermodel/Context;)Ljava/util/ArrayList; _$2
.method com.runqian.report4.transfer.InputTransfer getValidityExpression (Lcom/runqian/report/cellset/CellSet;Lcom/runqian/report4/usermodel/Context;Ljava/lang/String;)Ljava/lang/String; _$1
.method com.runqian.report4.transfer.InputTransfer getEditConfig (Ljava/lang/String;BLcom/runqian/report4/usermodel/IReport;Lcom/runqian/report/cellset/CellSet;Lcom/runqian/report4/usermodel/Context;)Ljava/lang/Object; _$1
.method com.runqian.report4.transfer.InputTransfer toDDCalendar (Ljava/lang/String;)Lcom/runqian/report4/usermodel/input/DDCalendar; _$1
.method com.runqian.report4.transfer.InputTransfer toListBox (Ljava/lang/String;)Lcom/runqian/report4/usermodel/input/DDListBox; _$2
.method com.runqian.report4.transfer.InputTransfer toUploadFile (Ljava/lang/String;)Lcom/runqian/report4/usermodel/input/UploadFile; _$3
.method com.runqian.report4.transfer.InputTransfer toCheckBox (Ljava/lang/String;)Lcom/runqian/report4/usermodel/input/CheckBox; _$4
.method com.runqian.report4.transfer.InputTransfer toDDDW (Ljava/lang/String;Lcom/runqian/report4/usermodel/IReport;Lcom/runqian/report/cellset/CellSet;Lcom/runqian/report4/usermodel/Context;)Lcom/runqian/report4/usermodel/input/DDDataWindow; _$1
.method com.runqian.report4.transfer.InputTransfer getIntArray ([Ljava/lang/String;)[I _$1
.method com.runqian.report4.transfer.InputTransfer findDsName (Lcom/runqian/report4/usermodel/IReport;Ljava/lang/String;)Z _$1
.method com.runqian.report4.transfer.InputTransfer toDDTree (Ljava/lang/String;Lcom/runqian/report4/usermodel/IReport;)Lcom/runqian/report4/usermodel/input/DDTree; _$1
.class com.runqian.report4.transfer.NormalCellTransfer lIllIIlIlIIlIIll
.method com.runqian.report4.transfer.NormalCellTransfer transfer (Lcom/runqian/report4/usermodel/INormalCell;Lcom/runqian/report/cellset/Cell;Lcom/runqian/report4/usermodel/IReport;Lcom/runqian/report/cellset/CellSet;Lcom/runqian/report4/usermodel/Context;BBZ)V _$1
.method com.runqian.report4.transfer.NormalCellTransfer adjustPageFunction (Lcom/runqian/report4/usermodel/INormalCell;)V _$1
.method com.runqian.report4.transfer.NormalCellTransfer hasPageMarker (Ljava/lang/String;)I _$1
.method com.runqian.report4.transfer.NormalCellTransfer getHAlign (Ljava/lang/Integer;)B _$1
.method com.runqian.report4.transfer.NormalCellTransfer getVAlign (Ljava/lang/Integer;)B _$2
.method com.runqian.report4.transfer.NormalCellTransfer getDatatype (Ljava/lang/Integer;)B _$3
.method com.runqian.report4.transfer.NormalCellTransfer getLineStyle (Ljava/lang/Integer;)B _$4
.method com.runqian.report4.transfer.NormalCellTransfer getAdjustMode (Ljava/lang/Integer;)B _$5
.method com.runqian.report4.transfer.NormalCellTransfer getExtendMode (Ljava/lang/Integer;)B _$6
.method com.runqian.report4.transfer.NormalCellTransfer getExtendArea (Ljava/lang/String;)Lcom/runqian/report4/usermodel/Area; _$2
.method com.runqian.report4.transfer.NormalCellTransfer getLineWidth (Ljava/lang/Integer;)F _$7
.method com.runqian.report4.transfer.NormalCellTransfer setValues (Lcom/runqian/report4/usermodel/INormalCell;Lcom/runqian/base/util/ShortMap;BLcom/runqian/report4/usermodel/IReport;Lcom/runqian/report/cellset/CellSet;Lcom/runqian/report4/usermodel/Context;BZ)V _$1
.method com.runqian.report4.transfer.NormalCellTransfer setExpressions (Lcom/runqian/report4/usermodel/INormalCell;Lcom/runqian/base/util/ShortMap;BLcom/runqian/report/cellset/CellSet;Lcom/runqian/report4/usermodel/Context;)V _$1
.method com.runqian.report4.transfer.NormalCellTransfer parserOther (Lcom/runqian/report4/usermodel/INormalCell;BLcom/runqian/report4/usermodel/ByteMap;Ljava/lang/String;Lcom/runqian/report/cellset/CellSet;Lcom/runqian/report4/usermodel/Context;)V _$1
.method com.runqian.report4.transfer.NormalCellTransfer getSubRptProperty (Ljava/lang/String;Lcom/runqian/report/cellset/CellSet;Lcom/runqian/report4/usermodel/Context;)Lcom/runqian/report4/usermodel/SubRptProperty; _$1
.class com.runqian.report4.transfer.ReportInfoTransfer lllIlllIlIIIlllI
.method com.runqian.report4.transfer.ReportInfoTransfer transfer (Lcom/runqian/report/cellset/Cell;Lcom/runqian/report4/usermodel/IReport;Lcom/runqian/report/cellset/CellSet;)V _$1
.method com.runqian.report4.transfer.ReportInfoTransfer getInputType (Ljava/lang/Integer;)B _$1
.method com.runqian.report4.transfer.ReportInfoTransfer getSubReportMetaData (Ljava/lang/String;)Lcom/runqian/report4/usermodel/SubReportMetaData; _$1
.method com.runqian.report4.transfer.ReportInfoTransfer getDataSetMetaData (Ljava/lang/String;Lcom/runqian/report/cellset/CellSet;Lcom/runqian/report4/usermodel/Context;Lcom/runqian/report4/usermodel/IReport;)Lcom/runqian/report4/usermodel/DataSetMetaData; _$1
.method com.runqian.report4.transfer.ReportInfoTransfer getParamMetaData (Ljava/lang/String;Lcom/runqian/report4/usermodel/Context;)Lcom/runqian/report4/usermodel/ParamMetaData; _$1
.method com.runqian.report4.transfer.ReportInfoTransfer getMacroMetaData (Ljava/lang/String;Lcom/runqian/report/cellset/CellSet;Lcom/runqian/report4/usermodel/Context;)Lcom/runqian/report4/usermodel/MacroMetaData; _$1
.method com.runqian.report4.transfer.ReportInfoTransfer getExportConfig (Ljava/lang/String;)Lcom/runqian/report4/usermodel/ExportConfig; _$2
.method com.runqian.report4.transfer.ReportInfoTransfer getUnit (Ljava/lang/Integer;)B _$2
.method com.runqian.report4.transfer.ReportInfoTransfer getSubmitType (Ljava/lang/Integer;)B _$3
.method com.runqian.report4.transfer.ReportInfoTransfer getPaper (Ljava/lang/Integer;)S _$4
.method com.runqian.report4.transfer.ReportInfoTransfer getOrientation (Ljava/lang/Integer;)B _$5
.method com.runqian.report4.transfer.ReportInfoTransfer getPagerStyle (Ljava/lang/Integer;)B _$6
.method com.runqian.report4.transfer.ReportInfoTransfer getLayout (Ljava/lang/Integer;)B _$7
.method com.runqian.report4.transfer.ReportInfoTransfer getPagerHeaderFooder (Ljava/lang/Integer;)B _$8
.method com.runqian.report4.transfer.ReportInfoTransfer getZoomMode (Ljava/lang/Integer;)B _$9
.method com.runqian.report4.transfer.ReportInfoTransfer getHAlign (Ljava/lang/Integer;)B _$10
.method com.runqian.report4.transfer.ReportInfoTransfer getParamType (I)B _$1
.method com.runqian.report4.transfer.ReportInfoTransfer getSubRptUrlType (Ljava/lang/String;)B _$3
.method com.runqian.report4.transfer.ReportInfoTransfer getBuildinDataSetConfig (Lcom/runqian/base/module/DataSetConfig;)Lcom/runqian/report4/usermodel/DataSetConfig; _$1
.method com.runqian.report4.transfer.ReportInfoTransfer getNormalDataSetConfig (Lcom/runqian/base/module/DataSetConfig;Lcom/runqian/report/cellset/CellSet;Lcom/runqian/report4/usermodel/Context;)Lcom/runqian/report4/usermodel/DataSetConfig; _$1
.method com.runqian.report4.transfer.ReportInfoTransfer getOlapDataSetConfig (Lcom/runqian/base/module/DataSetConfig;)Lcom/runqian/report4/usermodel/DataSetConfig; _$2
.method com.runqian.report4.transfer.ReportInfoTransfer getSelfDataSetConfig (Lcom/runqian/base/module/DataSetConfig;)Lcom/runqian/report4/usermodel/DataSetConfig; _$3
.method com.runqian.report4.transfer.ReportInfoTransfer getTextDataSetConfig (Lcom/runqian/base/module/DataSetConfig;)Lcom/runqian/report4/usermodel/DataSetConfig; _$4
.method com.runqian.report4.transfer.ReportInfoTransfer getXmlDataSetConfig (Lcom/runqian/base/module/DataSetConfig;)Lcom/runqian/report4/usermodel/DataSetConfig; _$5
.method com.runqian.report4.transfer.ReportInfoTransfer getProcDataSetConfig (Lcom/runqian/base/module/DataSetConfig;Lcom/runqian/report/cellset/CellSet;Lcom/runqian/report4/usermodel/Context;)Lcom/runqian/report4/usermodel/DataSetConfig; _$2
.class com.runqian.report4.transfer.ReportTransfer ReportTransfer
.method com.runqian.report4.transfer.ReportTransfer setCellInputType (Lcom/runqian/report4/usermodel/IReport;Lcom/runqian/report4/usermodel/Context;)V _$1
.method com.runqian.report4.transfer.ReportTransfer getInputType (B)B _$1
.method com.runqian.report4.transfer.ReportTransfer addMergeCell (Lcom/runqian/report4/usermodel/IReport;II)V _$1
.class com.runqian.report4.transfer.RowCellTransfer IllIlIIlIlllIlIl
.method com.runqian.report4.transfer.RowCellTransfer transfer (Lcom/runqian/report4/usermodel/IRowCell;Lcom/runqian/report/cellset/Cell;Lcom/runqian/report/cellset/CellSet;Lcom/runqian/report4/usermodel/Context;B)V _$1
.method com.runqian.report4.transfer.RowCellTransfer getRowType (Ljava/lang/Integer;)B _$1
.method com.runqian.report4.transfer.RowCellTransfer setValues (Lcom/runqian/report4/usermodel/IRowCell;Lcom/runqian/base/util/ShortMap;B)V _$1
.method com.runqian.report4.transfer.RowCellTransfer setExpressions (Lcom/runqian/report4/usermodel/IRowCell;Lcom/runqian/base/util/ShortMap;Lcom/runqian/report/cellset/CellSet;Lcom/runqian/report4/usermodel/Context;)V _$1
