.class com.runqian.report4.ide.wizard.DialogWizard DialogWizard
.field com.runqian.report4.ide.wizard.DialogWizard m_type B _$1
.field com.runqian.report4.ide.wizard.DialogWizard TAB_DATASET B _$2
.field com.runqian.report4.ide.wizard.DialogWizard TAB_TYPE B _$3
.field com.runqian.report4.ide.wizard.DialogWizard TAB_DEFINE B _$4
.field com.runqian.report4.ide.wizard.DialogWizard m_tab B _$5
.field com.runqian.report4.ide.wizard.DialogWizard SELECT Ljava/lang/String; _$6
.field com.runqian.report4.ide.wizard.DialogWizard pwd Lcom/runqian/report4/ide/wizard/PanelWizardDefine; _$7
.field com.runqian.report4.ide.wizard.DialogWizard wc Lcom/runqian/report4/ide/wizard/WizardConfig; _$8
.field com.runqian.report4.ide.wizard.DialogWizard report Lcom/runqian/report4/usermodel/IReport; _$9
.field com.runqian.report4.ide.wizard.DialogWizard colInfoList Ljava/util/Vector; _$10
.field com.runqian.report4.ide.wizard.DialogWizard colInfoMap Ljava/util/HashMap; _$11
.field com.runqian.report4.ide.wizard.DialogWizard psds Lcom/runqian/report4/ide/wizard/PanelSelectDataSet; _$12
.field com.runqian.report4.ide.wizard.DialogWizard beginRow I _$13
.field com.runqian.report4.ide.wizard.DialogWizard beginCol S _$14
.field com.runqian.report4.ide.wizard.DialogWizard m_option I _$15
.field com.runqian.report4.ide.wizard.DialogWizard panelButton Ljavax/swing/JPanel; _$16
.field com.runqian.report4.ide.wizard.DialogWizard flowLayout1 Ljava/awt/FlowLayout; _$17
.field com.runqian.report4.ide.wizard.DialogWizard jBCancel Ljavax/swing/JButton; _$18
.field com.runqian.report4.ide.wizard.DialogWizard jBOK Ljavax/swing/JButton; _$19
.field com.runqian.report4.ide.wizard.DialogWizard jBNext Ljavax/swing/JButton; _$20
.field com.runqian.report4.ide.wizard.DialogWizard jBBack Ljavax/swing/JButton; _$21
.field com.runqian.report4.ide.wizard.DialogWizard label5 Ljavax/swing/JLabel; _$22
.field com.runqian.report4.ide.wizard.DialogWizard tab Ljavax/swing/JTabbedPane; _$23
.field com.runqian.report4.ide.wizard.DialogWizard panelDS Ljavax/swing/JPanel; _$24
.field com.runqian.report4.ide.wizard.DialogWizard panelType Ljavax/swing/JPanel; _$25
.field com.runqian.report4.ide.wizard.DialogWizard label1 Ljavax/swing/JLabel; _$26
.field com.runqian.report4.ide.wizard.DialogWizard panel4 Ljavax/swing/JPanel; _$27
.field com.runqian.report4.ide.wizard.DialogWizard label2 Ljavax/swing/JLabel; _$28
.field com.runqian.report4.ide.wizard.DialogWizard textDSName Ljavax/swing/JTextField; _$29
.field com.runqian.report4.ide.wizard.DialogWizard textDSrc Ljavax/swing/JTextField; _$30
.field com.runqian.report4.ide.wizard.DialogWizard jSPDSType Ljavax/swing/JScrollPane; _$31
.field com.runqian.report4.ide.wizard.DialogWizard listDataSetType Lcom/runqian/base4/swing/JListEx; _$32
.field com.runqian.report4.ide.wizard.DialogWizard panel1 Ljavax/swing/JPanel; _$33
.field com.runqian.report4.ide.wizard.DialogWizard panel7 Ljavax/swing/JPanel; _$34
.field com.runqian.report4.ide.wizard.DialogWizard borderLayout15 Ljava/awt/BorderLayout; _$35
.field com.runqian.report4.ide.wizard.DialogWizard panel2 Ljavax/swing/JPanel; _$36
.field com.runqian.report4.ide.wizard.DialogWizard jRBInput Ljavax/swing/JRadioButton; _$37
.field com.runqian.report4.ide.wizard.DialogWizard jRBNormal Ljavax/swing/JRadioButton; _$38
.field com.runqian.report4.ide.wizard.DialogWizard label3 Ljavax/swing/JLabel; _$39
.field com.runqian.report4.ide.wizard.DialogWizard panel8 Ljavax/swing/JPanel; _$40
.field com.runqian.report4.ide.wizard.DialogWizard panel5 Ljavax/swing/JPanel; _$41
.field com.runqian.report4.ide.wizard.DialogWizard gridLayout2 Ljava/awt/GridLayout; _$42
.field com.runqian.report4.ide.wizard.DialogWizard jBEdit Ljavax/swing/JButton; _$43
.field com.runqian.report4.ide.wizard.DialogWizard gridBagLayout9 Ljava/awt/GridBagLayout; _$44
.field com.runqian.report4.ide.wizard.DialogWizard panel6 Ljavax/swing/JPanel; _$45
.field com.runqian.report4.ide.wizard.DialogWizard titledBorder1 Ljavax/swing/border/TitledBorder; _$46
.field com.runqian.report4.ide.wizard.DialogWizard titledBorder2 Ljavax/swing/border/TitledBorder; _$47
.field com.runqian.report4.ide.wizard.DialogWizard gridLayout8 Ljava/awt/GridLayout; _$48
.field com.runqian.report4.ide.wizard.DialogWizard gridBagLayout4 Ljava/awt/GridBagLayout; _$49
.field com.runqian.report4.ide.wizard.DialogWizard gridBagLayout5 Ljava/awt/GridBagLayout; _$50
.field com.runqian.report4.ide.wizard.DialogWizard gridBagLayout3 Ljava/awt/GridBagLayout; _$51
.field com.runqian.report4.ide.wizard.DialogWizard jRBGrid Ljavax/swing/JRadioButton; _$52
.field com.runqian.report4.ide.wizard.DialogWizard jRBGroup Ljavax/swing/JRadioButton; _$53
.field com.runqian.report4.ide.wizard.DialogWizard jRBCross Ljavax/swing/JRadioButton; _$54
.field com.runqian.report4.ide.wizard.DialogWizard buttonGroup1 Ljavax/swing/ButtonGroup; _$55
.field com.runqian.report4.ide.wizard.DialogWizard buttonGroup2 Ljavax/swing/ButtonGroup; _$56
.field com.runqian.report4.ide.wizard.DialogWizard buttonGroup3 Ljavax/swing/ButtonGroup; _$57
.field com.runqian.report4.ide.wizard.DialogWizard gridLayout1 Ljava/awt/GridLayout; _$58
.field com.runqian.report4.ide.wizard.DialogWizard panelSelectType Ljavax/swing/JPanel; _$59
.field com.runqian.report4.ide.wizard.DialogWizard gridLayout3 Ljava/awt/GridLayout; _$60
.field com.runqian.report4.ide.wizard.DialogWizard panelSortButton Ljavax/swing/JPanel; _$61
.field com.runqian.report4.ide.wizard.DialogWizard jBDown Ljavax/swing/JButton; _$62
.field com.runqian.report4.ide.wizard.DialogWizard jBUp Ljavax/swing/JButton; _$63
.field com.runqian.report4.ide.wizard.DialogWizard jSPSort Ljavax/swing/JScrollPane; _$64
.field com.runqian.report4.ide.wizard.DialogWizard border1 Ljavax/swing/border/Border; _$65
.field com.runqian.report4.ide.wizard.DialogWizard titledBorder3 Ljavax/swing/border/TitledBorder; _$66
.field com.runqian.report4.ide.wizard.DialogWizard gridBagLayout1 Ljava/awt/GridBagLayout; _$67
.field com.runqian.report4.ide.wizard.DialogWizard listSort Lcom/runqian/base4/swing/JListEx; _$68
.field com.runqian.report4.ide.wizard.DialogWizard labelSort Ljavax/swing/JLabel; _$69
.field com.runqian.report4.ide.wizard.DialogWizard gridBagLayout2 Ljava/awt/GridBagLayout; _$70
.field com.runqian.report4.ide.wizard.DialogWizard jCBSemantics Ljavax/swing/JCheckBox; _$71
.method com.runqian.report4.ide.wizard.DialogWizard resetLangText ()V _$1
.method com.runqian.report4.ide.wizard.DialogWizard jbInit ()V _$2
.method com.runqian.report4.ide.wizard.DialogWizard init ()V _$3
.method com.runqian.report4.ide.wizard.DialogWizard setWizardType (BLjava/lang/String;)V _$1
.method com.runqian.report4.ide.wizard.DialogWizard initInsertReport (Ljava/lang/String;)V _$1
.method com.runqian.report4.ide.wizard.DialogWizard setPosition ()V _$4
.method com.runqian.report4.ide.wizard.DialogWizard dataSetInit ()V _$5
.method com.runqian.report4.ide.wizard.DialogWizard typeInit ()V _$6
.method com.runqian.report4.ide.wizard.DialogWizard defineInit ()V _$7
.method com.runqian.report4.ide.wizard.DialogWizard listSortInit ()V _$8
.method com.runqian.report4.ide.wizard.DialogWizard setDscForEdit ()Lcom/runqian/report4/usermodel/DataSetConfig; _$9
.method com.runqian.report4.ide.wizard.DialogWizard setWizardReport ()V _$10
.method com.runqian.report4.ide.wizard.DialogWizard setWizardConfig ()V _$11
.method com.runqian.report4.ide.wizard.DialogWizard dataSetEdit ()Z _$12
.method com.runqian.report4.ide.wizard.DialogWizard getColInfoList ()V _$13
.method com.runqian.report4.ide.wizard.DialogWizard getCellMergedRows (Lcom/runqian/report4/usermodel/INormalCell;)S _$1
.method com.runqian.report4.ide.wizard.DialogWizard getCellMergedCols (Lcom/runqian/report4/usermodel/INormalCell;)S _$2
.method com.runqian.report4.ide.wizard.DialogWizard getNeedAppendRows (I)I _$1
.method com.runqian.report4.ide.wizard.DialogWizard getNeedAppendCols (S)S _$1
.method com.runqian.report4.ide.wizard.DialogWizard isRegularGridArea (IS)Z _$1
.method com.runqian.report4.ide.wizard.DialogWizard setGridReport ()V _$14
.method com.runqian.report4.ide.wizard.DialogWizard transfer2RealArea (Lcom/runqian/report4/usermodel/Area;)Lcom/runqian/report4/usermodel/Area; _$1
.method com.runqian.report4.ide.wizard.DialogWizard transfer2RealLocation (Lcom/runqian/report4/model/CellLocation;)Lcom/runqian/report4/model/CellLocation; _$1
.method com.runqian.report4.ide.wizard.DialogWizard setGroupReport ()V _$15
.method com.runqian.report4.ide.wizard.DialogWizard setCrossReport ()V _$16
.method com.runqian.report4.ide.wizard.DialogWizard getInputProperty (Lcom/runqian/report4/usermodel/DataSetConfig;Lcom/runqian/report4/semantics/View;Ljava/util/Map;)Lcom/runqian/report4/usermodel/input/InputProperty; _$1
.method com.runqian.report4.ide.wizard.DialogWizard executeCmd (Ljava/util/Vector;Z)V _$1
.method com.runqian.report4.ide.wizard.DialogWizard setReportBStyle ()V _$17
.method com.runqian.report4.ide.wizard.DialogWizard getValueFuncList (Ljava/util/Vector;)Ljava/util/Vector; _$1
.method com.runqian.report4.ide.wizard.DialogWizard getFuncExp (Ljava/lang/String;)Ljava/lang/String; _$2
.method com.runqian.report4.ide.wizard.DialogWizard getFuncName (Ljava/lang/String;)Ljava/lang/String; _$3
.method com.runqian.report4.ide.wizard.DialogWizard getSameExp (Ljava/lang/String;Ljava/util/Vector;Ljava/util/Vector;)Ljava/util/Vector; _$1
.method com.runqian.report4.ide.wizard.DialogWizard getFormatValue (Ljava/lang/String;Ljava/lang/String;)Ljava/lang/String; _$1
.method com.runqian.report4.ide.wizard.DialogWizard getFormatViewValue (Ljava/lang/String;Ljava/lang/String;)Ljava/lang/String; _$2
.method com.runqian.report4.ide.wizard.DialogWizard setReportConfig (Lcom/runqian/report4/usermodel/IReport;Lcom/runqian/report4/ide/wizard/WizardConfig;)V _$1
.method com.runqian.report4.ide.wizard.DialogWizard isPrimaryKey (Ljava/lang/String;Lcom/runqian/report4/semantics/View;)Z _$1
.method com.runqian.report4.ide.wizard.DialogWizard close ()V _$18
.method com.runqian.report4.ide.wizard.DialogWizard jBBack_actionPerformed (Ljava/awt/event/ActionEvent;)V _$1
.method com.runqian.report4.ide.wizard.DialogWizard jBOK_actionPerformed (Ljava/awt/event/ActionEvent;)V _$2
.method com.runqian.report4.ide.wizard.DialogWizard jBCancel_actionPerformed (Ljava/awt/event/ActionEvent;)V _$3
.method com.runqian.report4.ide.wizard.DialogWizard jBEdit_actionPerformed (Ljava/awt/event/ActionEvent;)V _$4
.method com.runqian.report4.ide.wizard.DialogWizard this_windowClosing (Ljava/awt/event/WindowEvent;)V _$1
.method com.runqian.report4.ide.wizard.DialogWizard tab_stateChanged (Ljavax/swing/event/ChangeEvent;)V _$1
.method com.runqian.report4.ide.wizard.DialogWizard setJCBSemantics ()V _$19
.method com.runqian.report4.ide.wizard.DialogWizard listDataSetType_mouseClicked (Ljava/awt/event/MouseEvent;)V _$1
.method com.runqian.report4.ide.wizard.DialogWizard textDSName_keyReleased (Ljava/awt/event/KeyEvent;)V _$1
.method com.runqian.report4.ide.wizard.DialogWizard jBUp_actionPerformed (Ljava/awt/event/ActionEvent;)V _$5
.method com.runqian.report4.ide.wizard.DialogWizard jBDown_actionPerformed (Ljava/awt/event/ActionEvent;)V _$6
.class com.runqian.report4.ide.wizard.DialogWizard_jBBack_actionAdapter IIIllIIlIIlllIIl
.field com.runqian.report4.ide.wizard.DialogWizard_jBBack_actionAdapter adaptee Lcom/runqian/report4/ide/wizard/DialogWizard; _$1
.class com.runqian.report4.ide.wizard.DialogWizard_jBNext_actionAdapter IIIIllIIllIlllIl
.field com.runqian.report4.ide.wizard.DialogWizard_jBNext_actionAdapter adaptee Lcom/runqian/report4/ide/wizard/DialogWizard; _$1
.class com.runqian.report4.ide.wizard.DialogWizard_jBOK_actionAdapter lllIllllIIllllll
.field com.runqian.report4.ide.wizard.DialogWizard_jBOK_actionAdapter adaptee Lcom/runqian/report4/ide/wizard/DialogWizard; _$1
.class com.runqian.report4.ide.wizard.DialogWizard_jBCancel_actionAdapter lIllIIIIlIlIlIII
.field com.runqian.report4.ide.wizard.DialogWizard_jBCancel_actionAdapter adaptee Lcom/runqian/report4/ide/wizard/DialogWizard; _$1
.class com.runqian.report4.ide.wizard.DialogWizard_this_windowAdapter lIIIlIIlIIIllIll
.field com.runqian.report4.ide.wizard.DialogWizard_this_windowAdapter adaptee Lcom/runqian/report4/ide/wizard/DialogWizard; _$1
.class com.runqian.report4.ide.wizard.DialogWizard_tab_changeAdapter llllIIIIlIllIlll
.field com.runqian.report4.ide.wizard.DialogWizard_tab_changeAdapter adaptee Lcom/runqian/report4/ide/wizard/DialogWizard; _$1
.class com.runqian.report4.ide.wizard.DialogWizard_jBEdit_actionAdapter IIIIllllIlIllIIl
.field com.runqian.report4.ide.wizard.DialogWizard_jBEdit_actionAdapter adaptee Lcom/runqian/report4/ide/wizard/DialogWizard; _$1
.class com.runqian.report4.ide.wizard.DialogWizard_listDataSetType_mouseAdapter lIlllIlIIllIIlII
.field com.runqian.report4.ide.wizard.DialogWizard_listDataSetType_mouseAdapter adaptee Lcom/runqian/report4/ide/wizard/DialogWizard; _$1
.class com.runqian.report4.ide.wizard.DialogWizard_textDSName_keyAdapter IIIlIIlIlIlIllll
.field com.runqian.report4.ide.wizard.DialogWizard_textDSName_keyAdapter adaptee Lcom/runqian/report4/ide/wizard/DialogWizard; _$1
.class com.runqian.report4.ide.wizard.DialogWizard_jBUp_actionAdapter lIIIlllIIIIlllIl
.field com.runqian.report4.ide.wizard.DialogWizard_jBUp_actionAdapter adaptee Lcom/runqian/report4/ide/wizard/DialogWizard; _$1
.class com.runqian.report4.ide.wizard.DialogWizard_jBDown_actionAdapter llIlllllllIIIlIl
.field com.runqian.report4.ide.wizard.DialogWizard_jBDown_actionAdapter adaptee Lcom/runqian/report4/ide/wizard/DialogWizard; _$1
.class com.runqian.report4.ide.wizard.DialogWizardType DialogWizardType
.field com.runqian.report4.ide.wizard.DialogWizardType jPanel1 Ljavax/swing/JPanel; _$1
.field com.runqian.report4.ide.wizard.DialogWizardType jPanel2 Ljavax/swing/JPanel; _$2
.field com.runqian.report4.ide.wizard.DialogWizardType verticalFlowLayout1 Lcom/borland/jbcl/layout/VerticalFlowLayout; _$3
.field com.runqian.report4.ide.wizard.DialogWizardType jBCancel Ljavax/swing/JButton; _$4
.field com.runqian.report4.ide.wizard.DialogWizardType jBOK Ljavax/swing/JButton; _$5
.field com.runqian.report4.ide.wizard.DialogWizardType jRBReport Ljavax/swing/JRadioButton; _$6
.field com.runqian.report4.ide.wizard.DialogWizardType jRBReportGroup Ljavax/swing/JRadioButton; _$7
.field com.runqian.report4.ide.wizard.DialogWizardType buttonGroup1 Ljavax/swing/ButtonGroup; _$8
.field com.runqian.report4.ide.wizard.DialogWizardType verticalFlowLayout3 Lcom/borland/jbcl/layout/VerticalFlowLayout; _$9
.field com.runqian.report4.ide.wizard.DialogWizardType titledBorder1 Ljavax/swing/border/TitledBorder; _$10
.method com.runqian.report4.ide.wizard.DialogWizardType resetLangText ()V _$1
.method com.runqian.report4.ide.wizard.DialogWizardType jbInit ()V _$2
.method com.runqian.report4.ide.wizard.DialogWizardType init ()V _$3
.method com.runqian.report4.ide.wizard.DialogWizardType close ()V _$4
.method com.runqian.report4.ide.wizard.DialogWizardType jBOK_actionPerformed (Ljava/awt/event/ActionEvent;)V _$1
.method com.runqian.report4.ide.wizard.DialogWizardType this_windowClosing (Ljava/awt/event/WindowEvent;)V _$1
.method com.runqian.report4.ide.wizard.DialogWizardType jBCancel_actionPerformed (Ljava/awt/event/ActionEvent;)V _$2
.class com.runqian.report4.ide.wizard.DialogWizardType_jBOK_actionAdapter lIIllllIIlllllII
.field com.runqian.report4.ide.wizard.DialogWizardType_jBOK_actionAdapter adaptee Lcom/runqian/report4/ide/wizard/DialogWizardType; _$1
.class com.runqian.report4.ide.wizard.DialogWizardType_this_windowAdapter lllllIllllIllIll
.field com.runqian.report4.ide.wizard.DialogWizardType_this_windowAdapter adaptee Lcom/runqian/report4/ide/wizard/DialogWizardType; _$1
.class com.runqian.report4.ide.wizard.DialogWizardType_jBCancel_actionAdapter lIllIIllIIlIlllI
.field com.runqian.report4.ide.wizard.DialogWizardType_jBCancel_actionAdapter adaptee Lcom/runqian/report4/ide/wizard/DialogWizardType; _$1
.class com.runqian.report4.ide.wizard.PanelSelectDataSet PanelSelectDataSet
.field com.runqian.report4.ide.wizard.PanelSelectDataSet borderLayout1 Ljava/awt/BorderLayout; _$1
.field com.runqian.report4.ide.wizard.PanelSelectDataSet listDataSet Lcom/runqian/base4/swing/JListEx; _$2
.field com.runqian.report4.ide.wizard.PanelSelectDataSet jScrollPane1 Ljavax/swing/JScrollPane; _$3
.field com.runqian.report4.ide.wizard.PanelSelectDataSet jPanel3 Ljavax/swing/JPanel; _$4
.field com.runqian.report4.ide.wizard.PanelSelectDataSet borderLayout2 Ljava/awt/BorderLayout; _$5
.field com.runqian.report4.ide.wizard.PanelSelectDataSet jLabel1 Ljavax/swing/JLabel; _$6
.field com.runqian.report4.ide.wizard.PanelSelectDataSet wc Lcom/runqian/report4/ide/wizard/WizardConfig; _$7
.field com.runqian.report4.ide.wizard.PanelSelectDataSet report Lcom/runqian/report4/usermodel/IReport; _$8
.method com.runqian.report4.ide.wizard.PanelSelectDataSet jbInit ()V _$1
.method com.runqian.report4.ide.wizard.PanelSelectDataSet init ()V _$2
.method com.runqian.report4.ide.wizard.PanelSelectDataSet getDataSetNames ()Ljava/lang/String; _$3
.class com.runqian.report4.ide.wizard.PanelWizardDefine PanelWizardDefine
.field com.runqian.report4.ide.wizard.PanelWizardDefine STR_GRID Ljava/lang/String; _$1
.field com.runqian.report4.ide.wizard.PanelWizardDefine STR_GROUP Ljava/lang/String; _$2
.field com.runqian.report4.ide.wizard.PanelWizardDefine STR_CROSS Ljava/lang/String; _$3
.field com.runqian.report4.ide.wizard.PanelWizardDefine SORT_NO B _$4
.field com.runqian.report4.ide.wizard.PanelWizardDefine SORT_ASC B _$5
.field com.runqian.report4.ide.wizard.PanelWizardDefine SORT_DESC B _$6
.field com.runqian.report4.ide.wizard.PanelWizardDefine CUR_DRAGOUT B _$7
.field com.runqian.report4.ide.wizard.PanelWizardDefine CUR_DRAGIN B _$8
.field com.runqian.report4.ide.wizard.PanelWizardDefine CUR_OTHER B _$9
.field com.runqian.report4.ide.wizard.PanelWizardDefine curType B _$10
.field com.runqian.report4.ide.wizard.PanelWizardDefine SPLIT_WIDTH I _$11
.field com.runqian.report4.ide.wizard.PanelWizardDefine wc Lcom/runqian/report4/ide/wizard/WizardConfig; _$12
.field com.runqian.report4.ide.wizard.PanelWizardDefine m_selected Lcom/runqian/base4/swing/JListEx; _$13
.field com.runqian.report4.ide.wizard.PanelWizardDefine treeSelected Z _$14
.field com.runqian.report4.ide.wizard.PanelWizardDefine jBOK Ljavax/swing/JButton; _$15
.field com.runqian.report4.ide.wizard.PanelWizardDefine verticalFlowLayout2 Lcom/borland/jbcl/layout/VerticalFlowLayout; _$16
.field com.runqian.report4.ide.wizard.PanelWizardDefine panelGroupRight Ljavax/swing/JPanel; _$17
.field com.runqian.report4.ide.wizard.PanelWizardDefine panelCrossRight Ljavax/swing/JPanel; _$18
.field com.runqian.report4.ide.wizard.PanelWizardDefine jPanelCrossFunc Ljavax/swing/JPanel; _$19
.field com.runqian.report4.ide.wizard.PanelWizardDefine listGroupGroup Lcom/runqian/base4/swing/JListEx; _$20
.field com.runqian.report4.ide.wizard.PanelWizardDefine listGroupValue Lcom/runqian/base4/swing/JListEx; _$21
.field com.runqian.report4.ide.wizard.PanelWizardDefine jSPGroupValue Ljavax/swing/JScrollPane; _$22
.field com.runqian.report4.ide.wizard.PanelWizardDefine gridBagLayout2 Ljava/awt/GridBagLayout; _$23
.field com.runqian.report4.ide.wizard.PanelWizardDefine borderLayout21 Ljava/awt/BorderLayout; _$24
.field com.runqian.report4.ide.wizard.PanelWizardDefine borderLayout1 Ljava/awt/BorderLayout; _$25
.field com.runqian.report4.ide.wizard.PanelWizardDefine panelGroupLeft Ljavax/swing/JPanel; _$26
.field com.runqian.report4.ide.wizard.PanelWizardDefine jRBCrossAscending Ljavax/swing/JRadioButton; _$27
.field com.runqian.report4.ide.wizard.PanelWizardDefine groupTree Ljavax/swing/JTree; _$28
.field com.runqian.report4.ide.wizard.PanelWizardDefine jLabelGroupSort Ljavax/swing/JLabel; _$29
.field com.runqian.report4.ide.wizard.PanelWizardDefine jLabelCrossSort Ljavax/swing/JLabel; _$30
.field com.runqian.report4.ide.wizard.PanelWizardDefine jLabel9 Ljavax/swing/JLabel; _$31
.field com.runqian.report4.ide.wizard.PanelWizardDefine borderLayout3 Ljava/awt/BorderLayout; _$32
.field com.runqian.report4.ide.wizard.PanelWizardDefine jRBGroupDescend Ljavax/swing/JRadioButton; _$33
.field com.runqian.report4.ide.wizard.PanelWizardDefine jBCrossUp Ljavax/swing/JButton; _$34
.field com.runqian.report4.ide.wizard.PanelWizardDefine gridTree Ljavax/swing/JTree; _$35
.field com.runqian.report4.ide.wizard.PanelWizardDefine jCBGroupFunc Lcom/runqian/base4/swing/JComboBoxEx; _$36
.field com.runqian.report4.ide.wizard.PanelWizardDefine borderLayout22 Ljava/awt/BorderLayout; _$37
.field com.runqian.report4.ide.wizard.PanelWizardDefine jPanelValue Ljavax/swing/JPanel; _$38
.field com.runqian.report4.ide.wizard.PanelWizardDefine jBGroupDown Ljavax/swing/JButton; _$39
.field com.runqian.report4.ide.wizard.PanelWizardDefine panelGrid Ljavax/swing/JPanel; _$40
.field com.runqian.report4.ide.wizard.PanelWizardDefine jSPCrossRow Ljavax/swing/JScrollPane; _$41
.field com.runqian.report4.ide.wizard.PanelWizardDefine jLabelGroupMove Ljavax/swing/JLabel; _$42
.field com.runqian.report4.ide.wizard.PanelWizardDefine borderLayout19 Ljava/awt/BorderLayout; _$43
.field com.runqian.report4.ide.wizard.PanelWizardDefine listCrossColumn Lcom/runqian/base4/swing/JListEx; _$44
.field com.runqian.report4.ide.wizard.PanelWizardDefine panelCross2 Ljavax/swing/JPanel; _$45
.field com.runqian.report4.ide.wizard.PanelWizardDefine jRBCrossDescend Ljavax/swing/JRadioButton; _$46
.field com.runqian.report4.ide.wizard.PanelWizardDefine jLabel4 Ljavax/swing/JLabel; _$47
.field com.runqian.report4.ide.wizard.PanelWizardDefine jLabel8 Ljavax/swing/JLabel; _$48
.field com.runqian.report4.ide.wizard.PanelWizardDefine jSPCrossColumn Ljavax/swing/JScrollPane; _$49
.field com.runqian.report4.ide.wizard.PanelWizardDefine gridBagLayout8 Ljava/awt/GridBagLayout; _$50
.field com.runqian.report4.ide.wizard.PanelWizardDefine jScrollPane1 Ljavax/swing/JScrollPane; _$51
.field com.runqian.report4.ide.wizard.PanelWizardDefine jSPCrossValue Ljavax/swing/JScrollPane; _$52
.field com.runqian.report4.ide.wizard.PanelWizardDefine jLabel3 Ljavax/swing/JLabel; _$53
.field com.runqian.report4.ide.wizard.PanelWizardDefine borderLayout17 Ljava/awt/BorderLayout; _$54
.field com.runqian.report4.ide.wizard.PanelWizardDefine listCrossRow Lcom/runqian/base4/swing/JListEx; _$55
.field com.runqian.report4.ide.wizard.PanelWizardDefine borderLayout20 Ljava/awt/BorderLayout; _$56
.field com.runqian.report4.ide.wizard.PanelWizardDefine gridLayout1 Ljava/awt/GridLayout; _$57
.field com.runqian.report4.ide.wizard.PanelWizardDefine jLabel2 Ljavax/swing/JLabel; _$58
.field com.runqian.report4.ide.wizard.PanelWizardDefine panelCrossLeft Ljavax/swing/JPanel; _$59
.field com.runqian.report4.ide.wizard.PanelWizardDefine jSPCrossLeft Ljavax/swing/JScrollPane; _$60
.field com.runqian.report4.ide.wizard.PanelWizardDefine jCBCrossFunc Lcom/runqian/base4/swing/JComboBoxEx; _$61
.field com.runqian.report4.ide.wizard.PanelWizardDefine jRBGroupAscending Ljavax/swing/JRadioButton; _$62
.field com.runqian.report4.ide.wizard.PanelWizardDefine panelGroup2 Ljavax/swing/JPanel; _$63
.field com.runqian.report4.ide.wizard.PanelWizardDefine jRBCrossNotSort Ljavax/swing/JRadioButton; _$64
.field com.runqian.report4.ide.wizard.PanelWizardDefine jRBGroupNotSort Ljavax/swing/JRadioButton; _$65
.field com.runqian.report4.ide.wizard.PanelWizardDefine jSPGroupTree Ljavax/swing/JScrollPane; _$66
.field com.runqian.report4.ide.wizard.PanelWizardDefine borderLayout13 Ljava/awt/BorderLayout; _$67
.field com.runqian.report4.ide.wizard.PanelWizardDefine panelGroup4 Ljavax/swing/JPanel; _$68
.field com.runqian.report4.ide.wizard.PanelWizardDefine panelGroup3 Ljavax/swing/JPanel; _$69
.field com.runqian.report4.ide.wizard.PanelWizardDefine listCrossValue Lcom/runqian/base4/swing/JListEx; _$70
.field com.runqian.report4.ide.wizard.PanelWizardDefine panelCross3 Ljavax/swing/JPanel; _$71
.field com.runqian.report4.ide.wizard.PanelWizardDefine borderLayout18 Ljava/awt/BorderLayout; _$72
.field com.runqian.report4.ide.wizard.PanelWizardDefine crossTree Ljavax/swing/JTree; _$73
.field com.runqian.report4.ide.wizard.PanelWizardDefine borderLayout2 Ljava/awt/BorderLayout; _$74
.field com.runqian.report4.ide.wizard.PanelWizardDefine jSPGroup Ljavax/swing/JSplitPane; _$75
.field com.runqian.report4.ide.wizard.PanelWizardDefine jLabelCrossMove Ljavax/swing/JLabel; _$76
.field com.runqian.report4.ide.wizard.PanelWizardDefine jLabel7 Ljavax/swing/JLabel; _$77
.field com.runqian.report4.ide.wizard.PanelWizardDefine jBCrossDown Ljavax/swing/JButton; _$78
.field com.runqian.report4.ide.wizard.PanelWizardDefine panelGroup1 Ljavax/swing/JPanel; _$79
.field com.runqian.report4.ide.wizard.PanelWizardDefine jBGroupUp Ljavax/swing/JButton; _$80
.field com.runqian.report4.ide.wizard.PanelWizardDefine panelCross4 Ljavax/swing/JPanel; _$81
.field com.runqian.report4.ide.wizard.PanelWizardDefine jSPGroupGroup Ljavax/swing/JScrollPane; _$82
.field com.runqian.report4.ide.wizard.PanelWizardDefine gridLayout5 Ljava/awt/GridLayout; _$83
.field com.runqian.report4.ide.wizard.PanelWizardDefine jSPCross Ljavax/swing/JSplitPane; _$84
.field com.runqian.report4.ide.wizard.PanelWizardDefine panelCross1 Ljavax/swing/JPanel; _$85
.field com.runqian.report4.ide.wizard.PanelWizardDefine cardManager Ljava/awt/CardLayout; _$86
.field com.runqian.report4.ide.wizard.PanelWizardDefine buttonGroup1 Ljavax/swing/ButtonGroup; _$87
.field com.runqian.report4.ide.wizard.PanelWizardDefine buttonGroup2 Ljavax/swing/ButtonGroup; _$88
.field com.runqian.report4.ide.wizard.PanelWizardDefine jLabel1 Ljavax/swing/JLabel; _$89
.field com.runqian.report4.ide.wizard.PanelWizardDefine jPanel1 Ljavax/swing/JPanel; _$90
.field com.runqian.report4.ide.wizard.PanelWizardDefine flowLayout1 Ljava/awt/FlowLayout; _$91
.field com.runqian.report4.ide.wizard.PanelWizardDefine jBNotAll1 Ljavax/swing/JButton; _$92
.field com.runqian.report4.ide.wizard.PanelWizardDefine jBAll1 Ljavax/swing/JButton; _$93
.field com.runqian.report4.ide.wizard.PanelWizardDefine jPanel2 Ljavax/swing/JPanel; _$94
.field com.runqian.report4.ide.wizard.PanelWizardDefine flowLayout2 Ljava/awt/FlowLayout; _$95
.field com.runqian.report4.ide.wizard.PanelWizardDefine jBNotAll2 Ljavax/swing/JButton; _$96
.field com.runqian.report4.ide.wizard.PanelWizardDefine jBAll2 Ljavax/swing/JButton; _$97
.method com.runqian.report4.ide.wizard.PanelWizardDefine resetLangText ()V _$1
.method com.runqian.report4.ide.wizard.PanelWizardDefine jbInit ()V _$2
.method com.runqian.report4.ide.wizard.PanelWizardDefine gridInit ()V _$3
.method com.runqian.report4.ide.wizard.PanelWizardDefine groupInit ()V _$4
.method com.runqian.report4.ide.wizard.PanelWizardDefine crossInit ()V _$5
.method com.runqian.report4.ide.wizard.PanelWizardDefine sort (Lcom/runqian/base4/swing/JListEx;)V _$1
.method com.runqian.report4.ide.wizard.PanelWizardDefine editSort (Lcom/runqian/base4/swing/JListEx;B)V _$1
.method com.runqian.report4.ide.wizard.PanelWizardDefine setDragDefine (Ljavax/swing/JTree;Lcom/runqian/base4/swing/JListEx;)V _$1
.method com.runqian.report4.ide.wizard.PanelWizardDefine initButton (Ljavax/swing/JButton;)V _$1
.method com.runqian.report4.ide.wizard.PanelWizardDefine checkExist (Ljava/lang/String;Lcom/runqian/base4/swing/JListEx;)Z _$1
.method com.runqian.report4.ide.wizard.PanelWizardDefine setDragValue (Ljavax/swing/JTree;Lcom/runqian/base4/swing/JListEx;)V _$2
.method com.runqian.report4.ide.wizard.PanelWizardDefine getCur (I)Ljava/awt/Cursor; _$1
.method com.runqian.report4.ide.wizard.PanelWizardDefine getTreeTransferable (Ljavax/swing/JTree;)Ljava/awt/datatransfer/Transferable; _$1
.method com.runqian.report4.ide.wizard.PanelWizardDefine setFunc ()V _$6
.method com.runqian.report4.ide.wizard.PanelWizardDefine editFunction (Lcom/runqian/base4/swing/JListEx;Ljava/lang/String;)V _$1
.method com.runqian.report4.ide.wizard.PanelWizardDefine moveUp ()V _$7
.method com.runqian.report4.ide.wizard.PanelWizardDefine removeFocus ()V _$8
.method com.runqian.report4.ide.wizard.PanelWizardDefine moveDown ()V _$9
.method com.runqian.report4.ide.wizard.PanelWizardDefine setTreeSelected (Ljavax/swing/JTree;Z)V _$1
.method com.runqian.report4.ide.wizard.PanelWizardDefine listCrossRow_mouseClicked (Ljava/awt/event/MouseEvent;)V _$1
.method com.runqian.report4.ide.wizard.PanelWizardDefine listCrossColumn_mouseClicked (Ljava/awt/event/MouseEvent;)V _$2
.method com.runqian.report4.ide.wizard.PanelWizardDefine listCrossValue_mouseClicked (Ljava/awt/event/MouseEvent;)V _$3
.method com.runqian.report4.ide.wizard.PanelWizardDefine listGroupGroup_mouseClicked (Ljava/awt/event/MouseEvent;)V _$4
.method com.runqian.report4.ide.wizard.PanelWizardDefine listGroupValue_mouseClicked (Ljava/awt/event/MouseEvent;)V _$5
.method com.runqian.report4.ide.wizard.PanelWizardDefine jCBGroupFunc_actionPerformed (Ljava/awt/event/ActionEvent;)V _$1
.method com.runqian.report4.ide.wizard.PanelWizardDefine jCBCrossFunc_actionPerformed (Ljava/awt/event/ActionEvent;)V _$2
.method com.runqian.report4.ide.wizard.PanelWizardDefine jRBGroupAscending_actionPerformed (Ljava/awt/event/ActionEvent;)V _$3
.method com.runqian.report4.ide.wizard.PanelWizardDefine jRBGroupDescend_actionPerformed (Ljava/awt/event/ActionEvent;)V _$4
.method com.runqian.report4.ide.wizard.PanelWizardDefine jRBCrossAscending_actionPerformed (Ljava/awt/event/ActionEvent;)V _$5
.method com.runqian.report4.ide.wizard.PanelWizardDefine jRBCrossDescend_actionPerformed (Ljava/awt/event/ActionEvent;)V _$6
.method com.runqian.report4.ide.wizard.PanelWizardDefine jBGroupUp_actionPerformed (Ljava/awt/event/ActionEvent;)V _$7
.method com.runqian.report4.ide.wizard.PanelWizardDefine jBGroupDown_actionPerformed (Ljava/awt/event/ActionEvent;)V _$8
.method com.runqian.report4.ide.wizard.PanelWizardDefine jBCrossUp_actionPerformed (Ljava/awt/event/ActionEvent;)V _$9
.method com.runqian.report4.ide.wizard.PanelWizardDefine jBCrossDown_actionPerformed (Ljava/awt/event/ActionEvent;)V _$10
.method com.runqian.report4.ide.wizard.PanelWizardDefine jRBGroupNotSort_actionPerformed (Ljava/awt/event/ActionEvent;)V _$11
.method com.runqian.report4.ide.wizard.PanelWizardDefine jRBCrossNotSort_actionPerformed (Ljava/awt/event/ActionEvent;)V _$12
.method com.runqian.report4.ide.wizard.PanelWizardDefine groupTree_mouseClicked (Ljava/awt/event/MouseEvent;)V _$6
.method com.runqian.report4.ide.wizard.PanelWizardDefine gridTree_mouseClicked (Ljava/awt/event/MouseEvent;)V _$7
.method com.runqian.report4.ide.wizard.PanelWizardDefine jBAll2_actionPerformed (Ljava/awt/event/ActionEvent;)V _$13
.method com.runqian.report4.ide.wizard.PanelWizardDefine jBNotAll2_actionPerformed (Ljava/awt/event/ActionEvent;)V _$14
.method com.runqian.report4.ide.wizard.PanelWizardDefine jBAll1_actionPerformed (Ljava/awt/event/ActionEvent;)V _$15
.method com.runqian.report4.ide.wizard.PanelWizardDefine jBNotAll1_actionPerformed (Ljava/awt/event/ActionEvent;)V _$16
.class com.runqian.report4.ide.wizard.PanelWizardDefine_listCrossRow_mouseAdapter llIIllIlIlIIIlII
.field com.runqian.report4.ide.wizard.PanelWizardDefine_listCrossRow_mouseAdapter adaptee Lcom/runqian/report4/ide/wizard/PanelWizardDefine; _$1
.class com.runqian.report4.ide.wizard.PanelWizardDefine_listCrossColumn_mouseAdapter IIlllllIlllllIIl
.field com.runqian.report4.ide.wizard.PanelWizardDefine_listCrossColumn_mouseAdapter adaptee Lcom/runqian/report4/ide/wizard/PanelWizardDefine; _$1
.class com.runqian.report4.ide.wizard.PanelWizardDefine_listCrossValue_mouseAdapter llllIllIIIIIlIII
.field com.runqian.report4.ide.wizard.PanelWizardDefine_listCrossValue_mouseAdapter adaptee Lcom/runqian/report4/ide/wizard/PanelWizardDefine; _$1
.class com.runqian.report4.ide.wizard.PanelWizardDefine_listGroupGroup_mouseAdapter IIllllIlIlIIIIIl
.field com.runqian.report4.ide.wizard.PanelWizardDefine_listGroupGroup_mouseAdapter adaptee Lcom/runqian/report4/ide/wizard/PanelWizardDefine; _$1
.class com.runqian.report4.ide.wizard.PanelWizardDefine_listGroupValue_mouseAdapter llIlllllIIlIllIl
.field com.runqian.report4.ide.wizard.PanelWizardDefine_listGroupValue_mouseAdapter adaptee Lcom/runqian/report4/ide/wizard/PanelWizardDefine; _$1
.class com.runqian.report4.ide.wizard.PanelWizardDefine_jCBGroupFunc_actionAdapter IIIllIIlllIlIIll
.field com.runqian.report4.ide.wizard.PanelWizardDefine_jCBGroupFunc_actionAdapter adaptee Lcom/runqian/report4/ide/wizard/PanelWizardDefine; _$1
.class com.runqian.report4.ide.wizard.PanelWizardDefine_jCBCrossFunc_actionAdapter IlIIllIIIlllIIlI
.field com.runqian.report4.ide.wizard.PanelWizardDefine_jCBCrossFunc_actionAdapter adaptee Lcom/runqian/report4/ide/wizard/PanelWizardDefine; _$1
.class com.runqian.report4.ide.wizard.PanelWizardDefine_jRBGroupAscending_actionAdapter IIlIIlIlIIIIlIlI
.field com.runqian.report4.ide.wizard.PanelWizardDefine_jRBGroupAscending_actionAdapter adaptee Lcom/runqian/report4/ide/wizard/PanelWizardDefine; _$1
.class com.runqian.report4.ide.wizard.PanelWizardDefine_jRBGroupDescend_actionAdapter IlIIIlllIIllllll
.field com.runqian.report4.ide.wizard.PanelWizardDefine_jRBGroupDescend_actionAdapter adaptee Lcom/runqian/report4/ide/wizard/PanelWizardDefine; _$1
.class com.runqian.report4.ide.wizard.PanelWizardDefine_jRBCrossAscending_actionAdapter lllIIllllllIlllI
.field com.runqian.report4.ide.wizard.PanelWizardDefine_jRBCrossAscending_actionAdapter adaptee Lcom/runqian/report4/ide/wizard/PanelWizardDefine; _$1
.class com.runqian.report4.ide.wizard.PanelWizardDefine_jRBCrossDescend_actionAdapter IlllllllllIIllIl
.field com.runqian.report4.ide.wizard.PanelWizardDefine_jRBCrossDescend_actionAdapter adaptee Lcom/runqian/report4/ide/wizard/PanelWizardDefine; _$1
.class com.runqian.report4.ide.wizard.PanelWizardDefine_jBGroupUp_actionAdapter IlIllIllIIlIlIIl
.field com.runqian.report4.ide.wizard.PanelWizardDefine_jBGroupUp_actionAdapter adaptee Lcom/runqian/report4/ide/wizard/PanelWizardDefine; _$1
.class com.runqian.report4.ide.wizard.PanelWizardDefine_jBGroupDown_actionAdapter llllIIllllIlIIll
.field com.runqian.report4.ide.wizard.PanelWizardDefine_jBGroupDown_actionAdapter adaptee Lcom/runqian/report4/ide/wizard/PanelWizardDefine; _$1
.class com.runqian.report4.ide.wizard.PanelWizardDefine_jBCrossUp_actionAdapter lllIIllIIlIIIIlI
.field com.runqian.report4.ide.wizard.PanelWizardDefine_jBCrossUp_actionAdapter adaptee Lcom/runqian/report4/ide/wizard/PanelWizardDefine; _$1
.class com.runqian.report4.ide.wizard.PanelWizardDefine_jBCrossDown_actionAdapter llIllIlIlIlIIIlI
.field com.runqian.report4.ide.wizard.PanelWizardDefine_jBCrossDown_actionAdapter adaptee Lcom/runqian/report4/ide/wizard/PanelWizardDefine; _$1
.class com.runqian.report4.ide.wizard.PanelWizardDefine_jRBGroupNotSort_actionAdapter IllIIIlIIIlIIlII
.field com.runqian.report4.ide.wizard.PanelWizardDefine_jRBGroupNotSort_actionAdapter adaptee Lcom/runqian/report4/ide/wizard/PanelWizardDefine; _$1
.class com.runqian.report4.ide.wizard.PanelWizardDefine_jRBCrossNotSort_actionAdapter IlllIlIIlllllIlI
.field com.runqian.report4.ide.wizard.PanelWizardDefine_jRBCrossNotSort_actionAdapter adaptee Lcom/runqian/report4/ide/wizard/PanelWizardDefine; _$1
.class com.runqian.report4.ide.wizard.PanelWizardDefine_groupTree_mouseAdapter IIIIIlIIlllIlllI
.field com.runqian.report4.ide.wizard.PanelWizardDefine_groupTree_mouseAdapter adaptee Lcom/runqian/report4/ide/wizard/PanelWizardDefine; _$1
.class com.runqian.report4.ide.wizard.PanelWizardDefine_gridTree_mouseAdapter llIllllllllllIll
.field com.runqian.report4.ide.wizard.PanelWizardDefine_gridTree_mouseAdapter adaptee Lcom/runqian/report4/ide/wizard/PanelWizardDefine; _$1
.class com.runqian.report4.ide.wizard.PanelWizardDefine_jBAll2_actionAdapter IlIIlIlllllIIIll
.field com.runqian.report4.ide.wizard.PanelWizardDefine_jBAll2_actionAdapter adaptee Lcom/runqian/report4/ide/wizard/PanelWizardDefine; _$1
.class com.runqian.report4.ide.wizard.PanelWizardDefine_jBNotAll2_actionAdapter llIllllllIlllIIl
.field com.runqian.report4.ide.wizard.PanelWizardDefine_jBNotAll2_actionAdapter adaptee Lcom/runqian/report4/ide/wizard/PanelWizardDefine; _$1
.class com.runqian.report4.ide.wizard.PanelWizardDefine_jBAll1_actionAdapter lIlIlllIIllIllIl
.field com.runqian.report4.ide.wizard.PanelWizardDefine_jBAll1_actionAdapter adaptee Lcom/runqian/report4/ide/wizard/PanelWizardDefine; _$1
.class com.runqian.report4.ide.wizard.PanelWizardDefine_jBNotAll1_actionAdapter IllIIIIllIIlIlIl
.field com.runqian.report4.ide.wizard.PanelWizardDefine_jBNotAll1_actionAdapter adaptee Lcom/runqian/report4/ide/wizard/PanelWizardDefine; _$1
.class com.runqian.report4.ide.wizard.WizardColInfo WizardColInfo
.field com.runqian.report4.ide.wizard.WizardColInfo name Ljava/lang/String; _$1
.field com.runqian.report4.ide.wizard.WizardColInfo type B _$2
.field com.runqian.report4.ide.wizard.WizardColInfo isSelected Z _$3
.class com.runqian.report4.ide.wizard.WizardConfig WizardConfig
.field com.runqian.report4.ide.wizard.WizardConfig inputType B _$1
.field com.runqian.report4.ide.wizard.WizardConfig reportStyle S _$2
.field com.runqian.report4.ide.wizard.WizardConfig groupRow Ljava/lang/String; _$3
.field com.runqian.report4.ide.wizard.WizardConfig groupValue Ljava/lang/String; _$4
.field com.runqian.report4.ide.wizard.WizardConfig crossRow Ljava/lang/String; _$5
.field com.runqian.report4.ide.wizard.WizardConfig crossCol Ljava/lang/String; _$6
.field com.runqian.report4.ide.wizard.WizardConfig crossValue Ljava/lang/String; _$7
.field com.runqian.report4.ide.wizard.WizardConfig colInfoList Ljava/util/Vector; _$8
.field com.runqian.report4.ide.wizard.WizardConfig dsc Lcom/runqian/report4/usermodel/DataSetConfig; _$9
.class com.runqian.report4.ide.wizard.WizardConst WizardConst
.class com.runqian.report4.ide.wizard.WizardTreeNode IllIlIIIIlllllIl
.field com.runqian.report4.ide.wizard.WizardTreeNode colInfo Lcom/runqian/report4/ide/wizard/WizardColInfo; _$1
.class com.runqian.report4.ide.wizard.WizardTreeRender lIIIllIlIlIlllII
.class com.runqian.report4.ide.wizard.PanelWizardDefine$1 lIlIllIllIlIllIl
.class com.runqian.report4.ide.wizard.PanelWizardDefine$2 IlIIllIllIlIllIl
.class com.runqian.report4.ide.wizard.PanelWizardDefine$3 llIIllIllIlIllIl
.class com.runqian.report4.ide.wizard.PanelWizardDefine$4 IIIIllIllIlIllIl
.class com.runqian.report4.ide.wizard.PanelWizardDefine$5 lIIIllIllIlIllIl
.class com.runqian.report4.ide.wizard.PanelWizardDefine$6 IlllIIIllIlIllIl
.class com.runqian.report4.ide.wizard.PanelWizardDefine$7 llllIIIllIlIllIl
.class com.runqian.report4.ide.wizard.PanelWizardDefine$8 IIllIIIllIlIllIl
.class com.runqian.report4.ide.wizard.PanelWizardDefine$9 lIllIIIllIlIllIl
.class com.runqian.report4.ide.wizard.PanelWizardDefine$10 llIIIlllIlllllll
.class com.runqian.report4.ide.wizard.PanelWizardDefine$11 IIIIIlllIlllllll
.class com.runqian.report4.ide.wizard.PanelWizardDefine$12 lIIIIlllIlllllll
.class com.runqian.report4.ide.wizard.PanelWizardDefine$13 IlllIlllIlllllll
.class com.runqian.report4.ide.wizard.PanelWizardDefine$14 llllIlllIlllllll
