.class com.runqian.report4.model.expression.function.math.Abs Abs
.class com.runqian.report4.model.expression.function.math.Arccos Arccos
.class com.runqian.report4.model.expression.function.math.Arcsin Arcsin
.class com.runqian.report4.model.expression.function.math.Arctan Arctan
.class com.runqian.report4.model.expression.function.math.Ceiling Ceiling
.class com.runqian.report4.model.expression.function.math.Cos Cos
.class com.runqian.report4.model.expression.function.math.Exp Exp
.class com.runqian.report4.model.expression.function.math.Fact Fact
.method com.runqian.report4.model.expression.function.math.Fact fact (I)J _$1
.class com.runqian.report4.model.expression.function.math.Floor Floor
.class com.runqian.report4.model.expression.function.math.Log Log
.class com.runqian.report4.model.expression.function.math.LogTen LogTen
.class com.runqian.report4.model.expression.function.math.Pi Pi
.field com.runqian.report4.model.expression.function.math.Pi pi Ljava/lang/Double; _$1
.class com.runqian.report4.model.expression.function.math.Pow Pow
.class com.runqian.report4.model.expression.function.math.Rand Rand
.class com.runqian.report4.model.expression.function.math.Round Round
.class com.runqian.report4.model.expression.function.math.Sign Sign
.class com.runqian.report4.model.expression.function.math.Sin Sin
.class com.runqian.report4.model.expression.function.math.Sqrt Sqrt
.class com.runqian.report4.model.expression.function.math.Tan Tan
