.class com.runqian.report4.util.ByteArrayInputRecord ByteArrayInputRecord
.field com.runqian.report4.util.ByteArrayInputRecord in Ljava/io/ByteArrayInputStream; _$1
.class com.runqian.report4.util.ByteArrayOutputRecord ByteArrayOutputRecord
.field com.runqian.report4.util.ByteArrayOutputRecord out Ljava/io/ByteArrayOutputStream; _$1
.method com.runqian.report4.util.ByteArrayOutputRecord writeChar (C)V _$1
.class com.runqian.report4.util.CellStyleFactory CellStyleFactory
.field com.runqian.report4.util.CellStyleFactory className_cellStyleManager Ljava/lang/String; _$1
.field com.runqian.report4.util.CellStyleFactory className_cellStyle Ljava/lang/String; _$2
.class com.runqian.report4.util.ICellStyle ICellStyle
.class com.runqian.report4.util.CellStyleImpl CellStyleImpl
.field com.runqian.report4.util.CellStyleImpl lBStyle Ljava/lang/Byte; _$1
.field com.runqian.report4.util.CellStyleImpl lBWidth Ljava/lang/Float; _$2
.field com.runqian.report4.util.CellStyleImpl lBColor Ljava/lang/Integer; _$3
.field com.runqian.report4.util.CellStyleImpl rBStyle Ljava/lang/Byte; _$4
.field com.runqian.report4.util.CellStyleImpl rBWidth Ljava/lang/Float; _$5
.field com.runqian.report4.util.CellStyleImpl rBColor Ljava/lang/Integer; _$6
.field com.runqian.report4.util.CellStyleImpl tBStyle Ljava/lang/Byte; _$7
.field com.runqian.report4.util.CellStyleImpl tBWidth Ljava/lang/Float; _$8
.field com.runqian.report4.util.CellStyleImpl tBColor Ljava/lang/Integer; _$9
.field com.runqian.report4.util.CellStyleImpl bBStyle Ljava/lang/Byte; _$10
.field com.runqian.report4.util.CellStyleImpl bBWidth Ljava/lang/Float; _$11
.field com.runqian.report4.util.CellStyleImpl bBColor Ljava/lang/Integer; _$12
.field com.runqian.report4.util.CellStyleImpl backColor Ljava/lang/Integer; _$13
.field com.runqian.report4.util.CellStyleImpl foreColor Ljava/lang/Integer; _$14
.field com.runqian.report4.util.CellStyleImpl fontName Ljava/lang/String; _$15
.field com.runqian.report4.util.CellStyleImpl fontSize Ljava/lang/Short; _$16
.field com.runqian.report4.util.CellStyleImpl visible Ljava/lang/Boolean; _$17
.field com.runqian.report4.util.CellStyleImpl bold Ljava/lang/Boolean; _$18
.field com.runqian.report4.util.CellStyleImpl italic Ljava/lang/Boolean; _$19
.field com.runqian.report4.util.CellStyleImpl underline Ljava/lang/Boolean; _$20
.field com.runqian.report4.util.CellStyleImpl hAlign Ljava/lang/Byte; _$21
.field com.runqian.report4.util.CellStyleImpl vAlign Ljava/lang/Byte; _$22
.field com.runqian.report4.util.CellStyleImpl indent Ljava/lang/Float; _$23
.class com.runqian.report4.util.ICellStyleManager ICellStyleManager
.class com.runqian.report4.util.CellStyleManagerImpl CellStyleManagerImpl
.field com.runqian.report4.util.CellStyleManagerImpl cellStyleMap Ljava/util/Map; _$1
.method com.runqian.report4.util.CellStyleManagerImpl readCssFromStringBuffer (Ljava/lang/StringBuffer;)V _$1
.method com.runqian.report4.util.CellStyleManagerImpl getCssStrs ()Ljava/lang/String; _$1
.method com.runqian.report4.util.CellStyleManagerImpl getCssStr (Ljava/lang/String;Lcom/runqian/report4/util/ICellStyle;)Ljava/lang/String; _$1
.method com.runqian.report4.util.CellStyleManagerImpl setCellStyleProperties (Ljava/lang/String;Ljava/lang/String;)Lcom/runqian/report4/util/ICellStyle; _$1
.class com.runqian.report4.util.CellStyleUtils CellStyleUtils
.class com.runqian.report4.util.DMUtil DMUtil
.class com.runqian.report4.util.ImageLoad ImageLoad
.class com.runqian.report4.util.ImgUtils ImgUtils
.field com.runqian.report4.util.ImgUtils PNGID [I _$1
.method com.runqian.report4.util.ImgUtils checkImageView ()Z _$1
.method com.runqian.report4.util.ImgUtils canUseJDK14 ()Z _$2
.class com.runqian.report4.util.MacroResolver2 MacroResolver2
.field com.runqian.report4.util.MacroResolver2 len I _$1
.field com.runqian.report4.util.MacroResolver2 idx I _$2
.field com.runqian.report4.util.MacroResolver2 str Ljava/lang/String; _$3
.field com.runqian.report4.util.MacroResolver2 token Ljava/lang/String; _$4
.field com.runqian.report4.util.MacroResolver2 newStr Ljava/lang/StringBuffer; _$5
.class com.runqian.report4.util.WinRegisterUtil IIlIIllIlIIIIIIl
.field com.runqian.report4.util.WinRegisterUtil MAX_KEY_LENGHT Ljava/lang/Integer; _$1
.field com.runqian.report4.util.WinRegisterUtil theClass Ljava/lang/Class; _$2
.method com.runqian.report4.util.WinRegisterUtil getUtilClass ()Ljava/lang/Class; _$1
.method com.runqian.report4.util.WinRegisterUtil stringToByteArray (Ljava/lang/String;)[B _$1
.method com.runqian.report4.util.WinRegisterUtil winByteArrayToString ([B)Ljava/lang/String; _$1
.class com.runqian.report4.util.ODBCUtil ODBCUtil
.field com.runqian.report4.util.ODBCUtil Rel_Reg_Path Ljava/lang/String; _$1
.method com.runqian.report4.util.ODBCUtil enumValue (ILjava/util/ArrayList;)V _$1
.class com.runqian.report4.util.ReadResourceMsgForJS ReadResourceMsgForJS
.class com.runqian.report4.util.ReportParams ReportParams
.class com.runqian.report4.util.ReportParser ReportParser
.field com.runqian.report4.util.ReportParser blankCell Lcom/runqian/report4/usermodel/INormalCell; _$1
.field com.runqian.report4.util.ReportParser report Lcom/runqian/report4/usermodel/IReport; _$2
.method com.runqian.report4.util.ReportParser getRowField (B)Lcom/runqian/report4/usermodel/Area; _$1
.method com.runqian.report4.util.ReportParser p (Ljava/lang/String;)Ljava/lang/String; _$1
.method com.runqian.report4.util.ReportParser checkImageView ()Z _$1
.method com.runqian.report4.util.ReportParser canUseJDK14 ()Z _$2
.method com.runqian.report4.util.ReportParser unitTransfer (F)F _$1
.class com.runqian.report4.util.ReportUtils ReportUtils
.method com.runqian.report4.util.ReportUtils exportToExcel2007 (Ljava/io/OutputStream;Lcom/runqian/report4/usermodel/IReport;ZI)V _$1
.class com.runqian.report4.util.ReportUtils2 ReportUtils2
.method com.runqian.report4.util.ReportUtils2 putParam2Context (Lcom/runqian/report4/usermodel/ParamMetaData;Ljava/util/Hashtable;Lcom/runqian/report4/usermodel/Context;Ljavax/servlet/http/HttpServletRequest;)V _$1
.method com.runqian.report4.util.ReportUtils2 putMacro2Context (Lcom/runqian/report4/usermodel/MacroMetaData;Ljava/util/Hashtable;Lcom/runqian/report4/usermodel/Context;)V _$1
.class com.runqian.report4.util.RichTextElement RichTextElement
.field com.runqian.report4.util.RichTextElement drawX I _$1
.field com.runqian.report4.util.RichTextElement drawY I _$2
.class com.runqian.report4.util.RichTextLine RichTextLine
.field com.runqian.report4.util.RichTextLine elements Ljava/util/ArrayList; _$1
.method com.runqian.report4.util.RichTextLine getHeight (Lcom/runqian/report4/util/RichTextElement;)I _$1
.method com.runqian.report4.util.RichTextLine getTextHeight (Lcom/runqian/report4/util/RichTextElement;)I _$2
.class com.runqian.report4.util.RichTextUtil RichTextUtil
.method com.runqian.report4.util.RichTextUtil createHtmlString (Ljava/lang/String;)Ljava/lang/String; _$1
.method com.runqian.report4.util.RichTextUtil getFont (Lcom/runqian/report4/usermodel/INormalCell;)Ljava/awt/Font; _$1
.method com.runqian.report4.util.RichTextUtil getMergedWidth (Lcom/runqian/report4/usermodel/IReport;Lcom/runqian/report4/usermodel/INormalCell;ZFB)I _$1
.method com.runqian.report4.util.RichTextUtil getMergedHeight (Lcom/runqian/report4/usermodel/IReport;Lcom/runqian/report4/usermodel/INormalCell;ZFB)F _$2
.method com.runqian.report4.util.RichTextUtil wrapString (Ljava/util/ArrayList;FBIFB)Ljava/util/ArrayList; _$1
.method com.runqian.report4.util.RichTextUtil adjustRTLine (Lcom/runqian/report4/util/RichTextLine;BIFF)V _$1
.method com.runqian.report4.util.RichTextUtil cutLine (Ljava/lang/String;C)I _$1
.method com.runqian.report4.util.RichTextUtil seekCanBeFoot (Ljava/lang/String;I)I _$1
.method com.runqian.report4.util.RichTextUtil canBeFoot (C)Z _$1
.method com.runqian.report4.util.RichTextUtil canBeHead (C)Z _$2
.method com.runqian.report4.util.RichTextUtil isEnglishChar (C)Z _$3
.field com.runqian.report4.util.RichTextUtil RICH_FACE B _$1
.field com.runqian.report4.util.RichTextUtil RICH_COLOR B _$2
.field com.runqian.report4.util.RichTextUtil RICH_SIZE B _$3
.field com.runqian.report4.util.RichTextUtil RICH_BOLD B _$4
.field com.runqian.report4.util.RichTextUtil RICH_ITALIC B _$5
.field com.runqian.report4.util.RichTextUtil RICH_UNDERLINE B _$6
.field com.runqian.report4.util.RichTextUtil RICH_LETTER_SPACING B _$7
.method com.runqian.report4.util.RichTextUtil isLetter (C)Z _$4
.method com.runqian.report4.util.RichTextUtil checkBoolean (Lcom/runqian/base4/util/Stack;Z)Z _$1
.method com.runqian.report4.util.RichTextUtil splitString (Ljava/lang/String;C)Ljava/util/ArrayList; _$2
.method com.runqian.report4.util.RichTextUtil appendColor (Ljava/lang/StringBuffer;I)V _$1
.method com.runqian.report4.util.RichTextUtil getStringWidth (Ljava/awt/FontMetrics;Ljava/lang/String;IIF)I _$1
.method com.runqian.report4.util.RichTextUtil getStringWidth (Ljava/awt/FontMetrics;ILjava/lang/String;)I _$1
.method com.runqian.report4.util.RichTextUtil addTextElement (Lcom/runqian/report4/util/RichTextLine;Lcom/runqian/report4/util/RichTextElement;Ljava/awt/FontMetrics;)V _$1
.class com.runqian.report4.util.StyleConfig StyleConfig
.field com.runqian.report4.util.StyleConfig doc Lorg/w3c/dom/Document; _$1
.field com.runqian.report4.util.StyleConfig root Lorg/w3c/dom/Element; _$2
.field com.runqian.report4.util.StyleConfig myfileName Ljava/lang/String; _$3
.field com.runqian.report4.util.StyleConfig scg Lcom/runqian/report4/util/StyleConfig; _$4
.field com.runqian.report4.util.StyleConfig mainDir Ljava/lang/String; _$5
.field com.runqian.report4.util.StyleConfig curDir Ljava/lang/String; _$6
.field com.runqian.report4.util.StyleConfig warnCount I _$7
.method com.runqian.report4.util.StyleConfig getStyleFile (Ljava/lang/String;)Ljava/lang/String; _$1
.method com.runqian.report4.util.StyleConfig read ()V _$1
.class com.runqian.report4.util.ImgUtils$1 IIlIIlIllIIIIIll
.field com.runqian.report4.util.ImgUtils$1 vf Ljavax/swing/text/ViewFactory; _$1
.class com.runqian.report4.util.ImgUtils$2 lIlIIlIllIIIIIll
.class com.runqian.report4.util.ReportParser$1 lIllllllllIIIIIl
.field com.runqian.report4.util.ReportParser$1 vf Ljavax/swing/text/ViewFactory; _$1
.class com.runqian.report4.util.ReportParser$2 IlllllllllIIIIIl
.class com.runqian.report4.util.ReportParser$3 llllllllllIIIIIl
.field com.runqian.report4.util.ReportParser$3 vf Ljavax/swing/text/ViewFactory; _$1
.class com.runqian.report4.util.ReportParser$4 IIIlllllllIIIIIl
