.class com.runqian.report4.view.AppletData AppletData
.class com.runqian.report4.view.CleanTimeoutParams CleanTimeoutParams
.class com.runqian.report4.view.ConfigModel ConfigModel
.field com.runqian.report4.view.ConfigModel name Ljava/lang/String; _$1
.field com.runqian.report4.view.ConfigModel value Ljava/lang/String; _$2
.class com.runqian.report4.view.GroupEngine GroupEngine
.field com.runqian.report4.view.GroupEngine rg Lcom/runqian/report4/usermodel/ReportGroup; _$1
.field com.runqian.report4.view.GroupEngine ctx Lcom/runqian/report4/usermodel/Context; _$2
.field com.runqian.report4.view.GroupEngine ctxMap Ljava/util/HashMap; _$3
.field com.runqian.report4.view.GroupEngine cachedIdMap Ljava/util/HashMap; _$4
.field com.runqian.report4.view.GroupEngine timeout J _$5
.method com.runqian.report4.view.GroupEngine init (Lcom/runqian/report4/usermodel/ReportGroup;Lcom/runqian/report4/usermodel/Context;J)V _$1
.method com.runqian.report4.view.GroupEngine getEntry (ILjava/lang/String;)Lcom/runqian/report4/cache/ReportEntry; _$1
.method com.runqian.report4.view.GroupEngine readRpt (Lcom/runqian/report4/usermodel/Context;Ljava/lang/String;B)Lcom/runqian/report4/model/ReportDefine; _$1
.method com.runqian.report4.view.GroupEngine parseVExp (Ljava/lang/String;Ljava/util/List;Ljava/util/List;Ljava/util/List;)Ljava/lang/String; _$1
.method com.runqian.report4.view.GroupEngine calcVExp (Ljava/lang/String;Ljava/util/List;Ljava/util/List;Ljava/util/List;)Ljava/lang/Object; _$2
.class com.runqian.report4.view.IDecrypt IDecrypt
.class com.runqian.report4.view.IReportConfigManager IReportConfigManager
.class com.runqian.report4.view.JDBCDsConfigModel JDBCDsConfigModel
.field com.runqian.report4.view.JDBCDsConfigModel name Ljava/lang/String; _$1
.field com.runqian.report4.view.JDBCDsConfigModel dbType Ljava/lang/String; _$2
.field com.runqian.report4.view.JDBCDsConfigModel url Ljava/lang/String; _$3
.field com.runqian.report4.view.JDBCDsConfigModel driver Ljava/lang/String; _$4
.field com.runqian.report4.view.JDBCDsConfigModel dbCharset Ljava/lang/String; _$5
.field com.runqian.report4.view.JDBCDsConfigModel userName Ljava/lang/String; _$6
.field com.runqian.report4.view.JDBCDsConfigModel password Ljava/lang/String; _$7
.field com.runqian.report4.view.JDBCDsConfigModel clientCharset Ljava/lang/String; _$8
.field com.runqian.report4.view.JDBCDsConfigModel extendProperties Ljava/lang/String; _$9
.field com.runqian.report4.view.JDBCDsConfigModel decryptClass Ljava/lang/String; _$10
.class com.runqian.report4.view.LicenseException LicenseException
.class com.runqian.report4.view.PagedPrint PagedPrint
.method com.runqian.report4.view.PagedPrint getTruePageFormat (DLjava/awt/print/PageFormat;)Ljava/awt/print/PageFormat; _$1
.method com.runqian.report4.view.PagedPrint clearDs (Lcom/runqian/report4/usermodel/IReport;)V _$1
.class com.runqian.report4.view.ParamsPool ParamsPool
.field com.runqian.report4.view.ParamsPool sessionId I _$1
.class com.runqian.report4.view.ReportConfigManagerImpl ReportConfigManagerImpl
.field com.runqian.report4.view.ReportConfigManagerImpl rcm Lcom/runqian/report4/view/ReportConfigModel; _$1
.field com.runqian.report4.view.ReportConfigManagerImpl configMap Ljava/util/Map; _$2
.field com.runqian.report4.view.ReportConfigManagerImpl doc Lorg/w3c/dom/Document; _$3
.method com.runqian.report4.view.ReportConfigManagerImpl writeXmlFile (Ljava/lang/String;Lorg/w3c/dom/Document;)V _$1
.class com.runqian.report4.view.ReportConfigManagerImpl$MyEntityResolver IIIIIllllIIlIIlI
.class com.runqian.report4.view.ReportConfigModel ReportConfigModel
.field com.runqian.report4.view.ReportConfigModel servletConfigModel Ljava/util/List; _$1
.field com.runqian.report4.view.ReportConfigModel __dsArray Ljava/util/List; _$2
.class com.runqian.report4.view.ReportServlet ReportServlet
.field com.runqian.report4.view.ReportServlet appmapReplaced Z _$1
.field com.runqian.report4.view.ReportServlet monitor Lcom/runqian/report4/cache/CacheMonitor; _$2
.field com.runqian.report4.view.ReportServlet ctp Lcom/runqian/report4/view/CleanTimeoutParams; _$3
.field com.runqian.report4.view.ReportServlet cluster Lcom/runqian/report4/cache/Cluster; _$4
.field com.runqian.report4.view.ReportServlet hasDM Z _$5
.method com.runqian.report4.view.ReportServlet processDsConfig (Ljava/lang/String;Ljava/lang/String;Lcom/runqian/report4/usermodel/Context;Lcom/runqian/base4/resources/MessageManager;)V _$1
.method com.runqian.report4.view.ReportServlet processADsConfig (Ljava/lang/String;Ljava/lang/String;Lcom/runqian/report4/usermodel/Context;Lcom/runqian/base4/resources/MessageManager;Z)V _$1
.method com.runqian.report4.view.ReportServlet processJDBCDsConfig (Lcom/runqian/report4/usermodel/Context;Lcom/runqian/report4/view/ReportConfigModel;)V _$1
.method com.runqian.report4.view.ReportServlet readServletMappings (Ljavax/servlet/ServletContext;)V _$1
.method com.runqian.report4.view.ReportServlet isDMInstalled ()Z _$1
.class com.runqian.report4.view.ServerMsg ServerMsg
.field com.runqian.report4.view.ServerMsg mm Lcom/runqian/base4/resources/MessageManager; _$1
.field com.runqian.report4.view.ServerMsg requestMM Lcom/runqian/base4/resources/MessageManager; _$2
.method com.runqian.report4.view.ServerMsg getMM ()V _$1
.method com.runqian.report4.view.ServerMsg getMM (Ljavax/servlet/http/HttpServletRequest;)V _$1
.class com.runqian.report4.view.ServletMappings ServletMappings
.class com.runqian.report4.view.ServletMappings$MyEntityResolver IlIlIIIlllIlllIl
.class com.runqian.report4.view.SetDefaultTagProps SetDefaultTagProps
.method com.runqian.report4.view.SetDefaultTagProps isValid (Ljava/lang/String;)Z _$1
.class com.runqian.report4.view.SetReportParamsServlet SetReportParamsServlet
