.class com.runqian.base4.swing.AbstractComboBoxEditor AbstractComboBoxEditor
.field com.runqian.base4.swing.AbstractComboBoxEditor listenerList Ljavax/swing/event/EventListenerList; _$1
.class com.runqian.base4.swing.ButtonEditor ButtonEditor
.field com.runqian.base4.swing.ButtonEditor button Ljavax/swing/JButton; _$1
.class com.runqian.base4.swing.CheckBoxRenderer CheckBoxRenderer
.class com.runqian.base4.swing.ColorCellRenderer ColorCellRenderer
.field com.runqian.base4.swing.ColorCellRenderer icon Lcom/runqian/base4/swing/ColorIcon; _$1
.class com.runqian.base4.swing.ColorComboBox ColorComboBox
.field com.runqian.base4.swing.ColorComboBox defColors [Ljava/lang/Object; _$1
.class com.runqian.base4.swing.ColorComboBoxEditor lllllIlllllIllIl
.field com.runqian.base4.swing.ColorComboBoxEditor parentContainer Ljava/awt/Container; _$1
.field com.runqian.base4.swing.ColorComboBoxEditor editorIcon Lcom/runqian/base4/swing/ColorIcon; _$2
.field com.runqian.base4.swing.ColorComboBoxEditor editorLabel Ljavax/swing/JLabel; _$3
.field com.runqian.base4.swing.ColorComboBoxEditor lowerBorder Ljavax/swing/border/Border; _$4
.field com.runqian.base4.swing.ColorComboBoxEditor etchedBorder Ljavax/swing/border/Border; _$5
.field com.runqian.base4.swing.ColorComboBoxEditor color Ljava/lang/Integer; _$6
.field com.runqian.base4.swing.ColorComboBoxEditor dialog Ljava/awt/Dialog; _$7
.class com.runqian.base4.swing.ColorRendererer IllIIlIIlllIlIlI
.field com.runqian.base4.swing.ColorRendererer icon Lcom/runqian/base4/swing/ColorIcon; _$1
.class com.runqian.base4.swing.ColorIcon IlIIllllllIIIIII
.field com.runqian.base4.swing.ColorIcon color Ljava/awt/Color; _$1
.field com.runqian.base4.swing.ColorIcon w I _$2
.field com.runqian.base4.swing.ColorIcon h I _$3
.class com.runqian.base4.swing.DateChooser DateChooser
.field com.runqian.base4.swing.DateChooser calendar Ljava/util/Calendar; _$1
.field com.runqian.base4.swing.DateChooser retCal Ljava/util/Calendar; _$2
.field com.runqian.base4.swing.DateChooser STR_TITLE Ljava/lang/String; _$3
.field com.runqian.base4.swing.DateChooser STR_DATE Ljava/lang/String; _$4
.field com.runqian.base4.swing.DateChooser STR_ARRAY_MONTH_LIST [Ljava/lang/String; _$5
.field com.runqian.base4.swing.DateChooser STR_ERR1 Ljava/lang/String; _$6
.field com.runqian.base4.swing.DateChooser STR_ERR2 Ljava/lang/String; _$7
.method com.runqian.base4.swing.DateChooser loadLanguageString ()V _$1
.method com.runqian.base4.swing.DateChooser init ()V _$2
.method com.runqian.base4.swing.DateChooser initComponents ()V _$3
.method com.runqian.base4.swing.DateChooser jSpinner1StateChanged (Ljavax/swing/event/ChangeEvent;)V _$1
.method com.runqian.base4.swing.DateChooser jComboBox1ItemStateChanged (Ljava/awt/event/ItemEvent;)V _$1
.method com.runqian.base4.swing.DateChooser formWindowClosing (Ljava/awt/event/WindowEvent;)V _$1
.method com.runqian.base4.swing.DateChooser doSelection ()V _$4
.field com.runqian.base4.swing.DateChooser basePanel Ljavax/swing/JPanel; _$8
.field com.runqian.base4.swing.DateChooser containerPanel Ljavax/swing/JPanel; _$9
.field com.runqian.base4.swing.DateChooser controlPanel Ljavax/swing/JPanel; _$10
.field com.runqian.base4.swing.DateChooser jComboBox1 Ljavax/swing/JComboBox; _$11
.field com.runqian.base4.swing.DateChooser jSpinner1 Ljavax/swing/JSpinner; _$12
.field com.runqian.base4.swing.DateChooser monthCalendar Lcom/runqian/base4/swing/MonthlyCalendar; _$13
.field com.runqian.base4.swing.DateChooser viewPanel Ljavax/swing/JPanel; _$14
.class com.runqian.base4.swing.DefaultButtonEditor DefaultButtonEditor
.field com.runqian.base4.swing.DefaultButtonEditor button Ljavax/swing/JButton; _$1
.class com.runqian.base4.swing.JComboBoxEx JComboBoxEx
.class com.runqian.base4.swing.JComboBoxExEditor JComboBoxExEditor
.field com.runqian.base4.swing.JComboBoxExEditor combo Lcom/runqian/base4/swing/JComboBoxEx; _$1
.class com.runqian.base4.swing.JComboBoxExRenderer JComboBoxExRenderer
.field com.runqian.base4.swing.JComboBoxExRenderer combo Lcom/runqian/base4/swing/JComboBoxEx; _$1
.class com.runqian.base4.swing.JListEx JListEx
.field com.runqian.base4.swing.JListEx codeData Ljava/util/Vector; _$1
.class com.runqian.base4.swing.JListExHandler lIlIIIlIlIllIlIl
.field com.runqian.base4.swing.JListExHandler home Lcom/runqian/base4/swing/JListEx; _$1
.class com.runqian.base4.swing.JTableExListener JTableExListener
.class com.runqian.base4.swing.JTableEx JTableEx
.field com.runqian.base4.swing.JTableEx indexCol I _$1
.field com.runqian.base4.swing.JTableEx columnKeeper Ljava/util/HashMap; _$2
.field com.runqian.base4.swing.JTableEx ifFireRowfocusChangedEvent Z _$3
.method com.runqian.base4.swing.JTableEx holdColumnNames ()V _$1
.method com.runqian.base4.swing.JTableEx fireRowfocusChanged (II)V _$1
.field com.runqian.base4.swing.JTableEx oldRow I _$4
.field com.runqian.base4.swing.JTableEx n I _$5
.field com.runqian.base4.swing.JTableEx disabledBackColor Ljava/awt/Color; _$6
.field com.runqian.base4.swing.JTableEx disabledForeColor Ljava/awt/Color; _$7
.class com.runqian.base4.swing.JTableEx$DisabledEditor lIlllIIlllIIIlIl
.class com.runqian.base4.swing.JTableEx$SimpleEditor IllIIIlIlIllIIll
.field com.runqian.base4.swing.JTableEx$SimpleEditor parent Lcom/runqian/base4/swing/JTableEx; _$1
.class com.runqian.base4.swing.JTableEx$TableColListener lIIlllIlIllIIlII
.field com.runqian.base4.swing.JTableEx$TableColListener table Lcom/runqian/base4/swing/JTableEx; _$1
.class com.runqian.base4.swing.JTextAreaEditor JTextAreaEditor
.field com.runqian.base4.swing.JTextAreaEditor editorType I _$1
.field com.runqian.base4.swing.JTextAreaEditor jsp Ljavax/swing/JScrollPane; _$2
.field com.runqian.base4.swing.JTextAreaEditor parent Lcom/runqian/base4/swing/JTableEx; _$3
.field com.runqian.base4.swing.JTextAreaEditor textSimple Ljavax/swing/JTextField; _$4
.field com.runqian.base4.swing.JTextAreaEditor textWrap Ljavax/swing/JTextPane; _$5
.field com.runqian.base4.swing.JTextAreaEditor uInteger Ljavax/swing/JSpinner; _$6
.field com.runqian.base4.swing.JTextAreaEditor sInteger Ljavax/swing/JSpinner; _$7
.field com.runqian.base4.swing.JTextAreaEditor uNumber Ljavax/swing/JSpinner; _$8
.field com.runqian.base4.swing.JTextAreaEditor sNumber Ljavax/swing/JSpinner; _$9
.field com.runqian.base4.swing.JTextAreaEditor value Ljava/lang/Object; _$10
.class com.runqian.base4.swing.MemoryMonitor MemoryMonitor
.field com.runqian.base4.swing.MemoryMonitor dateStampCB Ljavax/swing/JCheckBox; _$1
.field com.runqian.base4.swing.MemoryMonitor controls Ljavax/swing/JPanel; _$2
.field com.runqian.base4.swing.MemoryMonitor doControls Z _$3
.field com.runqian.base4.swing.MemoryMonitor tf Ljavax/swing/JTextField; _$4
.class com.runqian.base4.swing.MemoryMonitor$Surface Surface
.field com.runqian.base4.swing.MemoryMonitor$Surface w I _$1
.field com.runqian.base4.swing.MemoryMonitor$Surface h I _$2
.field com.runqian.base4.swing.MemoryMonitor$Surface bimg Ljava/awt/image/BufferedImage; _$3
.field com.runqian.base4.swing.MemoryMonitor$Surface big Ljava/awt/Graphics2D; _$4
.field com.runqian.base4.swing.MemoryMonitor$Surface font Ljava/awt/Font; _$5
.field com.runqian.base4.swing.MemoryMonitor$Surface r Ljava/lang/Runtime; _$6
.field com.runqian.base4.swing.MemoryMonitor$Surface columnInc I _$7
.field com.runqian.base4.swing.MemoryMonitor$Surface pts [I _$8
.field com.runqian.base4.swing.MemoryMonitor$Surface ptNum I _$9
.field com.runqian.base4.swing.MemoryMonitor$Surface ascent I _$10
.field com.runqian.base4.swing.MemoryMonitor$Surface descent I _$11
.field com.runqian.base4.swing.MemoryMonitor$Surface freeMemory F _$12
.field com.runqian.base4.swing.MemoryMonitor$Surface totalMemory F _$13
.field com.runqian.base4.swing.MemoryMonitor$Surface graphOutlineRect Ljava/awt/Rectangle; _$14
.field com.runqian.base4.swing.MemoryMonitor$Surface mfRect Ljava/awt/geom/Rectangle2D; _$15
.field com.runqian.base4.swing.MemoryMonitor$Surface muRect Ljava/awt/geom/Rectangle2D; _$16
.field com.runqian.base4.swing.MemoryMonitor$Surface graphLine Ljava/awt/geom/Line2D; _$17
.field com.runqian.base4.swing.MemoryMonitor$Surface graphColor Ljava/awt/Color; _$18
.field com.runqian.base4.swing.MemoryMonitor$Surface mfColor Ljava/awt/Color; _$19
.field com.runqian.base4.swing.MemoryMonitor$Surface usedStr Ljava/lang/String; _$20
.class com.runqian.base4.swing.MonthlyCalendar MonthlyCalendar
.field com.runqian.base4.swing.MonthlyCalendar dateData [I _$1
.field com.runqian.base4.swing.MonthlyCalendar year I _$2
.field com.runqian.base4.swing.MonthlyCalendar month I _$3
.field com.runqian.base4.swing.MonthlyCalendar day I _$4
.field com.runqian.base4.swing.MonthlyCalendar hindex I _$5
.field com.runqian.base4.swing.MonthlyCalendar selectedDate I _$6
.field com.runqian.base4.swing.MonthlyCalendar startOnSunday Z _$7
.field com.runqian.base4.swing.MonthlyCalendar cellWidth I _$8
.field com.runqian.base4.swing.MonthlyCalendar cellHeight I _$9
.field com.runqian.base4.swing.MonthlyCalendar headerFont Ljava/awt/Font; _$10
.field com.runqian.base4.swing.MonthlyCalendar dateFont Ljava/awt/Font; _$11
.field com.runqian.base4.swing.MonthlyCalendar headerBg Ljava/awt/Color; _$12
.field com.runqian.base4.swing.MonthlyCalendar headerFg Ljava/awt/Color; _$13
.field com.runqian.base4.swing.MonthlyCalendar dateBg Ljava/awt/Color; _$14
.field com.runqian.base4.swing.MonthlyCalendar dateFg Ljava/awt/Color; _$15
.field com.runqian.base4.swing.MonthlyCalendar highBg Ljava/awt/Color; _$16
.field com.runqian.base4.swing.MonthlyCalendar highFg Ljava/awt/Color; _$17
.field com.runqian.base4.swing.MonthlyCalendar headerComponent Ljavax/swing/JComponent; _$18
.field com.runqian.base4.swing.MonthlyCalendar pSize Ljava/awt/Dimension; _$19
.field com.runqian.base4.swing.MonthlyCalendar basex I _$20
.field com.runqian.base4.swing.MonthlyCalendar basey I _$21
.field com.runqian.base4.swing.MonthlyCalendar isListening Z _$22
.method com.runqian.base4.swing.MonthlyCalendar loadLanguageString ()V _$1
.method com.runqian.base4.swing.MonthlyCalendar resize ()V _$2
.method com.runqian.base4.swing.MonthlyCalendar mousePositionChanged (Ljava/awt/event/MouseEvent;)V _$1
.class com.runqian.base4.swing.TableDiamondEditor TableDiamondEditor
.class com.runqian.base4.swing.TableStatusEditor TableStatusEditor
.class com.runqian.base4.swing.ToolbarGradient ToolbarGradient
.class com.runqian.base4.swing.VFlowLayout VFlowLayout
.field com.runqian.base4.swing.VFlowLayout hgap I _$1
.field com.runqian.base4.swing.VFlowLayout vgap I _$2
.field com.runqian.base4.swing.VFlowLayout hfill Z _$3
.field com.runqian.base4.swing.VFlowLayout vfill Z _$4
.method com.runqian.base4.swing.VFlowLayout move (Ljava/awt/Container;IIIIII)V _$1
.class com.runqian.base4.swing.ButtonEditor$1 IlIlIlllIIIIIIll
.class com.runqian.base4.swing.ColorComboBoxEditor$1 lllIIllIlllIIlII
.class com.runqian.base4.swing.ColorComboBoxEditor$2 IllIIllIlllIIlII
.class com.runqian.base4.swing.DateChooser$1 IIIlIIlllIllllII
.class com.runqian.base4.swing.DateChooser$2 lIIlIIlllIllllII
.class com.runqian.base4.swing.DateChooser$3 IlIlIIlllIllllII
.class com.runqian.base4.swing.DateChooser$4 llIlIIlllIllllII
.class com.runqian.base4.swing.DefaultButtonEditor$1 llIlIIIlIIIllllI
.class com.runqian.base4.swing.JListEx$1 IlIIIIIllIllIIII
.field com.runqian.base4.swing.JListEx$1 buf Ljava/lang/StringBuffer; _$1
.field com.runqian.base4.swing.JListEx$1 lastTypeTime I _$2
.class com.runqian.base4.swing.MemoryMonitor$1 llIIIIlIIlIIllll
.class com.runqian.base4.swing.MemoryMonitor$2 IlIIIIlIIlIIllll
.class com.runqian.base4.swing.MemoryMonitor$3 lIIIIIlIIlIIllll
