.class com.runqian.report4.model.expression.Node Node
.class com.runqian.report4.model.expression.ComputeColumn ComputeColumn
.class com.runqian.report4.model.expression.Variable Variable
.class com.runqian.report4.model.expression.Constant Constant
.class com.runqian.report4.model.expression.Display Display
.field com.runqian.report4.model.expression.Display cs Lcom/runqian/report4/usermodel/IReport; _$1
.field com.runqian.report4.model.expression.Display config Ljava/lang/Object; _$2
.class com.runqian.report4.model.expression.Function Function
.class com.runqian.report4.model.expression.DSFunction DSFunction
.class com.runqian.report4.model.expression.DSVariable DSVariable
.field com.runqian.report4.model.expression.DSVariable ds Lcom/runqian/report4/dataset/DataSet; _$1
.field com.runqian.report4.model.expression.DSVariable colNo I _$2
.field com.runqian.report4.model.expression.DSVariable colName Ljava/lang/String; _$3
.class com.runqian.report4.model.expression.Expression Expression
.method com.runqian.report4.model.expression.Expression isNextBracket ()Z _$1
.method com.runqian.report4.model.expression.Expression checkNumber (Ljava/lang/String;)Z _$1
.class com.runqian.report4.model.expression.ExpString ExpString
.class com.runqian.report4.model.expression.FunctionLib FunctionLib
.field com.runqian.report4.model.expression.FunctionLib funMap Ljava/util/HashMap; _$1
.field com.runqian.report4.model.expression.FunctionLib dsFunMap Ljava/util/HashMap; _$2
.field com.runqian.report4.model.expression.FunctionLib tFunMap Ljava/util/HashMap; _$3
.field com.runqian.report4.model.expression.FunctionLib tDSFunMap Ljava/util/HashMap; _$4
.class com.runqian.report4.model.expression.Operator Operator
.class com.runqian.report4.model.expression.ParamNode ParamNode
.class com.runqian.report4.model.expression.SemanticsExp lIlIIIlllIlIIlII
.field com.runqian.report4.model.expression.SemanticsExp OPT_GROUP I _$1
.field com.runqian.report4.model.expression.SemanticsExp OPT_SELECT I _$2
.field com.runqian.report4.model.expression.SemanticsExp OPT_VALUE I _$3
.field com.runqian.report4.model.expression.SemanticsExp OPT_SUM I _$4
.field com.runqian.report4.model.expression.SemanticsExp OPT_AVG I _$5
.field com.runqian.report4.model.expression.SemanticsExp OPT_MAX I _$6
.field com.runqian.report4.model.expression.SemanticsExp OPT_MIN I _$7
.field com.runqian.report4.model.expression.SemanticsExp OPT_COUNT I _$8
.field com.runqian.report4.model.expression.SemanticsExp OPT_DISTINCT I _$9
.field com.runqian.report4.model.expression.SemanticsExp OPT_SELECTONE I _$10
.field com.runqian.report4.model.expression.SemanticsExp OPT_FILTERONE I _$11
.field com.runqian.report4.model.expression.SemanticsExp OPT_FILTER I _$12
.field com.runqian.report4.model.expression.SemanticsExp OPT_FILTERCROSS I _$13
.field com.runqian.report4.model.expression.SemanticsExp OPT_ENUMGROUP I _$14
.field com.runqian.report4.model.expression.SemanticsExp OPT_OVERLAPGROUP I _$15
.field com.runqian.report4.model.expression.SemanticsExp OPT_DISPLAY I _$16
.field com.runqian.report4.model.expression.SemanticsExp MASK_DESC I _$17
.field com.runqian.report4.model.expression.SemanticsExp MASK_FIELD I _$18
.field com.runqian.report4.model.expression.SemanticsExp MASK_TERM I _$19
.field com.runqian.report4.model.expression.SemanticsExp MASK_HAVEVIEW I _$20
.field com.runqian.report4.model.expression.SemanticsExp MASK_NULLGROUP I _$21
.method com.runqian.report4.model.expression.SemanticsExp createSemantic (Lcom/runqian/report4/usermodel/IReport;Lcom/runqian/report4/usermodel/Context;Ljava/lang/String;Lcom/runqian/report4/model/expression/Expression;)Lcom/runqian/report4/model/expression/Node; _$1
.method com.runqian.report4.model.expression.SemanticsExp getType (Ljava/lang/String;Lcom/runqian/report4/usermodel/Context;)I _$1
.method com.runqian.report4.model.expression.SemanticsExp getFunction (ILcom/runqian/report4/usermodel/Context;)Ljava/lang/String; _$1
.method com.runqian.report4.model.expression.SemanticsExp getComputedColInfo (Lcom/runqian/report4/usermodel/Context;Lcom/runqian/report4/dataset/DataSet;Ljava/lang/String;)Lcom/runqian/report4/semantics/ComputedColInfo; _$1
.method com.runqian.report4.model.expression.SemanticsExp createComputed (Lcom/runqian/report4/usermodel/IReport;Lcom/runqian/report4/usermodel/Context;Lcom/runqian/report4/dataset/DataSet;Ljava/lang/String;)Lcom/runqian/report4/model/expression/Node; _$1
.class com.runqian.report4.model.expression.SpecialFunction SpecialFunction
.class com.runqian.report4.model.expression.UnknownSymbol UnknownSymbol
.method com.runqian.report4.model.expression.UnknownSymbol getData (Lcom/runqian/report4/usermodel/Context;)Ljava/lang/Object; _$1
.class com.runqian.report4.model.expression.Variant2 Variant2
.field com.runqian.report4.model.expression.Variant2 params I _$1
